<?xml version="1.0" encoding="UTF-8"?>
<testsuite xmlns:xsi="http://www.w3.org/2001/XMLSchema-instance" xsi:noNamespaceSchemaLocation="https://maven.apache.org/surefire/maven-surefire-plugin/xsd/surefire-test-report-3.0.xsd" version="3.0" name="BacktrackingSudokuSolverTest" time="0.719" tests="5" errors="0" skipped="0" failures="0">
  <properties>
    <property name="java.specification.version" value="14"/>
    <property name="sun.cpu.isalist" value="amd64"/>
    <property name="sun.jnu.encoding" value="Cp1250"/>
    <property name="java.class.path" value="C:\Users\ziemn\IdeaProjects\lch_pn_11_45_1\Sudoku\Model\target\test-classes;C:\Users\ziemn\.m2\repository\mysql\mysql-connector-java\8.0.23\mysql-connector-java-8.0.23.jar;C:\Users\ziemn\.m2\repository\com\google\protobuf\protobuf-java\3.11.4\protobuf-java-3.11.4.jar;C:\Users\ziemn\.m2\repository\org\hibernate\hibernate-core\5.4.27.Final\hibernate-core-5.4.27.Final.jar;C:\Users\ziemn\.m2\repository\org\jboss\logging\jboss-logging\3.4.1.Final\jboss-logging-3.4.1.Final.jar;C:\Users\ziemn\.m2\repository\org\javassist\javassist\3.27.0-GA\javassist-3.27.0-GA.jar;C:\Users\ziemn\.m2\repository\antlr\antlr\2.7.7\antlr-2.7.7.jar;C:\Users\ziemn\.m2\repository\org\jboss\spec\javax\transaction\jboss-transaction-api_1.2_spec\1.1.1.Final\jboss-transaction-api_1.2_spec-1.1.1.Final.jar;C:\Users\ziemn\.m2\repository\org\jboss\jandex\2.1.3.Final\jandex-2.1.3.Final.jar;C:\Users\ziemn\.m2\repository\org\dom4j\dom4j\2.1.3\dom4j-2.1.3.jar;C:\Users\ziemn\.m2\repository\org\hibernate\common\hibernate-commons-annotations\5.1.2.Final\hibernate-commons-annotations-5.1.2.Final.jar;C:\Users\ziemn\.m2\repository\org\hibernate\hibernate-entitymanager\5.4.27.Final\hibernate-entitymanager-5.4.27.Final.jar;C:\Users\ziemn\.m2\repository\org\glassfish\jaxb\jaxb-runtime\3.0.0\jaxb-runtime-3.0.0.jar;C:\Users\ziemn\.m2\repository\com\sun\activation\jakarta.activation\2.0.0\jakarta.activation-2.0.0.jar;C:\Users\ziemn\.m2\repository\org\glassfish\jaxb\jaxb-core\3.0.0\jaxb-core-3.0.0.jar;C:\Users\ziemn\.m2\repository\org\glassfish\jaxb\txw2\3.0.0\txw2-3.0.0.jar;C:\Users\ziemn\.m2\repository\com\sun\istack\istack-commons-runtime\4.0.0\istack-commons-runtime-4.0.0.jar;C:\Users\ziemn\.m2\repository\jakarta\xml\bind\jakarta.xml.bind-api\3.0.0\jakarta.xml.bind-api-3.0.0.jar;C:\Users\ziemn\.m2\repository\org\junit\jupiter\junit-jupiter-engine\5.6.2\junit-jupiter-engine-5.6.2.jar;C:\Users\ziemn\.m2\repository\org\apiguardian\apiguardian-api\1.1.0\apiguardian-api-1.1.0.jar;C:\Users\ziemn\.m2\repository\org\junit\platform\junit-platform-engine\1.6.2\junit-platform-engine-1.6.2.jar;C:\Users\ziemn\.m2\repository\org\opentest4j\opentest4j\1.2.0\opentest4j-1.2.0.jar;C:\Users\ziemn\.m2\repository\org\junit\platform\junit-platform-commons\1.6.2\junit-platform-commons-1.6.2.jar;C:\Users\ziemn\.m2\repository\org\junit\jupiter\junit-jupiter-api\5.6.2\junit-jupiter-api-5.6.2.jar;C:\Users\ziemn\.m2\repository\com\google\guava\failureaccess\1.0.1\failureaccess-1.0.1.jar;C:\Users\ziemn\.m2\repository\com\google\guava\listenablefuture\9999.0-empty-to-avoid-conflict-with-guava\listenablefuture-9999.0-empty-to-avoid-conflict-with-guava.jar;C:\Users\ziemn\.m2\repository\com\google\code\findbugs\jsr305\3.0.2\jsr305-3.0.2.jar;C:\Users\ziemn\.m2\repository\org\checkerframework\checker-qual\3.5.0\checker-qual-3.5.0.jar;C:\Users\ziemn\.m2\repository\com\google\errorprone\error_prone_annotations\2.3.4\error_prone_annotations-2.3.4.jar;C:\Users\ziemn\.m2\repository\com\google\j2objc\j2objc-annotations\1.3\j2objc-annotations-1.3.jar;C:\Users\ziemn\.m2\repository\ch\qos\logback\logback-classic\1.2.3\logback-classic-1.2.3.jar;C:\Users\ziemn\.m2\repository\ch\qos\logback\logback-core\1.2.3\logback-core-1.2.3.jar;C:\Users\ziemn\.m2\repository\org\slf4j\slf4j-api\1.7.25\slf4j-api-1.7.25.jar;"/>
    <property name="java.vm.vendor" value="Oracle Corporation"/>
    <property name="sun.arch.data.model" value="64"/>
    <property name="user.variant" value=""/>
    <property name="java.vendor.url" value="https://java.oracle.com/"/>
    <property name="user.timezone" value="Europe/Warsaw"/>
    <property name="os.name" value="Windows 10"/>
    <property name="java.vm.specification.version" value="14"/>
    <property name="sun.java.launcher" value="SUN_STANDARD"/>
    <property name="user.country" value="PL"/>
    <property name="sun.boot.library.path" value="D:\DevTools\jdk\bin"/>
    <property name="sun.java.command" value="org.apache.maven.surefire.booter.ForkedBooter C:\Users\ziemn\AppData\Local\Temp\surefire2766785774917457396 2021-04-27T18-56-29_602-jvmRun1 surefire18310152763628138343tmp surefire_014407462954816309676tmp"/>
    <property name="jdk.debug" value="release"/>
    <property name="surefire.test.class.path" value="C:\Users\ziemn\IdeaProjects\lch_pn_11_45_1\Sudoku\Model\target\test-classes;C:\Users\ziemn\.m2\repository\mysql\mysql-connector-java\8.0.23\mysql-connector-java-8.0.23.jar;C:\Users\ziemn\.m2\repository\com\google\protobuf\protobuf-java\3.11.4\protobuf-java-3.11.4.jar;C:\Users\ziemn\.m2\repository\org\hibernate\hibernate-core\5.4.27.Final\hibernate-core-5.4.27.Final.jar;C:\Users\ziemn\.m2\repository\org\jboss\logging\jboss-logging\3.4.1.Final\jboss-logging-3.4.1.Final.jar;C:\Users\ziemn\.m2\repository\org\javassist\javassist\3.27.0-GA\javassist-3.27.0-GA.jar;C:\Users\ziemn\.m2\repository\antlr\antlr\2.7.7\antlr-2.7.7.jar;C:\Users\ziemn\.m2\repository\org\jboss\spec\javax\transaction\jboss-transaction-api_1.2_spec\1.1.1.Final\jboss-transaction-api_1.2_spec-1.1.1.Final.jar;C:\Users\ziemn\.m2\repository\org\jboss\jandex\2.1.3.Final\jandex-2.1.3.Final.jar;C:\Users\ziemn\.m2\repository\org\dom4j\dom4j\2.1.3\dom4j-2.1.3.jar;C:\Users\ziemn\.m2\repository\org\hibernate\common\hibernate-commons-annotations\5.1.2.Final\hibernate-commons-annotations-5.1.2.Final.jar;C:\Users\ziemn\.m2\repository\org\hibernate\hibernate-entitymanager\5.4.27.Final\hibernate-entitymanager-5.4.27.Final.jar;C:\Users\ziemn\.m2\repository\org\glassfish\jaxb\jaxb-runtime\3.0.0\jaxb-runtime-3.0.0.jar;C:\Users\ziemn\.m2\repository\com\sun\activation\jakarta.activation\2.0.0\jakarta.activation-2.0.0.jar;C:\Users\ziemn\.m2\repository\org\glassfish\jaxb\jaxb-core\3.0.0\jaxb-core-3.0.0.jar;C:\Users\ziemn\.m2\repository\org\glassfish\jaxb\txw2\3.0.0\txw2-3.0.0.jar;C:\Users\ziemn\.m2\repository\com\sun\istack\istack-commons-runtime\4.0.0\istack-commons-runtime-4.0.0.jar;C:\Users\ziemn\.m2\repository\jakarta\xml\bind\jakarta.xml.bind-api\3.0.0\jakarta.xml.bind-api-3.0.0.jar;C:\Users\ziemn\.m2\repository\org\junit\jupiter\junit-jupiter-engine\5.6.2\junit-jupiter-engine-5.6.2.jar;C:\Users\ziemn\.m2\repository\org\apiguardian\apiguardian-api\1.1.0\apiguardian-api-1.1.0.jar;C:\Users\ziemn\.m2\repository\org\junit\platform\junit-platform-engine\1.6.2\junit-platform-engine-1.6.2.jar;C:\Users\ziemn\.m2\repository\org\opentest4j\opentest4j\1.2.0\opentest4j-1.2.0.jar;C:\Users\ziemn\.m2\repository\org\junit\platform\junit-platform-commons\1.6.2\junit-platform-commons-1.6.2.jar;C:\Users\ziemn\.m2\repository\org\junit\jupiter\junit-jupiter-api\5.6.2\junit-jupiter-api-5.6.2.jar;C:\Users\ziemn\.m2\repository\com\google\guava\failureaccess\1.0.1\failureaccess-1.0.1.jar;C:\Users\ziemn\.m2\repository\com\google\guava\listenablefuture\9999.0-empty-to-avoid-conflict-with-guava\listenablefuture-9999.0-empty-to-avoid-conflict-with-guava.jar;C:\Users\ziemn\.m2\repository\com\google\code\findbugs\jsr305\3.0.2\jsr305-3.0.2.jar;C:\Users\ziemn\.m2\repository\org\checkerframework\checker-qual\3.5.0\checker-qual-3.5.0.jar;C:\Users\ziemn\.m2\repository\com\google\errorprone\error_prone_annotations\2.3.4\error_prone_annotations-2.3.4.jar;C:\Users\ziemn\.m2\repository\com\google\j2objc\j2objc-annotations\1.3\j2objc-annotations-1.3.jar;C:\Users\ziemn\.m2\repository\ch\qos\logback\logback-classic\1.2.3\logback-classic-1.2.3.jar;C:\Users\ziemn\.m2\repository\ch\qos\logback\logback-core\1.2.3\logback-core-1.2.3.jar;C:\Users\ziemn\.m2\repository\org\slf4j\slf4j-api\1.7.25\slf4j-api-1.7.25.jar;"/>
    <property name="sun.cpu.endian" value="little"/>
    <property name="user.home" value="C:\Users\ziemn"/>
    <property name="user.language" value="pl"/>
    <property name="java.specification.vendor" value="Oracle Corporation"/>
    <property name="jdk.module.path" value="C:\Users\ziemn\IdeaProjects\lch_pn_11_45_1\Sudoku\Model\target\classes;C:\Users\ziemn\.m2\repository\net\bytebuddy\byte-buddy\1.10.17\byte-buddy-1.10.17.jar;C:\Users\ziemn\.m2\repository\com\fasterxml\classmate\1.5.1\classmate-1.5.1.jar;C:\Users\ziemn\.m2\repository\javax\activation\javax.activation-api\1.2.0\javax.activation-api-1.2.0.jar;C:\Users\ziemn\.m2\repository\javax\xml\bind\jaxb-api\2.3.1\jaxb-api-2.3.1.jar;C:\Users\ziemn\.m2\repository\javax\persistence\javax.persistence-api\2.2\javax.persistence-api-2.2.jar;C:\Users\ziemn\.m2\repository\com\google\guava\guava\30.0-jre\guava-30.0-jre.jar"/>
    <property name="java.version.date" value="2020-07-14"/>
    <property name="java.home" value="D:\DevTools\jdk"/>
    <property name="file.separator" value="\"/>
    <property name="basedir" value="C:\Users\ziemn\IdeaProjects\lch_pn_11_45_1\Sudoku\Model"/>
    <property name="java.vm.compressedOopsMode" value="Zero based"/>
    <property name="line.separator" value="&#10;"/>
    <property name="java.vm.specification.vendor" value="Oracle Corporation"/>
    <property name="java.specification.name" value="Java Platform API Specification"/>
    <property name="surefire.real.class.path" value="C:\Users\ziemn\.m2\repository\org\apache\maven\surefire\surefire-booter\3.0.0-M5\surefire-booter-3.0.0-M5.jar;C:\Users\ziemn\.m2\repository\org\apache\maven\surefire\surefire-api\3.0.0-M5\surefire-api-3.0.0-M5.jar;C:\Users\ziemn\.m2\repository\org\apache\maven\surefire\surefire-logger-api\3.0.0-M5\surefire-logger-api-3.0.0-M5.jar;C:\Users\ziemn\.m2\repository\org\apache\maven\surefire\surefire-shared-utils\3.0.0-M4\surefire-shared-utils-3.0.0-M4.jar;C:\Users\ziemn\.m2\repository\org\apache\maven\surefire\surefire-extensions-spi\3.0.0-M5\surefire-extensions-spi-3.0.0-M5.jar;C:\Users\ziemn\IdeaProjects\lch_pn_11_45_1\Sudoku\Model\target\test-classes;C:\Users\ziemn\.m2\repository\mysql\mysql-connector-java\8.0.23\mysql-connector-java-8.0.23.jar;C:\Users\ziemn\.m2\repository\com\google\protobuf\protobuf-java\3.11.4\protobuf-java-3.11.4.jar;C:\Users\ziemn\.m2\repository\org\hibernate\hibernate-core\5.4.27.Final\hibernate-core-5.4.27.Final.jar;C:\Users\ziemn\.m2\repository\org\jboss\logging\jboss-logging\3.4.1.Final\jboss-logging-3.4.1.Final.jar;C:\Users\ziemn\.m2\repository\org\javassist\javassist\3.27.0-GA\javassist-3.27.0-GA.jar;C:\Users\ziemn\.m2\repository\antlr\antlr\2.7.7\antlr-2.7.7.jar;C:\Users\ziemn\.m2\repository\org\jboss\spec\javax\transaction\jboss-transaction-api_1.2_spec\1.1.1.Final\jboss-transaction-api_1.2_spec-1.1.1.Final.jar;C:\Users\ziemn\.m2\repository\org\jboss\jandex\2.1.3.Final\jandex-2.1.3.Final.jar;C:\Users\ziemn\.m2\repository\org\dom4j\dom4j\2.1.3\dom4j-2.1.3.jar;C:\Users\ziemn\.m2\repository\org\hibernate\common\hibernate-commons-annotations\5.1.2.Final\hibernate-commons-annotations-5.1.2.Final.jar;C:\Users\ziemn\.m2\repository\org\hibernate\hibernate-entitymanager\5.4.27.Final\hibernate-entitymanager-5.4.27.Final.jar;C:\Users\ziemn\.m2\repository\org\glassfish\jaxb\jaxb-runtime\3.0.0\jaxb-runtime-3.0.0.jar;C:\Users\ziemn\.m2\repository\com\sun\activation\jakarta.activation\2.0.0\jakarta.activation-2.0.0.jar;C:\Users\ziemn\.m2\repository\org\glassfish\jaxb\jaxb-core\3.0.0\jaxb-core-3.0.0.jar;C:\Users\ziemn\.m2\repository\org\glassfish\jaxb\txw2\3.0.0\txw2-3.0.0.jar;C:\Users\ziemn\.m2\repository\com\sun\istack\istack-commons-runtime\4.0.0\istack-commons-runtime-4.0.0.jar;C:\Users\ziemn\.m2\repository\jakarta\xml\bind\jakarta.xml.bind-api\3.0.0\jakarta.xml.bind-api-3.0.0.jar;C:\Users\ziemn\.m2\repository\org\junit\jupiter\junit-jupiter-engine\5.6.2\junit-jupiter-engine-5.6.2.jar;C:\Users\ziemn\.m2\repository\org\apiguardian\apiguardian-api\1.1.0\apiguardian-api-1.1.0.jar;C:\Users\ziemn\.m2\repository\org\junit\platform\junit-platform-engine\1.6.2\junit-platform-engine-1.6.2.jar;C:\Users\ziemn\.m2\repository\org\opentest4j\opentest4j\1.2.0\opentest4j-1.2.0.jar;C:\Users\ziemn\.m2\repository\org\junit\platform\junit-platform-commons\1.6.2\junit-platform-commons-1.6.2.jar;C:\Users\ziemn\.m2\repository\org\junit\jupiter\junit-jupiter-api\5.6.2\junit-jupiter-api-5.6.2.jar;C:\Users\ziemn\.m2\repository\com\google\guava\failureaccess\1.0.1\failureaccess-1.0.1.jar;C:\Users\ziemn\.m2\repository\com\google\guava\listenablefuture\9999.0-empty-to-avoid-conflict-with-guava\listenablefuture-9999.0-empty-to-avoid-conflict-with-guava.jar;C:\Users\ziemn\.m2\repository\com\google\code\findbugs\jsr305\3.0.2\jsr305-3.0.2.jar;C:\Users\ziemn\.m2\repository\org\checkerframework\checker-qual\3.5.0\checker-qual-3.5.0.jar;C:\Users\ziemn\.m2\repository\com\google\errorprone\error_prone_annotations\2.3.4\error_prone_annotations-2.3.4.jar;C:\Users\ziemn\.m2\repository\com\google\j2objc\j2objc-annotations\1.3\j2objc-annotations-1.3.jar;C:\Users\ziemn\.m2\repository\ch\qos\logback\logback-classic\1.2.3\logback-classic-1.2.3.jar;C:\Users\ziemn\.m2\repository\ch\qos\logback\logback-core\1.2.3\logback-core-1.2.3.jar;C:\Users\ziemn\.m2\repository\org\slf4j\slf4j-api\1.7.25\slf4j-api-1.7.25.jar;C:\Users\ziemn\.m2\repository\org\apache\maven\surefire\surefire-junit-platform\3.0.0-M5\surefire-junit-platform-3.0.0-M5.jar;C:\Users\ziemn\.m2\repository\org\apache\maven\surefire\common-java5\3.0.0-M5\common-java5-3.0.0-M5.jar;C:\Users\ziemn\.m2\repository\org\junit\platform\junit-platform-launcher\1.6.2\junit-platform-launcher-1.6.2.jar"/>
    <property name="user.script" value=""/>
    <property name="sun.management.compiler" value="HotSpot 64-Bit Tiered Compilers"/>
    <property name="java.runtime.version" value="14.0.2+12-46"/>
    <property name="user.name" value="ziemn"/>
    <property name="path.separator" value=";"/>
    <property name="os.version" value="10.0"/>
    <property name="java.runtime.name" value="OpenJDK Runtime Environment"/>
    <property name="file.encoding" value="Cp1250"/>
    <property name="java.vm.name" value="OpenJDK 64-Bit Server VM"/>
    <property name="localRepository" value="C:\Users\ziemn\.m2\repository"/>
    <property name="java.vendor.url.bug" value="https://bugreport.java.com/bugreport/"/>
    <property name="java.io.tmpdir" value="C:\Users\ziemn\AppData\Local\Temp\"/>
    <property name="idea.version" value="2020.3.1"/>
    <property name="java.version" value="14.0.2"/>
    <property name="user.dir" value="C:\Users\ziemn\IdeaProjects\lch_pn_11_45_1\Sudoku\Model"/>
    <property name="os.arch" value="amd64"/>
    <property name="java.vm.specification.name" value="Java Virtual Machine Specification"/>
    <property name="sun.os.patch.level" value=""/>
    <property name="java.library.path" value="D:\DevTools\jdk\bin;C:\WINDOWS\Sun\Java\bin;C:\WINDOWS\system32;C:\WINDOWS;C:\Program Files (x86)\Common Files\Intel\Shared Libraries\redist\intel64\compiler;C:\Program Files (x86)\Common Files\Oracle\Java\javapath;C:\Users\ziemn\AppData\Local\Programs\Python\Python39\Scripts\;C:\Users\ziemn\AppData\Local\Programs\Python\Python39\;D:\DevTools\jdk\bin;D:\DevTools\apache-maven\bin;C:\ProgramData\Oracle\Java\javapath;C:\Program Files (x86)\Intel\Intel(R) Management Engine Components\iCLS\;C:\Program Files\Intel\Intel(R) Management Engine Components\iCLS\;C:\WINDOWS\system32;C:\WINDOWS;C:\WINDOWS\System32\Wbem;C:\WINDOWS\System32\WindowsPowerShell\v1.0\;C:\Program Files (x86)\Intel\Intel(R) Management Engine Components\DAL;C:\Program Files\Intel\Intel(R) Management Engine Components\DAL;C:\Program Files (x86)\Intel\Intel(R) Management Engine Components\IPT;C:\Program Files\Intel\Intel(R) Management Engine Components\IPT;C:\Program Files\Intel\WiFi\bin\;C:\Program Files\Common Files\Intel\WirelessCommon\;C:\WINDOWS\System32\OpenSSH\;D:\Program Files\PuTTY\;D:\msys64\usr\bin;C:\Users\ziemn\AppData\Roaming\Microsoft\Windows\Start Menu\Programs\Python 3.9;C:\Program Files\dotnet\;C:\Program Files\nodejs\;C:\ProgramData\chocolatey\bin;C:\Program Files (x86)\dotnet\;C:\Program Files\Git\cmd;C:\Program Files\Microsoft SQL Server\Client SDK\ODBC\170\Tools\Binn\;C:\Program Files (x86)\Microsoft SQL Server\150\Tools\Binn\;C:\Program Files\Microsoft SQL Server\150\Tools\Binn\;C:\Program Files\Microsoft SQL Server\150\DTS\Binn\;C:\Program Files (x86)\Microsoft SQL Server\150\DTS\Binn\;C:\Program Files\Azure Data Studio\bin;D:\DevTools\processing-3.5.4;D:\Users\ziemn\AppData\Local\ValidatorBuddy;C:\Users\ziemn\AppData\Local\Microsoft\WindowsApps;C:\Program Files\Intel\WiFi\bin\;C:\Program Files\Common Files\Intel\WirelessCommon\;;C:\Users\ziemn\AppData\Local\Programs\Microsoft VS Code\bin;C:\Users\ziemn\.dotnet\tools;C:\Users\ziemn\AppData\Roaming\npm;C:\Program Files\Azure Data Studio\bin;."/>
    <property name="java.vm.info" value="mixed mode"/>
    <property name="java.vendor" value="Oracle Corporation"/>
    <property name="java.vm.version" value="14.0.2+12-46"/>
    <property name="sun.io.unicode.encoding" value="UnicodeLittle"/>
    <property name="java.class.version" value="58.0"/>
  </properties>
  <testcase name="isToStringReturningString" classname="BacktrackingSudokuSolverTest" time="0.036"/>
  <testcase name="hashCodeAndEqualsTest" classname="BacktrackingSudokuSolverTest" time="0.002"/>
  <testcase name="areBoardsDifferent" classname="BacktrackingSudokuSolverTest" time="0.271">
    <system-err><![CDATA[kwi 27, 2021 6:56:31 PM com.ad.sudoku.model.SudokuBoard solveGame
INFO: Solving the game...
kwi 27, 2021 6:56:31 PM com.ad.sudoku.model.SudokuField setValue
INFO: SudokuField changed value from 0 to 5
kwi 27, 2021 6:56:31 PM com.ad.sudoku.model.SudokuField setValue
INFO: SudokuField changed value from 0 to 4
kwi 27, 2021 6:56:31 PM com.ad.sudoku.model.SudokuField setValue
INFO: SudokuField changed value from 0 to 2
kwi 27, 2021 6:56:31 PM com.ad.sudoku.model.SudokuField setValue
INFO: SudokuField changed value from 0 to 5
kwi 27, 2021 6:56:31 PM com.ad.sudoku.model.SudokuField setValue
INFO: SudokuField changed value from 5 to 9
kwi 27, 2021 6:56:31 PM com.ad.sudoku.model.SudokuField setValue
INFO: SudokuField changed value from 0 to 4
kwi 27, 2021 6:56:31 PM com.ad.sudoku.model.SudokuField setValue
INFO: SudokuField changed value from 4 to 1
kwi 27, 2021 6:56:31 PM com.ad.sudoku.model.SudokuField setValue
INFO: SudokuField changed value from 0 to 5
kwi 27, 2021 6:56:31 PM com.ad.sudoku.model.SudokuField setValue
INFO: SudokuField changed value from 5 to 2
kwi 27, 2021 6:56:31 PM com.ad.sudoku.model.SudokuField setValue
INFO: SudokuField changed value from 2 to 1
kwi 27, 2021 6:56:31 PM com.ad.sudoku.model.SudokuField setValue
INFO: SudokuField changed value from 1 to 6
kwi 27, 2021 6:56:31 PM com.ad.sudoku.model.SudokuField setValue
INFO: SudokuField changed value from 0 to 5
kwi 27, 2021 6:56:31 PM com.ad.sudoku.model.SudokuField setValue
INFO: SudokuField changed value from 5 to 4
kwi 27, 2021 6:56:31 PM com.ad.sudoku.model.SudokuField setValue
INFO: SudokuField changed value from 4 to 7
kwi 27, 2021 6:56:31 PM com.ad.sudoku.model.SudokuField setValue
INFO: SudokuField changed value from 0 to 1
kwi 27, 2021 6:56:31 PM com.ad.sudoku.model.SudokuField setValue
INFO: SudokuField changed value from 1 to 8
kwi 27, 2021 6:56:31 PM com.ad.sudoku.model.SudokuField setValue
INFO: SudokuField changed value from 0 to 8
kwi 27, 2021 6:56:31 PM com.ad.sudoku.model.SudokuField setValue
INFO: SudokuField changed value from 8 to 1
kwi 27, 2021 6:56:31 PM com.ad.sudoku.model.SudokuField setValue
INFO: SudokuField changed value from 1 to 2
kwi 27, 2021 6:56:31 PM com.ad.sudoku.model.SudokuField setValue
INFO: SudokuField changed value from 2 to 5
kwi 27, 2021 6:56:31 PM com.ad.sudoku.model.SudokuField setValue
INFO: SudokuField changed value from 5 to 3
kwi 27, 2021 6:56:31 PM com.ad.sudoku.model.SudokuField setValue
INFO: SudokuField changed value from 0 to 8
kwi 27, 2021 6:56:31 PM com.ad.sudoku.model.SudokuField setValue
INFO: SudokuField changed value from 0 to 8
kwi 27, 2021 6:56:31 PM com.ad.sudoku.model.SudokuField setValue
INFO: SudokuField changed value from 8 to 1
kwi 27, 2021 6:56:31 PM com.ad.sudoku.model.SudokuField setValue
INFO: SudokuField changed value from 0 to 7
kwi 27, 2021 6:56:31 PM com.ad.sudoku.model.SudokuField setValue
INFO: SudokuField changed value from 0 to 4
kwi 27, 2021 6:56:31 PM com.ad.sudoku.model.SudokuField setValue
INFO: SudokuField changed value from 0 to 6
kwi 27, 2021 6:56:31 PM com.ad.sudoku.model.SudokuField setValue
INFO: SudokuField changed value from 6 to 3
kwi 27, 2021 6:56:31 PM com.ad.sudoku.model.SudokuField setValue
INFO: SudokuField changed value from 0 to 8
kwi 27, 2021 6:56:31 PM com.ad.sudoku.model.SudokuField setValue
INFO: SudokuField changed value from 8 to 2
kwi 27, 2021 6:56:31 PM com.ad.sudoku.model.SudokuField setValue
INFO: SudokuField changed value from 0 to 9
kwi 27, 2021 6:56:31 PM com.ad.sudoku.model.SudokuField setValue
INFO: SudokuField changed value from 0 to 2
kwi 27, 2021 6:56:31 PM com.ad.sudoku.model.SudokuField setValue
INFO: SudokuField changed value from 2 to 5
kwi 27, 2021 6:56:31 PM com.ad.sudoku.model.SudokuField setValue
INFO: SudokuField changed value from 0 to 9
kwi 27, 2021 6:56:31 PM com.ad.sudoku.model.SudokuField setValue
INFO: SudokuField changed value from 9 to 7
kwi 27, 2021 6:56:31 PM com.ad.sudoku.model.SudokuField setValue
INFO: SudokuField changed value from 7 to 6
kwi 27, 2021 6:56:31 PM com.ad.sudoku.model.SudokuField setValue
INFO: SudokuField changed value from 0 to 1
kwi 27, 2021 6:56:31 PM com.ad.sudoku.model.SudokuField setValue
INFO: SudokuField changed value from 1 to 7
kwi 27, 2021 6:56:31 PM com.ad.sudoku.model.SudokuField setValue
INFO: SudokuField changed value from 7 to 8
kwi 27, 2021 6:56:31 PM com.ad.sudoku.model.SudokuField setValue
INFO: SudokuField changed value from 8 to 2
kwi 27, 2021 6:56:31 PM com.ad.sudoku.model.SudokuField setValue
INFO: SudokuField changed value from 2 to 9
kwi 27, 2021 6:56:31 PM com.ad.sudoku.model.SudokuField setValue
INFO: SudokuField changed value from 0 to 4
kwi 27, 2021 6:56:31 PM com.ad.sudoku.model.SudokuField setValue
INFO: SudokuField changed value from 4 to 6
kwi 27, 2021 6:56:31 PM com.ad.sudoku.model.SudokuField setValue
INFO: SudokuField changed value from 0 to 1
kwi 27, 2021 6:56:31 PM com.ad.sudoku.model.SudokuField setValue
INFO: SudokuField changed value from 1 to 5
kwi 27, 2021 6:56:31 PM com.ad.sudoku.model.SudokuField setValue
INFO: SudokuField changed value from 5 to 8
kwi 27, 2021 6:56:31 PM com.ad.sudoku.model.SudokuField setValue
INFO: SudokuField changed value from 8 to 9
kwi 27, 2021 6:56:31 PM com.ad.sudoku.model.SudokuField setValue
INFO: SudokuField changed value from 9 to 3
kwi 27, 2021 6:56:31 PM com.ad.sudoku.model.SudokuField setValue
INFO: SudokuField changed value from 0 to 2
kwi 27, 2021 6:56:31 PM com.ad.sudoku.model.SudokuField setValue
INFO: SudokuField changed value from 2 to 9
kwi 27, 2021 6:56:31 PM com.ad.sudoku.model.SudokuField setValue
INFO: SudokuField changed value from 9 to 1
kwi 27, 2021 6:56:31 PM com.ad.sudoku.model.SudokuField setValue
INFO: SudokuField changed value from 1 to 5
kwi 27, 2021 6:56:31 PM com.ad.sudoku.model.SudokuField setValue
INFO: SudokuField changed value from 0 to 1
kwi 27, 2021 6:56:31 PM com.ad.sudoku.model.SudokuField setValue
INFO: SudokuField changed value from 1 to 2
kwi 27, 2021 6:56:31 PM com.ad.sudoku.model.SudokuField setValue
INFO: SudokuField changed value from 2 to 4
kwi 27, 2021 6:56:31 PM com.ad.sudoku.model.SudokuField setValue
INFO: SudokuField changed value from 4 to 9
kwi 27, 2021 6:56:31 PM com.ad.sudoku.model.SudokuField setValue
INFO: SudokuField changed value from 9 to 5
kwi 27, 2021 6:56:31 PM com.ad.sudoku.model.SudokuField setValue
INFO: SudokuField changed value from 5 to 8
kwi 27, 2021 6:56:31 PM com.ad.sudoku.model.SudokuField setValue
INFO: SudokuField changed value from 0 to 8
kwi 27, 2021 6:56:31 PM com.ad.sudoku.model.SudokuField setValue
INFO: SudokuField changed value from 8 to 4
kwi 27, 2021 6:56:31 PM com.ad.sudoku.model.SudokuField setValue
INFO: SudokuField changed value from 4 to 9
kwi 27, 2021 6:56:31 PM com.ad.sudoku.model.SudokuField setValue
INFO: SudokuField changed value from 9 to 1
kwi 27, 2021 6:56:31 PM com.ad.sudoku.model.SudokuField setValue
INFO: SudokuField changed value from 1 to 3
kwi 27, 2021 6:56:31 PM com.ad.sudoku.model.SudokuField setValue
INFO: SudokuField changed value from 3 to 5
kwi 27, 2021 6:56:31 PM com.ad.sudoku.model.SudokuField setValue
INFO: SudokuField changed value from 5 to 2
kwi 27, 2021 6:56:31 PM com.ad.sudoku.model.SudokuField setValue
INFO: SudokuField changed value from 2 to 7
kwi 27, 2021 6:56:31 PM com.ad.sudoku.model.SudokuField setValue
INFO: SudokuField changed value from 0 to 9
kwi 27, 2021 6:56:31 PM com.ad.sudoku.model.SudokuField setValue
INFO: SudokuField changed value from 9 to 5
kwi 27, 2021 6:56:31 PM com.ad.sudoku.model.SudokuField setValue
INFO: SudokuField changed value from 5 to 6
kwi 27, 2021 6:56:31 PM com.ad.sudoku.model.SudokuField setValue
INFO: SudokuField changed value from 6 to 3
kwi 27, 2021 6:56:31 PM com.ad.sudoku.model.SudokuField setValue
INFO: SudokuField changed value from 3 to 4
kwi 27, 2021 6:56:31 PM com.ad.sudoku.model.SudokuField setValue
INFO: SudokuField changed value from 0 to 5
kwi 27, 2021 6:56:31 PM com.ad.sudoku.model.SudokuField setValue
INFO: SudokuField changed value from 5 to 3
kwi 27, 2021 6:56:31 PM com.ad.sudoku.model.SudokuField setValue
INFO: SudokuField changed value from 3 to 4
kwi 27, 2021 6:56:31 PM com.ad.sudoku.model.SudokuField setValue
INFO: SudokuField changed value from 4 to 2
kwi 27, 2021 6:56:31 PM com.ad.sudoku.model.SudokuField setValue
INFO: SudokuField changed value from 0 to 7
kwi 27, 2021 6:56:31 PM com.ad.sudoku.model.SudokuField setValue
INFO: SudokuField changed value from 7 to 2
kwi 27, 2021 6:56:31 PM com.ad.sudoku.model.SudokuField setValue
INFO: SudokuField changed value from 2 to 4
kwi 27, 2021 6:56:31 PM com.ad.sudoku.model.SudokuField setValue
INFO: SudokuField changed value from 4 to 1
kwi 27, 2021 6:56:31 PM com.ad.sudoku.model.SudokuField setValue
INFO: SudokuField changed value from 0 to 6
kwi 27, 2021 6:56:31 PM com.ad.sudoku.model.SudokuField setValue
INFO: SudokuField changed value from 0 to 5
kwi 27, 2021 6:56:31 PM com.ad.sudoku.model.SudokuField setValue
INFO: SudokuField changed value from 0 to 3
kwi 27, 2021 6:56:31 PM com.ad.sudoku.model.SudokuField setValue
INFO: SudokuField changed value from 3 to 1
kwi 27, 2021 6:56:31 PM com.ad.sudoku.model.SudokuField setValue
INFO: SudokuField changed value from 0 to 4
kwi 27, 2021 6:56:31 PM com.ad.sudoku.model.SudokuField setValue
INFO: SudokuField changed value from 4 to 8
kwi 27, 2021 6:56:31 PM com.ad.sudoku.model.SudokuField setValue
INFO: SudokuField changed value from 0 to 3
kwi 27, 2021 6:56:31 PM com.ad.sudoku.model.SudokuField setValue
INFO: SudokuField changed value from 3 to 2
kwi 27, 2021 6:56:31 PM com.ad.sudoku.model.SudokuField setValue
INFO: SudokuField changed value from 0 to 5
kwi 27, 2021 6:56:31 PM com.ad.sudoku.model.SudokuField setValue
INFO: SudokuField changed value from 5 to 1
kwi 27, 2021 6:56:31 PM com.ad.sudoku.model.SudokuField setValue
INFO: SudokuField changed value from 1 to 8
kwi 27, 2021 6:56:31 PM com.ad.sudoku.model.SudokuField setValue
INFO: SudokuField changed value from 8 to 4
kwi 27, 2021 6:56:31 PM com.ad.sudoku.model.SudokuField setValue
INFO: SudokuField changed value from 0 to 5
kwi 27, 2021 6:56:31 PM com.ad.sudoku.model.SudokuField setValue
INFO: SudokuField changed value from 5 to 4
kwi 27, 2021 6:56:31 PM com.ad.sudoku.model.SudokuField setValue
INFO: SudokuField changed value from 4 to 8
kwi 27, 2021 6:56:31 PM com.ad.sudoku.model.SudokuField setValue
INFO: SudokuField changed value from 8 to 9
kwi 27, 2021 6:56:31 PM com.ad.sudoku.model.SudokuField setValue
INFO: SudokuField changed value from 9 to 6
kwi 27, 2021 6:56:31 PM com.ad.sudoku.model.SudokuField setValue
INFO: SudokuField changed value from 6 to 3
kwi 27, 2021 6:56:31 PM com.ad.sudoku.model.SudokuField setValue
INFO: SudokuField changed value from 0 to 7
kwi 27, 2021 6:56:31 PM com.ad.sudoku.model.SudokuField setValue
INFO: SudokuField changed value from 0 to 3
kwi 27, 2021 6:56:31 PM com.ad.sudoku.model.SudokuField setValue
INFO: SudokuField changed value from 3 to 1
kwi 27, 2021 6:56:31 PM com.ad.sudoku.model.SudokuField setValue
INFO: SudokuField changed value from 1 to 9
kwi 27, 2021 6:56:31 PM com.ad.sudoku.model.SudokuField setValue
INFO: SudokuField changed value from 0 to 9
kwi 27, 2021 6:56:31 PM com.ad.sudoku.model.SudokuField setValue
INFO: SudokuField changed value from 9 to 4
kwi 27, 2021 6:56:31 PM com.ad.sudoku.model.SudokuField setValue
INFO: SudokuField changed value from 0 to 2
kwi 27, 2021 6:56:31 PM com.ad.sudoku.model.SudokuField setValue
INFO: SudokuField changed value from 0 to 6
kwi 27, 2021 6:56:31 PM com.ad.sudoku.model.SudokuField setValue
INFO: SudokuField changed value from 6 to 5
kwi 27, 2021 6:56:31 PM com.ad.sudoku.model.SudokuField setValue
INFO: SudokuField changed value from 5 to 8
kwi 27, 2021 6:56:31 PM com.ad.sudoku.model.SudokuField setValue
INFO: SudokuField changed value from 0 to 8
kwi 27, 2021 6:56:31 PM com.ad.sudoku.model.SudokuField setValue
INFO: SudokuField changed value from 8 to 6
kwi 27, 2021 6:56:31 PM com.ad.sudoku.model.SudokuField setValue
INFO: SudokuField changed value from 0 to 4
kwi 27, 2021 6:56:31 PM com.ad.sudoku.model.SudokuField setValue
INFO: SudokuField changed value from 4 to 2
kwi 27, 2021 6:56:31 PM com.ad.sudoku.model.SudokuField setValue
INFO: SudokuField changed value from 2 to 8
kwi 27, 2021 6:56:31 PM com.ad.sudoku.model.SudokuField setValue
INFO: SudokuField changed value from 8 to 3
kwi 27, 2021 6:56:31 PM com.ad.sudoku.model.SudokuField setValue
INFO: SudokuField changed value from 3 to 9
kwi 27, 2021 6:56:31 PM com.ad.sudoku.model.SudokuField setValue
INFO: SudokuField changed value from 0 to 2
kwi 27, 2021 6:56:31 PM com.ad.sudoku.model.SudokuField setValue
INFO: SudokuField changed value from 2 to 6
kwi 27, 2021 6:56:31 PM com.ad.sudoku.model.SudokuField setValue
INFO: SudokuField changed value from 6 to 9
kwi 27, 2021 6:56:31 PM com.ad.sudoku.model.SudokuField setValue
INFO: SudokuField changed value from 9 to 1
kwi 27, 2021 6:56:31 PM com.ad.sudoku.model.SudokuField setValue
INFO: SudokuField changed value from 0 to 2
kwi 27, 2021 6:56:31 PM com.ad.sudoku.model.SudokuField setValue
INFO: SudokuField changed value from 2 to 1
kwi 27, 2021 6:56:31 PM com.ad.sudoku.model.SudokuField setValue
INFO: SudokuField changed value from 1 to 6
kwi 27, 2021 6:56:31 PM com.ad.sudoku.model.SudokuField setValue
INFO: SudokuField changed value from 6 to 4
kwi 27, 2021 6:56:31 PM com.ad.sudoku.model.SudokuField setValue
INFO: SudokuField changed value from 4 to 7
kwi 27, 2021 6:56:31 PM com.ad.sudoku.model.SudokuField setValue
INFO: SudokuField changed value from 7 to 3
kwi 27, 2021 6:56:31 PM com.ad.sudoku.model.SudokuField setValue
INFO: SudokuField changed value from 3 to 8
kwi 27, 2021 6:56:31 PM com.ad.sudoku.model.SudokuField setValue
INFO: SudokuField changed value from 8 to 5
kwi 27, 2021 6:56:31 PM com.ad.sudoku.model.SudokuField setValue
INFO: SudokuField changed value from 0 to 4
kwi 27, 2021 6:56:31 PM com.ad.sudoku.model.SudokuField setValue
INFO: SudokuField changed value from 4 to 7
kwi 27, 2021 6:56:31 PM com.ad.sudoku.model.SudokuField setValue
INFO: SudokuField changed value from 7 to 5
kwi 27, 2021 6:56:31 PM com.ad.sudoku.model.SudokuField setValue
INFO: SudokuField changed value from 5 to 3
kwi 27, 2021 6:56:31 PM com.ad.sudoku.model.SudokuField setValue
INFO: SudokuField changed value from 3 to 1
kwi 27, 2021 6:56:31 PM com.ad.sudoku.model.SudokuField setValue
INFO: SudokuField changed value from 1 to 8
kwi 27, 2021 6:56:31 PM com.ad.sudoku.model.SudokuField setValue
INFO: SudokuField changed value from 8 to 2
kwi 27, 2021 6:56:31 PM com.ad.sudoku.model.SudokuField setValue
INFO: SudokuField changed value from 2 to 9
kwi 27, 2021 6:56:31 PM com.ad.sudoku.model.SudokuField setValue
INFO: SudokuField changed value from 9 to 6
kwi 27, 2021 6:56:31 PM com.ad.sudoku.model.SudokuField setValue
INFO: SudokuField changed value from 6 to 0
kwi 27, 2021 6:56:31 PM com.ad.sudoku.model.SudokuField setValue
INFO: SudokuField changed value from 5 to 9
kwi 27, 2021 6:56:31 PM com.ad.sudoku.model.SudokuField setValue
INFO: SudokuField changed value from 9 to 0
kwi 27, 2021 6:56:31 PM com.ad.sudoku.model.SudokuField setValue
INFO: SudokuField changed value from 1 to 3
kwi 27, 2021 6:56:31 PM com.ad.sudoku.model.SudokuField setValue
INFO: SudokuField changed value from 0 to 5
kwi 27, 2021 6:56:31 PM com.ad.sudoku.model.SudokuField setValue
INFO: SudokuField changed value from 0 to 1
kwi 27, 2021 6:56:31 PM com.ad.sudoku.model.SudokuField setValue
INFO: SudokuField changed value from 0 to 4
kwi 27, 2021 6:56:31 PM com.ad.sudoku.model.SudokuField setValue
INFO: SudokuField changed value from 4 to 6
kwi 27, 2021 6:56:31 PM com.ad.sudoku.model.SudokuField setValue
INFO: SudokuField changed value from 6 to 3
kwi 27, 2021 6:56:31 PM com.ad.sudoku.model.SudokuField setValue
INFO: SudokuField changed value from 3 to 1
kwi 27, 2021 6:56:31 PM com.ad.sudoku.model.SudokuField setValue
INFO: SudokuField changed value from 1 to 5
kwi 27, 2021 6:56:31 PM com.ad.sudoku.model.SudokuField setValue
INFO: SudokuField changed value from 5 to 7
kwi 27, 2021 6:56:31 PM com.ad.sudoku.model.SudokuField setValue
INFO: SudokuField changed value from 7 to 2
kwi 27, 2021 6:56:31 PM com.ad.sudoku.model.SudokuField setValue
INFO: SudokuField changed value from 2 to 9
kwi 27, 2021 6:56:31 PM com.ad.sudoku.model.SudokuField setValue
INFO: SudokuField changed value from 9 to 8
kwi 27, 2021 6:56:31 PM com.ad.sudoku.model.SudokuField setValue
INFO: SudokuField changed value from 8 to 0
kwi 27, 2021 6:56:31 PM com.ad.sudoku.model.SudokuField setValue
INFO: SudokuField changed value from 1 to 5
kwi 27, 2021 6:56:31 PM com.ad.sudoku.model.SudokuField setValue
INFO: SudokuField changed value from 5 to 8
kwi 27, 2021 6:56:31 PM com.ad.sudoku.model.SudokuField setValue
INFO: SudokuField changed value from 8 to 4
kwi 27, 2021 6:56:31 PM com.ad.sudoku.model.SudokuField setValue
INFO: SudokuField changed value from 4 to 6
kwi 27, 2021 6:56:31 PM com.ad.sudoku.model.SudokuField setValue
INFO: SudokuField changed value from 6 to 3
kwi 27, 2021 6:56:31 PM com.ad.sudoku.model.SudokuField setValue
INFO: SudokuField changed value from 3 to 7
kwi 27, 2021 6:56:31 PM com.ad.sudoku.model.SudokuField setValue
INFO: SudokuField changed value from 7 to 2
kwi 27, 2021 6:56:31 PM com.ad.sudoku.model.SudokuField setValue
INFO: SudokuField changed value from 2 to 9
kwi 27, 2021 6:56:31 PM com.ad.sudoku.model.SudokuField setValue
INFO: SudokuField changed value from 9 to 0
kwi 27, 2021 6:56:31 PM com.ad.sudoku.model.SudokuField setValue
INFO: SudokuField changed value from 5 to 4
kwi 27, 2021 6:56:31 PM com.ad.sudoku.model.SudokuField setValue
INFO: SudokuField changed value from 4 to 3
kwi 27, 2021 6:56:31 PM com.ad.sudoku.model.SudokuField setValue
INFO: SudokuField changed value from 3 to 2
kwi 27, 2021 6:56:31 PM com.ad.sudoku.model.SudokuField setValue
INFO: SudokuField changed value from 2 to 1
kwi 27, 2021 6:56:31 PM com.ad.sudoku.model.SudokuField setValue
INFO: SudokuField changed value from 0 to 3
kwi 27, 2021 6:56:31 PM com.ad.sudoku.model.SudokuField setValue
INFO: SudokuField changed value from 3 to 8
kwi 27, 2021 6:56:31 PM com.ad.sudoku.model.SudokuField setValue
INFO: SudokuField changed value from 8 to 5
kwi 27, 2021 6:56:31 PM com.ad.sudoku.model.SudokuField setValue
INFO: SudokuField changed value from 5 to 7
kwi 27, 2021 6:56:31 PM com.ad.sudoku.model.SudokuField setValue
INFO: SudokuField changed value from 7 to 1
kwi 27, 2021 6:56:31 PM com.ad.sudoku.model.SudokuField setValue
INFO: SudokuField changed value from 1 to 2
kwi 27, 2021 6:56:31 PM com.ad.sudoku.model.SudokuField setValue
INFO: SudokuField changed value from 2 to 4
kwi 27, 2021 6:56:31 PM com.ad.sudoku.model.SudokuField setValue
INFO: SudokuField changed value from 4 to 9
kwi 27, 2021 6:56:31 PM com.ad.sudoku.model.SudokuField setValue
INFO: SudokuField changed value from 9 to 6
kwi 27, 2021 6:56:31 PM com.ad.sudoku.model.SudokuField setValue
INFO: SudokuField changed value from 6 to 0
kwi 27, 2021 6:56:31 PM com.ad.sudoku.model.SudokuField setValue
INFO: SudokuField changed value from 1 to 6
kwi 27, 2021 6:56:31 PM com.ad.sudoku.model.SudokuField setValue
INFO: SudokuField changed value from 6 to 8
kwi 27, 2021 6:56:31 PM com.ad.sudoku.model.SudokuField setValue
INFO: SudokuField changed value from 8 to 7
kwi 27, 2021 6:56:31 PM com.ad.sudoku.model.SudokuField setValue
INFO: SudokuField changed value from 7 to 9
kwi 27, 2021 6:56:31 PM com.ad.sudoku.model.SudokuField setValue
INFO: SudokuField changed value from 9 to 0
kwi 27, 2021 6:56:31 PM com.ad.sudoku.model.SudokuField setValue
INFO: SudokuField changed value from 3 to 4
kwi 27, 2021 6:56:31 PM com.ad.sudoku.model.SudokuField setValue
INFO: SudokuField changed value from 4 to 8
kwi 27, 2021 6:56:31 PM com.ad.sudoku.model.SudokuField setValue
INFO: SudokuField changed value from 8 to 5
kwi 27, 2021 6:56:31 PM com.ad.sudoku.model.SudokuField setValue
INFO: SudokuField changed value from 0 to 8
kwi 27, 2021 6:56:31 PM com.ad.sudoku.model.SudokuField setValue
INFO: SudokuField changed value from 8 to 6
kwi 27, 2021 6:56:31 PM com.ad.sudoku.model.SudokuField setValue
INFO: SudokuField changed value from 6 to 2
kwi 27, 2021 6:56:31 PM com.ad.sudoku.model.SudokuField setValue
INFO: SudokuField changed value from 2 to 9
kwi 27, 2021 6:56:31 PM com.ad.sudoku.model.SudokuField setValue
INFO: SudokuField changed value from 9 to 3
kwi 27, 2021 6:56:31 PM com.ad.sudoku.model.SudokuField setValue
INFO: SudokuField changed value from 3 to 4
kwi 27, 2021 6:56:31 PM com.ad.sudoku.model.SudokuField setValue
INFO: SudokuField changed value from 4 to 5
kwi 27, 2021 6:56:31 PM com.ad.sudoku.model.SudokuField setValue
INFO: SudokuField changed value from 5 to 1
kwi 27, 2021 6:56:31 PM com.ad.sudoku.model.SudokuField setValue
INFO: SudokuField changed value from 0 to 8
kwi 27, 2021 6:56:31 PM com.ad.sudoku.model.SudokuField setValue
INFO: SudokuField changed value from 8 to 4
kwi 27, 2021 6:56:31 PM com.ad.sudoku.model.SudokuField setValue
INFO: SudokuField changed value from 4 to 1
kwi 27, 2021 6:56:31 PM com.ad.sudoku.model.SudokuField setValue
INFO: SudokuField changed value from 1 to 9
kwi 27, 2021 6:56:31 PM com.ad.sudoku.model.SudokuField setValue
INFO: SudokuField changed value from 9 to 6
kwi 27, 2021 6:56:31 PM com.ad.sudoku.model.SudokuField setValue
INFO: SudokuField changed value from 6 to 7
kwi 27, 2021 6:56:31 PM com.ad.sudoku.model.SudokuField setValue
INFO: SudokuField changed value from 7 to 5
kwi 27, 2021 6:56:31 PM com.ad.sudoku.model.SudokuField setValue
INFO: SudokuField changed value from 5 to 2
kwi 27, 2021 6:56:31 PM com.ad.sudoku.model.SudokuField setValue
INFO: SudokuField changed value from 2 to 3
kwi 27, 2021 6:56:31 PM com.ad.sudoku.model.SudokuField setValue
INFO: SudokuField changed value from 3 to 0
kwi 27, 2021 6:56:31 PM com.ad.sudoku.model.SudokuField setValue
INFO: SudokuField changed value from 1 to 7
kwi 27, 2021 6:56:31 PM com.ad.sudoku.model.SudokuField setValue
INFO: SudokuField changed value from 7 to 0
kwi 27, 2021 6:56:31 PM com.ad.sudoku.model.SudokuField setValue
INFO: SudokuField changed value from 5 to 7
kwi 27, 2021 6:56:31 PM com.ad.sudoku.model.SudokuField setValue
INFO: SudokuField changed value from 7 to 0
kwi 27, 2021 6:56:31 PM com.ad.sudoku.model.SudokuField setValue
INFO: SudokuField changed value from 9 to 7
kwi 27, 2021 6:56:31 PM com.ad.sudoku.model.SudokuField setValue
INFO: SudokuField changed value from 0 to 3
kwi 27, 2021 6:56:31 PM com.ad.sudoku.model.SudokuField setValue
INFO: SudokuField changed value from 0 to 4
kwi 27, 2021 6:56:31 PM com.ad.sudoku.model.SudokuField setValue
INFO: SudokuField changed value from 4 to 8
kwi 27, 2021 6:56:31 PM com.ad.sudoku.model.SudokuField setValue
INFO: SudokuField changed value from 8 to 7
kwi 27, 2021 6:56:31 PM com.ad.sudoku.model.SudokuField setValue
INFO: SudokuField changed value from 7 to 2
kwi 27, 2021 6:56:31 PM com.ad.sudoku.model.SudokuField setValue
INFO: SudokuField changed value from 2 to 6
kwi 27, 2021 6:56:31 PM com.ad.sudoku.model.SudokuField setValue
INFO: SudokuField changed value from 6 to 5
kwi 27, 2021 6:56:31 PM com.ad.sudoku.model.SudokuField setValue
INFO: SudokuField changed value from 0 to 2
kwi 27, 2021 6:56:31 PM com.ad.sudoku.model.SudokuField setValue
INFO: SudokuField changed value from 2 to 7
kwi 27, 2021 6:56:31 PM com.ad.sudoku.model.SudokuField setValue
INFO: SudokuField changed value from 7 to 5
kwi 27, 2021 6:56:31 PM com.ad.sudoku.model.SudokuField setValue
INFO: SudokuField changed value from 5 to 3
kwi 27, 2021 6:56:31 PM com.ad.sudoku.model.SudokuField setValue
INFO: SudokuField changed value from 3 to 9
kwi 27, 2021 6:56:31 PM com.ad.sudoku.model.SudokuField setValue
INFO: SudokuField changed value from 9 to 1
kwi 27, 2021 6:56:31 PM com.ad.sudoku.model.SudokuField setValue
INFO: SudokuField changed value from 0 to 9
kwi 27, 2021 6:56:31 PM com.ad.sudoku.model.SudokuField setValue
INFO: SudokuField changed value from 9 to 4
kwi 27, 2021 6:56:31 PM com.ad.sudoku.model.SudokuField setValue
INFO: SudokuField changed value from 4 to 3
kwi 27, 2021 6:56:31 PM com.ad.sudoku.model.SudokuField setValue
INFO: SudokuField changed value from 3 to 8
kwi 27, 2021 6:56:31 PM com.ad.sudoku.model.SudokuField setValue
INFO: SudokuField changed value from 8 to 1
kwi 27, 2021 6:56:31 PM com.ad.sudoku.model.SudokuField setValue
INFO: SudokuField changed value from 1 to 6
kwi 27, 2021 6:56:31 PM com.ad.sudoku.model.SudokuField setValue
INFO: SudokuField changed value from 6 to 7
kwi 27, 2021 6:56:31 PM com.ad.sudoku.model.SudokuField setValue
INFO: SudokuField changed value from 7 to 5
kwi 27, 2021 6:56:31 PM com.ad.sudoku.model.SudokuField setValue
INFO: SudokuField changed value from 5 to 2
kwi 27, 2021 6:56:31 PM com.ad.sudoku.model.SudokuField setValue
INFO: SudokuField changed value from 2 to 0
kwi 27, 2021 6:56:31 PM com.ad.sudoku.model.SudokuField setValue
INFO: SudokuField changed value from 1 to 4
kwi 27, 2021 6:56:31 PM com.ad.sudoku.model.SudokuField setValue
INFO: SudokuField changed value from 4 to 8
kwi 27, 2021 6:56:31 PM com.ad.sudoku.model.SudokuField setValue
INFO: SudokuField changed value from 8 to 6
kwi 27, 2021 6:56:31 PM com.ad.sudoku.model.SudokuField setValue
INFO: SudokuField changed value from 6 to 0
kwi 27, 2021 6:56:31 PM com.ad.sudoku.model.SudokuField setValue
INFO: SudokuField changed value from 5 to 1
kwi 27, 2021 6:56:31 PM com.ad.sudoku.model.SudokuField setValue
INFO: SudokuField changed value from 0 to 8
kwi 27, 2021 6:56:31 PM com.ad.sudoku.model.SudokuField setValue
INFO: SudokuField changed value from 8 to 5
kwi 27, 2021 6:56:31 PM com.ad.sudoku.model.SudokuField setValue
INFO: SudokuField changed value from 5 to 3
kwi 27, 2021 6:56:31 PM com.ad.sudoku.model.SudokuField setValue
INFO: SudokuField changed value from 3 to 4
kwi 27, 2021 6:56:31 PM com.ad.sudoku.model.SudokuField setValue
INFO: SudokuField changed value from 4 to 7
kwi 27, 2021 6:56:31 PM com.ad.sudoku.model.SudokuField setValue
INFO: SudokuField changed value from 7 to 6
kwi 27, 2021 6:56:31 PM com.ad.sudoku.model.SudokuField setValue
INFO: SudokuField changed value from 6 to 1
kwi 27, 2021 6:56:31 PM com.ad.sudoku.model.SudokuField setValue
INFO: SudokuField changed value from 1 to 2
kwi 27, 2021 6:56:31 PM com.ad.sudoku.model.SudokuField setValue
INFO: SudokuField changed value from 2 to 9
kwi 27, 2021 6:56:31 PM com.ad.sudoku.model.SudokuField setValue
INFO: SudokuField changed value from 9 to 0
kwi 27, 2021 6:56:31 PM com.ad.sudoku.model.SudokuField setValue
INFO: SudokuField changed value from 1 to 3
kwi 27, 2021 6:56:31 PM com.ad.sudoku.model.SudokuField setValue
INFO: SudokuField changed value from 3 to 9
kwi 27, 2021 6:56:31 PM com.ad.sudoku.model.SudokuField setValue
INFO: SudokuField changed value from 9 to 0
kwi 27, 2021 6:56:31 PM com.ad.sudoku.model.SudokuField setValue
INFO: SudokuField changed value from 3 to 1
kwi 27, 2021 6:56:31 PM com.ad.sudoku.model.SudokuField setValue
INFO: SudokuField changed value from 0 to 3
kwi 27, 2021 6:56:31 PM com.ad.sudoku.model.SudokuField setValue
INFO: SudokuField changed value from 3 to 1
kwi 27, 2021 6:56:31 PM com.ad.sudoku.model.SudokuField setValue
INFO: SudokuField changed value from 1 to 5
kwi 27, 2021 6:56:31 PM com.ad.sudoku.model.SudokuField setValue
INFO: SudokuField changed value from 0 to 7
kwi 27, 2021 6:56:31 PM com.ad.sudoku.model.SudokuField setValue
INFO: SudokuField changed value from 7 to 1
kwi 27, 2021 6:56:31 PM com.ad.sudoku.model.SudokuField setValue
INFO: SudokuField changed value from 1 to 4
kwi 27, 2021 6:56:31 PM com.ad.sudoku.model.SudokuField setValue
INFO: SudokuField changed value from 4 to 8
kwi 27, 2021 6:56:31 PM com.ad.sudoku.model.SudokuField setValue
INFO: SudokuField changed value from 8 to 3
kwi 27, 2021 6:56:31 PM com.ad.sudoku.model.SudokuField setValue
INFO: SudokuField changed value from 3 to 5
kwi 27, 2021 6:56:31 PM com.ad.sudoku.model.SudokuField setValue
INFO: SudokuField changed value from 5 to 9
kwi 27, 2021 6:56:31 PM com.ad.sudoku.model.SudokuField setValue
INFO: SudokuField changed value from 9 to 2
kwi 27, 2021 6:56:31 PM com.ad.sudoku.model.SudokuField setValue
INFO: SudokuField changed value from 2 to 6
kwi 27, 2021 6:56:31 PM com.ad.sudoku.model.SudokuField setValue
INFO: SudokuField changed value from 6 to 0
kwi 27, 2021 6:56:31 PM com.ad.sudoku.model.SudokuField setValue
INFO: SudokuField changed value from 5 to 2
kwi 27, 2021 6:56:31 PM com.ad.sudoku.model.SudokuField setValue
INFO: SudokuField changed value from 2 to 7
kwi 27, 2021 6:56:31 PM com.ad.sudoku.model.SudokuField setValue
INFO: SudokuField changed value from 7 to 4
kwi 27, 2021 6:56:31 PM com.ad.sudoku.model.SudokuField setValue
INFO: SudokuField changed value from 4 to 9
kwi 27, 2021 6:56:31 PM com.ad.sudoku.model.SudokuField setValue
INFO: SudokuField changed value from 9 to 6
kwi 27, 2021 6:56:31 PM com.ad.sudoku.model.SudokuField setValue
INFO: SudokuField changed value from 6 to 8
kwi 27, 2021 6:56:31 PM com.ad.sudoku.model.SudokuField setValue
INFO: SudokuField changed value from 8 to 0
kwi 27, 2021 6:56:31 PM com.ad.sudoku.model.SudokuField setValue
INFO: SudokuField changed value from 1 to 9
kwi 27, 2021 6:56:31 PM com.ad.sudoku.model.SudokuField setValue
INFO: SudokuField changed value from 0 to 4
kwi 27, 2021 6:56:31 PM com.ad.sudoku.model.SudokuField setValue
INFO: SudokuField changed value from 4 to 2
kwi 27, 2021 6:56:31 PM com.ad.sudoku.model.SudokuField setValue
INFO: SudokuField changed value from 2 to 1
kwi 27, 2021 6:56:31 PM com.ad.sudoku.model.SudokuField setValue
INFO: SudokuField changed value from 0 to 1
kwi 27, 2021 6:56:31 PM com.ad.sudoku.model.SudokuField setValue
INFO: SudokuField changed value from 1 to 4
kwi 27, 2021 6:56:31 PM com.ad.sudoku.model.SudokuField setValue
INFO: SudokuField changed value from 4 to 7
kwi 27, 2021 6:56:31 PM com.ad.sudoku.model.SudokuField setValue
INFO: SudokuField changed value from 7 to 2
kwi 27, 2021 6:56:31 PM com.ad.sudoku.model.SudokuField setValue
INFO: SudokuField changed value from 2 to 8
kwi 27, 2021 6:56:31 PM com.ad.sudoku.model.SudokuField setValue
INFO: SudokuField changed value from 8 to 9
kwi 27, 2021 6:56:31 PM com.ad.sudoku.model.SudokuField setValue
INFO: SudokuField changed value from 9 to 6
kwi 27, 2021 6:56:31 PM com.ad.sudoku.model.SudokuField setValue
INFO: SudokuField changed value from 6 to 5
kwi 27, 2021 6:56:31 PM com.ad.sudoku.model.SudokuField setValue
INFO: SudokuField changed value from 5 to 3
kwi 27, 2021 6:56:31 PM com.ad.sudoku.model.SudokuField setValue
INFO: SudokuField changed value from 3 to 0
kwi 27, 2021 6:56:31 PM com.ad.sudoku.model.SudokuField setValue
INFO: SudokuField changed value from 1 to 5
kwi 27, 2021 6:56:31 PM com.ad.sudoku.model.SudokuField setValue
INFO: SudokuField changed value from 0 to 7
kwi 27, 2021 6:56:31 PM com.ad.sudoku.model.SudokuField setValue
INFO: SudokuField changed value from 7 to 5
kwi 27, 2021 6:56:31 PM com.ad.sudoku.model.SudokuField setValue
INFO: SudokuField changed value from 5 to 9
kwi 27, 2021 6:56:31 PM com.ad.sudoku.model.SudokuField setValue
INFO: SudokuField changed value from 9 to 4
kwi 27, 2021 6:56:31 PM com.ad.sudoku.model.SudokuField setValue
INFO: SudokuField changed value from 4 to 8
kwi 27, 2021 6:56:31 PM com.ad.sudoku.model.SudokuField setValue
INFO: SudokuField changed value from 8 to 3
kwi 27, 2021 6:56:31 PM com.ad.sudoku.model.SudokuField setValue
INFO: SudokuField changed value from 3 to 1
kwi 27, 2021 6:56:31 PM com.ad.sudoku.model.SudokuField setValue
INFO: SudokuField changed value from 0 to 3
kwi 27, 2021 6:56:31 PM com.ad.sudoku.model.SudokuField setValue
INFO: SudokuField changed value from 3 to 9
kwi 27, 2021 6:56:31 PM com.ad.sudoku.model.SudokuField setValue
INFO: SudokuField changed value from 9 to 5
kwi 27, 2021 6:56:31 PM com.ad.sudoku.model.SudokuField setValue
INFO: SudokuField changed value from 5 to 1
kwi 27, 2021 6:56:31 PM com.ad.sudoku.model.SudokuField setValue
INFO: SudokuField changed value from 1 to 2
kwi 27, 2021 6:56:31 PM com.ad.sudoku.model.SudokuField setValue
INFO: SudokuField changed value from 2 to 7
kwi 27, 2021 6:56:31 PM com.ad.sudoku.model.SudokuField setValue
INFO: SudokuField changed value from 7 to 4
kwi 27, 2021 6:56:31 PM com.ad.sudoku.model.SudokuField setValue
INFO: SudokuField changed value from 4 to 6
kwi 27, 2021 6:56:31 PM com.ad.sudoku.model.SudokuField setValue
INFO: SudokuField changed value from 6 to 8
kwi 27, 2021 6:56:31 PM com.ad.sudoku.model.SudokuField setValue
INFO: SudokuField changed value from 8 to 0
kwi 27, 2021 6:56:31 PM com.ad.sudoku.model.SudokuField setValue
INFO: SudokuField changed value from 1 to 2
kwi 27, 2021 6:56:31 PM com.ad.sudoku.model.SudokuField setValue
INFO: SudokuField changed value from 2 to 6
kwi 27, 2021 6:56:31 PM com.ad.sudoku.model.SudokuField setValue
INFO: SudokuField changed value from 6 to 0
kwi 27, 2021 6:56:31 PM com.ad.sudoku.model.SudokuField setValue
INFO: SudokuField changed value from 5 to 6
kwi 27, 2021 6:56:31 PM com.ad.sudoku.model.SudokuField setValue
INFO: SudokuField changed value from 6 to 9
kwi 27, 2021 6:56:31 PM com.ad.sudoku.model.SudokuField setValue
INFO: SudokuField changed value from 9 to 8
kwi 27, 2021 6:56:31 PM com.ad.sudoku.model.SudokuField setValue
INFO: SudokuField changed value from 8 to 7
kwi 27, 2021 6:56:31 PM com.ad.sudoku.model.SudokuField setValue
INFO: SudokuField changed value from 7 to 3
kwi 27, 2021 6:56:31 PM com.ad.sudoku.model.SudokuField setValue
INFO: SudokuField changed value from 3 to 0
kwi 27, 2021 6:56:31 PM com.ad.sudoku.model.SudokuField setValue
INFO: SudokuField changed value from 9 to 6
kwi 27, 2021 6:56:31 PM com.ad.sudoku.model.SudokuField setValue
INFO: SudokuField changed value from 6 to 8
kwi 27, 2021 6:56:31 PM com.ad.sudoku.model.SudokuField setValue
INFO: SudokuField changed value from 8 to 7
kwi 27, 2021 6:56:31 PM com.ad.sudoku.model.SudokuField setValue
INFO: SudokuField changed value from 7 to 5
kwi 27, 2021 6:56:31 PM com.ad.sudoku.model.SudokuField setValue
INFO: SudokuField changed value from 0 to 8
kwi 27, 2021 6:56:31 PM com.ad.sudoku.model.SudokuField setValue
INFO: SudokuField changed value from 8 to 7
kwi 27, 2021 6:56:31 PM com.ad.sudoku.model.SudokuField setValue
INFO: SudokuField changed value from 7 to 9
kwi 27, 2021 6:56:31 PM com.ad.sudoku.model.SudokuField setValue
INFO: SudokuField changed value from 9 to 1
kwi 27, 2021 6:56:31 PM com.ad.sudoku.model.SudokuField setValue
INFO: SudokuField changed value from 0 to 6
kwi 27, 2021 6:56:31 PM com.ad.sudoku.model.SudokuField setValue
INFO: SudokuField changed value from 6 to 9
kwi 27, 2021 6:56:31 PM com.ad.sudoku.model.SudokuField setValue
INFO: SudokuField changed value from 9 to 8
kwi 27, 2021 6:56:31 PM com.ad.sudoku.model.SudokuField setValue
INFO: SudokuField changed value from 8 to 2
kwi 27, 2021 6:56:31 PM com.ad.sudoku.model.SudokuField setValue
INFO: SudokuField changed value from 2 to 5
kwi 27, 2021 6:56:31 PM com.ad.sudoku.model.SudokuField setValue
INFO: SudokuField changed value from 5 to 3
kwi 27, 2021 6:56:31 PM com.ad.sudoku.model.SudokuField setValue
INFO: SudokuField changed value from 3 to 7
kwi 27, 2021 6:56:31 PM com.ad.sudoku.model.SudokuField setValue
INFO: SudokuField changed value from 7 to 1
kwi 27, 2021 6:56:31 PM com.ad.sudoku.model.SudokuField setValue
INFO: SudokuField changed value from 1 to 4
kwi 27, 2021 6:56:31 PM com.ad.sudoku.model.SudokuField setValue
INFO: SudokuField changed value from 4 to 0
kwi 27, 2021 6:56:31 PM com.ad.sudoku.model.SudokuField setValue
INFO: SudokuField changed value from 1 to 4
kwi 27, 2021 6:56:31 PM com.ad.sudoku.model.SudokuField setValue
INFO: SudokuField changed value from 4 to 6
kwi 27, 2021 6:56:31 PM com.ad.sudoku.model.SudokuField setValue
INFO: SudokuField changed value from 6 to 2
kwi 27, 2021 6:56:31 PM com.ad.sudoku.model.SudokuField setValue
INFO: SudokuField changed value from 2 to 5
kwi 27, 2021 6:56:31 PM com.ad.sudoku.model.SudokuField setValue
INFO: SudokuField changed value from 5 to 3
kwi 27, 2021 6:56:31 PM com.ad.sudoku.model.SudokuField setValue
INFO: SudokuField changed value from 3 to 0
kwi 27, 2021 6:56:31 PM com.ad.sudoku.model.SudokuField setValue
INFO: SudokuField changed value from 5 to 2
kwi 27, 2021 6:56:31 PM com.ad.sudoku.model.SudokuField setValue
INFO: SudokuField changed value from 2 to 4
kwi 27, 2021 6:56:31 PM com.ad.sudoku.model.SudokuField setValue
INFO: SudokuField changed value from 4 to 0
kwi 27, 2021 6:56:31 PM com.ad.sudoku.model.SudokuField setValue
INFO: SudokuField changed value from 7 to 5
kwi 27, 2021 6:56:31 PM com.ad.sudoku.model.SudokuField setValue
INFO: SudokuField changed value from 0 to 2
kwi 27, 2021 6:56:31 PM com.ad.sudoku.model.SudokuField setValue
INFO: SudokuField changed value from 2 to 7
kwi 27, 2021 6:56:31 PM com.ad.sudoku.model.SudokuField setValue
INFO: SudokuField changed value from 7 to 5
kwi 27, 2021 6:56:31 PM com.ad.sudoku.model.SudokuField setValue
INFO: SudokuField changed value from 5 to 8
kwi 27, 2021 6:56:31 PM com.ad.sudoku.model.SudokuField setValue
INFO: SudokuField changed value from 8 to 4
kwi 27, 2021 6:56:31 PM com.ad.sudoku.model.SudokuField setValue
INFO: SudokuField changed value from 4 to 6
kwi 27, 2021 6:56:31 PM com.ad.sudoku.model.SudokuField setValue
INFO: SudokuField changed value from 6 to 9
kwi 27, 2021 6:56:31 PM com.ad.sudoku.model.SudokuField setValue
INFO: SudokuField changed value from 0 to 9
kwi 27, 2021 6:56:31 PM com.ad.sudoku.model.SudokuField setValue
INFO: SudokuField changed value from 9 to 2
kwi 27, 2021 6:56:31 PM com.ad.sudoku.model.SudokuField setValue
INFO: SudokuField changed value from 2 to 7
kwi 27, 2021 6:56:31 PM com.ad.sudoku.model.SudokuField setValue
INFO: SudokuField changed value from 7 to 6
kwi 27, 2021 6:56:31 PM com.ad.sudoku.model.SudokuField setValue
INFO: SudokuField changed value from 6 to 3
kwi 27, 2021 6:56:31 PM com.ad.sudoku.model.SudokuField setValue
INFO: SudokuField changed value from 3 to 4
kwi 27, 2021 6:56:31 PM com.ad.sudoku.model.SudokuField setValue
INFO: SudokuField changed value from 4 to 8
kwi 27, 2021 6:56:31 PM com.ad.sudoku.model.SudokuField setValue
INFO: SudokuField changed value from 8 to 5
kwi 27, 2021 6:56:31 PM com.ad.sudoku.model.SudokuField setValue
INFO: SudokuField changed value from 5 to 1
kwi 27, 2021 6:56:31 PM com.ad.sudoku.model.SudokuField setValue
INFO: SudokuField changed value from 0 to 6
kwi 27, 2021 6:56:31 PM com.ad.sudoku.model.SudokuField setValue
INFO: SudokuField changed value from 6 to 2
kwi 27, 2021 6:56:31 PM com.ad.sudoku.model.SudokuField setValue
INFO: SudokuField changed value from 2 to 9
kwi 27, 2021 6:56:31 PM com.ad.sudoku.model.SudokuField setValue
INFO: SudokuField changed value from 9 to 1
kwi 27, 2021 6:56:31 PM com.ad.sudoku.model.SudokuField setValue
INFO: SudokuField changed value from 1 to 4
kwi 27, 2021 6:56:31 PM com.ad.sudoku.model.SudokuField setValue
INFO: SudokuField changed value from 4 to 8
kwi 27, 2021 6:56:31 PM com.ad.sudoku.model.SudokuField setValue
INFO: SudokuField changed value from 8 to 7
kwi 27, 2021 6:56:31 PM com.ad.sudoku.model.SudokuField setValue
INFO: SudokuField changed value from 7 to 5
kwi 27, 2021 6:56:31 PM com.ad.sudoku.model.SudokuField setValue
INFO: SudokuField changed value from 5 to 3
kwi 27, 2021 6:56:31 PM com.ad.sudoku.model.SudokuField setValue
INFO: SudokuField changed value from 3 to 0
kwi 27, 2021 6:56:31 PM com.ad.sudoku.model.SudokuField setValue
INFO: SudokuField changed value from 1 to 0
kwi 27, 2021 6:56:31 PM com.ad.sudoku.model.SudokuField setValue
INFO: SudokuField changed value from 9 to 1
kwi 27, 2021 6:56:31 PM com.ad.sudoku.model.SudokuField setValue
INFO: SudokuField changed value from 0 to 4
kwi 27, 2021 6:56:31 PM com.ad.sudoku.model.SudokuField setValue
INFO: SudokuField changed value from 4 to 9
kwi 27, 2021 6:56:31 PM com.ad.sudoku.model.SudokuField setValue
INFO: SudokuField changed value from 9 to 8
kwi 27, 2021 6:56:31 PM com.ad.sudoku.model.SudokuField setValue
INFO: SudokuField changed value from 8 to 6
kwi 27, 2021 6:56:31 PM com.ad.sudoku.model.SudokuField setValue
INFO: SudokuField changed value from 6 to 1
kwi 27, 2021 6:56:31 PM com.ad.sudoku.model.SudokuField setValue
INFO: SudokuField changed value from 1 to 7
kwi 27, 2021 6:56:31 PM com.ad.sudoku.model.SudokuField setValue
INFO: SudokuField changed value from 7 to 3
kwi 27, 2021 6:56:31 PM com.ad.sudoku.model.SudokuField setValue
INFO: SudokuField changed value from 3 to 2
kwi 27, 2021 6:56:31 PM com.ad.sudoku.model.SudokuField setValue
INFO: SudokuField changed value from 2 to 5
kwi 27, 2021 6:56:31 PM com.ad.sudoku.model.SudokuField setValue
INFO: SudokuField changed value from 5 to 0
kwi 27, 2021 6:56:31 PM com.ad.sudoku.model.SudokuField setValue
INFO: SudokuField changed value from 1 to 3
kwi 27, 2021 6:56:31 PM com.ad.sudoku.model.SudokuField setValue
INFO: SudokuField changed value from 0 to 7
kwi 27, 2021 6:56:31 PM com.ad.sudoku.model.SudokuField setValue
INFO: SudokuField changed value from 7 to 9
kwi 27, 2021 6:56:31 PM com.ad.sudoku.model.SudokuField setValue
INFO: SudokuField changed value from 9 to 1
kwi 27, 2021 6:56:31 PM com.ad.sudoku.model.SudokuField setValue
INFO: SudokuField changed value from 0 to 3
kwi 27, 2021 6:56:31 PM com.ad.sudoku.model.SudokuField setValue
INFO: SudokuField changed value from 3 to 4
kwi 27, 2021 6:56:31 PM com.ad.sudoku.model.SudokuField setValue
INFO: SudokuField changed value from 4 to 6
kwi 27, 2021 6:56:31 PM com.ad.sudoku.model.SudokuField setValue
INFO: SudokuField changed value from 6 to 1
kwi 27, 2021 6:56:31 PM com.ad.sudoku.model.SudokuField setValue
INFO: SudokuField changed value from 1 to 7
kwi 27, 2021 6:56:31 PM com.ad.sudoku.model.SudokuField setValue
INFO: SudokuField changed value from 7 to 8
kwi 27, 2021 6:56:31 PM com.ad.sudoku.model.SudokuField setValue
INFO: SudokuField changed value from 8 to 9
kwi 27, 2021 6:56:31 PM com.ad.sudoku.model.SudokuField setValue
INFO: SudokuField changed value from 9 to 5
kwi 27, 2021 6:56:31 PM com.ad.sudoku.model.SudokuField setValue
INFO: SudokuField changed value from 5 to 2
kwi 27, 2021 6:56:31 PM com.ad.sudoku.model.SudokuField setValue
INFO: SudokuField changed value from 2 to 0
kwi 27, 2021 6:56:31 PM com.ad.sudoku.model.SudokuField setValue
INFO: SudokuField changed value from 1 to 5
kwi 27, 2021 6:56:31 PM com.ad.sudoku.model.SudokuField setValue
INFO: SudokuField changed value from 5 to 4
kwi 27, 2021 6:56:31 PM com.ad.sudoku.model.SudokuField setValue
INFO: SudokuField changed value from 4 to 8
kwi 27, 2021 6:56:31 PM com.ad.sudoku.model.SudokuField setValue
INFO: SudokuField changed value from 8 to 6
kwi 27, 2021 6:56:31 PM com.ad.sudoku.model.SudokuField setValue
INFO: SudokuField changed value from 6 to 2
kwi 27, 2021 6:56:31 PM com.ad.sudoku.model.SudokuField setValue
INFO: SudokuField changed value from 2 to 3
kwi 27, 2021 6:56:31 PM com.ad.sudoku.model.SudokuField setValue
INFO: SudokuField changed value from 3 to 0
kwi 27, 2021 6:56:31 PM com.ad.sudoku.model.SudokuField setValue
INFO: SudokuField changed value from 3 to 0
kwi 27, 2021 6:56:31 PM com.ad.sudoku.model.SudokuField setValue
INFO: SudokuField changed value from 5 to 6
kwi 27, 2021 6:56:31 PM com.ad.sudoku.model.SudokuField setValue
INFO: SudokuField changed value from 6 to 1
kwi 27, 2021 6:56:31 PM com.ad.sudoku.model.SudokuField setValue
INFO: SudokuField changed value from 1 to 0
kwi 27, 2021 6:56:31 PM com.ad.sudoku.model.SudokuField setValue
INFO: SudokuField changed value from 6 to 7
kwi 27, 2021 6:56:31 PM com.ad.sudoku.model.SudokuField setValue
INFO: SudokuField changed value from 0 to 4
kwi 27, 2021 6:56:31 PM com.ad.sudoku.model.SudokuField setValue
INFO: SudokuField changed value from 4 to 9
kwi 27, 2021 6:56:31 PM com.ad.sudoku.model.SudokuField setValue
INFO: SudokuField changed value from 0 to 1
kwi 27, 2021 6:56:31 PM com.ad.sudoku.model.SudokuField setValue
INFO: SudokuField changed value from 0 to 3
kwi 27, 2021 6:56:31 PM com.ad.sudoku.model.SudokuField setValue
INFO: SudokuField changed value from 3 to 4
kwi 27, 2021 6:56:31 PM com.ad.sudoku.model.SudokuField setValue
INFO: SudokuField changed value from 4 to 8
kwi 27, 2021 6:56:31 PM com.ad.sudoku.model.SudokuField setValue
INFO: SudokuField changed value from 8 to 7
kwi 27, 2021 6:56:31 PM com.ad.sudoku.model.SudokuField setValue
INFO: SudokuField changed value from 7 to 2
kwi 27, 2021 6:56:31 PM com.ad.sudoku.model.SudokuField setValue
INFO: SudokuField changed value from 2 to 9
kwi 27, 2021 6:56:31 PM com.ad.sudoku.model.SudokuField setValue
INFO: SudokuField changed value from 9 to 5
kwi 27, 2021 6:56:31 PM com.ad.sudoku.model.SudokuField setValue
INFO: SudokuField changed value from 0 to 5
kwi 27, 2021 6:56:31 PM com.ad.sudoku.model.SudokuField setValue
INFO: SudokuField changed value from 5 to 3
kwi 27, 2021 6:56:31 PM com.ad.sudoku.model.SudokuField setValue
INFO: SudokuField changed value from 3 to 6
kwi 27, 2021 6:56:31 PM com.ad.sudoku.model.SudokuField setValue
INFO: SudokuField changed value from 0 to 5
kwi 27, 2021 6:56:31 PM com.ad.sudoku.model.SudokuField setValue
INFO: SudokuField changed value from 5 to 4
kwi 27, 2021 6:56:31 PM com.ad.sudoku.model.SudokuField setValue
INFO: SudokuField changed value from 4 to 7
kwi 27, 2021 6:56:31 PM com.ad.sudoku.model.SudokuField setValue
INFO: SudokuField changed value from 7 to 6
kwi 27, 2021 6:56:31 PM com.ad.sudoku.model.SudokuField setValue
INFO: SudokuField changed value from 6 to 9
kwi 27, 2021 6:56:31 PM com.ad.sudoku.model.SudokuField setValue
INFO: SudokuField changed value from 9 to 2
kwi 27, 2021 6:56:31 PM com.ad.sudoku.model.SudokuField setValue
INFO: SudokuField changed value from 2 to 8
kwi 27, 2021 6:56:31 PM com.ad.sudoku.model.SudokuField setValue
INFO: SudokuField changed value from 8 to 1
kwi 27, 2021 6:56:31 PM com.ad.sudoku.model.SudokuField setValue
INFO: SudokuField changed value from 1 to 3
kwi 27, 2021 6:56:31 PM com.ad.sudoku.model.SudokuField setValue
INFO: SudokuField changed value from 3 to 0
kwi 27, 2021 6:56:31 PM com.ad.sudoku.model.SudokuField setValue
INFO: SudokuField changed value from 6 to 7
kwi 27, 2021 6:56:31 PM com.ad.sudoku.model.SudokuField setValue
INFO: SudokuField changed value from 7 to 1
kwi 27, 2021 6:56:31 PM com.ad.sudoku.model.SudokuField setValue
INFO: SudokuField changed value from 1 to 9
kwi 27, 2021 6:56:31 PM com.ad.sudoku.model.SudokuField setValue
INFO: SudokuField changed value from 9 to 2
kwi 27, 2021 6:56:31 PM com.ad.sudoku.model.SudokuField setValue
INFO: SudokuField changed value from 2 to 8
kwi 27, 2021 6:56:31 PM com.ad.sudoku.model.SudokuField setValue
INFO: SudokuField changed value from 8 to 4
kwi 27, 2021 6:56:31 PM com.ad.sudoku.model.SudokuField setValue
INFO: SudokuField changed value from 4 to 0
kwi 27, 2021 6:56:31 PM com.ad.sudoku.model.SudokuField setValue
INFO: SudokuField changed value from 5 to 6
kwi 27, 2021 6:56:31 PM com.ad.sudoku.model.SudokuField setValue
INFO: SudokuField changed value from 0 to 5
kwi 27, 2021 6:56:31 PM com.ad.sudoku.model.SudokuField setValue
INFO: SudokuField changed value from 5 to 4
kwi 27, 2021 6:56:31 PM com.ad.sudoku.model.SudokuField setValue
INFO: SudokuField changed value from 4 to 6
kwi 27, 2021 6:56:31 PM com.ad.sudoku.model.SudokuField setValue
INFO: SudokuField changed value from 6 to 9
kwi 27, 2021 6:56:31 PM com.ad.sudoku.model.SudokuField setValue
INFO: SudokuField changed value from 9 to 1
kwi 27, 2021 6:56:31 PM com.ad.sudoku.model.SudokuField setValue
INFO: SudokuField changed value from 1 to 2
kwi 27, 2021 6:56:31 PM com.ad.sudoku.model.SudokuField setValue
INFO: SudokuField changed value from 2 to 3
kwi 27, 2021 6:56:31 PM com.ad.sudoku.model.SudokuField setValue
INFO: SudokuField changed value from 3 to 8
kwi 27, 2021 6:56:31 PM com.ad.sudoku.model.SudokuField setValue
INFO: SudokuField changed value from 8 to 7
kwi 27, 2021 6:56:31 PM com.ad.sudoku.model.SudokuField setValue
INFO: SudokuField changed value from 7 to 0
kwi 27, 2021 6:56:31 PM com.ad.sudoku.model.SudokuField setValue
INFO: SudokuField changed value from 6 to 1
kwi 27, 2021 6:56:31 PM com.ad.sudoku.model.SudokuField setValue
INFO: SudokuField changed value from 1 to 0
kwi 27, 2021 6:56:31 PM com.ad.sudoku.model.SudokuField setValue
INFO: SudokuField changed value from 1 to 4
kwi 27, 2021 6:56:31 PM com.ad.sudoku.model.SudokuField setValue
INFO: SudokuField changed value from 4 to 5
kwi 27, 2021 6:56:31 PM com.ad.sudoku.model.SudokuField setValue
INFO: SudokuField changed value from 0 to 5
kwi 27, 2021 6:56:31 PM com.ad.sudoku.model.SudokuField setValue
INFO: SudokuField changed value from 5 to 9
kwi 27, 2021 6:56:31 PM com.ad.sudoku.model.SudokuField setValue
INFO: SudokuField changed value from 9 to 6
kwi 27, 2021 6:56:31 PM com.ad.sudoku.model.SudokuField setValue
INFO: SudokuField changed value from 0 to 4
kwi 27, 2021 6:56:31 PM com.ad.sudoku.model.SudokuField setValue
INFO: SudokuField changed value from 4 to 1
kwi 27, 2021 6:56:31 PM com.ad.sudoku.model.SudokuField setValue
INFO: SudokuField changed value from 0 to 2
kwi 27, 2021 6:56:31 PM com.ad.sudoku.model.SudokuField setValue
INFO: SudokuField changed value from 2 to 1
kwi 27, 2021 6:56:31 PM com.ad.sudoku.model.SudokuField setValue
INFO: SudokuField changed value from 1 to 8
kwi 27, 2021 6:56:31 PM com.ad.sudoku.model.SudokuField setValue
INFO: SudokuField changed value from 8 to 9
kwi 27, 2021 6:56:31 PM com.ad.sudoku.model.SudokuField setValue
INFO: SudokuField changed value from 9 to 7
kwi 27, 2021 6:56:31 PM com.ad.sudoku.model.SudokuField setValue
INFO: SudokuField changed value from 7 to 6
kwi 27, 2021 6:56:31 PM com.ad.sudoku.model.SudokuField setValue
INFO: SudokuField changed value from 6 to 4
kwi 27, 2021 6:56:31 PM com.ad.sudoku.model.SudokuField setValue
INFO: SudokuField changed value from 4 to 3
kwi 27, 2021 6:56:31 PM com.ad.sudoku.model.SudokuField setValue
INFO: SudokuField changed value from 3 to 5
kwi 27, 2021 6:56:31 PM com.ad.sudoku.model.SudokuField setValue
INFO: SudokuField changed value from 5 to 0
kwi 27, 2021 6:56:31 PM com.ad.sudoku.model.SudokuField setValue
INFO: SudokuField changed value from 1 to 5
kwi 27, 2021 6:56:31 PM com.ad.sudoku.model.SudokuField setValue
INFO: SudokuField changed value from 5 to 7
kwi 27, 2021 6:56:31 PM com.ad.sudoku.model.SudokuField setValue
INFO: SudokuField changed value from 7 to 3
kwi 27, 2021 6:56:31 PM com.ad.sudoku.model.SudokuField setValue
INFO: SudokuField changed value from 3 to 8
kwi 27, 2021 6:56:31 PM com.ad.sudoku.model.SudokuField setValue
INFO: SudokuField changed value from 8 to 9
kwi 27, 2021 6:56:31 PM com.ad.sudoku.model.SudokuField setValue
INFO: SudokuField changed value from 9 to 2
kwi 27, 2021 6:56:31 PM com.ad.sudoku.model.SudokuField setValue
INFO: SudokuField changed value from 2 to 6
kwi 27, 2021 6:56:31 PM com.ad.sudoku.model.SudokuField setValue
INFO: SudokuField changed value from 6 to 0
kwi 27, 2021 6:56:31 PM com.ad.sudoku.model.SudokuField setValue
INFO: SudokuField changed value from 6 to 8
kwi 27, 2021 6:56:31 PM com.ad.sudoku.model.SudokuField setValue
INFO: SudokuField changed value from 8 to 4
kwi 27, 2021 6:56:31 PM com.ad.sudoku.model.SudokuField setValue
INFO: SudokuField changed value from 4 to 7
kwi 27, 2021 6:56:31 PM com.ad.sudoku.model.SudokuField setValue
INFO: SudokuField changed value from 7 to 1
kwi 27, 2021 6:56:31 PM com.ad.sudoku.model.SudokuField setValue
INFO: SudokuField changed value from 0 to 5
kwi 27, 2021 6:56:31 PM com.ad.sudoku.model.SudokuField setValue
INFO: SudokuField changed value from 5 to 6
kwi 27, 2021 6:56:31 PM com.ad.sudoku.model.SudokuField setValue
INFO: SudokuField changed value from 0 to 1
kwi 27, 2021 6:56:31 PM com.ad.sudoku.model.SudokuField setValue
INFO: SudokuField changed value from 1 to 7
kwi 27, 2021 6:56:31 PM com.ad.sudoku.model.SudokuField setValue
INFO: SudokuField changed value from 7 to 3
kwi 27, 2021 6:56:31 PM com.ad.sudoku.model.SudokuField setValue
INFO: SudokuField changed value from 3 to 4
kwi 27, 2021 6:56:31 PM com.ad.sudoku.model.SudokuField setValue
INFO: SudokuField changed value from 4 to 8
kwi 27, 2021 6:56:31 PM com.ad.sudoku.model.SudokuField setValue
INFO: SudokuField changed value from 8 to 6
kwi 27, 2021 6:56:31 PM com.ad.sudoku.model.SudokuField setValue
INFO: SudokuField changed value from 6 to 9
kwi 27, 2021 6:56:31 PM com.ad.sudoku.model.SudokuField setValue
INFO: SudokuField changed value from 9 to 5
kwi 27, 2021 6:56:31 PM com.ad.sudoku.model.SudokuField setValue
INFO: SudokuField changed value from 5 to 2
kwi 27, 2021 6:56:31 PM com.ad.sudoku.model.SudokuField setValue
INFO: SudokuField changed value from 2 to 0
kwi 27, 2021 6:56:31 PM com.ad.sudoku.model.SudokuField setValue
INFO: SudokuField changed value from 6 to 1
kwi 27, 2021 6:56:31 PM com.ad.sudoku.model.SudokuField setValue
INFO: SudokuField changed value from 1 to 2
kwi 27, 2021 6:56:31 PM com.ad.sudoku.model.SudokuField setValue
INFO: SudokuField changed value from 2 to 7
kwi 27, 2021 6:56:31 PM com.ad.sudoku.model.SudokuField setValue
INFO: SudokuField changed value from 7 to 3
kwi 27, 2021 6:56:31 PM com.ad.sudoku.model.SudokuField setValue
INFO: SudokuField changed value from 3 to 9
kwi 27, 2021 6:56:31 PM com.ad.sudoku.model.SudokuField setValue
INFO: SudokuField changed value from 9 to 4
kwi 27, 2021 6:56:31 PM com.ad.sudoku.model.SudokuField setValue
INFO: SudokuField changed value from 4 to 8
kwi 27, 2021 6:56:31 PM com.ad.sudoku.model.SudokuField setValue
INFO: SudokuField changed value from 8 to 0
kwi 27, 2021 6:56:31 PM com.ad.sudoku.model.SudokuField setValue
INFO: SudokuField changed value from 1 to 2
kwi 27, 2021 6:56:31 PM com.ad.sudoku.model.SudokuField setValue
INFO: SudokuField changed value from 2 to 3
kwi 27, 2021 6:56:31 PM com.ad.sudoku.model.SudokuField setValue
INFO: SudokuField changed value from 3 to 0
kwi 27, 2021 6:56:31 PM com.ad.sudoku.model.SudokuField setValue
INFO: SudokuField changed value from 5 to 2
kwi 27, 2021 6:56:31 PM com.ad.sudoku.model.SudokuField setValue
INFO: SudokuField changed value from 2 to 8
kwi 27, 2021 6:56:31 PM com.ad.sudoku.model.SudokuField setValue
INFO: SudokuField changed value from 8 to 6
kwi 27, 2021 6:56:31 PM com.ad.sudoku.model.SudokuField setValue
INFO: SudokuField changed value from 6 to 7
kwi 27, 2021 6:56:31 PM com.ad.sudoku.model.SudokuField setValue
INFO: SudokuField changed value from 7 to 9
kwi 27, 2021 6:56:31 PM com.ad.sudoku.model.SudokuField setValue
INFO: SudokuField changed value from 9 to 3
kwi 27, 2021 6:56:31 PM com.ad.sudoku.model.SudokuField setValue
INFO: SudokuField changed value from 0 to 4
kwi 27, 2021 6:56:31 PM com.ad.sudoku.model.SudokuField setValue
INFO: SudokuField changed value from 4 to 2
kwi 27, 2021 6:56:31 PM com.ad.sudoku.model.SudokuField setValue
INFO: SudokuField changed value from 2 to 3
kwi 27, 2021 6:56:31 PM com.ad.sudoku.model.SudokuField setValue
INFO: SudokuField changed value from 3 to 1
kwi 27, 2021 6:56:31 PM com.ad.sudoku.model.SudokuField setValue
INFO: SudokuField changed value from 0 to 9
kwi 27, 2021 6:56:31 PM com.ad.sudoku.model.SudokuField setValue
INFO: SudokuField changed value from 9 to 1
kwi 27, 2021 6:56:31 PM com.ad.sudoku.model.SudokuField setValue
INFO: SudokuField changed value from 1 to 7
kwi 27, 2021 6:56:31 PM com.ad.sudoku.model.SudokuField setValue
INFO: SudokuField changed value from 7 to 3
kwi 27, 2021 6:56:31 PM com.ad.sudoku.model.SudokuField setValue
INFO: SudokuField changed value from 3 to 6
kwi 27, 2021 6:56:31 PM com.ad.sudoku.model.SudokuField setValue
INFO: SudokuField changed value from 0 to 4
kwi 27, 2021 6:56:31 PM com.ad.sudoku.model.SudokuField setValue
INFO: SudokuField changed value from 4 to 1
kwi 27, 2021 6:56:31 PM com.ad.sudoku.model.SudokuField setValue
INFO: SudokuField changed value from 1 to 9
kwi 27, 2021 6:56:31 PM com.ad.sudoku.model.SudokuField setValue
INFO: SudokuField changed value from 9 to 3
kwi 27, 2021 6:56:31 PM com.ad.sudoku.model.SudokuField setValue
INFO: SudokuField changed value from 3 to 6
kwi 27, 2021 6:56:31 PM com.ad.sudoku.model.SudokuField setValue
INFO: SudokuField changed value from 6 to 5
kwi 27, 2021 6:56:31 PM com.ad.sudoku.model.SudokuField setValue
INFO: SudokuField changed value from 0 to 8
kwi 27, 2021 6:56:31 PM com.ad.sudoku.model.SudokuField setValue
INFO: SudokuField changed value from 8 to 6
kwi 27, 2021 6:56:31 PM com.ad.sudoku.model.SudokuField setValue
INFO: SudokuField changed value from 6 to 1
kwi 27, 2021 6:56:31 PM com.ad.sudoku.model.SudokuField setValue
INFO: SudokuField changed value from 1 to 5
kwi 27, 2021 6:56:31 PM com.ad.sudoku.model.SudokuField setValue
INFO: SudokuField changed value from 5 to 9
kwi 27, 2021 6:56:31 PM com.ad.sudoku.model.SudokuField setValue
INFO: SudokuField changed value from 9 to 3
kwi 27, 2021 6:56:31 PM com.ad.sudoku.model.SudokuField setValue
INFO: SudokuField changed value from 0 to 5
kwi 27, 2021 6:56:31 PM com.ad.sudoku.model.SudokuField setValue
INFO: SudokuField changed value from 5 to 8
kwi 27, 2021 6:56:31 PM com.ad.sudoku.model.SudokuField setValue
INFO: SudokuField changed value from 8 to 6
kwi 27, 2021 6:56:31 PM com.ad.sudoku.model.SudokuField setValue
INFO: SudokuField changed value from 6 to 4
kwi 27, 2021 6:56:31 PM com.ad.sudoku.model.SudokuField setValue
INFO: SudokuField changed value from 4 to 9
kwi 27, 2021 6:56:31 PM com.ad.sudoku.model.SudokuField setValue
INFO: SudokuField changed value from 0 to 5
kwi 27, 2021 6:56:31 PM com.ad.sudoku.model.SudokuField setValue
INFO: SudokuField changed value from 5 to 9
kwi 27, 2021 6:56:31 PM com.ad.sudoku.model.SudokuField setValue
INFO: SudokuField changed value from 9 to 1
kwi 27, 2021 6:56:31 PM com.ad.sudoku.model.SudokuField setValue
INFO: SudokuField changed value from 1 to 2
kwi 27, 2021 6:56:31 PM com.ad.sudoku.model.SudokuField setValue
INFO: SudokuField changed value from 2 to 7
kwi 27, 2021 6:56:31 PM com.ad.sudoku.model.SudokuField setValue
INFO: SudokuField changed value from 7 to 4
kwi 27, 2021 6:56:31 PM com.ad.sudoku.model.SudokuField setValue
INFO: SudokuField changed value from 4 to 8
kwi 27, 2021 6:56:31 PM com.ad.sudoku.model.SudokuField setValue
INFO: SudokuField changed value from 8 to 3
kwi 27, 2021 6:56:31 PM com.ad.sudoku.model.SudokuField setValue
INFO: SudokuField changed value from 3 to 6
kwi 27, 2021 6:56:31 PM com.ad.sudoku.model.SudokuField setValue
INFO: SudokuField changed value from 6 to 0
kwi 27, 2021 6:56:31 PM com.ad.sudoku.model.SudokuField setValue
INFO: SudokuField changed value from 9 to 1
kwi 27, 2021 6:56:31 PM com.ad.sudoku.model.SudokuField setValue
INFO: SudokuField changed value from 1 to 2
kwi 27, 2021 6:56:31 PM com.ad.sudoku.model.SudokuField setValue
INFO: SudokuField changed value from 2 to 3
kwi 27, 2021 6:56:31 PM com.ad.sudoku.model.SudokuField setValue
INFO: SudokuField changed value from 3 to 7
kwi 27, 2021 6:56:31 PM com.ad.sudoku.model.SudokuField setValue
INFO: SudokuField changed value from 0 to 2
kwi 27, 2021 6:56:31 PM com.ad.sudoku.model.SudokuField setValue
INFO: SudokuField changed value from 2 to 1
kwi 27, 2021 6:56:31 PM com.ad.sudoku.model.SudokuField setValue
INFO: SudokuField changed value from 1 to 6
kwi 27, 2021 6:56:31 PM com.ad.sudoku.model.SudokuField setValue
INFO: SudokuField changed value from 6 to 9
kwi 27, 2021 6:56:31 PM com.ad.sudoku.model.SudokuField setValue
INFO: SudokuField changed value from 0 to 9
kwi 27, 2021 6:56:31 PM com.ad.sudoku.model.SudokuField setValue
INFO: SudokuField changed value from 9 to 4
kwi 27, 2021 6:56:31 PM com.ad.sudoku.model.SudokuField setValue
INFO: SudokuField changed value from 4 to 5
kwi 27, 2021 6:56:31 PM com.ad.sudoku.model.SudokuField setValue
INFO: SudokuField changed value from 5 to 6
kwi 27, 2021 6:56:31 PM com.ad.sudoku.model.SudokuField setValue
INFO: SudokuField changed value from 0 to 6
kwi 27, 2021 6:56:31 PM com.ad.sudoku.model.SudokuField setValue
INFO: SudokuField changed value from 6 to 8
kwi 27, 2021 6:56:31 PM com.ad.sudoku.model.SudokuField setValue
INFO: SudokuField changed value from 8 to 1
kwi 27, 2021 6:56:31 PM com.ad.sudoku.model.SudokuField setValue
INFO: SudokuField changed value from 1 to 7
kwi 27, 2021 6:56:31 PM com.ad.sudoku.model.SudokuField setValue
INFO: SudokuField changed value from 7 to 9
kwi 27, 2021 6:56:31 PM com.ad.sudoku.model.SudokuField setValue
INFO: SudokuField changed value from 9 to 3
kwi 27, 2021 6:56:31 PM com.ad.sudoku.model.SudokuField setValue
INFO: SudokuField changed value from 3 to 5
kwi 27, 2021 6:56:31 PM com.ad.sudoku.model.SudokuField setValue
INFO: SudokuField changed value from 0 to 2
kwi 27, 2021 6:56:31 PM com.ad.sudoku.model.SudokuField setValue
INFO: SudokuField changed value from 2 to 3
kwi 27, 2021 6:56:31 PM com.ad.sudoku.model.SudokuField setValue
INFO: SudokuField changed value from 3 to 8
kwi 27, 2021 6:56:31 PM com.ad.sudoku.model.SudokuField setValue
INFO: SudokuField changed value from 8 to 9
kwi 27, 2021 6:56:31 PM com.ad.sudoku.model.SudokuField setValue
INFO: SudokuField changed value from 9 to 4
kwi 27, 2021 6:56:31 PM com.ad.sudoku.model.SudokuField setValue
INFO: SudokuField changed value from 4 to 6
kwi 27, 2021 6:56:31 PM com.ad.sudoku.model.SudokuField setValue
INFO: SudokuField changed value from 6 to 5
kwi 27, 2021 6:56:31 PM com.ad.sudoku.model.SudokuField setValue
INFO: SudokuField changed value from 5 to 7
kwi 27, 2021 6:56:31 PM com.ad.sudoku.model.SudokuField setValue
INFO: SudokuField changed value from 7 to 1
kwi 27, 2021 6:56:31 PM com.ad.sudoku.model.SudokuField setValue
INFO: SudokuField changed value from 0 to 1
kwi 27, 2021 6:56:31 PM com.ad.sudoku.model.SudokuField setValue
INFO: SudokuField changed value from 1 to 2
kwi 27, 2021 6:56:31 PM com.ad.sudoku.model.SudokuField setValue
INFO: SudokuField changed value from 0 to 2
kwi 27, 2021 6:56:31 PM com.ad.sudoku.model.SudokuField setValue
INFO: SudokuField changed value from 2 to 1
kwi 27, 2021 6:56:31 PM com.ad.sudoku.model.SudokuField setValue
INFO: SudokuField changed value from 1 to 6
kwi 27, 2021 6:56:31 PM com.ad.sudoku.model.SudokuField setValue
INFO: SudokuField changed value from 6 to 4
kwi 27, 2021 6:56:31 PM com.ad.sudoku.model.SudokuField setValue
INFO: SudokuField changed value from 0 to 1
kwi 27, 2021 6:56:31 PM com.ad.sudoku.model.SudokuField setValue
INFO: SudokuField changed value from 1 to 5
kwi 27, 2021 6:56:31 PM com.ad.sudoku.model.SudokuField setValue
INFO: SudokuField changed value from 5 to 2
kwi 27, 2021 6:56:31 PM com.ad.sudoku.model.SudokuField setValue
INFO: SudokuField changed value from 2 to 3
kwi 27, 2021 6:56:31 PM com.ad.sudoku.model.SudokuField setValue
INFO: SudokuField changed value from 3 to 6
kwi 27, 2021 6:56:31 PM com.ad.sudoku.model.SudokuField setValue
INFO: SudokuField changed value from 6 to 4
kwi 27, 2021 6:56:31 PM com.ad.sudoku.model.SudokuField setValue
INFO: SudokuField changed value from 4 to 9
kwi 27, 2021 6:56:31 PM com.ad.sudoku.model.SudokuField setValue
INFO: SudokuField changed value from 9 to 7
kwi 27, 2021 6:56:31 PM com.ad.sudoku.model.SudokuField setValue
INFO: SudokuField changed value from 7 to 8
kwi 27, 2021 6:56:31 PM com.ad.sudoku.model.SudokuField setValue
INFO: SudokuField changed value from 0 to 8
kwi 27, 2021 6:56:31 PM com.ad.sudoku.model.SudokuField setValue
INFO: SudokuField changed value from 8 to 2
kwi 27, 2021 6:56:31 PM com.ad.sudoku.model.SudokuField setValue
INFO: SudokuField changed value from 0 to 9
kwi 27, 2021 6:56:31 PM com.ad.sudoku.model.SudokuField setValue
INFO: SudokuField changed value from 0 to 4
kwi 27, 2021 6:56:31 PM com.ad.sudoku.model.SudokuField setValue
INFO: SudokuField changed value from 0 to 4
kwi 27, 2021 6:56:31 PM com.ad.sudoku.model.SudokuField setValue
INFO: SudokuField changed value from 4 to 6
kwi 27, 2021 6:56:31 PM com.ad.sudoku.model.SudokuField setValue
INFO: SudokuField changed value from 6 to 3
kwi 27, 2021 6:56:31 PM com.ad.sudoku.model.SudokuField setValue
INFO: SudokuField changed value from 0 to 5
kwi 27, 2021 6:56:31 PM com.ad.sudoku.model.SudokuField setValue
INFO: SudokuField changed value from 5 to 6
kwi 27, 2021 6:56:31 PM com.ad.sudoku.model.SudokuField setValue
INFO: SudokuField changed value from 0 to 4
kwi 27, 2021 6:56:31 PM com.ad.sudoku.model.SudokuField setValue
INFO: SudokuField changed value from 4 to 1
kwi 27, 2021 6:56:31 PM com.ad.sudoku.model.SudokuField setValue
INFO: SudokuField changed value from 1 to 9
kwi 27, 2021 6:56:31 PM com.ad.sudoku.model.SudokuField setValue
INFO: SudokuField changed value from 9 to 8
kwi 27, 2021 6:56:31 PM com.ad.sudoku.model.SudokuField setValue
INFO: SudokuField changed value from 0 to 9
kwi 27, 2021 6:56:31 PM com.ad.sudoku.model.SudokuField setValue
INFO: SudokuField changed value from 9 to 3
kwi 27, 2021 6:56:31 PM com.ad.sudoku.model.SudokuField setValue
INFO: SudokuField changed value from 3 to 1
kwi 27, 2021 6:56:31 PM com.ad.sudoku.model.SudokuField setValue
INFO: SudokuField changed value from 1 to 2
kwi 27, 2021 6:56:31 PM com.ad.sudoku.model.SudokuField setValue
INFO: SudokuField changed value from 2 to 4
kwi 27, 2021 6:56:31 PM com.ad.sudoku.model.SudokuField setValue
INFO: SudokuField changed value from 4 to 8
kwi 27, 2021 6:56:31 PM com.ad.sudoku.model.SudokuField setValue
INFO: SudokuField changed value from 8 to 7
kwi 27, 2021 6:56:31 PM com.ad.sudoku.model.SudokuField setValue
INFO: SudokuField changed value from 7 to 6
kwi 27, 2021 6:56:31 PM com.ad.sudoku.model.SudokuField setValue
INFO: SudokuField changed value from 6 to 5
kwi 27, 2021 6:56:31 PM com.ad.sudoku.model.SudokuField setValue
INFO: SudokuField changed value from 0 to 8
kwi 27, 2021 6:56:31 PM com.ad.sudoku.model.SudokuField setValue
INFO: SudokuField changed value from 8 to 4
kwi 27, 2021 6:56:31 PM com.ad.sudoku.model.SudokuField setValue
INFO: SudokuField changed value from 4 to 7
kwi 27, 2021 6:56:31 PM com.ad.sudoku.model.SudokuField setValue
INFO: SudokuField changed value from 7 to 1
kwi 27, 2021 6:56:31 PM com.ad.sudoku.model.SudokuField setValue
INFO: SudokuField changed value from 0 to 7
kwi 27, 2021 6:56:31 PM com.ad.sudoku.model.SudokuField setValue
INFO: SudokuField changed value from 0 to 6
kwi 27, 2021 6:56:31 PM com.ad.sudoku.model.SudokuField setValue
INFO: SudokuField changed value from 6 to 4
kwi 27, 2021 6:56:31 PM com.ad.sudoku.model.SudokuField setValue
INFO: SudokuField changed value from 4 to 5
kwi 27, 2021 6:56:31 PM com.ad.sudoku.model.SudokuField setValue
INFO: SudokuField changed value from 5 to 2
kwi 27, 2021 6:56:31 PM com.ad.sudoku.model.SudokuField setValue
INFO: SudokuField changed value from 2 to 3
kwi 27, 2021 6:56:31 PM com.ad.sudoku.model.SudokuField setValue
INFO: SudokuField changed value from 3 to 7
kwi 27, 2021 6:56:31 PM com.ad.sudoku.model.SudokuField setValue
INFO: SudokuField changed value from 0 to 7
kwi 27, 2021 6:56:31 PM com.ad.sudoku.model.SudokuField setValue
INFO: SudokuField changed value from 7 to 2
kwi 27, 2021 6:56:31 PM com.ad.sudoku.model.SudokuField setValue
INFO: SudokuField changed value from 2 to 9
kwi 27, 2021 6:56:31 PM com.ad.sudoku.model.SudokuField setValue
INFO: SudokuField changed value from 9 to 3
kwi 27, 2021 6:56:31 PM com.ad.sudoku.model.SudokuField setValue
INFO: SudokuField changed value from 0 to 3
kwi 27, 2021 6:56:31 PM com.ad.sudoku.model.SudokuField setValue
INFO: SudokuField changed value from 3 to 9
kwi 27, 2021 6:56:31 PM com.ad.sudoku.model.SudokuField setValue
INFO: SudokuField changed value from 9 to 6
kwi 27, 2021 6:56:31 PM com.ad.sudoku.model.SudokuField setValue
INFO: SudokuField changed value from 0 to 2
kwi 27, 2021 6:56:31 PM com.ad.sudoku.model.SudokuField setValue
INFO: SudokuField changed value from 0 to 3
kwi 27, 2021 6:56:31 PM com.ad.sudoku.model.SudokuField setValue
INFO: SudokuField changed value from 3 to 4
kwi 27, 2021 6:56:31 PM com.ad.sudoku.model.SudokuField setValue
INFO: SudokuField changed value from 0 to 1
kwi 27, 2021 6:56:31 PM com.ad.sudoku.model.SudokuField setValue
INFO: SudokuField changed value from 1 to 7
kwi 27, 2021 6:56:31 PM com.ad.sudoku.model.SudokuField setValue
INFO: SudokuField changed value from 7 to 3
kwi 27, 2021 6:56:31 PM com.ad.sudoku.model.SudokuField setValue
INFO: SudokuField changed value from 3 to 5
kwi 27, 2021 6:56:31 PM com.ad.sudoku.model.SudokuField setValue
INFO: SudokuField changed value from 0 to 7
kwi 27, 2021 6:56:31 PM com.ad.sudoku.model.SudokuField setValue
INFO: SudokuField changed value from 7 to 4
kwi 27, 2021 6:56:31 PM com.ad.sudoku.model.SudokuField setValue
INFO: SudokuField changed value from 4 to 8
kwi 27, 2021 6:56:31 PM com.ad.sudoku.model.SudokuField setValue
INFO: SudokuField changed value from 0 to 1
kwi 27, 2021 6:56:31 PM com.ad.sudoku.model.SudokuField setValue
INFO: SudokuField changed value from 1 to 5
kwi 27, 2021 6:56:31 PM com.ad.sudoku.model.SudokuField setValue
INFO: SudokuField changed value from 5 to 8
kwi 27, 2021 6:56:31 PM com.ad.sudoku.model.SudokuField setValue
INFO: SudokuField changed value from 8 to 6
kwi 27, 2021 6:56:31 PM com.ad.sudoku.model.SudokuField setValue
INFO: SudokuField changed value from 6 to 9
kwi 27, 2021 6:56:31 PM com.ad.sudoku.model.SudokuField setValue
INFO: SudokuField changed value from 0 to 3
kwi 27, 2021 6:56:31 PM com.ad.sudoku.model.SudokuField setValue
INFO: SudokuField changed value from 3 to 5
kwi 27, 2021 6:56:31 PM com.ad.sudoku.model.SudokuField setValue
INFO: SudokuField changed value from 5 to 4
kwi 27, 2021 6:56:31 PM com.ad.sudoku.model.SudokuField setValue
INFO: SudokuField changed value from 4 to 7
kwi 27, 2021 6:56:31 PM com.ad.sudoku.model.SudokuField setValue
INFO: SudokuField changed value from 7 to 8
kwi 27, 2021 6:56:31 PM com.ad.sudoku.model.SudokuField setValue
INFO: SudokuField changed value from 8 to 6
kwi 27, 2021 6:56:31 PM com.ad.sudoku.model.SudokuField setValue
INFO: SudokuField changed value from 6 to 1
kwi 27, 2021 6:56:31 PM com.ad.sudoku.model.SudokuField setValue
INFO: SudokuField changed value from 1 to 2
kwi 27, 2021 6:56:31 PM com.ad.sudoku.model.SudokuField setValue
INFO: SudokuField changed value from 2 to 9
kwi 27, 2021 6:56:31 PM com.ad.sudoku.model.SudokuField setValue
INFO: SudokuField changed value from 9 to 0
kwi 27, 2021 6:56:31 PM com.ad.sudoku.model.SudokuField setValue
INFO: SudokuField changed value from 9 to 2
kwi 27, 2021 6:56:31 PM com.ad.sudoku.model.SudokuField setValue
INFO: SudokuField changed value from 2 to 7
kwi 27, 2021 6:56:31 PM com.ad.sudoku.model.SudokuField setValue
INFO: SudokuField changed value from 7 to 4
kwi 27, 2021 6:56:31 PM com.ad.sudoku.model.SudokuField setValue
INFO: SudokuField changed value from 4 to 3
kwi 27, 2021 6:56:31 PM com.ad.sudoku.model.SudokuField setValue
INFO: SudokuField changed value from 3 to 0
kwi 27, 2021 6:56:31 PM com.ad.sudoku.model.SudokuField setValue
INFO: SudokuField changed value from 8 to 2
kwi 27, 2021 6:56:31 PM com.ad.sudoku.model.SudokuField setValue
INFO: SudokuField changed value from 2 to 5
kwi 27, 2021 6:56:31 PM com.ad.sudoku.model.SudokuField setValue
INFO: SudokuField changed value from 5 to 6
kwi 27, 2021 6:56:31 PM com.ad.sudoku.model.SudokuField setValue
INFO: SudokuField changed value from 6 to 3
kwi 27, 2021 6:56:31 PM com.ad.sudoku.model.SudokuField setValue
INFO: SudokuField changed value from 3 to 9
kwi 27, 2021 6:56:31 PM com.ad.sudoku.model.SudokuField setValue
INFO: SudokuField changed value from 9 to 1
kwi 27, 2021 6:56:31 PM com.ad.sudoku.model.SudokuField setValue
INFO: SudokuField changed value from 1 to 0
kwi 27, 2021 6:56:31 PM com.ad.sudoku.model.SudokuField setValue
INFO: SudokuField changed value from 5 to 2
kwi 27, 2021 6:56:31 PM com.ad.sudoku.model.SudokuField setValue
INFO: SudokuField changed value from 2 to 6
kwi 27, 2021 6:56:31 PM com.ad.sudoku.model.SudokuField setValue
INFO: SudokuField changed value from 6 to 4
kwi 27, 2021 6:56:31 PM com.ad.sudoku.model.SudokuField setValue
INFO: SudokuField changed value from 4 to 9
kwi 27, 2021 6:56:31 PM com.ad.sudoku.model.SudokuField setValue
INFO: SudokuField changed value from 0 to 7
kwi 27, 2021 6:56:31 PM com.ad.sudoku.model.SudokuField setValue
INFO: SudokuField changed value from 7 to 8
kwi 27, 2021 6:56:31 PM com.ad.sudoku.model.SudokuField setValue
INFO: SudokuField changed value from 0 to 2
kwi 27, 2021 6:56:31 PM com.ad.sudoku.model.SudokuField setValue
INFO: SudokuField changed value from 2 to 3
kwi 27, 2021 6:56:31 PM com.ad.sudoku.model.SudokuField setValue
INFO: SudokuField changed value from 3 to 5
kwi 27, 2021 6:56:31 PM com.ad.sudoku.model.SudokuField setValue
INFO: SudokuField changed value from 5 to 8
kwi 27, 2021 6:56:31 PM com.ad.sudoku.model.SudokuField setValue
INFO: SudokuField changed value from 8 to 6
kwi 27, 2021 6:56:31 PM com.ad.sudoku.model.SudokuField setValue
INFO: SudokuField changed value from 6 to 9
kwi 27, 2021 6:56:31 PM com.ad.sudoku.model.SudokuField setValue
INFO: SudokuField changed value from 9 to 7
kwi 27, 2021 6:56:31 PM com.ad.sudoku.model.SudokuField setValue
INFO: SudokuField changed value from 7 to 4
kwi 27, 2021 6:56:31 PM com.ad.sudoku.model.SudokuField setValue
INFO: SudokuField changed value from 4 to 1
kwi 27, 2021 6:56:31 PM com.ad.sudoku.model.SudokuField setValue
INFO: SudokuField changed value from 1 to 0
kwi 27, 2021 6:56:31 PM com.ad.sudoku.model.SudokuField setValue
INFO: SudokuField changed value from 8 to 4
kwi 27, 2021 6:56:31 PM com.ad.sudoku.model.SudokuField setValue
INFO: SudokuField changed value from 4 to 6
kwi 27, 2021 6:56:31 PM com.ad.sudoku.model.SudokuField setValue
INFO: SudokuField changed value from 6 to 9
kwi 27, 2021 6:56:31 PM com.ad.sudoku.model.SudokuField setValue
INFO: SudokuField changed value from 9 to 3
kwi 27, 2021 6:56:31 PM com.ad.sudoku.model.SudokuField setValue
INFO: SudokuField changed value from 3 to 2
kwi 27, 2021 6:56:31 PM com.ad.sudoku.model.SudokuField setValue
INFO: SudokuField changed value from 2 to 5
kwi 27, 2021 6:56:31 PM com.ad.sudoku.model.SudokuField setValue
INFO: SudokuField changed value from 5 to 1
kwi 27, 2021 6:56:31 PM com.ad.sudoku.model.SudokuField setValue
INFO: SudokuField changed value from 1 to 0
kwi 27, 2021 6:56:31 PM com.ad.sudoku.model.SudokuField setValue
INFO: SudokuField changed value from 9 to 8
kwi 27, 2021 6:56:31 PM com.ad.sudoku.model.SudokuField setValue
INFO: SudokuField changed value from 8 to 0
kwi 27, 2021 6:56:31 PM com.ad.sudoku.model.SudokuField setValue
INFO: SudokuField changed value from 4 to 1
kwi 27, 2021 6:56:31 PM com.ad.sudoku.model.SudokuField setValue
INFO: SudokuField changed value from 1 to 2
kwi 27, 2021 6:56:31 PM com.ad.sudoku.model.SudokuField setValue
INFO: SudokuField changed value from 2 to 8
kwi 27, 2021 6:56:31 PM com.ad.sudoku.model.SudokuField setValue
INFO: SudokuField changed value from 8 to 6
kwi 27, 2021 6:56:31 PM com.ad.sudoku.model.SudokuField setValue
INFO: SudokuField changed value from 6 to 7
kwi 27, 2021 6:56:31 PM com.ad.sudoku.model.SudokuField setValue
INFO: SudokuField changed value from 7 to 5
kwi 27, 2021 6:56:31 PM com.ad.sudoku.model.SudokuField setValue
INFO: SudokuField changed value from 5 to 9
kwi 27, 2021 6:56:31 PM com.ad.sudoku.model.SudokuField setValue
INFO: SudokuField changed value from 9 to 0
kwi 27, 2021 6:56:31 PM com.ad.sudoku.model.SudokuField setValue
INFO: SudokuField changed value from 2 to 8
kwi 27, 2021 6:56:31 PM com.ad.sudoku.model.SudokuField setValue
INFO: SudokuField changed value from 8 to 1
kwi 27, 2021 6:56:31 PM com.ad.sudoku.model.SudokuField setValue
INFO: SudokuField changed value from 0 to 9
kwi 27, 2021 6:56:31 PM com.ad.sudoku.model.SudokuField setValue
INFO: SudokuField changed value from 9 to 2
kwi 27, 2021 6:56:31 PM com.ad.sudoku.model.SudokuField setValue
INFO: SudokuField changed value from 2 to 1
kwi 27, 2021 6:56:31 PM com.ad.sudoku.model.SudokuField setValue
INFO: SudokuField changed value from 1 to 7
kwi 27, 2021 6:56:31 PM com.ad.sudoku.model.SudokuField setValue
INFO: SudokuField changed value from 7 to 5
kwi 27, 2021 6:56:31 PM com.ad.sudoku.model.SudokuField setValue
INFO: SudokuField changed value from 5 to 8
kwi 27, 2021 6:56:31 PM com.ad.sudoku.model.SudokuField setValue
INFO: SudokuField changed value from 8 to 6
kwi 27, 2021 6:56:31 PM com.ad.sudoku.model.SudokuField setValue
INFO: SudokuField changed value from 6 to 3
kwi 27, 2021 6:56:31 PM com.ad.sudoku.model.SudokuField setValue
INFO: SudokuField changed value from 3 to 4
kwi 27, 2021 6:56:31 PM com.ad.sudoku.model.SudokuField setValue
INFO: SudokuField changed value from 0 to 4
kwi 27, 2021 6:56:31 PM com.ad.sudoku.model.SudokuField setValue
INFO: SudokuField changed value from 4 to 9
kwi 27, 2021 6:56:31 PM com.ad.sudoku.model.SudokuField setValue
INFO: SudokuField changed value from 0 to 3
kwi 27, 2021 6:56:31 PM com.ad.sudoku.model.SudokuField setValue
INFO: SudokuField changed value from 3 to 4
kwi 27, 2021 6:56:31 PM com.ad.sudoku.model.SudokuField setValue
INFO: SudokuField changed value from 4 to 2
kwi 27, 2021 6:56:31 PM com.ad.sudoku.model.SudokuField setValue
INFO: SudokuField changed value from 2 to 8
kwi 27, 2021 6:56:31 PM com.ad.sudoku.model.SudokuField setValue
INFO: SudokuField changed value from 0 to 8
kwi 27, 2021 6:56:31 PM com.ad.sudoku.model.SudokuField setValue
INFO: SudokuField changed value from 8 to 2
kwi 27, 2021 6:56:31 PM com.ad.sudoku.model.SudokuField setValue
INFO: SudokuField changed value from 2 to 5
kwi 27, 2021 6:56:31 PM com.ad.sudoku.model.SudokuField setValue
INFO: SudokuField changed value from 5 to 1
kwi 27, 2021 6:56:31 PM com.ad.sudoku.model.SudokuField setValue
INFO: SudokuField changed value from 1 to 4
kwi 27, 2021 6:56:31 PM com.ad.sudoku.model.SudokuField setValue
INFO: SudokuField changed value from 4 to 7
kwi 27, 2021 6:56:31 PM com.ad.sudoku.model.SudokuField setValue
INFO: SudokuField changed value from 7 to 6
kwi 27, 2021 6:56:31 PM com.ad.sudoku.model.SudokuField setValue
INFO: SudokuField changed value from 6 to 3
kwi 27, 2021 6:56:31 PM com.ad.sudoku.model.SudokuField setValue
INFO: SudokuField changed value from 3 to 9
kwi 27, 2021 6:56:31 PM com.ad.sudoku.model.SudokuField setValue
INFO: SudokuField changed value from 9 to 0
kwi 27, 2021 6:56:31 PM com.ad.sudoku.model.SudokuField setValue
INFO: SudokuField changed value from 8 to 1
kwi 27, 2021 6:56:31 PM com.ad.sudoku.model.SudokuField setValue
INFO: SudokuField changed value from 1 to 6
kwi 27, 2021 6:56:31 PM com.ad.sudoku.model.SudokuField setValue
INFO: SudokuField changed value from 6 to 5
kwi 27, 2021 6:56:31 PM com.ad.sudoku.model.SudokuField setValue
INFO: SudokuField changed value from 5 to 9
kwi 27, 2021 6:56:31 PM com.ad.sudoku.model.SudokuField setValue
INFO: SudokuField changed value from 9 to 7
kwi 27, 2021 6:56:31 PM com.ad.sudoku.model.SudokuField setValue
INFO: SudokuField changed value from 7 to 0
kwi 27, 2021 6:56:31 PM com.ad.sudoku.model.SudokuField setValue
INFO: SudokuField changed value from 9 to 7
kwi 27, 2021 6:56:31 PM com.ad.sudoku.model.SudokuField setValue
INFO: SudokuField changed value from 7 to 8
kwi 27, 2021 6:56:31 PM com.ad.sudoku.model.SudokuField setValue
INFO: SudokuField changed value from 8 to 5
kwi 27, 2021 6:56:31 PM com.ad.sudoku.model.SudokuField setValue
INFO: SudokuField changed value from 0 to 9
kwi 27, 2021 6:56:31 PM com.ad.sudoku.model.SudokuField setValue
INFO: SudokuField changed value from 9 to 3
kwi 27, 2021 6:56:31 PM com.ad.sudoku.model.SudokuField setValue
INFO: SudokuField changed value from 3 to 1
kwi 27, 2021 6:56:31 PM com.ad.sudoku.model.SudokuField setValue
INFO: SudokuField changed value from 1 to 4
kwi 27, 2021 6:56:31 PM com.ad.sudoku.model.SudokuField setValue
INFO: SudokuField changed value from 4 to 5
kwi 27, 2021 6:56:31 PM com.ad.sudoku.model.SudokuField setValue
INFO: SudokuField changed value from 5 to 8
kwi 27, 2021 6:56:31 PM com.ad.sudoku.model.SudokuField setValue
INFO: SudokuField changed value from 0 to 9
kwi 27, 2021 6:56:31 PM com.ad.sudoku.model.SudokuField setValue
INFO: SudokuField changed value from 0 to 4
kwi 27, 2021 6:56:31 PM com.ad.sudoku.model.SudokuField setValue
INFO: SudokuField changed value from 4 to 7
kwi 27, 2021 6:56:31 PM com.ad.sudoku.model.SudokuField setValue
INFO: SudokuField changed value from 7 to 9
kwi 27, 2021 6:56:31 PM com.ad.sudoku.model.SudokuField setValue
INFO: SudokuField changed value from 9 to 1
kwi 27, 2021 6:56:31 PM com.ad.sudoku.model.SudokuField setValue
INFO: SudokuField changed value from 1 to 3
kwi 27, 2021 6:56:31 PM com.ad.sudoku.model.SudokuField setValue
INFO: SudokuField changed value from 3 to 8
kwi 27, 2021 6:56:31 PM com.ad.sudoku.model.SudokuField setValue
INFO: SudokuField changed value from 8 to 2
kwi 27, 2021 6:56:31 PM com.ad.sudoku.model.SudokuField setValue
INFO: SudokuField changed value from 0 to 1
kwi 27, 2021 6:56:31 PM com.ad.sudoku.model.SudokuField setValue
INFO: SudokuField changed value from 0 to 3
kwi 27, 2021 6:56:31 PM com.ad.sudoku.model.SudokuField setValue
INFO: SudokuField changed value from 3 to 6
kwi 27, 2021 6:56:31 PM com.ad.sudoku.model.SudokuField setValue
INFO: SudokuField changed value from 6 to 2
kwi 27, 2021 6:56:31 PM com.ad.sudoku.model.SudokuField setValue
INFO: SudokuField changed value from 2 to 5
kwi 27, 2021 6:56:31 PM com.ad.sudoku.model.SudokuField setValue
INFO: SudokuField changed value from 5 to 8
kwi 27, 2021 6:56:31 PM com.ad.sudoku.model.SudokuField setValue
INFO: SudokuField changed value from 0 to 3
kwi 27, 2021 6:56:31 PM com.ad.sudoku.model.SudokuField setValue
INFO: SudokuField changed value from 3 to 7
kwi 27, 2021 6:56:31 PM com.ad.sudoku.model.SudokuField setValue
INFO: SudokuField changed value from 7 to 4
kwi 27, 2021 6:56:31 PM com.ad.sudoku.model.SudokuField setValue
INFO: SudokuField changed value from 4 to 6
kwi 27, 2021 6:56:31 PM com.ad.sudoku.model.SudokuField setValue
INFO: SudokuField changed value from 6 to 2
kwi 27, 2021 6:56:31 PM com.ad.sudoku.model.SudokuField setValue
INFO: SudokuField changed value from 2 to 1
kwi 27, 2021 6:56:31 PM com.ad.sudoku.model.SudokuField setValue
INFO: SudokuField changed value from 1 to 9
kwi 27, 2021 6:56:31 PM com.ad.sudoku.model.SudokuField setValue
INFO: SudokuField changed value from 9 to 8
kwi 27, 2021 6:56:31 PM com.ad.sudoku.model.SudokuField setValue
INFO: SudokuField changed value from 8 to 5
kwi 27, 2021 6:56:31 PM com.ad.sudoku.model.SudokuField setValue
INFO: SudokuField changed value from 0 to 3
kwi 27, 2021 6:56:31 PM com.ad.sudoku.model.SudokuField setValue
INFO: SudokuField changed value from 3 to 4
kwi 27, 2021 6:56:31 PM com.ad.sudoku.model.SudokuField setValue
INFO: SudokuField changed value from 4 to 2
kwi 27, 2021 6:56:31 PM com.ad.sudoku.model.SudokuField setValue
INFO: SudokuField changed value from 0 to 3
kwi 27, 2021 6:56:31 PM com.ad.sudoku.model.SudokuField setValue
INFO: SudokuField changed value from 3 to 2
kwi 27, 2021 6:56:31 PM com.ad.sudoku.model.SudokuField setValue
INFO: SudokuField changed value from 2 to 1
kwi 27, 2021 6:56:31 PM com.ad.sudoku.model.SudokuField setValue
INFO: SudokuField changed value from 1 to 9
kwi 27, 2021 6:56:31 PM com.ad.sudoku.model.SudokuField setValue
INFO: SudokuField changed value from 9 to 6
kwi 27, 2021 6:56:31 PM com.ad.sudoku.model.SudokuField setValue
INFO: SudokuField changed value from 6 to 7
kwi 27, 2021 6:56:31 PM com.ad.sudoku.model.SudokuField setValue
INFO: SudokuField changed value from 0 to 3
kwi 27, 2021 6:56:31 PM com.ad.sudoku.model.SudokuField setValue
INFO: SudokuField changed value from 3 to 7
kwi 27, 2021 6:56:31 PM com.ad.sudoku.model.SudokuField setValue
INFO: SudokuField changed value from 7 to 9
kwi 27, 2021 6:56:31 PM com.ad.sudoku.model.SudokuField setValue
INFO: SudokuField changed value from 0 to 4
kwi 27, 2021 6:56:31 PM com.ad.sudoku.model.SudokuField setValue
INFO: SudokuField changed value from 4 to 8
kwi 27, 2021 6:56:31 PM com.ad.sudoku.model.SudokuField setValue
INFO: SudokuField changed value from 8 to 9
kwi 27, 2021 6:56:31 PM com.ad.sudoku.model.SudokuField setValue
INFO: SudokuField changed value from 9 to 1
kwi 27, 2021 6:56:31 PM com.ad.sudoku.model.SudokuField setValue
INFO: SudokuField changed value from 1 to 5
kwi 27, 2021 6:56:31 PM com.ad.sudoku.model.SudokuField setValue
INFO: SudokuField changed value from 5 to 3
kwi 27, 2021 6:56:31 PM com.ad.sudoku.model.SudokuField setValue
INFO: SudokuField changed value from 3 to 6
kwi 27, 2021 6:56:31 PM com.ad.sudoku.model.SudokuField setValue
INFO: SudokuField changed value from 0 to 4
kwi 27, 2021 6:56:31 PM com.ad.sudoku.model.SudokuField setValue
INFO: SudokuField changed value from 4 to 5
kwi 27, 2021 6:56:31 PM com.ad.sudoku.model.SudokuField setValue
INFO: SudokuField changed value from 5 to 1
kwi 27, 2021 6:56:31 PM com.ad.sudoku.model.SudokuField setValue
INFO: SudokuField changed value from 1 to 8
kwi 27, 2021 6:56:31 PM com.ad.sudoku.model.SudokuField setValue
INFO: SudokuField changed value from 8 to 9
kwi 27, 2021 6:56:31 PM com.ad.sudoku.model.SudokuField setValue
INFO: SudokuField changed value from 9 to 6
kwi 27, 2021 6:56:31 PM com.ad.sudoku.model.SudokuField setValue
INFO: SudokuField changed value from 6 to 2
kwi 27, 2021 6:56:31 PM com.ad.sudoku.model.SudokuField setValue
INFO: SudokuField changed value from 2 to 3
kwi 27, 2021 6:56:31 PM com.ad.sudoku.model.SudokuField setValue
INFO: SudokuField changed value from 0 to 7
kwi 27, 2021 6:56:31 PM com.ad.sudoku.model.SudokuField setValue
INFO: SudokuField changed value from 7 to 5
kwi 27, 2021 6:56:31 PM com.ad.sudoku.model.SudokuField setValue
INFO: SudokuField changed value from 5 to 4
kwi 27, 2021 6:56:31 PM com.ad.sudoku.model.SudokuBoard solveGame
INFO: Solving the game...
kwi 27, 2021 6:56:31 PM com.ad.sudoku.model.SudokuField setValue
INFO: SudokuField changed value from 0 to 8
kwi 27, 2021 6:56:31 PM com.ad.sudoku.model.SudokuField setValue
INFO: SudokuField changed value from 0 to 8
kwi 27, 2021 6:56:31 PM com.ad.sudoku.model.SudokuField setValue
INFO: SudokuField changed value from 8 to 7
kwi 27, 2021 6:56:31 PM com.ad.sudoku.model.SudokuField setValue
INFO: SudokuField changed value from 0 to 7
kwi 27, 2021 6:56:31 PM com.ad.sudoku.model.SudokuField setValue
INFO: SudokuField changed value from 7 to 4
kwi 27, 2021 6:56:31 PM com.ad.sudoku.model.SudokuField setValue
INFO: SudokuField changed value from 0 to 9
kwi 27, 2021 6:56:31 PM com.ad.sudoku.model.SudokuField setValue
INFO: SudokuField changed value from 0 to 8
kwi 27, 2021 6:56:31 PM com.ad.sudoku.model.SudokuField setValue
INFO: SudokuField changed value from 8 to 6
kwi 27, 2021 6:56:31 PM com.ad.sudoku.model.SudokuField setValue
INFO: SudokuField changed value from 0 to 4
kwi 27, 2021 6:56:31 PM com.ad.sudoku.model.SudokuField setValue
INFO: SudokuField changed value from 4 to 1
kwi 27, 2021 6:56:31 PM com.ad.sudoku.model.SudokuField setValue
INFO: SudokuField changed value from 0 to 3
kwi 27, 2021 6:56:31 PM com.ad.sudoku.model.SudokuField setValue
INFO: SudokuField changed value from 0 to 1
kwi 27, 2021 6:56:31 PM com.ad.sudoku.model.SudokuField setValue
INFO: SudokuField changed value from 1 to 7
kwi 27, 2021 6:56:31 PM com.ad.sudoku.model.SudokuField setValue
INFO: SudokuField changed value from 7 to 6
kwi 27, 2021 6:56:31 PM com.ad.sudoku.model.SudokuField setValue
INFO: SudokuField changed value from 6 to 5
kwi 27, 2021 6:56:31 PM com.ad.sudoku.model.SudokuField setValue
INFO: SudokuField changed value from 0 to 4
kwi 27, 2021 6:56:31 PM com.ad.sudoku.model.SudokuField setValue
INFO: SudokuField changed value from 4 to 5
kwi 27, 2021 6:56:31 PM com.ad.sudoku.model.SudokuField setValue
INFO: SudokuField changed value from 5 to 3
kwi 27, 2021 6:56:31 PM com.ad.sudoku.model.SudokuField setValue
INFO: SudokuField changed value from 3 to 6
kwi 27, 2021 6:56:31 PM com.ad.sudoku.model.SudokuField setValue
INFO: SudokuField changed value from 6 to 9
kwi 27, 2021 6:56:31 PM com.ad.sudoku.model.SudokuField setValue
INFO: SudokuField changed value from 9 to 1
kwi 27, 2021 6:56:31 PM com.ad.sudoku.model.SudokuField setValue
INFO: SudokuField changed value from 1 to 8
kwi 27, 2021 6:56:31 PM com.ad.sudoku.model.SudokuField setValue
INFO: SudokuField changed value from 8 to 2
kwi 27, 2021 6:56:31 PM com.ad.sudoku.model.SudokuField setValue
INFO: SudokuField changed value from 0 to 3
kwi 27, 2021 6:56:31 PM com.ad.sudoku.model.SudokuField setValue
INFO: SudokuField changed value from 0 to 8
kwi 27, 2021 6:56:31 PM com.ad.sudoku.model.SudokuField setValue
INFO: SudokuField changed value from 8 to 2
kwi 27, 2021 6:56:31 PM com.ad.sudoku.model.SudokuField setValue
INFO: SudokuField changed value from 0 to 3
kwi 27, 2021 6:56:31 PM com.ad.sudoku.model.SudokuField setValue
INFO: SudokuField changed value from 3 to 4
kwi 27, 2021 6:56:31 PM com.ad.sudoku.model.SudokuField setValue
INFO: SudokuField changed value from 4 to 8
kwi 27, 2021 6:56:31 PM com.ad.sudoku.model.SudokuField setValue
INFO: SudokuField changed value from 8 to 7
kwi 27, 2021 6:56:31 PM com.ad.sudoku.model.SudokuField setValue
INFO: SudokuField changed value from 7 to 5
kwi 27, 2021 6:56:31 PM com.ad.sudoku.model.SudokuField setValue
INFO: SudokuField changed value from 0 to 7
kwi 27, 2021 6:56:31 PM com.ad.sudoku.model.SudokuField setValue
INFO: SudokuField changed value from 0 to 7
kwi 27, 2021 6:56:31 PM com.ad.sudoku.model.SudokuField setValue
INFO: SudokuField changed value from 7 to 6
kwi 27, 2021 6:56:31 PM com.ad.sudoku.model.SudokuField setValue
INFO: SudokuField changed value from 6 to 9
kwi 27, 2021 6:56:31 PM com.ad.sudoku.model.SudokuField setValue
INFO: SudokuField changed value from 9 to 5
kwi 27, 2021 6:56:31 PM com.ad.sudoku.model.SudokuField setValue
INFO: SudokuField changed value from 5 to 8
kwi 27, 2021 6:56:31 PM com.ad.sudoku.model.SudokuField setValue
INFO: SudokuField changed value from 0 to 9
kwi 27, 2021 6:56:31 PM com.ad.sudoku.model.SudokuField setValue
INFO: SudokuField changed value from 9 to 5
kwi 27, 2021 6:56:31 PM com.ad.sudoku.model.SudokuField setValue
INFO: SudokuField changed value from 5 to 3
kwi 27, 2021 6:56:31 PM com.ad.sudoku.model.SudokuField setValue
INFO: SudokuField changed value from 3 to 8
kwi 27, 2021 6:56:31 PM com.ad.sudoku.model.SudokuField setValue
INFO: SudokuField changed value from 8 to 6
kwi 27, 2021 6:56:31 PM com.ad.sudoku.model.SudokuField setValue
INFO: SudokuField changed value from 6 to 1
kwi 27, 2021 6:56:31 PM com.ad.sudoku.model.SudokuField setValue
INFO: SudokuField changed value from 1 to 4
kwi 27, 2021 6:56:31 PM com.ad.sudoku.model.SudokuField setValue
INFO: SudokuField changed value from 0 to 7
kwi 27, 2021 6:56:31 PM com.ad.sudoku.model.SudokuField setValue
INFO: SudokuField changed value from 7 to 6
kwi 27, 2021 6:56:31 PM com.ad.sudoku.model.SudokuField setValue
INFO: SudokuField changed value from 0 to 1
kwi 27, 2021 6:56:31 PM com.ad.sudoku.model.SudokuField setValue
INFO: SudokuField changed value from 0 to 2
kwi 27, 2021 6:56:31 PM com.ad.sudoku.model.SudokuField setValue
INFO: SudokuField changed value from 2 to 3
kwi 27, 2021 6:56:31 PM com.ad.sudoku.model.SudokuField setValue
INFO: SudokuField changed value from 3 to 7
kwi 27, 2021 6:56:31 PM com.ad.sudoku.model.SudokuField setValue
INFO: SudokuField changed value from 7 to 4
kwi 27, 2021 6:56:31 PM com.ad.sudoku.model.SudokuField setValue
INFO: SudokuField changed value from 4 to 6
kwi 27, 2021 6:56:31 PM com.ad.sudoku.model.SudokuField setValue
INFO: SudokuField changed value from 6 to 1
kwi 27, 2021 6:56:31 PM com.ad.sudoku.model.SudokuField setValue
INFO: SudokuField changed value from 1 to 5
kwi 27, 2021 6:56:31 PM com.ad.sudoku.model.SudokuField setValue
INFO: SudokuField changed value from 5 to 8
kwi 27, 2021 6:56:31 PM com.ad.sudoku.model.SudokuField setValue
INFO: SudokuField changed value from 8 to 9
kwi 27, 2021 6:56:31 PM com.ad.sudoku.model.SudokuField setValue
INFO: SudokuField changed value from 0 to 6
kwi 27, 2021 6:56:31 PM com.ad.sudoku.model.SudokuField setValue
INFO: SudokuField changed value from 0 to 4
kwi 27, 2021 6:56:31 PM com.ad.sudoku.model.SudokuField setValue
INFO: SudokuField changed value from 4 to 9
kwi 27, 2021 6:56:31 PM com.ad.sudoku.model.SudokuField setValue
INFO: SudokuField changed value from 0 to 3
kwi 27, 2021 6:56:31 PM com.ad.sudoku.model.SudokuField setValue
INFO: SudokuField changed value from 3 to 9
kwi 27, 2021 6:56:31 PM com.ad.sudoku.model.SudokuField setValue
INFO: SudokuField changed value from 9 to 4
kwi 27, 2021 6:56:31 PM com.ad.sudoku.model.SudokuField setValue
INFO: SudokuField changed value from 4 to 6
kwi 27, 2021 6:56:31 PM com.ad.sudoku.model.SudokuField setValue
INFO: SudokuField changed value from 6 to 5
kwi 27, 2021 6:56:31 PM com.ad.sudoku.model.SudokuField setValue
INFO: SudokuField changed value from 5 to 7
kwi 27, 2021 6:56:31 PM com.ad.sudoku.model.SudokuField setValue
INFO: SudokuField changed value from 7 to 2
kwi 27, 2021 6:56:31 PM com.ad.sudoku.model.SudokuField setValue
INFO: SudokuField changed value from 2 to 8
kwi 27, 2021 6:56:31 PM com.ad.sudoku.model.SudokuField setValue
INFO: SudokuField changed value from 8 to 1
kwi 27, 2021 6:56:31 PM com.ad.sudoku.model.SudokuField setValue
INFO: SudokuField changed value from 0 to 5
kwi 27, 2021 6:56:31 PM com.ad.sudoku.model.SudokuField setValue
INFO: SudokuField changed value from 0 to 3
kwi 27, 2021 6:56:31 PM com.ad.sudoku.model.SudokuField setValue
INFO: SudokuField changed value from 0 to 3
kwi 27, 2021 6:56:31 PM com.ad.sudoku.model.SudokuField setValue
INFO: SudokuField changed value from 3 to 9
kwi 27, 2021 6:56:31 PM com.ad.sudoku.model.SudokuField setValue
INFO: SudokuField changed value from 9 to 6
kwi 27, 2021 6:56:31 PM com.ad.sudoku.model.SudokuField setValue
INFO: SudokuField changed value from 6 to 2
kwi 27, 2021 6:56:31 PM com.ad.sudoku.model.SudokuField setValue
INFO: SudokuField changed value from 0 to 1
kwi 27, 2021 6:56:31 PM com.ad.sudoku.model.SudokuField setValue
INFO: SudokuField changed value from 1 to 2
kwi 27, 2021 6:56:31 PM com.ad.sudoku.model.SudokuField setValue
INFO: SudokuField changed value from 2 to 6
kwi 27, 2021 6:56:31 PM com.ad.sudoku.model.SudokuField setValue
INFO: SudokuField changed value from 6 to 3
kwi 27, 2021 6:56:31 PM com.ad.sudoku.model.SudokuField setValue
INFO: SudokuField changed value from 3 to 9
kwi 27, 2021 6:56:31 PM com.ad.sudoku.model.SudokuField setValue
INFO: SudokuField changed value from 9 to 8
kwi 27, 2021 6:56:31 PM com.ad.sudoku.model.SudokuField setValue
INFO: SudokuField changed value from 0 to 3
kwi 27, 2021 6:56:31 PM com.ad.sudoku.model.SudokuField setValue
INFO: SudokuField changed value from 3 to 4
kwi 27, 2021 6:56:31 PM com.ad.sudoku.model.SudokuField setValue
INFO: SudokuField changed value from 0 to 4
kwi 27, 2021 6:56:31 PM com.ad.sudoku.model.SudokuField setValue
INFO: SudokuField changed value from 4 to 9
kwi 27, 2021 6:56:31 PM com.ad.sudoku.model.SudokuField setValue
INFO: SudokuField changed value from 9 to 8
kwi 27, 2021 6:56:31 PM com.ad.sudoku.model.SudokuField setValue
INFO: SudokuField changed value from 8 to 3
kwi 27, 2021 6:56:31 PM com.ad.sudoku.model.SudokuField setValue
INFO: SudokuField changed value from 3 to 7
kwi 27, 2021 6:56:31 PM com.ad.sudoku.model.SudokuField setValue
INFO: SudokuField changed value from 0 to 8
kwi 27, 2021 6:56:31 PM com.ad.sudoku.model.SudokuField setValue
INFO: SudokuField changed value from 8 to 5
kwi 27, 2021 6:56:31 PM com.ad.sudoku.model.SudokuField setValue
INFO: SudokuField changed value from 0 to 9
kwi 27, 2021 6:56:31 PM com.ad.sudoku.model.SudokuField setValue
INFO: SudokuField changed value from 9 to 6
kwi 27, 2021 6:56:31 PM com.ad.sudoku.model.SudokuField setValue
INFO: SudokuField changed value from 0 to 8
kwi 27, 2021 6:56:31 PM com.ad.sudoku.model.SudokuField setValue
INFO: SudokuField changed value from 0 to 1
kwi 27, 2021 6:56:31 PM com.ad.sudoku.model.SudokuField setValue
INFO: SudokuField changed value from 0 to 4
kwi 27, 2021 6:56:31 PM com.ad.sudoku.model.SudokuField setValue
INFO: SudokuField changed value from 0 to 6
kwi 27, 2021 6:56:31 PM com.ad.sudoku.model.SudokuField setValue
INFO: SudokuField changed value from 6 to 7
kwi 27, 2021 6:56:31 PM com.ad.sudoku.model.SudokuField setValue
INFO: SudokuField changed value from 0 to 5
kwi 27, 2021 6:56:31 PM com.ad.sudoku.model.SudokuField setValue
INFO: SudokuField changed value from 5 to 1
kwi 27, 2021 6:56:31 PM com.ad.sudoku.model.SudokuField setValue
INFO: SudokuField changed value from 1 to 9
kwi 27, 2021 6:56:31 PM com.ad.sudoku.model.SudokuField setValue
INFO: SudokuField changed value from 0 to 3
kwi 27, 2021 6:56:31 PM com.ad.sudoku.model.SudokuField setValue
INFO: SudokuField changed value from 0 to 2
kwi 27, 2021 6:56:31 PM com.ad.sudoku.model.SudokuField setValue
INFO: SudokuField changed value from 2 to 5
kwi 27, 2021 6:56:31 PM com.ad.sudoku.model.SudokuField setValue
INFO: SudokuField changed value from 5 to 7
kwi 27, 2021 6:56:31 PM com.ad.sudoku.model.SudokuField setValue
INFO: SudokuField changed value from 7 to 3
kwi 27, 2021 6:56:31 PM com.ad.sudoku.model.SudokuField setValue
INFO: SudokuField changed value from 3 to 4
kwi 27, 2021 6:56:31 PM com.ad.sudoku.model.SudokuField setValue
INFO: SudokuField changed value from 4 to 6
kwi 27, 2021 6:56:31 PM com.ad.sudoku.model.SudokuField setValue
INFO: SudokuField changed value from 6 to 1
kwi 27, 2021 6:56:31 PM com.ad.sudoku.model.SudokuField setValue
INFO: SudokuField changed value from 1 to 8
kwi 27, 2021 6:56:31 PM com.ad.sudoku.model.SudokuField setValue
INFO: SudokuField changed value from 8 to 9
kwi 27, 2021 6:56:31 PM com.ad.sudoku.model.SudokuField setValue
INFO: SudokuField changed value from 9 to 0
kwi 27, 2021 6:56:31 PM com.ad.sudoku.model.SudokuField setValue
INFO: SudokuField changed value from 3 to 6
kwi 27, 2021 6:56:31 PM com.ad.sudoku.model.SudokuField setValue
INFO: SudokuField changed value from 6 to 7
kwi 27, 2021 6:56:31 PM com.ad.sudoku.model.SudokuField setValue
INFO: SudokuField changed value from 7 to 1
kwi 27, 2021 6:56:31 PM com.ad.sudoku.model.SudokuField setValue
INFO: SudokuField changed value from 1 to 2
kwi 27, 2021 6:56:31 PM com.ad.sudoku.model.SudokuField setValue
INFO: SudokuField changed value from 0 to 3
kwi 27, 2021 6:56:31 PM com.ad.sudoku.model.SudokuField setValue
INFO: SudokuField changed value from 0 to 9
kwi 27, 2021 6:56:31 PM com.ad.sudoku.model.SudokuField setValue
INFO: SudokuField changed value from 0 to 4
kwi 27, 2021 6:56:31 PM com.ad.sudoku.model.SudokuField setValue
INFO: SudokuField changed value from 0 to 3
kwi 27, 2021 6:56:31 PM com.ad.sudoku.model.SudokuField setValue
INFO: SudokuField changed value from 0 to 8
kwi 27, 2021 6:56:31 PM com.ad.sudoku.model.SudokuField setValue
INFO: SudokuField changed value from 0 to 7
kwi 27, 2021 6:56:31 PM com.ad.sudoku.model.SudokuField setValue
INFO: SudokuField changed value from 7 to 4
kwi 27, 2021 6:56:31 PM com.ad.sudoku.model.SudokuField setValue
INFO: SudokuField changed value from 4 to 5
kwi 27, 2021 6:56:31 PM com.ad.sudoku.model.SudokuField setValue
INFO: SudokuField changed value from 0 to 4
kwi 27, 2021 6:56:31 PM com.ad.sudoku.model.SudokuField setValue
INFO: SudokuField changed value from 4 to 8
kwi 27, 2021 6:56:31 PM com.ad.sudoku.model.SudokuField setValue
INFO: SudokuField changed value from 8 to 5
kwi 27, 2021 6:56:31 PM com.ad.sudoku.model.SudokuField setValue
INFO: SudokuField changed value from 5 to 1
kwi 27, 2021 6:56:31 PM com.ad.sudoku.model.SudokuField setValue
INFO: SudokuField changed value from 1 to 9
kwi 27, 2021 6:56:31 PM com.ad.sudoku.model.SudokuField setValue
INFO: SudokuField changed value from 9 to 6
kwi 27, 2021 6:56:31 PM com.ad.sudoku.model.SudokuField setValue
INFO: SudokuField changed value from 0 to 8
kwi 27, 2021 6:56:31 PM com.ad.sudoku.model.SudokuField setValue
INFO: SudokuField changed value from 8 to 5
kwi 27, 2021 6:56:31 PM com.ad.sudoku.model.SudokuField setValue
INFO: SudokuField changed value from 5 to 7
kwi 27, 2021 6:56:31 PM com.ad.sudoku.model.SudokuField setValue
INFO: SudokuField changed value from 0 to 4
kwi 27, 2021 6:56:31 PM com.ad.sudoku.model.SudokuField setValue
INFO: SudokuField changed value from 4 to 6
kwi 27, 2021 6:56:31 PM com.ad.sudoku.model.SudokuField setValue
INFO: SudokuField changed value from 6 to 7
kwi 27, 2021 6:56:31 PM com.ad.sudoku.model.SudokuField setValue
INFO: SudokuField changed value from 7 to 9
kwi 27, 2021 6:56:31 PM com.ad.sudoku.model.SudokuField setValue
INFO: SudokuField changed value from 9 to 3
kwi 27, 2021 6:56:31 PM com.ad.sudoku.model.SudokuField setValue
INFO: SudokuField changed value from 3 to 8
kwi 27, 2021 6:56:31 PM com.ad.sudoku.model.SudokuField setValue
INFO: SudokuField changed value from 8 to 2
kwi 27, 2021 6:56:31 PM com.ad.sudoku.model.SudokuField setValue
INFO: SudokuField changed value from 2 to 1
kwi 27, 2021 6:56:31 PM com.ad.sudoku.model.SudokuField setValue
INFO: SudokuField changed value from 1 to 5
kwi 27, 2021 6:56:31 PM com.ad.sudoku.model.SudokuField setValue
INFO: SudokuField changed value from 5 to 0
kwi 27, 2021 6:56:31 PM com.ad.sudoku.model.SudokuField setValue
INFO: SudokuField changed value from 7 to 6
kwi 27, 2021 6:56:31 PM com.ad.sudoku.model.SudokuField setValue
INFO: SudokuField changed value from 6 to 4
kwi 27, 2021 6:56:31 PM com.ad.sudoku.model.SudokuField setValue
INFO: SudokuField changed value from 4 to 3
kwi 27, 2021 6:56:31 PM com.ad.sudoku.model.SudokuField setValue
INFO: SudokuField changed value from 3 to 1
kwi 27, 2021 6:56:31 PM com.ad.sudoku.model.SudokuField setValue
INFO: SudokuField changed value from 0 to 9
kwi 27, 2021 6:56:31 PM com.ad.sudoku.model.SudokuField setValue
INFO: SudokuField changed value from 9 to 2
kwi 27, 2021 6:56:31 PM com.ad.sudoku.model.SudokuField setValue
INFO: SudokuField changed value from 2 to 1
kwi 27, 2021 6:56:31 PM com.ad.sudoku.model.SudokuField setValue
INFO: SudokuField changed value from 1 to 6
kwi 27, 2021 6:56:31 PM com.ad.sudoku.model.SudokuField setValue
INFO: SudokuField changed value from 6 to 8
kwi 27, 2021 6:56:31 PM com.ad.sudoku.model.SudokuField setValue
INFO: SudokuField changed value from 8 to 7
kwi 27, 2021 6:56:31 PM com.ad.sudoku.model.SudokuField setValue
INFO: SudokuField changed value from 0 to 7
kwi 27, 2021 6:56:31 PM com.ad.sudoku.model.SudokuField setValue
INFO: SudokuField changed value from 7 to 2
kwi 27, 2021 6:56:31 PM com.ad.sudoku.model.SudokuField setValue
INFO: SudokuField changed value from 2 to 9
kwi 27, 2021 6:56:31 PM com.ad.sudoku.model.SudokuField setValue
INFO: SudokuField changed value from 9 to 6
kwi 27, 2021 6:56:31 PM com.ad.sudoku.model.SudokuField setValue
INFO: SudokuField changed value from 6 to 5
kwi 27, 2021 6:56:31 PM com.ad.sudoku.model.SudokuField setValue
INFO: SudokuField changed value from 5 to 3
kwi 27, 2021 6:56:31 PM com.ad.sudoku.model.SudokuField setValue
INFO: SudokuField changed value from 3 to 4
kwi 27, 2021 6:56:31 PM com.ad.sudoku.model.SudokuField setValue
INFO: SudokuField changed value from 4 to 8
kwi 27, 2021 6:56:31 PM com.ad.sudoku.model.SudokuField setValue
INFO: SudokuField changed value from 8 to 1
kwi 27, 2021 6:56:31 PM com.ad.sudoku.model.SudokuField setValue
INFO: SudokuField changed value from 1 to 0
kwi 27, 2021 6:56:31 PM com.ad.sudoku.model.SudokuField setValue
INFO: SudokuField changed value from 7 to 5
kwi 27, 2021 6:56:31 PM com.ad.sudoku.model.SudokuField setValue
INFO: SudokuField changed value from 5 to 4
kwi 27, 2021 6:56:31 PM com.ad.sudoku.model.SudokuField setValue
INFO: SudokuField changed value from 4 to 3
kwi 27, 2021 6:56:31 PM com.ad.sudoku.model.SudokuField setValue
INFO: SudokuField changed value from 3 to 0
kwi 27, 2021 6:56:31 PM com.ad.sudoku.model.SudokuField setValue
INFO: SudokuField changed value from 1 to 9
kwi 27, 2021 6:56:31 PM com.ad.sudoku.model.SudokuField setValue
INFO: SudokuField changed value from 9 to 2
kwi 27, 2021 6:56:31 PM com.ad.sudoku.model.SudokuField setValue
INFO: SudokuField changed value from 2 to 0
kwi 27, 2021 6:56:31 PM com.ad.sudoku.model.SudokuField setValue
INFO: SudokuField changed value from 6 to 3
kwi 27, 2021 6:56:31 PM com.ad.sudoku.model.SudokuField setValue
INFO: SudokuField changed value from 3 to 7
kwi 27, 2021 6:56:31 PM com.ad.sudoku.model.SudokuField setValue
INFO: SudokuField changed value from 7 to 2
kwi 27, 2021 6:56:31 PM com.ad.sudoku.model.SudokuField setValue
INFO: SudokuField changed value from 2 to 0
kwi 27, 2021 6:56:31 PM com.ad.sudoku.model.SudokuField setValue
INFO: SudokuField changed value from 5 to 8
kwi 27, 2021 6:56:31 PM com.ad.sudoku.model.SudokuField setValue
INFO: SudokuField changed value from 8 to 1
kwi 27, 2021 6:56:31 PM com.ad.sudoku.model.SudokuField setValue
INFO: SudokuField changed value from 1 to 3
kwi 27, 2021 6:56:31 PM com.ad.sudoku.model.SudokuField setValue
INFO: SudokuField changed value from 3 to 9
kwi 27, 2021 6:56:31 PM com.ad.sudoku.model.SudokuField setValue
INFO: SudokuField changed value from 9 to 2
kwi 27, 2021 6:56:31 PM com.ad.sudoku.model.SudokuField setValue
INFO: SudokuField changed value from 0 to 2
kwi 27, 2021 6:56:31 PM com.ad.sudoku.model.SudokuField setValue
INFO: SudokuField changed value from 2 to 5
kwi 27, 2021 6:56:31 PM com.ad.sudoku.model.SudokuField setValue
INFO: SudokuField changed value from 0 to 1
kwi 27, 2021 6:56:31 PM com.ad.sudoku.model.SudokuField setValue
INFO: SudokuField changed value from 0 to 2
kwi 27, 2021 6:56:31 PM com.ad.sudoku.model.SudokuField setValue
INFO: SudokuField changed value from 2 to 9
kwi 27, 2021 6:56:31 PM com.ad.sudoku.model.SudokuField setValue
INFO: SudokuField changed value from 9 to 1
kwi 27, 2021 6:56:31 PM com.ad.sudoku.model.SudokuField setValue
INFO: SudokuField changed value from 1 to 8
kwi 27, 2021 6:56:31 PM com.ad.sudoku.model.SudokuField setValue
INFO: SudokuField changed value from 8 to 4
kwi 27, 2021 6:56:31 PM com.ad.sudoku.model.SudokuField setValue
INFO: SudokuField changed value from 4 to 3
kwi 27, 2021 6:56:31 PM com.ad.sudoku.model.SudokuField setValue
INFO: SudokuField changed value from 3 to 5
kwi 27, 2021 6:56:31 PM com.ad.sudoku.model.SudokuField setValue
INFO: SudokuField changed value from 5 to 6
kwi 27, 2021 6:56:31 PM com.ad.sudoku.model.SudokuField setValue
INFO: SudokuField changed value from 0 to 1
kwi 27, 2021 6:56:31 PM com.ad.sudoku.model.SudokuField setValue
INFO: SudokuField changed value from 1 to 2
kwi 27, 2021 6:56:31 PM com.ad.sudoku.model.SudokuField setValue
INFO: SudokuField changed value from 2 to 6
kwi 27, 2021 6:56:31 PM com.ad.sudoku.model.SudokuField setValue
INFO: SudokuField changed value from 6 to 7
kwi 27, 2021 6:56:31 PM com.ad.sudoku.model.SudokuField setValue
INFO: SudokuField changed value from 7 to 9
kwi 27, 2021 6:56:31 PM com.ad.sudoku.model.SudokuField setValue
INFO: SudokuField changed value from 9 to 5
kwi 27, 2021 6:56:31 PM com.ad.sudoku.model.SudokuField setValue
INFO: SudokuField changed value from 5 to 3
kwi 27, 2021 6:56:31 PM com.ad.sudoku.model.SudokuField setValue
INFO: SudokuField changed value from 3 to 4
kwi 27, 2021 6:56:31 PM com.ad.sudoku.model.SudokuField setValue
INFO: SudokuField changed value from 4 to 8
kwi 27, 2021 6:56:31 PM com.ad.sudoku.model.SudokuField setValue
INFO: SudokuField changed value from 8 to 0
kwi 27, 2021 6:56:31 PM com.ad.sudoku.model.SudokuField setValue
INFO: SudokuField changed value from 6 to 7
kwi 27, 2021 6:56:31 PM com.ad.sudoku.model.SudokuField setValue
INFO: SudokuField changed value from 0 to 9
kwi 27, 2021 6:56:31 PM com.ad.sudoku.model.SudokuField setValue
INFO: SudokuField changed value from 9 to 5
kwi 27, 2021 6:56:31 PM com.ad.sudoku.model.SudokuField setValue
INFO: SudokuField changed value from 5 to 8
kwi 27, 2021 6:56:31 PM com.ad.sudoku.model.SudokuField setValue
INFO: SudokuField changed value from 8 to 4
kwi 27, 2021 6:56:31 PM com.ad.sudoku.model.SudokuField setValue
INFO: SudokuField changed value from 4 to 3
kwi 27, 2021 6:56:31 PM com.ad.sudoku.model.SudokuField setValue
INFO: SudokuField changed value from 3 to 6
kwi 27, 2021 6:56:31 PM com.ad.sudoku.model.SudokuField setValue
INFO: SudokuField changed value from 0 to 8
kwi 27, 2021 6:56:31 PM com.ad.sudoku.model.SudokuField setValue
INFO: SudokuField changed value from 8 to 7
kwi 27, 2021 6:56:31 PM com.ad.sudoku.model.SudokuField setValue
INFO: SudokuField changed value from 0 to 9
kwi 27, 2021 6:56:31 PM com.ad.sudoku.model.SudokuField setValue
INFO: SudokuField changed value from 9 to 6
kwi 27, 2021 6:56:31 PM com.ad.sudoku.model.SudokuField setValue
INFO: SudokuField changed value from 6 to 5
kwi 27, 2021 6:56:31 PM com.ad.sudoku.model.SudokuField setValue
INFO: SudokuField changed value from 5 to 8
kwi 27, 2021 6:56:31 PM com.ad.sudoku.model.SudokuField setValue
INFO: SudokuField changed value from 8 to 4
kwi 27, 2021 6:56:31 PM com.ad.sudoku.model.SudokuField setValue
INFO: SudokuField changed value from 4 to 2
kwi 27, 2021 6:56:31 PM com.ad.sudoku.model.SudokuField setValue
INFO: SudokuField changed value from 2 to 7
kwi 27, 2021 6:56:31 PM com.ad.sudoku.model.SudokuField setValue
INFO: SudokuField changed value from 7 to 3
kwi 27, 2021 6:56:31 PM com.ad.sudoku.model.SudokuField setValue
INFO: SudokuField changed value from 3 to 1
kwi 27, 2021 6:56:31 PM com.ad.sudoku.model.SudokuField setValue
INFO: SudokuField changed value from 0 to 6
kwi 27, 2021 6:56:31 PM com.ad.sudoku.model.SudokuField setValue
INFO: SudokuField changed value from 6 to 9
kwi 27, 2021 6:56:31 PM com.ad.sudoku.model.SudokuField setValue
INFO: SudokuField changed value from 9 to 7
kwi 27, 2021 6:56:31 PM com.ad.sudoku.model.SudokuField setValue
INFO: SudokuField changed value from 7 to 3
kwi 27, 2021 6:56:31 PM com.ad.sudoku.model.SudokuField setValue
INFO: SudokuField changed value from 3 to 2
kwi 27, 2021 6:56:31 PM com.ad.sudoku.model.SudokuField setValue
INFO: SudokuField changed value from 0 to 2
kwi 27, 2021 6:56:31 PM com.ad.sudoku.model.SudokuField setValue
INFO: SudokuField changed value from 2 to 7
kwi 27, 2021 6:56:31 PM com.ad.sudoku.model.SudokuField setValue
INFO: SudokuField changed value from 7 to 4
kwi 27, 2021 6:56:31 PM com.ad.sudoku.model.SudokuField setValue
INFO: SudokuField changed value from 4 to 3
kwi 27, 2021 6:56:31 PM com.ad.sudoku.model.SudokuField setValue
INFO: SudokuField changed value from 0 to 7
kwi 27, 2021 6:56:31 PM com.ad.sudoku.model.SudokuField setValue
INFO: SudokuField changed value from 7 to 5
kwi 27, 2021 6:56:31 PM com.ad.sudoku.model.SudokuField setValue
INFO: SudokuField changed value from 5 to 3
kwi 27, 2021 6:56:31 PM com.ad.sudoku.model.SudokuField setValue
INFO: SudokuField changed value from 3 to 6
kwi 27, 2021 6:56:31 PM com.ad.sudoku.model.SudokuField setValue
INFO: SudokuField changed value from 6 to 9
kwi 27, 2021 6:56:31 PM com.ad.sudoku.model.SudokuField setValue
INFO: SudokuField changed value from 0 to 3
kwi 27, 2021 6:56:31 PM com.ad.sudoku.model.SudokuField setValue
INFO: SudokuField changed value from 3 to 6
kwi 27, 2021 6:56:31 PM com.ad.sudoku.model.SudokuField setValue
INFO: SudokuField changed value from 0 to 8
kwi 27, 2021 6:56:31 PM com.ad.sudoku.model.SudokuField setValue
INFO: SudokuField changed value from 8 to 2
kwi 27, 2021 6:56:31 PM com.ad.sudoku.model.SudokuField setValue
INFO: SudokuField changed value from 2 to 7
kwi 27, 2021 6:56:31 PM com.ad.sudoku.model.SudokuField setValue
INFO: SudokuField changed value from 7 to 3
kwi 27, 2021 6:56:31 PM com.ad.sudoku.model.SudokuField setValue
INFO: SudokuField changed value from 3 to 4
kwi 27, 2021 6:56:31 PM com.ad.sudoku.model.SudokuField setValue
INFO: SudokuField changed value from 0 to 2
kwi 27, 2021 6:56:31 PM com.ad.sudoku.model.SudokuField setValue
INFO: SudokuField changed value from 2 to 4
kwi 27, 2021 6:56:31 PM com.ad.sudoku.model.SudokuField setValue
INFO: SudokuField changed value from 4 to 1
kwi 27, 2021 6:56:31 PM com.ad.sudoku.model.SudokuField setValue
INFO: SudokuField changed value from 1 to 8
kwi 27, 2021 6:56:31 PM com.ad.sudoku.model.SudokuField setValue
INFO: SudokuField changed value from 0 to 1
kwi 27, 2021 6:56:31 PM com.ad.sudoku.model.SudokuField setValue
INFO: SudokuField changed value from 1 to 5
kwi 27, 2021 6:56:31 PM com.ad.sudoku.model.SudokuField setValue
INFO: SudokuField changed value from 0 to 5
kwi 27, 2021 6:56:31 PM com.ad.sudoku.model.SudokuField setValue
INFO: SudokuField changed value from 5 to 7
kwi 27, 2021 6:56:31 PM com.ad.sudoku.model.SudokuField setValue
INFO: SudokuField changed value from 7 to 9
kwi 27, 2021 6:56:31 PM com.ad.sudoku.model.SudokuField setValue
INFO: SudokuField changed value from 9 to 4
kwi 27, 2021 6:56:31 PM com.ad.sudoku.model.SudokuField setValue
INFO: SudokuField changed value from 0 to 9
kwi 27, 2021 6:56:31 PM com.ad.sudoku.model.SudokuField setValue
INFO: SudokuField changed value from 9 to 4
kwi 27, 2021 6:56:31 PM com.ad.sudoku.model.SudokuField setValue
INFO: SudokuField changed value from 4 to 8
kwi 27, 2021 6:56:31 PM com.ad.sudoku.model.SudokuField setValue
INFO: SudokuField changed value from 0 to 5
kwi 27, 2021 6:56:31 PM com.ad.sudoku.model.SudokuField setValue
INFO: SudokuField changed value from 5 to 9
kwi 27, 2021 6:56:31 PM com.ad.sudoku.model.SudokuField setValue
INFO: SudokuField changed value from 0 to 9
kwi 27, 2021 6:56:31 PM com.ad.sudoku.model.SudokuField setValue
INFO: SudokuField changed value from 9 to 5
kwi 27, 2021 6:56:31 PM com.ad.sudoku.model.SudokuField setValue
INFO: SudokuField changed value from 5 to 1
kwi 27, 2021 6:56:31 PM com.ad.sudoku.model.SudokuField setValue
INFO: SudokuField changed value from 1 to 3
kwi 27, 2021 6:56:31 PM com.ad.sudoku.model.SudokuField setValue
INFO: SudokuField changed value from 3 to 7
kwi 27, 2021 6:56:31 PM com.ad.sudoku.model.SudokuField setValue
INFO: SudokuField changed value from 7 to 2
kwi 27, 2021 6:56:31 PM com.ad.sudoku.model.SudokuField setValue
INFO: SudokuField changed value from 0 to 5
kwi 27, 2021 6:56:31 PM com.ad.sudoku.model.SudokuField setValue
INFO: SudokuField changed value from 0 to 8
kwi 27, 2021 6:56:31 PM com.ad.sudoku.model.SudokuField setValue
INFO: SudokuField changed value from 8 to 9
kwi 27, 2021 6:56:31 PM com.ad.sudoku.model.SudokuField setValue
INFO: SudokuField changed value from 9 to 2
kwi 27, 2021 6:56:31 PM com.ad.sudoku.model.SudokuField setValue
INFO: SudokuField changed value from 2 to 3
kwi 27, 2021 6:56:31 PM com.ad.sudoku.model.SudokuField setValue
INFO: SudokuField changed value from 0 to 5
kwi 27, 2021 6:56:31 PM com.ad.sudoku.model.SudokuField setValue
INFO: SudokuField changed value from 5 to 1
kwi 27, 2021 6:56:31 PM com.ad.sudoku.model.SudokuField setValue
INFO: SudokuField changed value from 1 to 3
kwi 27, 2021 6:56:31 PM com.ad.sudoku.model.SudokuField setValue
INFO: SudokuField changed value from 3 to 7
kwi 27, 2021 6:56:31 PM com.ad.sudoku.model.SudokuField setValue
INFO: SudokuField changed value from 0 to 3
kwi 27, 2021 6:56:31 PM com.ad.sudoku.model.SudokuField setValue
INFO: SudokuField changed value from 3 to 2
kwi 27, 2021 6:56:31 PM com.ad.sudoku.model.SudokuField setValue
INFO: SudokuField changed value from 2 to 4
kwi 27, 2021 6:56:31 PM com.ad.sudoku.model.SudokuField setValue
INFO: SudokuField changed value from 4 to 6
kwi 27, 2021 6:56:31 PM com.ad.sudoku.model.SudokuField setValue
INFO: SudokuField changed value from 0 to 8
kwi 27, 2021 6:56:31 PM com.ad.sudoku.model.SudokuField setValue
INFO: SudokuField changed value from 8 to 6
kwi 27, 2021 6:56:31 PM com.ad.sudoku.model.SudokuField setValue
INFO: SudokuField changed value from 6 to 3
kwi 27, 2021 6:56:31 PM com.ad.sudoku.model.SudokuField setValue
INFO: SudokuField changed value from 3 to 1
kwi 27, 2021 6:56:31 PM com.ad.sudoku.model.SudokuField setValue
INFO: SudokuField changed value from 0 to 9
kwi 27, 2021 6:56:31 PM com.ad.sudoku.model.SudokuField setValue
INFO: SudokuField changed value from 9 to 6
kwi 27, 2021 6:56:31 PM com.ad.sudoku.model.SudokuField setValue
INFO: SudokuField changed value from 6 to 1
kwi 27, 2021 6:56:31 PM com.ad.sudoku.model.SudokuField setValue
INFO: SudokuField changed value from 0 to 5
kwi 27, 2021 6:56:31 PM com.ad.sudoku.model.SudokuField setValue
INFO: SudokuField changed value from 0 to 2
kwi 27, 2021 6:56:31 PM com.ad.sudoku.model.SudokuField setValue
INFO: SudokuField changed value from 2 to 3
kwi 27, 2021 6:56:31 PM com.ad.sudoku.model.SudokuField setValue
INFO: SudokuField changed value from 3 to 1
kwi 27, 2021 6:56:31 PM com.ad.sudoku.model.SudokuField setValue
INFO: SudokuField changed value from 1 to 4
kwi 27, 2021 6:56:31 PM com.ad.sudoku.model.SudokuField setValue
INFO: SudokuField changed value from 4 to 8
kwi 27, 2021 6:56:31 PM com.ad.sudoku.model.SudokuField setValue
INFO: SudokuField changed value from 8 to 5
kwi 27, 2021 6:56:31 PM com.ad.sudoku.model.SudokuField setValue
INFO: SudokuField changed value from 5 to 6
kwi 27, 2021 6:56:31 PM com.ad.sudoku.model.SudokuField setValue
INFO: SudokuField changed value from 0 to 6
kwi 27, 2021 6:56:31 PM com.ad.sudoku.model.SudokuField setValue
INFO: SudokuField changed value from 6 to 1
kwi 27, 2021 6:56:31 PM com.ad.sudoku.model.SudokuField setValue
INFO: SudokuField changed value from 1 to 8
kwi 27, 2021 6:56:31 PM com.ad.sudoku.model.SudokuField setValue
INFO: SudokuField changed value from 8 to 4
kwi 27, 2021 6:56:31 PM com.ad.sudoku.model.SudokuField setValue
INFO: SudokuField changed value from 0 to 3
kwi 27, 2021 6:56:31 PM com.ad.sudoku.model.SudokuField setValue
INFO: SudokuField changed value from 3 to 5
kwi 27, 2021 6:56:31 PM com.ad.sudoku.model.SudokuField setValue
INFO: SudokuField changed value from 5 to 6
kwi 27, 2021 6:56:31 PM com.ad.sudoku.model.SudokuField setValue
INFO: SudokuField changed value from 6 to 4
kwi 27, 2021 6:56:31 PM com.ad.sudoku.model.SudokuField setValue
INFO: SudokuField changed value from 4 to 2
kwi 27, 2021 6:56:31 PM com.ad.sudoku.model.SudokuField setValue
INFO: SudokuField changed value from 2 to 7
kwi 27, 2021 6:56:31 PM com.ad.sudoku.model.SudokuField setValue
INFO: SudokuField changed value from 0 to 8
kwi 27, 2021 6:56:31 PM com.ad.sudoku.model.SudokuField setValue
INFO: SudokuField changed value from 0 to 3
kwi 27, 2021 6:56:31 PM com.ad.sudoku.model.SudokuField setValue
INFO: SudokuField changed value from 3 to 4
kwi 27, 2021 6:56:31 PM com.ad.sudoku.model.SudokuField setValue
INFO: SudokuField changed value from 4 to 8
kwi 27, 2021 6:56:31 PM com.ad.sudoku.model.SudokuField setValue
INFO: SudokuField changed value from 8 to 1
kwi 27, 2021 6:56:31 PM com.ad.sudoku.model.SudokuField setValue
INFO: SudokuField changed value from 1 to 2
kwi 27, 2021 6:56:31 PM com.ad.sudoku.model.SudokuField setValue
INFO: SudokuField changed value from 0 to 5
kwi 27, 2021 6:56:31 PM com.ad.sudoku.model.SudokuField setValue
INFO: SudokuField changed value from 5 to 1
kwi 27, 2021 6:56:31 PM com.ad.sudoku.model.SudokuField setValue
INFO: SudokuField changed value from 1 to 4
kwi 27, 2021 6:56:31 PM com.ad.sudoku.model.SudokuField setValue
INFO: SudokuField changed value from 4 to 6
kwi 27, 2021 6:56:31 PM com.ad.sudoku.model.SudokuField setValue
INFO: SudokuField changed value from 6 to 8
kwi 27, 2021 6:56:31 PM com.ad.sudoku.model.SudokuField setValue
INFO: SudokuField changed value from 8 to 7
kwi 27, 2021 6:56:31 PM com.ad.sudoku.model.SudokuField setValue
INFO: SudokuField changed value from 7 to 2
kwi 27, 2021 6:56:31 PM com.ad.sudoku.model.SudokuField setValue
INFO: SudokuField changed value from 2 to 9
kwi 27, 2021 6:56:31 PM com.ad.sudoku.model.SudokuField setValue
INFO: SudokuField changed value from 0 to 7
kwi 27, 2021 6:56:31 PM com.ad.sudoku.model.SudokuField setValue
INFO: SudokuField changed value from 7 to 9
kwi 27, 2021 6:56:31 PM com.ad.sudoku.model.SudokuField setValue
INFO: SudokuField changed value from 9 to 4
kwi 27, 2021 6:56:31 PM com.ad.sudoku.model.SudokuField setValue
INFO: SudokuField changed value from 4 to 3
kwi 27, 2021 6:56:31 PM com.ad.sudoku.model.SudokuField setValue
INFO: SudokuField changed value from 3 to 5
kwi 27, 2021 6:56:31 PM com.ad.sudoku.model.SudokuField setValue
INFO: SudokuField changed value from 5 to 1
kwi 27, 2021 6:56:31 PM com.ad.sudoku.model.SudokuField setValue
INFO: SudokuField changed value from 1 to 2
kwi 27, 2021 6:56:31 PM com.ad.sudoku.model.SudokuField setValue
INFO: SudokuField changed value from 2 to 8
kwi 27, 2021 6:56:31 PM com.ad.sudoku.model.SudokuField setValue
INFO: SudokuField changed value from 8 to 6
kwi 27, 2021 6:56:31 PM com.ad.sudoku.model.SudokuField setValue
INFO: SudokuField changed value from 6 to 0
kwi 27, 2021 6:56:31 PM com.ad.sudoku.model.SudokuField setValue
INFO: SudokuField changed value from 9 to 3
kwi 27, 2021 6:56:31 PM com.ad.sudoku.model.SudokuField setValue
INFO: SudokuField changed value from 0 to 1
kwi 27, 2021 6:56:31 PM com.ad.sudoku.model.SudokuField setValue
INFO: SudokuField changed value from 1 to 9
kwi 27, 2021 6:56:31 PM com.ad.sudoku.model.SudokuField setValue
INFO: SudokuField changed value from 9 to 3
kwi 27, 2021 6:56:31 PM com.ad.sudoku.model.SudokuField setValue
INFO: SudokuField changed value from 3 to 6
kwi 27, 2021 6:56:31 PM com.ad.sudoku.model.SudokuField setValue
INFO: SudokuField changed value from 6 to 5
kwi 27, 2021 6:56:31 PM com.ad.sudoku.model.SudokuField setValue
INFO: SudokuField changed value from 5 to 8
kwi 27, 2021 6:56:31 PM com.ad.sudoku.model.SudokuField setValue
INFO: SudokuField changed value from 8 to 2
kwi 27, 2021 6:56:31 PM com.ad.sudoku.model.SudokuField setValue
INFO: SudokuField changed value from 2 to 4
kwi 27, 2021 6:56:31 PM com.ad.sudoku.model.SudokuField setValue
INFO: SudokuField changed value from 4 to 7
kwi 27, 2021 6:56:31 PM com.ad.sudoku.model.SudokuField setValue
INFO: SudokuField changed value from 7 to 0
kwi 27, 2021 6:56:31 PM com.ad.sudoku.model.SudokuField setValue
INFO: SudokuField changed value from 3 to 0
kwi 27, 2021 6:56:31 PM com.ad.sudoku.model.SudokuField setValue
INFO: SudokuField changed value from 2 to 7
kwi 27, 2021 6:56:31 PM com.ad.sudoku.model.SudokuField setValue
INFO: SudokuField changed value from 7 to 5
kwi 27, 2021 6:56:31 PM com.ad.sudoku.model.SudokuField setValue
INFO: SudokuField changed value from 5 to 9
kwi 27, 2021 6:56:31 PM com.ad.sudoku.model.SudokuField setValue
INFO: SudokuField changed value from 9 to 6
kwi 27, 2021 6:56:31 PM com.ad.sudoku.model.SudokuField setValue
INFO: SudokuField changed value from 6 to 0
kwi 27, 2021 6:56:31 PM com.ad.sudoku.model.SudokuField setValue
INFO: SudokuField changed value from 8 to 7
kwi 27, 2021 6:56:31 PM com.ad.sudoku.model.SudokuField setValue
INFO: SudokuField changed value from 7 to 3
kwi 27, 2021 6:56:31 PM com.ad.sudoku.model.SudokuField setValue
INFO: SudokuField changed value from 3 to 1
kwi 27, 2021 6:56:31 PM com.ad.sudoku.model.SudokuField setValue
INFO: SudokuField changed value from 1 to 4
kwi 27, 2021 6:56:31 PM com.ad.sudoku.model.SudokuField setValue
INFO: SudokuField changed value from 4 to 5
kwi 27, 2021 6:56:31 PM com.ad.sudoku.model.SudokuField setValue
INFO: SudokuField changed value from 5 to 6
kwi 27, 2021 6:56:31 PM com.ad.sudoku.model.SudokuField setValue
INFO: SudokuField changed value from 6 to 2
kwi 27, 2021 6:56:31 PM com.ad.sudoku.model.SudokuField setValue
INFO: SudokuField changed value from 2 to 9
kwi 27, 2021 6:56:31 PM com.ad.sudoku.model.SudokuField setValue
INFO: SudokuField changed value from 0 to 7
kwi 27, 2021 6:56:31 PM com.ad.sudoku.model.SudokuField setValue
INFO: SudokuField changed value from 7 to 6
kwi 27, 2021 6:56:31 PM com.ad.sudoku.model.SudokuField setValue
INFO: SudokuField changed value from 6 to 9
kwi 27, 2021 6:56:31 PM com.ad.sudoku.model.SudokuField setValue
INFO: SudokuField changed value from 9 to 2
kwi 27, 2021 6:56:31 PM com.ad.sudoku.model.SudokuField setValue
INFO: SudokuField changed value from 0 to 3
kwi 27, 2021 6:56:31 PM com.ad.sudoku.model.SudokuField setValue
INFO: SudokuField changed value from 0 to 6
kwi 27, 2021 6:56:31 PM com.ad.sudoku.model.SudokuField setValue
INFO: SudokuField changed value from 6 to 5
kwi 27, 2021 6:56:31 PM com.ad.sudoku.model.SudokuField setValue
INFO: SudokuField changed value from 5 to 2
kwi 27, 2021 6:56:31 PM com.ad.sudoku.model.SudokuField setValue
INFO: SudokuField changed value from 2 to 3
kwi 27, 2021 6:56:31 PM com.ad.sudoku.model.SudokuField setValue
INFO: SudokuField changed value from 3 to 4
kwi 27, 2021 6:56:31 PM com.ad.sudoku.model.SudokuField setValue
INFO: SudokuField changed value from 4 to 9
kwi 27, 2021 6:56:31 PM com.ad.sudoku.model.SudokuField setValue
INFO: SudokuField changed value from 9 to 1
kwi 27, 2021 6:56:31 PM com.ad.sudoku.model.SudokuField setValue
INFO: SudokuField changed value from 1 to 7
kwi 27, 2021 6:56:31 PM com.ad.sudoku.model.SudokuField setValue
INFO: SudokuField changed value from 7 to 8
kwi 27, 2021 6:56:31 PM com.ad.sudoku.model.SudokuField setValue
INFO: SudokuField changed value from 0 to 7
kwi 27, 2021 6:56:31 PM com.ad.sudoku.model.SudokuField setValue
INFO: SudokuField changed value from 7 to 5
kwi 27, 2021 6:56:31 PM com.ad.sudoku.model.SudokuField setValue
INFO: SudokuField changed value from 5 to 4
kwi 27, 2021 6:56:31 PM com.ad.sudoku.model.SudokuField setValue
INFO: SudokuField changed value from 4 to 2
kwi 27, 2021 6:56:31 PM com.ad.sudoku.model.SudokuField setValue
INFO: SudokuField changed value from 0 to 9
kwi 27, 2021 6:56:31 PM com.ad.sudoku.model.SudokuField setValue
INFO: SudokuField changed value from 9 to 4
kwi 27, 2021 6:56:31 PM com.ad.sudoku.model.SudokuField setValue
INFO: SudokuField changed value from 4 to 3
kwi 27, 2021 6:56:31 PM com.ad.sudoku.model.SudokuField setValue
INFO: SudokuField changed value from 0 to 1
kwi 27, 2021 6:56:31 PM com.ad.sudoku.model.SudokuField setValue
INFO: SudokuField changed value from 1 to 3
kwi 27, 2021 6:56:31 PM com.ad.sudoku.model.SudokuField setValue
INFO: SudokuField changed value from 3 to 6
kwi 27, 2021 6:56:31 PM com.ad.sudoku.model.SudokuField setValue
INFO: SudokuField changed value from 6 to 2
kwi 27, 2021 6:56:31 PM com.ad.sudoku.model.SudokuField setValue
INFO: SudokuField changed value from 2 to 9
kwi 27, 2021 6:56:31 PM com.ad.sudoku.model.SudokuField setValue
INFO: SudokuField changed value from 9 to 5
kwi 27, 2021 6:56:31 PM com.ad.sudoku.model.SudokuField setValue
INFO: SudokuField changed value from 5 to 4
kwi 27, 2021 6:56:31 PM com.ad.sudoku.model.SudokuField setValue
INFO: SudokuField changed value from 4 to 8
kwi 27, 2021 6:56:31 PM com.ad.sudoku.model.SudokuField setValue
INFO: SudokuField changed value from 8 to 7
kwi 27, 2021 6:56:31 PM com.ad.sudoku.model.SudokuField setValue
INFO: SudokuField changed value from 0 to 9
kwi 27, 2021 6:56:31 PM com.ad.sudoku.model.SudokuField setValue
INFO: SudokuField changed value from 9 to 7
kwi 27, 2021 6:56:31 PM com.ad.sudoku.model.SudokuField setValue
INFO: SudokuField changed value from 7 to 2
kwi 27, 2021 6:56:31 PM com.ad.sudoku.model.SudokuField setValue
INFO: SudokuField changed value from 2 to 1
kwi 27, 2021 6:56:31 PM com.ad.sudoku.model.SudokuField setValue
INFO: SudokuField changed value from 1 to 5
kwi 27, 2021 6:56:31 PM com.ad.sudoku.model.SudokuField setValue
INFO: SudokuField changed value from 5 to 3
kwi 27, 2021 6:56:31 PM com.ad.sudoku.model.SudokuField setValue
INFO: SudokuField changed value from 3 to 4
kwi 27, 2021 6:56:31 PM com.ad.sudoku.model.SudokuField setValue
INFO: SudokuField changed value from 4 to 8
kwi 27, 2021 6:56:31 PM com.ad.sudoku.model.SudokuField setValue
INFO: SudokuField changed value from 8 to 6
kwi 27, 2021 6:56:31 PM com.ad.sudoku.model.SudokuField setValue
INFO: SudokuField changed value from 0 to 3
kwi 27, 2021 6:56:31 PM com.ad.sudoku.model.SudokuField setValue
INFO: SudokuField changed value from 3 to 4
kwi 27, 2021 6:56:31 PM com.ad.sudoku.model.SudokuField setValue
INFO: SudokuField changed value from 4 to 5
kwi 27, 2021 6:56:31 PM com.ad.sudoku.model.SudokuField setValue
INFO: SudokuField changed value from 5 to 2
kwi 27, 2021 6:56:31 PM com.ad.sudoku.model.SudokuField setValue
INFO: SudokuField changed value from 2 to 6
kwi 27, 2021 6:56:31 PM com.ad.sudoku.model.SudokuField setValue
INFO: SudokuField changed value from 6 to 7
kwi 27, 2021 6:56:31 PM com.ad.sudoku.model.SudokuField setValue
INFO: SudokuField changed value from 7 to 9
kwi 27, 2021 6:56:31 PM com.ad.sudoku.model.SudokuField setValue
INFO: SudokuField changed value from 9 to 1
kwi 27, 2021 6:56:31 PM com.ad.sudoku.model.SudokuField setValue
INFO: SudokuField changed value from 0 to 6
kwi 27, 2021 6:56:31 PM com.ad.sudoku.model.SudokuField setValue
INFO: SudokuField changed value from 6 to 8
kwi 27, 2021 6:56:31 PM com.ad.sudoku.model.SudokuField setValue
INFO: SudokuField changed value from 0 to 5
kwi 27, 2021 6:56:31 PM com.ad.sudoku.model.SudokuField setValue
INFO: SudokuField changed value from 0 to 2
kwi 27, 2021 6:56:31 PM com.ad.sudoku.model.SudokuField setValue
INFO: SudokuField changed value from 2 to 7
kwi 27, 2021 6:56:31 PM com.ad.sudoku.model.SudokuField setValue
INFO: SudokuField changed value from 7 to 8
kwi 27, 2021 6:56:31 PM com.ad.sudoku.model.SudokuField setValue
INFO: SudokuField changed value from 8 to 3
kwi 27, 2021 6:56:31 PM com.ad.sudoku.model.SudokuField setValue
INFO: SudokuField changed value from 3 to 1
kwi 27, 2021 6:56:31 PM com.ad.sudoku.model.SudokuField setValue
INFO: SudokuField changed value from 1 to 5
kwi 27, 2021 6:56:31 PM com.ad.sudoku.model.SudokuField setValue
INFO: SudokuField changed value from 5 to 4
kwi 27, 2021 6:56:31 PM com.ad.sudoku.model.SudokuField setValue
INFO: SudokuField changed value from 4 to 9
kwi 27, 2021 6:56:31 PM com.ad.sudoku.model.SudokuField setValue
INFO: SudokuField changed value from 0 to 8
kwi 27, 2021 6:56:31 PM com.ad.sudoku.model.SudokuField setValue
INFO: SudokuField changed value from 8 to 4
]]></system-err>
  </testcase>
  <testcase name="CanFixBoard" classname="BacktrackingSudokuSolverTest" time="0.309">
    <system-err><![CDATA[kwi 27, 2021 6:56:31 PM com.ad.sudoku.model.SudokuBoard solveGame
INFO: Solving the game...
kwi 27, 2021 6:56:31 PM com.ad.sudoku.model.SudokuField setValue
INFO: SudokuField changed value from 0 to 4
kwi 27, 2021 6:56:31 PM com.ad.sudoku.model.SudokuField setValue
INFO: SudokuField changed value from 0 to 3
kwi 27, 2021 6:56:31 PM com.ad.sudoku.model.SudokuField setValue
INFO: SudokuField changed value from 0 to 1
kwi 27, 2021 6:56:31 PM com.ad.sudoku.model.SudokuField setValue
INFO: SudokuField changed value from 0 to 5
kwi 27, 2021 6:56:31 PM com.ad.sudoku.model.SudokuField setValue
INFO: SudokuField changed value from 0 to 9
kwi 27, 2021 6:56:31 PM com.ad.sudoku.model.SudokuField setValue
INFO: SudokuField changed value from 0 to 8
kwi 27, 2021 6:56:31 PM com.ad.sudoku.model.SudokuField setValue
INFO: SudokuField changed value from 0 to 3
kwi 27, 2021 6:56:31 PM com.ad.sudoku.model.SudokuField setValue
INFO: SudokuField changed value from 3 to 9
kwi 27, 2021 6:56:31 PM com.ad.sudoku.model.SudokuField setValue
INFO: SudokuField changed value from 9 to 4
kwi 27, 2021 6:56:31 PM com.ad.sudoku.model.SudokuField setValue
INFO: SudokuField changed value from 4 to 1
kwi 27, 2021 6:56:31 PM com.ad.sudoku.model.SudokuField setValue
INFO: SudokuField changed value from 1 to 7
kwi 27, 2021 6:56:31 PM com.ad.sudoku.model.SudokuField setValue
INFO: SudokuField changed value from 0 to 2
kwi 27, 2021 6:56:31 PM com.ad.sudoku.model.SudokuField setValue
INFO: SudokuField changed value from 0 to 2
kwi 27, 2021 6:56:31 PM com.ad.sudoku.model.SudokuField setValue
INFO: SudokuField changed value from 2 to 6
kwi 27, 2021 6:56:31 PM com.ad.sudoku.model.SudokuField setValue
INFO: SudokuField changed value from 0 to 1
kwi 27, 2021 6:56:31 PM com.ad.sudoku.model.SudokuField setValue
INFO: SudokuField changed value from 1 to 4
kwi 27, 2021 6:56:31 PM com.ad.sudoku.model.SudokuField setValue
INFO: SudokuField changed value from 4 to 6
kwi 27, 2021 6:56:31 PM com.ad.sudoku.model.SudokuField setValue
INFO: SudokuField changed value from 0 to 6
kwi 27, 2021 6:56:31 PM com.ad.sudoku.model.SudokuField setValue
INFO: SudokuField changed value from 6 to 4
kwi 27, 2021 6:56:31 PM com.ad.sudoku.model.SudokuField setValue
INFO: SudokuField changed value from 4 to 2
kwi 27, 2021 6:56:31 PM com.ad.sudoku.model.SudokuField setValue
INFO: SudokuField changed value from 0 to 1
kwi 27, 2021 6:56:31 PM com.ad.sudoku.model.SudokuField setValue
INFO: SudokuField changed value from 1 to 2
kwi 27, 2021 6:56:31 PM com.ad.sudoku.model.SudokuField setValue
INFO: SudokuField changed value from 2 to 4
kwi 27, 2021 6:56:31 PM com.ad.sudoku.model.SudokuField setValue
INFO: SudokuField changed value from 4 to 9
kwi 27, 2021 6:56:31 PM com.ad.sudoku.model.SudokuField setValue
INFO: SudokuField changed value from 0 to 8
kwi 27, 2021 6:56:31 PM com.ad.sudoku.model.SudokuField setValue
INFO: SudokuField changed value from 8 to 1
kwi 27, 2021 6:56:31 PM com.ad.sudoku.model.SudokuField setValue
INFO: SudokuField changed value from 0 to 7
kwi 27, 2021 6:56:31 PM com.ad.sudoku.model.SudokuField setValue
INFO: SudokuField changed value from 0 to 4
kwi 27, 2021 6:56:31 PM com.ad.sudoku.model.SudokuField setValue
INFO: SudokuField changed value from 0 to 4
kwi 27, 2021 6:56:31 PM com.ad.sudoku.model.SudokuField setValue
INFO: SudokuField changed value from 4 to 9
kwi 27, 2021 6:56:31 PM com.ad.sudoku.model.SudokuField setValue
INFO: SudokuField changed value from 9 to 6
kwi 27, 2021 6:56:31 PM com.ad.sudoku.model.SudokuField setValue
INFO: SudokuField changed value from 6 to 2
kwi 27, 2021 6:56:31 PM com.ad.sudoku.model.SudokuField setValue
INFO: SudokuField changed value from 2 to 8
kwi 27, 2021 6:56:31 PM com.ad.sudoku.model.SudokuField setValue
INFO: SudokuField changed value from 0 to 7
kwi 27, 2021 6:56:31 PM com.ad.sudoku.model.SudokuField setValue
INFO: SudokuField changed value from 7 to 3
kwi 27, 2021 6:56:31 PM com.ad.sudoku.model.SudokuField setValue
INFO: SudokuField changed value from 0 to 8
kwi 27, 2021 6:56:31 PM com.ad.sudoku.model.SudokuField setValue
INFO: SudokuField changed value from 8 to 3
kwi 27, 2021 6:56:31 PM com.ad.sudoku.model.SudokuField setValue
INFO: SudokuField changed value from 3 to 1
kwi 27, 2021 6:56:31 PM com.ad.sudoku.model.SudokuField setValue
INFO: SudokuField changed value from 1 to 9
kwi 27, 2021 6:56:31 PM com.ad.sudoku.model.SudokuField setValue
INFO: SudokuField changed value from 9 to 4
kwi 27, 2021 6:56:31 PM com.ad.sudoku.model.SudokuField setValue
INFO: SudokuField changed value from 4 to 5
kwi 27, 2021 6:56:31 PM com.ad.sudoku.model.SudokuField setValue
INFO: SudokuField changed value from 0 to 5
kwi 27, 2021 6:56:31 PM com.ad.sudoku.model.SudokuField setValue
INFO: SudokuField changed value from 0 to 7
kwi 27, 2021 6:56:31 PM com.ad.sudoku.model.SudokuField setValue
INFO: SudokuField changed value from 0 to 5
kwi 27, 2021 6:56:31 PM com.ad.sudoku.model.SudokuField setValue
INFO: SudokuField changed value from 5 to 3
kwi 27, 2021 6:56:31 PM com.ad.sudoku.model.SudokuField setValue
INFO: SudokuField changed value from 3 to 9
kwi 27, 2021 6:56:31 PM com.ad.sudoku.model.SudokuField setValue
INFO: SudokuField changed value from 9 to 2
kwi 27, 2021 6:56:31 PM com.ad.sudoku.model.SudokuField setValue
INFO: SudokuField changed value from 2 to 8
kwi 27, 2021 6:56:31 PM com.ad.sudoku.model.SudokuField setValue
INFO: SudokuField changed value from 0 to 8
kwi 27, 2021 6:56:31 PM com.ad.sudoku.model.SudokuField setValue
INFO: SudokuField changed value from 8 to 5
kwi 27, 2021 6:56:31 PM com.ad.sudoku.model.SudokuField setValue
INFO: SudokuField changed value from 5 to 4
kwi 27, 2021 6:56:31 PM com.ad.sudoku.model.SudokuField setValue
INFO: SudokuField changed value from 4 to 6
kwi 27, 2021 6:56:31 PM com.ad.sudoku.model.SudokuField setValue
INFO: SudokuField changed value from 0 to 9
kwi 27, 2021 6:56:31 PM com.ad.sudoku.model.SudokuField setValue
INFO: SudokuField changed value from 9 to 5
kwi 27, 2021 6:56:31 PM com.ad.sudoku.model.SudokuField setValue
INFO: SudokuField changed value from 5 to 6
kwi 27, 2021 6:56:31 PM com.ad.sudoku.model.SudokuField setValue
INFO: SudokuField changed value from 6 to 3
kwi 27, 2021 6:56:31 PM com.ad.sudoku.model.SudokuField setValue
INFO: SudokuField changed value from 0 to 8
kwi 27, 2021 6:56:31 PM com.ad.sudoku.model.SudokuField setValue
INFO: SudokuField changed value from 8 to 3
kwi 27, 2021 6:56:31 PM com.ad.sudoku.model.SudokuField setValue
INFO: SudokuField changed value from 3 to 1
kwi 27, 2021 6:56:31 PM com.ad.sudoku.model.SudokuField setValue
INFO: SudokuField changed value from 1 to 7
kwi 27, 2021 6:56:31 PM com.ad.sudoku.model.SudokuField setValue
INFO: SudokuField changed value from 7 to 4
kwi 27, 2021 6:56:31 PM com.ad.sudoku.model.SudokuField setValue
INFO: SudokuField changed value from 4 to 5
kwi 27, 2021 6:56:31 PM com.ad.sudoku.model.SudokuField setValue
INFO: SudokuField changed value from 5 to 2
kwi 27, 2021 6:56:31 PM com.ad.sudoku.model.SudokuField setValue
INFO: SudokuField changed value from 0 to 2
kwi 27, 2021 6:56:31 PM com.ad.sudoku.model.SudokuField setValue
INFO: SudokuField changed value from 2 to 5
kwi 27, 2021 6:56:31 PM com.ad.sudoku.model.SudokuField setValue
INFO: SudokuField changed value from 5 to 1
kwi 27, 2021 6:56:31 PM com.ad.sudoku.model.SudokuField setValue
INFO: SudokuField changed value from 0 to 8
kwi 27, 2021 6:56:31 PM com.ad.sudoku.model.SudokuField setValue
INFO: SudokuField changed value from 8 to 7
kwi 27, 2021 6:56:31 PM com.ad.sudoku.model.SudokuField setValue
INFO: SudokuField changed value from 7 to 6
kwi 27, 2021 6:56:31 PM com.ad.sudoku.model.SudokuField setValue
INFO: SudokuField changed value from 6 to 5
kwi 27, 2021 6:56:31 PM com.ad.sudoku.model.SudokuField setValue
INFO: SudokuField changed value from 5 to 4
kwi 27, 2021 6:56:31 PM com.ad.sudoku.model.SudokuField setValue
INFO: SudokuField changed value from 0 to 7
kwi 27, 2021 6:56:31 PM com.ad.sudoku.model.SudokuField setValue
INFO: SudokuField changed value from 7 to 1
kwi 27, 2021 6:56:31 PM com.ad.sudoku.model.SudokuField setValue
INFO: SudokuField changed value from 1 to 8
kwi 27, 2021 6:56:31 PM com.ad.sudoku.model.SudokuField setValue
INFO: SudokuField changed value from 8 to 9
kwi 27, 2021 6:56:31 PM com.ad.sudoku.model.SudokuField setValue
INFO: SudokuField changed value from 0 to 5
kwi 27, 2021 6:56:31 PM com.ad.sudoku.model.SudokuField setValue
INFO: SudokuField changed value from 5 to 6
kwi 27, 2021 6:56:31 PM com.ad.sudoku.model.SudokuField setValue
INFO: SudokuField changed value from 6 to 7
kwi 27, 2021 6:56:31 PM com.ad.sudoku.model.SudokuField setValue
INFO: SudokuField changed value from 0 to 4
kwi 27, 2021 6:56:31 PM com.ad.sudoku.model.SudokuField setValue
INFO: SudokuField changed value from 0 to 2
kwi 27, 2021 6:56:31 PM com.ad.sudoku.model.SudokuField setValue
INFO: SudokuField changed value from 0 to 7
kwi 27, 2021 6:56:31 PM com.ad.sudoku.model.SudokuField setValue
INFO: SudokuField changed value from 7 to 6
kwi 27, 2021 6:56:31 PM com.ad.sudoku.model.SudokuField setValue
INFO: SudokuField changed value from 6 to 3
kwi 27, 2021 6:56:31 PM com.ad.sudoku.model.SudokuField setValue
INFO: SudokuField changed value from 0 to 2
kwi 27, 2021 6:56:31 PM com.ad.sudoku.model.SudokuField setValue
INFO: SudokuField changed value from 2 to 8
kwi 27, 2021 6:56:31 PM com.ad.sudoku.model.SudokuField setValue
INFO: SudokuField changed value from 0 to 4
kwi 27, 2021 6:56:31 PM com.ad.sudoku.model.SudokuField setValue
INFO: SudokuField changed value from 4 to 8
kwi 27, 2021 6:56:31 PM com.ad.sudoku.model.SudokuField setValue
INFO: SudokuField changed value from 8 to 2
kwi 27, 2021 6:56:31 PM com.ad.sudoku.model.SudokuField setValue
INFO: SudokuField changed value from 2 to 3
kwi 27, 2021 6:56:31 PM com.ad.sudoku.model.SudokuField setValue
INFO: SudokuField changed value from 3 to 1
kwi 27, 2021 6:56:31 PM com.ad.sudoku.model.SudokuField setValue
INFO: SudokuField changed value from 0 to 8
kwi 27, 2021 6:56:31 PM com.ad.sudoku.model.SudokuField setValue
INFO: SudokuField changed value from 8 to 6
kwi 27, 2021 6:56:31 PM com.ad.sudoku.model.SudokuField setValue
INFO: SudokuField changed value from 0 to 7
kwi 27, 2021 6:56:31 PM com.ad.sudoku.model.SudokuField setValue
INFO: SudokuField changed value from 7 to 1
kwi 27, 2021 6:56:31 PM com.ad.sudoku.model.SudokuField setValue
INFO: SudokuField changed value from 1 to 9
kwi 27, 2021 6:56:31 PM com.ad.sudoku.model.SudokuField setValue
INFO: SudokuField changed value from 0 to 7
kwi 27, 2021 6:56:31 PM com.ad.sudoku.model.SudokuField setValue
INFO: SudokuField changed value from 7 to 3
kwi 27, 2021 6:56:31 PM com.ad.sudoku.model.SudokuField setValue
INFO: SudokuField changed value from 3 to 5
kwi 27, 2021 6:56:31 PM com.ad.sudoku.model.SudokuField setValue
INFO: SudokuField changed value from 5 to 9
kwi 27, 2021 6:56:31 PM com.ad.sudoku.model.SudokuField setValue
INFO: SudokuField changed value from 9 to 4
kwi 27, 2021 6:56:31 PM com.ad.sudoku.model.SudokuField setValue
INFO: SudokuField changed value from 4 to 2
kwi 27, 2021 6:56:31 PM com.ad.sudoku.model.SudokuField setValue
INFO: SudokuField changed value from 2 to 8
kwi 27, 2021 6:56:31 PM com.ad.sudoku.model.SudokuField setValue
INFO: SudokuField changed value from 8 to 6
kwi 27, 2021 6:56:31 PM com.ad.sudoku.model.SudokuField setValue
INFO: SudokuField changed value from 6 to 1
kwi 27, 2021 6:56:31 PM com.ad.sudoku.model.SudokuField setValue
INFO: SudokuField changed value from 1 to 0
kwi 27, 2021 6:56:31 PM com.ad.sudoku.model.SudokuField setValue
INFO: SudokuField changed value from 9 to 6
kwi 27, 2021 6:56:31 PM com.ad.sudoku.model.SudokuField setValue
INFO: SudokuField changed value from 6 to 2
kwi 27, 2021 6:56:31 PM com.ad.sudoku.model.SudokuField setValue
INFO: SudokuField changed value from 2 to 3
kwi 27, 2021 6:56:31 PM com.ad.sudoku.model.SudokuField setValue
INFO: SudokuField changed value from 3 to 5
kwi 27, 2021 6:56:31 PM com.ad.sudoku.model.SudokuField setValue
INFO: SudokuField changed value from 0 to 6
kwi 27, 2021 6:56:31 PM com.ad.sudoku.model.SudokuField setValue
INFO: SudokuField changed value from 6 to 8
kwi 27, 2021 6:56:31 PM com.ad.sudoku.model.SudokuField setValue
INFO: SudokuField changed value from 8 to 1
kwi 27, 2021 6:56:31 PM com.ad.sudoku.model.SudokuField setValue
INFO: SudokuField changed value from 1 to 7
kwi 27, 2021 6:56:31 PM com.ad.sudoku.model.SudokuField setValue
INFO: SudokuField changed value from 7 to 5
kwi 27, 2021 6:56:31 PM com.ad.sudoku.model.SudokuField setValue
INFO: SudokuField changed value from 5 to 4
kwi 27, 2021 6:56:31 PM com.ad.sudoku.model.SudokuField setValue
INFO: SudokuField changed value from 4 to 3
kwi 27, 2021 6:56:31 PM com.ad.sudoku.model.SudokuField setValue
INFO: SudokuField changed value from 3 to 9
kwi 27, 2021 6:56:31 PM com.ad.sudoku.model.SudokuField setValue
INFO: SudokuField changed value from 9 to 2
kwi 27, 2021 6:56:31 PM com.ad.sudoku.model.SudokuField setValue
INFO: SudokuField changed value from 2 to 0
kwi 27, 2021 6:56:31 PM com.ad.sudoku.model.SudokuField setValue
INFO: SudokuField changed value from 5 to 4
kwi 27, 2021 6:56:31 PM com.ad.sudoku.model.SudokuField setValue
INFO: SudokuField changed value from 4 to 8
kwi 27, 2021 6:56:31 PM com.ad.sudoku.model.SudokuField setValue
INFO: SudokuField changed value from 8 to 0
kwi 27, 2021 6:56:31 PM com.ad.sudoku.model.SudokuField setValue
INFO: SudokuField changed value from 6 to 1
kwi 27, 2021 6:56:31 PM com.ad.sudoku.model.SudokuField setValue
INFO: SudokuField changed value from 1 to 4
kwi 27, 2021 6:56:31 PM com.ad.sudoku.model.SudokuField setValue
INFO: SudokuField changed value from 4 to 9
kwi 27, 2021 6:56:31 PM com.ad.sudoku.model.SudokuField setValue
INFO: SudokuField changed value from 0 to 4
kwi 27, 2021 6:56:31 PM com.ad.sudoku.model.SudokuField setValue
INFO: SudokuField changed value from 4 to 9
kwi 27, 2021 6:56:31 PM com.ad.sudoku.model.SudokuField setValue
INFO: SudokuField changed value from 9 to 8
kwi 27, 2021 6:56:31 PM com.ad.sudoku.model.SudokuField setValue
INFO: SudokuField changed value from 8 to 2
kwi 27, 2021 6:56:31 PM com.ad.sudoku.model.SudokuField setValue
INFO: SudokuField changed value from 2 to 1
kwi 27, 2021 6:56:31 PM com.ad.sudoku.model.SudokuField setValue
INFO: SudokuField changed value from 1 to 7
kwi 27, 2021 6:56:31 PM com.ad.sudoku.model.SudokuField setValue
INFO: SudokuField changed value from 7 to 5
kwi 27, 2021 6:56:31 PM com.ad.sudoku.model.SudokuField setValue
INFO: SudokuField changed value from 0 to 7
kwi 27, 2021 6:56:31 PM com.ad.sudoku.model.SudokuField setValue
INFO: SudokuField changed value from 7 to 6
kwi 27, 2021 6:56:31 PM com.ad.sudoku.model.SudokuField setValue
INFO: SudokuField changed value from 6 to 1
kwi 27, 2021 6:56:31 PM com.ad.sudoku.model.SudokuField setValue
INFO: SudokuField changed value from 1 to 3
kwi 27, 2021 6:56:31 PM com.ad.sudoku.model.SudokuField setValue
INFO: SudokuField changed value from 3 to 2
kwi 27, 2021 6:56:31 PM com.ad.sudoku.model.SudokuField setValue
INFO: SudokuField changed value from 2 to 5
kwi 27, 2021 6:56:31 PM com.ad.sudoku.model.SudokuField setValue
INFO: SudokuField changed value from 5 to 4
kwi 27, 2021 6:56:31 PM com.ad.sudoku.model.SudokuField setValue
INFO: SudokuField changed value from 4 to 8
kwi 27, 2021 6:56:31 PM com.ad.sudoku.model.SudokuField setValue
INFO: SudokuField changed value from 8 to 9
kwi 27, 2021 6:56:31 PM com.ad.sudoku.model.SudokuField setValue
INFO: SudokuField changed value from 9 to 0
kwi 27, 2021 6:56:31 PM com.ad.sudoku.model.SudokuField setValue
INFO: SudokuField changed value from 5 to 3
kwi 27, 2021 6:56:31 PM com.ad.sudoku.model.SudokuField setValue
INFO: SudokuField changed value from 3 to 6
kwi 27, 2021 6:56:31 PM com.ad.sudoku.model.SudokuField setValue
INFO: SudokuField changed value from 0 to 6
kwi 27, 2021 6:56:31 PM com.ad.sudoku.model.SudokuField setValue
INFO: SudokuField changed value from 6 to 4
kwi 27, 2021 6:56:31 PM com.ad.sudoku.model.SudokuField setValue
INFO: SudokuField changed value from 4 to 5
kwi 27, 2021 6:56:31 PM com.ad.sudoku.model.SudokuField setValue
INFO: SudokuField changed value from 5 to 3
kwi 27, 2021 6:56:31 PM com.ad.sudoku.model.SudokuField setValue
INFO: SudokuField changed value from 3 to 7
kwi 27, 2021 6:56:31 PM com.ad.sudoku.model.SudokuField setValue
INFO: SudokuField changed value from 7 to 1
kwi 27, 2021 6:56:31 PM com.ad.sudoku.model.SudokuField setValue
INFO: SudokuField changed value from 1 to 8
kwi 27, 2021 6:56:31 PM com.ad.sudoku.model.SudokuField setValue
INFO: SudokuField changed value from 8 to 9
kwi 27, 2021 6:56:31 PM com.ad.sudoku.model.SudokuField setValue
INFO: SudokuField changed value from 9 to 2
kwi 27, 2021 6:56:31 PM com.ad.sudoku.model.SudokuField setValue
INFO: SudokuField changed value from 2 to 0
kwi 27, 2021 6:56:31 PM com.ad.sudoku.model.SudokuField setValue
INFO: SudokuField changed value from 6 to 0
kwi 27, 2021 6:56:31 PM com.ad.sudoku.model.SudokuField setValue
INFO: SudokuField changed value from 9 to 2
kwi 27, 2021 6:56:31 PM com.ad.sudoku.model.SudokuField setValue
INFO: SudokuField changed value from 2 to 3
kwi 27, 2021 6:56:31 PM com.ad.sudoku.model.SudokuField setValue
INFO: SudokuField changed value from 3 to 5
kwi 27, 2021 6:56:31 PM com.ad.sudoku.model.SudokuField setValue
INFO: SudokuField changed value from 0 to 8
kwi 27, 2021 6:56:31 PM com.ad.sudoku.model.SudokuField setValue
INFO: SudokuField changed value from 8 to 3
kwi 27, 2021 6:56:31 PM com.ad.sudoku.model.SudokuField setValue
INFO: SudokuField changed value from 3 to 6
kwi 27, 2021 6:56:31 PM com.ad.sudoku.model.SudokuField setValue
INFO: SudokuField changed value from 0 to 7
kwi 27, 2021 6:56:31 PM com.ad.sudoku.model.SudokuField setValue
INFO: SudokuField changed value from 7 to 2
kwi 27, 2021 6:56:31 PM com.ad.sudoku.model.SudokuField setValue
INFO: SudokuField changed value from 2 to 9
kwi 27, 2021 6:56:31 PM com.ad.sudoku.model.SudokuField setValue
INFO: SudokuField changed value from 9 to 5
kwi 27, 2021 6:56:31 PM com.ad.sudoku.model.SudokuField setValue
INFO: SudokuField changed value from 5 to 1
kwi 27, 2021 6:56:31 PM com.ad.sudoku.model.SudokuField setValue
INFO: SudokuField changed value from 1 to 3
kwi 27, 2021 6:56:31 PM com.ad.sudoku.model.SudokuField setValue
INFO: SudokuField changed value from 3 to 4
kwi 27, 2021 6:56:31 PM com.ad.sudoku.model.SudokuField setValue
INFO: SudokuField changed value from 4 to 6
kwi 27, 2021 6:56:31 PM com.ad.sudoku.model.SudokuField setValue
INFO: SudokuField changed value from 6 to 8
kwi 27, 2021 6:56:31 PM com.ad.sudoku.model.SudokuField setValue
INFO: SudokuField changed value from 8 to 0
kwi 27, 2021 6:56:31 PM com.ad.sudoku.model.SudokuField setValue
INFO: SudokuField changed value from 6 to 2
kwi 27, 2021 6:56:31 PM com.ad.sudoku.model.SudokuField setValue
INFO: SudokuField changed value from 2 to 9
kwi 27, 2021 6:56:31 PM com.ad.sudoku.model.SudokuField setValue
INFO: SudokuField changed value from 0 to 6
kwi 27, 2021 6:56:31 PM com.ad.sudoku.model.SudokuField setValue
INFO: SudokuField changed value from 6 to 4
kwi 27, 2021 6:56:31 PM com.ad.sudoku.model.SudokuField setValue
INFO: SudokuField changed value from 4 to 2
kwi 27, 2021 6:56:31 PM com.ad.sudoku.model.SudokuField setValue
INFO: SudokuField changed value from 2 to 3
kwi 27, 2021 6:56:31 PM com.ad.sudoku.model.SudokuField setValue
INFO: SudokuField changed value from 3 to 9
kwi 27, 2021 6:56:31 PM com.ad.sudoku.model.SudokuField setValue
INFO: SudokuField changed value from 9 to 8
kwi 27, 2021 6:56:31 PM com.ad.sudoku.model.SudokuField setValue
INFO: SudokuField changed value from 8 to 1
kwi 27, 2021 6:56:31 PM com.ad.sudoku.model.SudokuField setValue
INFO: SudokuField changed value from 1 to 7
kwi 27, 2021 6:56:31 PM com.ad.sudoku.model.SudokuField setValue
INFO: SudokuField changed value from 7 to 5
kwi 27, 2021 6:56:31 PM com.ad.sudoku.model.SudokuField setValue
INFO: SudokuField changed value from 5 to 0
kwi 27, 2021 6:56:31 PM com.ad.sudoku.model.SudokuField setValue
INFO: SudokuField changed value from 9 to 1
kwi 27, 2021 6:56:31 PM com.ad.sudoku.model.SudokuField setValue
INFO: SudokuField changed value from 1 to 5
kwi 27, 2021 6:56:31 PM com.ad.sudoku.model.SudokuField setValue
INFO: SudokuField changed value from 5 to 4
kwi 27, 2021 6:56:31 PM com.ad.sudoku.model.SudokuField setValue
INFO: SudokuField changed value from 4 to 7
kwi 27, 2021 6:56:31 PM com.ad.sudoku.model.SudokuField setValue
INFO: SudokuField changed value from 7 to 0
kwi 27, 2021 6:56:31 PM com.ad.sudoku.model.SudokuField setValue
INFO: SudokuField changed value from 5 to 7
kwi 27, 2021 6:56:31 PM com.ad.sudoku.model.SudokuField setValue
INFO: SudokuField changed value from 7 to 0
kwi 27, 2021 6:56:31 PM com.ad.sudoku.model.SudokuField setValue
INFO: SudokuField changed value from 1 to 6
kwi 27, 2021 6:56:31 PM com.ad.sudoku.model.SudokuField setValue
INFO: SudokuField changed value from 0 to 3
kwi 27, 2021 6:56:31 PM com.ad.sudoku.model.SudokuField setValue
INFO: SudokuField changed value from 3 to 7
kwi 27, 2021 6:56:31 PM com.ad.sudoku.model.SudokuField setValue
INFO: SudokuField changed value from 7 to 2
kwi 27, 2021 6:56:31 PM com.ad.sudoku.model.SudokuField setValue
INFO: SudokuField changed value from 2 to 6
kwi 27, 2021 6:56:31 PM com.ad.sudoku.model.SudokuField setValue
INFO: SudokuField changed value from 6 to 1
kwi 27, 2021 6:56:31 PM com.ad.sudoku.model.SudokuField setValue
INFO: SudokuField changed value from 1 to 9
kwi 27, 2021 6:56:31 PM com.ad.sudoku.model.SudokuField setValue
INFO: SudokuField changed value from 0 to 3
kwi 27, 2021 6:56:31 PM com.ad.sudoku.model.SudokuField setValue
INFO: SudokuField changed value from 3 to 7
kwi 27, 2021 6:56:31 PM com.ad.sudoku.model.SudokuField setValue
INFO: SudokuField changed value from 7 to 5
kwi 27, 2021 6:56:31 PM com.ad.sudoku.model.SudokuField setValue
INFO: SudokuField changed value from 0 to 1
kwi 27, 2021 6:56:31 PM com.ad.sudoku.model.SudokuField setValue
INFO: SudokuField changed value from 0 to 8
kwi 27, 2021 6:56:31 PM com.ad.sudoku.model.SudokuField setValue
INFO: SudokuField changed value from 0 to 6
kwi 27, 2021 6:56:31 PM com.ad.sudoku.model.SudokuField setValue
INFO: SudokuField changed value from 0 to 7
kwi 27, 2021 6:56:31 PM com.ad.sudoku.model.SudokuField setValue
INFO: SudokuField changed value from 7 to 6
kwi 27, 2021 6:56:31 PM com.ad.sudoku.model.SudokuField setValue
INFO: SudokuField changed value from 6 to 3
kwi 27, 2021 6:56:31 PM com.ad.sudoku.model.SudokuField setValue
INFO: SudokuField changed value from 0 to 5
kwi 27, 2021 6:56:31 PM com.ad.sudoku.model.SudokuField setValue
INFO: SudokuField changed value from 5 to 9
kwi 27, 2021 6:56:31 PM com.ad.sudoku.model.SudokuField setValue
INFO: SudokuField changed value from 0 to 2
kwi 27, 2021 6:56:31 PM com.ad.sudoku.model.SudokuField setValue
INFO: SudokuField changed value from 0 to 8
kwi 27, 2021 6:56:31 PM com.ad.sudoku.model.SudokuField setValue
INFO: SudokuField changed value from 8 to 7
kwi 27, 2021 6:56:31 PM com.ad.sudoku.model.SudokuField setValue
INFO: SudokuField changed value from 0 to 4
kwi 27, 2021 6:56:31 PM com.ad.sudoku.model.SudokuField setValue
INFO: SudokuField changed value from 0 to 4
kwi 27, 2021 6:56:31 PM com.ad.sudoku.model.SudokuField setValue
INFO: SudokuField changed value from 4 to 3
kwi 27, 2021 6:56:31 PM com.ad.sudoku.model.SudokuField setValue
INFO: SudokuField changed value from 3 to 1
kwi 27, 2021 6:56:31 PM com.ad.sudoku.model.SudokuField setValue
INFO: SudokuField changed value from 1 to 5
kwi 27, 2021 6:56:31 PM com.ad.sudoku.model.SudokuField setValue
INFO: SudokuField changed value from 5 to 7
kwi 27, 2021 6:56:31 PM com.ad.sudoku.model.SudokuField setValue
INFO: SudokuField changed value from 7 to 6
kwi 27, 2021 6:56:31 PM com.ad.sudoku.model.SudokuField setValue
INFO: SudokuField changed value from 6 to 8
kwi 27, 2021 6:56:31 PM com.ad.sudoku.model.SudokuField setValue
INFO: SudokuField changed value from 8 to 9
kwi 27, 2021 6:56:31 PM com.ad.sudoku.model.SudokuField setValue
INFO: SudokuField changed value from 9 to 2
kwi 27, 2021 6:56:31 PM com.ad.sudoku.model.SudokuField setValue
INFO: SudokuField changed value from 2 to 0
kwi 27, 2021 6:56:31 PM com.ad.sudoku.model.SudokuField setValue
INFO: SudokuField changed value from 4 to 7
kwi 27, 2021 6:56:31 PM com.ad.sudoku.model.SudokuField setValue
INFO: SudokuField changed value from 7 to 5
kwi 27, 2021 6:56:31 PM com.ad.sudoku.model.SudokuField setValue
INFO: SudokuField changed value from 5 to 8
kwi 27, 2021 6:56:31 PM com.ad.sudoku.model.SudokuField setValue
INFO: SudokuField changed value from 8 to 2
kwi 27, 2021 6:56:31 PM com.ad.sudoku.model.SudokuField setValue
INFO: SudokuField changed value from 2 to 1
kwi 27, 2021 6:56:31 PM com.ad.sudoku.model.SudokuField setValue
INFO: SudokuField changed value from 1 to 9
kwi 27, 2021 6:56:31 PM com.ad.sudoku.model.SudokuField setValue
INFO: SudokuField changed value from 9 to 3
kwi 27, 2021 6:56:31 PM com.ad.sudoku.model.SudokuField setValue
INFO: SudokuField changed value from 3 to 6
kwi 27, 2021 6:56:31 PM com.ad.sudoku.model.SudokuField setValue
INFO: SudokuField changed value from 6 to 0
kwi 27, 2021 6:56:31 PM com.ad.sudoku.model.SudokuField setValue
INFO: SudokuField changed value from 7 to 1
kwi 27, 2021 6:56:31 PM com.ad.sudoku.model.SudokuField setValue
INFO: SudokuField changed value from 0 to 9
kwi 27, 2021 6:56:31 PM com.ad.sudoku.model.SudokuField setValue
INFO: SudokuField changed value from 9 to 6
kwi 27, 2021 6:56:31 PM com.ad.sudoku.model.SudokuField setValue
INFO: SudokuField changed value from 6 to 4
kwi 27, 2021 6:56:31 PM com.ad.sudoku.model.SudokuField setValue
INFO: SudokuField changed value from 0 to 4
kwi 27, 2021 6:56:31 PM com.ad.sudoku.model.SudokuField setValue
INFO: SudokuField changed value from 4 to 8
kwi 27, 2021 6:56:31 PM com.ad.sudoku.model.SudokuField setValue
INFO: SudokuField changed value from 8 to 9
kwi 27, 2021 6:56:31 PM com.ad.sudoku.model.SudokuField setValue
INFO: SudokuField changed value from 9 to 6
kwi 27, 2021 6:56:31 PM com.ad.sudoku.model.SudokuField setValue
INFO: SudokuField changed value from 6 to 1
kwi 27, 2021 6:56:31 PM com.ad.sudoku.model.SudokuField setValue
INFO: SudokuField changed value from 1 to 2
kwi 27, 2021 6:56:31 PM com.ad.sudoku.model.SudokuField setValue
INFO: SudokuField changed value from 2 to 5
kwi 27, 2021 6:56:31 PM com.ad.sudoku.model.SudokuField setValue
INFO: SudokuField changed value from 5 to 7
kwi 27, 2021 6:56:31 PM com.ad.sudoku.model.SudokuField setValue
INFO: SudokuField changed value from 0 to 9
kwi 27, 2021 6:56:31 PM com.ad.sudoku.model.SudokuField setValue
INFO: SudokuField changed value from 9 to 4
kwi 27, 2021 6:56:31 PM com.ad.sudoku.model.SudokuField setValue
INFO: SudokuField changed value from 4 to 1
kwi 27, 2021 6:56:31 PM com.ad.sudoku.model.SudokuField setValue
INFO: SudokuField changed value from 1 to 2
kwi 27, 2021 6:56:31 PM com.ad.sudoku.model.SudokuField setValue
INFO: SudokuField changed value from 2 to 8
kwi 27, 2021 6:56:31 PM com.ad.sudoku.model.SudokuField setValue
INFO: SudokuField changed value from 8 to 5
kwi 27, 2021 6:56:31 PM com.ad.sudoku.model.SudokuField setValue
INFO: SudokuField changed value from 5 to 3
kwi 27, 2021 6:56:31 PM com.ad.sudoku.model.SudokuField setValue
INFO: SudokuField changed value from 3 to 6
kwi 27, 2021 6:56:31 PM com.ad.sudoku.model.SudokuField setValue
INFO: SudokuField changed value from 6 to 7
kwi 27, 2021 6:56:31 PM com.ad.sudoku.model.SudokuField setValue
INFO: SudokuField changed value from 7 to 0
kwi 27, 2021 6:56:31 PM com.ad.sudoku.model.SudokuField setValue
INFO: SudokuField changed value from 7 to 3
kwi 27, 2021 6:56:31 PM com.ad.sudoku.model.SudokuField setValue
INFO: SudokuField changed value from 3 to 0
kwi 27, 2021 6:56:31 PM com.ad.sudoku.model.SudokuField setValue
INFO: SudokuField changed value from 4 to 8
kwi 27, 2021 6:56:31 PM com.ad.sudoku.model.SudokuField setValue
INFO: SudokuField changed value from 8 to 5
kwi 27, 2021 6:56:31 PM com.ad.sudoku.model.SudokuField setValue
INFO: SudokuField changed value from 5 to 7
kwi 27, 2021 6:56:31 PM com.ad.sudoku.model.SudokuField setValue
INFO: SudokuField changed value from 7 to 1
kwi 27, 2021 6:56:31 PM com.ad.sudoku.model.SudokuField setValue
INFO: SudokuField changed value from 1 to 2
kwi 27, 2021 6:56:31 PM com.ad.sudoku.model.SudokuField setValue
INFO: SudokuField changed value from 2 to 3
kwi 27, 2021 6:56:31 PM com.ad.sudoku.model.SudokuField setValue
INFO: SudokuField changed value from 3 to 0
kwi 27, 2021 6:56:31 PM com.ad.sudoku.model.SudokuField setValue
INFO: SudokuField changed value from 1 to 5
kwi 27, 2021 6:56:31 PM com.ad.sudoku.model.SudokuField setValue
INFO: SudokuField changed value from 0 to 9
kwi 27, 2021 6:56:31 PM com.ad.sudoku.model.SudokuField setValue
INFO: SudokuField changed value from 9 to 1
kwi 27, 2021 6:56:31 PM com.ad.sudoku.model.SudokuField setValue
INFO: SudokuField changed value from 1 to 8
kwi 27, 2021 6:56:31 PM com.ad.sudoku.model.SudokuField setValue
INFO: SudokuField changed value from 8 to 5
kwi 27, 2021 6:56:31 PM com.ad.sudoku.model.SudokuField setValue
INFO: SudokuField changed value from 5 to 4
kwi 27, 2021 6:56:31 PM com.ad.sudoku.model.SudokuField setValue
INFO: SudokuField changed value from 0 to 7
kwi 27, 2021 6:56:31 PM com.ad.sudoku.model.SudokuField setValue
INFO: SudokuField changed value from 0 to 6
kwi 27, 2021 6:56:31 PM com.ad.sudoku.model.SudokuField setValue
INFO: SudokuField changed value from 6 to 4
kwi 27, 2021 6:56:31 PM com.ad.sudoku.model.SudokuField setValue
INFO: SudokuField changed value from 4 to 7
kwi 27, 2021 6:56:31 PM com.ad.sudoku.model.SudokuField setValue
INFO: SudokuField changed value from 7 to 5
kwi 27, 2021 6:56:31 PM com.ad.sudoku.model.SudokuField setValue
INFO: SudokuField changed value from 5 to 8
kwi 27, 2021 6:56:31 PM com.ad.sudoku.model.SudokuField setValue
INFO: SudokuField changed value from 8 to 1
kwi 27, 2021 6:56:31 PM com.ad.sudoku.model.SudokuField setValue
INFO: SudokuField changed value from 1 to 9
kwi 27, 2021 6:56:31 PM com.ad.sudoku.model.SudokuField setValue
INFO: SudokuField changed value from 9 to 3
kwi 27, 2021 6:56:31 PM com.ad.sudoku.model.SudokuField setValue
INFO: SudokuField changed value from 3 to 2
kwi 27, 2021 6:56:31 PM com.ad.sudoku.model.SudokuField setValue
INFO: SudokuField changed value from 2 to 0
kwi 27, 2021 6:56:31 PM com.ad.sudoku.model.SudokuField setValue
INFO: SudokuField changed value from 7 to 1
kwi 27, 2021 6:56:31 PM com.ad.sudoku.model.SudokuField setValue
INFO: SudokuField changed value from 1 to 6
kwi 27, 2021 6:56:31 PM com.ad.sudoku.model.SudokuField setValue
INFO: SudokuField changed value from 6 to 4
kwi 27, 2021 6:56:31 PM com.ad.sudoku.model.SudokuField setValue
INFO: SudokuField changed value from 4 to 8
kwi 27, 2021 6:56:31 PM com.ad.sudoku.model.SudokuField setValue
INFO: SudokuField changed value from 8 to 5
kwi 27, 2021 6:56:31 PM com.ad.sudoku.model.SudokuField setValue
INFO: SudokuField changed value from 5 to 2
kwi 27, 2021 6:56:31 PM com.ad.sudoku.model.SudokuField setValue
INFO: SudokuField changed value from 2 to 9
kwi 27, 2021 6:56:31 PM com.ad.sudoku.model.SudokuField setValue
INFO: SudokuField changed value from 9 to 3
kwi 27, 2021 6:56:31 PM com.ad.sudoku.model.SudokuField setValue
INFO: SudokuField changed value from 3 to 0
kwi 27, 2021 6:56:31 PM com.ad.sudoku.model.SudokuField setValue
INFO: SudokuField changed value from 4 to 6
kwi 27, 2021 6:56:31 PM com.ad.sudoku.model.SudokuField setValue
INFO: SudokuField changed value from 6 to 7
kwi 27, 2021 6:56:31 PM com.ad.sudoku.model.SudokuField setValue
INFO: SudokuField changed value from 7 to 2
kwi 27, 2021 6:56:31 PM com.ad.sudoku.model.SudokuField setValue
INFO: SudokuField changed value from 2 to 3
kwi 27, 2021 6:56:31 PM com.ad.sudoku.model.SudokuField setValue
INFO: SudokuField changed value from 3 to 0
kwi 27, 2021 6:56:31 PM com.ad.sudoku.model.SudokuField setValue
INFO: SudokuField changed value from 5 to 9
kwi 27, 2021 6:56:31 PM com.ad.sudoku.model.SudokuField setValue
INFO: SudokuField changed value from 9 to 2
kwi 27, 2021 6:56:31 PM com.ad.sudoku.model.SudokuField setValue
INFO: SudokuField changed value from 2 to 3
kwi 27, 2021 6:56:31 PM com.ad.sudoku.model.SudokuField setValue
INFO: SudokuField changed value from 3 to 4
kwi 27, 2021 6:56:31 PM com.ad.sudoku.model.SudokuField setValue
INFO: SudokuField changed value from 4 to 6
kwi 27, 2021 6:56:31 PM com.ad.sudoku.model.SudokuField setValue
INFO: SudokuField changed value from 6 to 0
kwi 27, 2021 6:56:31 PM com.ad.sudoku.model.SudokuField setValue
INFO: SudokuField changed value from 2 to 8
kwi 27, 2021 6:56:31 PM com.ad.sudoku.model.SudokuField setValue
INFO: SudokuField changed value from 8 to 4
kwi 27, 2021 6:56:31 PM com.ad.sudoku.model.SudokuField setValue
INFO: SudokuField changed value from 0 to 9
kwi 27, 2021 6:56:31 PM com.ad.sudoku.model.SudokuField setValue
INFO: SudokuField changed value from 9 to 2
kwi 27, 2021 6:56:31 PM com.ad.sudoku.model.SudokuField setValue
INFO: SudokuField changed value from 2 to 7
kwi 27, 2021 6:56:31 PM com.ad.sudoku.model.SudokuField setValue
INFO: SudokuField changed value from 0 to 6
kwi 27, 2021 6:56:31 PM com.ad.sudoku.model.SudokuField setValue
INFO: SudokuField changed value from 6 to 5
kwi 27, 2021 6:56:31 PM com.ad.sudoku.model.SudokuField setValue
INFO: SudokuField changed value from 5 to 3
kwi 27, 2021 6:56:31 PM com.ad.sudoku.model.SudokuField setValue
INFO: SudokuField changed value from 3 to 1
kwi 27, 2021 6:56:31 PM com.ad.sudoku.model.SudokuField setValue
INFO: SudokuField changed value from 1 to 7
kwi 27, 2021 6:56:31 PM com.ad.sudoku.model.SudokuField setValue
INFO: SudokuField changed value from 7 to 8
kwi 27, 2021 6:56:31 PM com.ad.sudoku.model.SudokuField setValue
INFO: SudokuField changed value from 8 to 2
kwi 27, 2021 6:56:31 PM com.ad.sudoku.model.SudokuField setValue
INFO: SudokuField changed value from 0 to 6
kwi 27, 2021 6:56:31 PM com.ad.sudoku.model.SudokuField setValue
INFO: SudokuField changed value from 6 to 9
kwi 27, 2021 6:56:31 PM com.ad.sudoku.model.SudokuField setValue
INFO: SudokuField changed value from 9 to 5
kwi 27, 2021 6:56:31 PM com.ad.sudoku.model.SudokuField setValue
INFO: SudokuField changed value from 5 to 4
kwi 27, 2021 6:56:31 PM com.ad.sudoku.model.SudokuField setValue
INFO: SudokuField changed value from 4 to 7
kwi 27, 2021 6:56:31 PM com.ad.sudoku.model.SudokuField setValue
INFO: SudokuField changed value from 7 to 1
kwi 27, 2021 6:56:31 PM com.ad.sudoku.model.SudokuField setValue
INFO: SudokuField changed value from 1 to 8
kwi 27, 2021 6:56:31 PM com.ad.sudoku.model.SudokuField setValue
INFO: SudokuField changed value from 8 to 3
kwi 27, 2021 6:56:31 PM com.ad.sudoku.model.SudokuField setValue
INFO: SudokuField changed value from 3 to 2
kwi 27, 2021 6:56:31 PM com.ad.sudoku.model.SudokuField setValue
INFO: SudokuField changed value from 2 to 0
kwi 27, 2021 6:56:31 PM com.ad.sudoku.model.SudokuField setValue
INFO: SudokuField changed value from 2 to 4
kwi 27, 2021 6:56:31 PM com.ad.sudoku.model.SudokuField setValue
INFO: SudokuField changed value from 4 to 9
kwi 27, 2021 6:56:31 PM com.ad.sudoku.model.SudokuField setValue
INFO: SudokuField changed value from 9 to 0
kwi 27, 2021 6:56:31 PM com.ad.sudoku.model.SudokuField setValue
INFO: SudokuField changed value from 7 to 1
kwi 27, 2021 6:56:31 PM com.ad.sudoku.model.SudokuField setValue
INFO: SudokuField changed value from 0 to 8
kwi 27, 2021 6:56:31 PM com.ad.sudoku.model.SudokuField setValue
INFO: SudokuField changed value from 8 to 6
kwi 27, 2021 6:56:31 PM com.ad.sudoku.model.SudokuField setValue
INFO: SudokuField changed value from 6 to 5
kwi 27, 2021 6:56:31 PM com.ad.sudoku.model.SudokuField setValue
INFO: SudokuField changed value from 5 to 3
kwi 27, 2021 6:56:31 PM com.ad.sudoku.model.SudokuField setValue
INFO: SudokuField changed value from 3 to 9
kwi 27, 2021 6:56:31 PM com.ad.sudoku.model.SudokuField setValue
INFO: SudokuField changed value from 9 to 1
kwi 27, 2021 6:56:31 PM com.ad.sudoku.model.SudokuField setValue
INFO: SudokuField changed value from 1 to 7
kwi 27, 2021 6:56:31 PM com.ad.sudoku.model.SudokuField setValue
INFO: SudokuField changed value from 7 to 4
kwi 27, 2021 6:56:31 PM com.ad.sudoku.model.SudokuField setValue
INFO: SudokuField changed value from 4 to 2
kwi 27, 2021 6:56:31 PM com.ad.sudoku.model.SudokuField setValue
INFO: SudokuField changed value from 0 to 9
kwi 27, 2021 6:56:31 PM com.ad.sudoku.model.SudokuField setValue
INFO: SudokuField changed value from 9 to 8
kwi 27, 2021 6:56:31 PM com.ad.sudoku.model.SudokuField setValue
INFO: SudokuField changed value from 8 to 7
kwi 27, 2021 6:56:31 PM com.ad.sudoku.model.SudokuField setValue
INFO: SudokuField changed value from 0 to 2
kwi 27, 2021 6:56:31 PM com.ad.sudoku.model.SudokuField setValue
INFO: SudokuField changed value from 2 to 4
kwi 27, 2021 6:56:31 PM com.ad.sudoku.model.SudokuField setValue
INFO: SudokuField changed value from 4 to 8
kwi 27, 2021 6:56:31 PM com.ad.sudoku.model.SudokuField setValue
INFO: SudokuField changed value from 8 to 1
kwi 27, 2021 6:56:31 PM com.ad.sudoku.model.SudokuField setValue
INFO: SudokuField changed value from 1 to 3
kwi 27, 2021 6:56:31 PM com.ad.sudoku.model.SudokuField setValue
INFO: SudokuField changed value from 3 to 6
kwi 27, 2021 6:56:31 PM com.ad.sudoku.model.SudokuField setValue
INFO: SudokuField changed value from 6 to 5
kwi 27, 2021 6:56:31 PM com.ad.sudoku.model.SudokuField setValue
INFO: SudokuField changed value from 5 to 9
kwi 27, 2021 6:56:31 PM com.ad.sudoku.model.SudokuField setValue
INFO: SudokuField changed value from 9 to 7
kwi 27, 2021 6:56:31 PM com.ad.sudoku.model.SudokuField setValue
INFO: SudokuField changed value from 7 to 0
kwi 27, 2021 6:56:31 PM com.ad.sudoku.model.SudokuField setValue
INFO: SudokuField changed value from 7 to 3
kwi 27, 2021 6:56:31 PM com.ad.sudoku.model.SudokuField setValue
INFO: SudokuField changed value from 3 to 6
kwi 27, 2021 6:56:31 PM com.ad.sudoku.model.SudokuField setValue
INFO: SudokuField changed value from 6 to 4
kwi 27, 2021 6:56:31 PM com.ad.sudoku.model.SudokuField setValue
INFO: SudokuField changed value from 4 to 1
kwi 27, 2021 6:56:31 PM com.ad.sudoku.model.SudokuField setValue
INFO: SudokuField changed value from 1 to 5
kwi 27, 2021 6:56:31 PM com.ad.sudoku.model.SudokuField setValue
INFO: SudokuField changed value from 5 to 2
kwi 27, 2021 6:56:31 PM com.ad.sudoku.model.SudokuField setValue
INFO: SudokuField changed value from 2 to 0
kwi 27, 2021 6:56:31 PM com.ad.sudoku.model.SudokuField setValue
INFO: SudokuField changed value from 2 to 0
kwi 27, 2021 6:56:31 PM com.ad.sudoku.model.SudokuField setValue
INFO: SudokuField changed value from 1 to 8
kwi 27, 2021 6:56:31 PM com.ad.sudoku.model.SudokuField setValue
INFO: SudokuField changed value from 8 to 4
kwi 27, 2021 6:56:31 PM com.ad.sudoku.model.SudokuField setValue
INFO: SudokuField changed value from 4 to 6
kwi 27, 2021 6:56:31 PM com.ad.sudoku.model.SudokuField setValue
INFO: SudokuField changed value from 6 to 3
kwi 27, 2021 6:56:31 PM com.ad.sudoku.model.SudokuField setValue
INFO: SudokuField changed value from 3 to 5
kwi 27, 2021 6:56:31 PM com.ad.sudoku.model.SudokuField setValue
INFO: SudokuField changed value from 0 to 4
kwi 27, 2021 6:56:31 PM com.ad.sudoku.model.SudokuField setValue
INFO: SudokuField changed value from 4 to 3
kwi 27, 2021 6:56:31 PM com.ad.sudoku.model.SudokuField setValue
INFO: SudokuField changed value from 3 to 9
kwi 27, 2021 6:56:31 PM com.ad.sudoku.model.SudokuField setValue
INFO: SudokuField changed value from 9 to 8
kwi 27, 2021 6:56:31 PM com.ad.sudoku.model.SudokuField setValue
INFO: SudokuField changed value from 8 to 1
kwi 27, 2021 6:56:31 PM com.ad.sudoku.model.SudokuField setValue
INFO: SudokuField changed value from 1 to 6
kwi 27, 2021 6:56:31 PM com.ad.sudoku.model.SudokuField setValue
INFO: SudokuField changed value from 6 to 5
kwi 27, 2021 6:56:31 PM com.ad.sudoku.model.SudokuField setValue
INFO: SudokuField changed value from 5 to 7
kwi 27, 2021 6:56:31 PM com.ad.sudoku.model.SudokuField setValue
INFO: SudokuField changed value from 7 to 2
kwi 27, 2021 6:56:31 PM com.ad.sudoku.model.SudokuField setValue
INFO: SudokuField changed value from 0 to 1
kwi 27, 2021 6:56:31 PM com.ad.sudoku.model.SudokuField setValue
INFO: SudokuField changed value from 1 to 2
kwi 27, 2021 6:56:31 PM com.ad.sudoku.model.SudokuField setValue
INFO: SudokuField changed value from 2 to 8
kwi 27, 2021 6:56:31 PM com.ad.sudoku.model.SudokuField setValue
INFO: SudokuField changed value from 8 to 9
kwi 27, 2021 6:56:31 PM com.ad.sudoku.model.SudokuField setValue
INFO: SudokuField changed value from 9 to 7
kwi 27, 2021 6:56:31 PM com.ad.sudoku.model.SudokuField setValue
INFO: SudokuField changed value from 0 to 6
kwi 27, 2021 6:56:31 PM com.ad.sudoku.model.SudokuField setValue
INFO: SudokuField changed value from 6 to 5
kwi 27, 2021 6:56:31 PM com.ad.sudoku.model.SudokuField setValue
INFO: SudokuField changed value from 5 to 1
kwi 27, 2021 6:56:31 PM com.ad.sudoku.model.SudokuField setValue
INFO: SudokuField changed value from 1 to 8
kwi 27, 2021 6:56:31 PM com.ad.sudoku.model.SudokuField setValue
INFO: SudokuField changed value from 8 to 9
kwi 27, 2021 6:56:31 PM com.ad.sudoku.model.SudokuField setValue
INFO: SudokuField changed value from 9 to 4
kwi 27, 2021 6:56:31 PM com.ad.sudoku.model.SudokuField setValue
INFO: SudokuField changed value from 4 to 3
kwi 27, 2021 6:56:31 PM com.ad.sudoku.model.SudokuField setValue
INFO: SudokuField changed value from 3 to 2
kwi 27, 2021 6:56:31 PM com.ad.sudoku.model.SudokuField setValue
INFO: SudokuField changed value from 2 to 7
kwi 27, 2021 6:56:31 PM com.ad.sudoku.model.SudokuField setValue
INFO: SudokuField changed value from 7 to 0
kwi 27, 2021 6:56:31 PM com.ad.sudoku.model.SudokuField setValue
INFO: SudokuField changed value from 7 to 3
kwi 27, 2021 6:56:31 PM com.ad.sudoku.model.SudokuField setValue
INFO: SudokuField changed value from 3 to 6
kwi 27, 2021 6:56:31 PM com.ad.sudoku.model.SudokuField setValue
INFO: SudokuField changed value from 6 to 4
kwi 27, 2021 6:56:31 PM com.ad.sudoku.model.SudokuField setValue
INFO: SudokuField changed value from 4 to 5
kwi 27, 2021 6:56:31 PM com.ad.sudoku.model.SudokuField setValue
INFO: SudokuField changed value from 5 to 0
kwi 27, 2021 6:56:31 PM com.ad.sudoku.model.SudokuField setValue
INFO: SudokuField changed value from 2 to 0
kwi 27, 2021 6:56:31 PM com.ad.sudoku.model.SudokuField setValue
INFO: SudokuField changed value from 5 to 0
kwi 27, 2021 6:56:31 PM com.ad.sudoku.model.SudokuField setValue
INFO: SudokuField changed value from 4 to 1
kwi 27, 2021 6:56:31 PM com.ad.sudoku.model.SudokuField setValue
INFO: SudokuField changed value from 0 to 8
kwi 27, 2021 6:56:31 PM com.ad.sudoku.model.SudokuField setValue
INFO: SudokuField changed value from 8 to 1
kwi 27, 2021 6:56:31 PM com.ad.sudoku.model.SudokuField setValue
INFO: SudokuField changed value from 1 to 9
kwi 27, 2021 6:56:31 PM com.ad.sudoku.model.SudokuField setValue
INFO: SudokuField changed value from 9 to 4
kwi 27, 2021 6:56:31 PM com.ad.sudoku.model.SudokuField setValue
INFO: SudokuField changed value from 4 to 7
kwi 27, 2021 6:56:31 PM com.ad.sudoku.model.SudokuField setValue
INFO: SudokuField changed value from 0 to 1
kwi 27, 2021 6:56:31 PM com.ad.sudoku.model.SudokuField setValue
INFO: SudokuField changed value from 1 to 3
kwi 27, 2021 6:56:31 PM com.ad.sudoku.model.SudokuField setValue
INFO: SudokuField changed value from 3 to 4
kwi 27, 2021 6:56:31 PM com.ad.sudoku.model.SudokuField setValue
INFO: SudokuField changed value from 0 to 8
kwi 27, 2021 6:56:31 PM com.ad.sudoku.model.SudokuField setValue
INFO: SudokuField changed value from 8 to 7
kwi 27, 2021 6:56:31 PM com.ad.sudoku.model.SudokuField setValue
INFO: SudokuField changed value from 7 to 5
kwi 27, 2021 6:56:31 PM com.ad.sudoku.model.SudokuField setValue
INFO: SudokuField changed value from 5 to 4
kwi 27, 2021 6:56:31 PM com.ad.sudoku.model.SudokuField setValue
INFO: SudokuField changed value from 4 to 9
kwi 27, 2021 6:56:31 PM com.ad.sudoku.model.SudokuField setValue
INFO: SudokuField changed value from 9 to 3
kwi 27, 2021 6:56:31 PM com.ad.sudoku.model.SudokuField setValue
INFO: SudokuField changed value from 3 to 1
kwi 27, 2021 6:56:31 PM com.ad.sudoku.model.SudokuField setValue
INFO: SudokuField changed value from 1 to 6
kwi 27, 2021 6:56:31 PM com.ad.sudoku.model.SudokuField setValue
INFO: SudokuField changed value from 6 to 2
kwi 27, 2021 6:56:31 PM com.ad.sudoku.model.SudokuField setValue
INFO: SudokuField changed value from 2 to 0
kwi 27, 2021 6:56:31 PM com.ad.sudoku.model.SudokuField setValue
INFO: SudokuField changed value from 4 to 2
kwi 27, 2021 6:56:31 PM com.ad.sudoku.model.SudokuField setValue
INFO: SudokuField changed value from 0 to 2
kwi 27, 2021 6:56:31 PM com.ad.sudoku.model.SudokuField setValue
INFO: SudokuField changed value from 2 to 3
kwi 27, 2021 6:56:31 PM com.ad.sudoku.model.SudokuField setValue
INFO: SudokuField changed value from 3 to 1
kwi 27, 2021 6:56:31 PM com.ad.sudoku.model.SudokuField setValue
INFO: SudokuField changed value from 1 to 6
kwi 27, 2021 6:56:31 PM com.ad.sudoku.model.SudokuField setValue
INFO: SudokuField changed value from 6 to 5
kwi 27, 2021 6:56:31 PM com.ad.sudoku.model.SudokuField setValue
INFO: SudokuField changed value from 5 to 9
kwi 27, 2021 6:56:31 PM com.ad.sudoku.model.SudokuField setValue
INFO: SudokuField changed value from 9 to 4
kwi 27, 2021 6:56:31 PM com.ad.sudoku.model.SudokuField setValue
INFO: SudokuField changed value from 4 to 7
kwi 27, 2021 6:56:31 PM com.ad.sudoku.model.SudokuField setValue
INFO: SudokuField changed value from 7 to 8
kwi 27, 2021 6:56:31 PM com.ad.sudoku.model.SudokuField setValue
INFO: SudokuField changed value from 8 to 0
kwi 27, 2021 6:56:31 PM com.ad.sudoku.model.SudokuField setValue
INFO: SudokuField changed value from 2 to 6
kwi 27, 2021 6:56:31 PM com.ad.sudoku.model.SudokuField setValue
INFO: SudokuField changed value from 6 to 8
kwi 27, 2021 6:56:31 PM com.ad.sudoku.model.SudokuField setValue
INFO: SudokuField changed value from 8 to 5
kwi 27, 2021 6:56:31 PM com.ad.sudoku.model.SudokuField setValue
INFO: SudokuField changed value from 5 to 9
kwi 27, 2021 6:56:31 PM com.ad.sudoku.model.SudokuField setValue
INFO: SudokuField changed value from 9 to 7
kwi 27, 2021 6:56:31 PM com.ad.sudoku.model.SudokuField setValue
INFO: SudokuField changed value from 7 to 0
kwi 27, 2021 6:56:31 PM com.ad.sudoku.model.SudokuField setValue
INFO: SudokuField changed value from 7 to 6
kwi 27, 2021 6:56:31 PM com.ad.sudoku.model.SudokuField setValue
INFO: SudokuField changed value from 6 to 2
kwi 27, 2021 6:56:31 PM com.ad.sudoku.model.SudokuField setValue
INFO: SudokuField changed value from 2 to 5
kwi 27, 2021 6:56:31 PM com.ad.sudoku.model.SudokuField setValue
INFO: SudokuField changed value from 0 to 7
kwi 27, 2021 6:56:31 PM com.ad.sudoku.model.SudokuField setValue
INFO: SudokuField changed value from 7 to 8
kwi 27, 2021 6:56:31 PM com.ad.sudoku.model.SudokuField setValue
INFO: SudokuField changed value from 8 to 6
kwi 27, 2021 6:56:31 PM com.ad.sudoku.model.SudokuField setValue
INFO: SudokuField changed value from 6 to 2
kwi 27, 2021 6:56:31 PM com.ad.sudoku.model.SudokuField setValue
INFO: SudokuField changed value from 0 to 8
kwi 27, 2021 6:56:31 PM com.ad.sudoku.model.SudokuField setValue
INFO: SudokuField changed value from 8 to 3
kwi 27, 2021 6:56:31 PM com.ad.sudoku.model.SudokuField setValue
INFO: SudokuField changed value from 3 to 6
kwi 27, 2021 6:56:31 PM com.ad.sudoku.model.SudokuField setValue
INFO: SudokuField changed value from 6 to 1
kwi 27, 2021 6:56:31 PM com.ad.sudoku.model.SudokuField setValue
INFO: SudokuField changed value from 1 to 7
kwi 27, 2021 6:56:31 PM com.ad.sudoku.model.SudokuField setValue
INFO: SudokuField changed value from 0 to 4
kwi 27, 2021 6:56:31 PM com.ad.sudoku.model.SudokuField setValue
INFO: SudokuField changed value from 0 to 6
kwi 27, 2021 6:56:31 PM com.ad.sudoku.model.SudokuField setValue
INFO: SudokuField changed value from 6 to 5
kwi 27, 2021 6:56:31 PM com.ad.sudoku.model.SudokuField setValue
INFO: SudokuField changed value from 5 to 8
kwi 27, 2021 6:56:31 PM com.ad.sudoku.model.SudokuField setValue
INFO: SudokuField changed value from 8 to 1
kwi 27, 2021 6:56:31 PM com.ad.sudoku.model.SudokuField setValue
INFO: SudokuField changed value from 0 to 6
kwi 27, 2021 6:56:31 PM com.ad.sudoku.model.SudokuField setValue
INFO: SudokuField changed value from 6 to 9
kwi 27, 2021 6:56:31 PM com.ad.sudoku.model.SudokuField setValue
INFO: SudokuField changed value from 0 to 1
kwi 27, 2021 6:56:31 PM com.ad.sudoku.model.SudokuField setValue
INFO: SudokuField changed value from 1 to 5
kwi 27, 2021 6:56:31 PM com.ad.sudoku.model.SudokuField setValue
INFO: SudokuField changed value from 0 to 3
kwi 27, 2021 6:56:31 PM com.ad.sudoku.model.SudokuField setValue
INFO: SudokuField changed value from 3 to 8
kwi 27, 2021 6:56:31 PM com.ad.sudoku.model.SudokuField setValue
INFO: SudokuField changed value from 8 to 5
kwi 27, 2021 6:56:31 PM com.ad.sudoku.model.SudokuField setValue
INFO: SudokuField changed value from 5 to 6
kwi 27, 2021 6:56:31 PM com.ad.sudoku.model.SudokuField setValue
INFO: SudokuField changed value from 6 to 1
kwi 27, 2021 6:56:31 PM com.ad.sudoku.model.SudokuField setValue
INFO: SudokuField changed value from 1 to 7
kwi 27, 2021 6:56:31 PM com.ad.sudoku.model.SudokuField setValue
INFO: SudokuField changed value from 0 to 1
kwi 27, 2021 6:56:31 PM com.ad.sudoku.model.SudokuField setValue
INFO: SudokuField changed value from 1 to 7
kwi 27, 2021 6:56:31 PM com.ad.sudoku.model.SudokuField setValue
INFO: SudokuField changed value from 7 to 6
kwi 27, 2021 6:56:31 PM com.ad.sudoku.model.SudokuField setValue
INFO: SudokuField changed value from 6 to 3
kwi 27, 2021 6:56:31 PM com.ad.sudoku.model.SudokuField setValue
INFO: SudokuField changed value from 3 to 4
kwi 27, 2021 6:56:31 PM com.ad.sudoku.model.SudokuField setValue
INFO: SudokuField changed value from 0 to 9
kwi 27, 2021 6:56:31 PM com.ad.sudoku.model.SudokuField setValue
INFO: SudokuField changed value from 9 to 6
kwi 27, 2021 6:56:31 PM com.ad.sudoku.model.SudokuField setValue
INFO: SudokuField changed value from 6 to 7
kwi 27, 2021 6:56:31 PM com.ad.sudoku.model.SudokuField setValue
INFO: SudokuField changed value from 7 to 3
kwi 27, 2021 6:56:31 PM com.ad.sudoku.model.SudokuField setValue
INFO: SudokuField changed value from 3 to 4
kwi 27, 2021 6:56:31 PM com.ad.sudoku.model.SudokuField setValue
INFO: SudokuField changed value from 4 to 5
kwi 27, 2021 6:56:31 PM com.ad.sudoku.model.SudokuField setValue
INFO: SudokuField changed value from 5 to 2
kwi 27, 2021 6:56:31 PM com.ad.sudoku.model.SudokuField setValue
INFO: SudokuField changed value from 2 to 8
kwi 27, 2021 6:56:31 PM com.ad.sudoku.model.SudokuField setValue
INFO: SudokuField changed value from 8 to 1
kwi 27, 2021 6:56:31 PM com.ad.sudoku.model.SudokuField setValue
INFO: SudokuField changed value from 1 to 0
kwi 27, 2021 6:56:31 PM com.ad.sudoku.model.SudokuField setValue
INFO: SudokuField changed value from 4 to 8
kwi 27, 2021 6:56:31 PM com.ad.sudoku.model.SudokuField setValue
INFO: SudokuField changed value from 8 to 2
kwi 27, 2021 6:56:31 PM com.ad.sudoku.model.SudokuField setValue
INFO: SudokuField changed value from 0 to 3
kwi 27, 2021 6:56:31 PM com.ad.sudoku.model.SudokuField setValue
INFO: SudokuField changed value from 3 to 5
kwi 27, 2021 6:56:31 PM com.ad.sudoku.model.SudokuField setValue
INFO: SudokuField changed value from 5 to 4
kwi 27, 2021 6:56:31 PM com.ad.sudoku.model.SudokuField setValue
INFO: SudokuField changed value from 4 to 1
kwi 27, 2021 6:56:31 PM com.ad.sudoku.model.SudokuField setValue
INFO: SudokuField changed value from 1 to 2
kwi 27, 2021 6:56:31 PM com.ad.sudoku.model.SudokuField setValue
INFO: SudokuField changed value from 2 to 6
kwi 27, 2021 6:56:31 PM com.ad.sudoku.model.SudokuField setValue
INFO: SudokuField changed value from 6 to 9
kwi 27, 2021 6:56:31 PM com.ad.sudoku.model.SudokuField setValue
INFO: SudokuField changed value from 9 to 8
kwi 27, 2021 6:56:31 PM com.ad.sudoku.model.SudokuField setValue
INFO: SudokuField changed value from 8 to 7
kwi 27, 2021 6:56:31 PM com.ad.sudoku.model.SudokuField setValue
INFO: SudokuField changed value from 7 to 0
kwi 27, 2021 6:56:31 PM com.ad.sudoku.model.SudokuField setValue
INFO: SudokuField changed value from 2 to 5
kwi 27, 2021 6:56:31 PM com.ad.sudoku.model.SudokuField setValue
INFO: SudokuField changed value from 5 to 9
kwi 27, 2021 6:56:31 PM com.ad.sudoku.model.SudokuField setValue
INFO: SudokuField changed value from 9 to 0
kwi 27, 2021 6:56:31 PM com.ad.sudoku.model.SudokuField setValue
INFO: SudokuField changed value from 7 to 2
kwi 27, 2021 6:56:31 PM com.ad.sudoku.model.SudokuField setValue
INFO: SudokuField changed value from 0 to 6
kwi 27, 2021 6:56:31 PM com.ad.sudoku.model.SudokuField setValue
INFO: SudokuField changed value from 6 to 1
kwi 27, 2021 6:56:31 PM com.ad.sudoku.model.SudokuField setValue
INFO: SudokuField changed value from 1 to 8
kwi 27, 2021 6:56:31 PM com.ad.sudoku.model.SudokuField setValue
INFO: SudokuField changed value from 8 to 5
kwi 27, 2021 6:56:31 PM com.ad.sudoku.model.SudokuField setValue
INFO: SudokuField changed value from 5 to 9
kwi 27, 2021 6:56:31 PM com.ad.sudoku.model.SudokuField setValue
INFO: SudokuField changed value from 9 to 7
kwi 27, 2021 6:56:31 PM com.ad.sudoku.model.SudokuField setValue
INFO: SudokuField changed value from 7 to 2
kwi 27, 2021 6:56:31 PM com.ad.sudoku.model.SudokuField setValue
INFO: SudokuField changed value from 2 to 3
kwi 27, 2021 6:56:31 PM com.ad.sudoku.model.SudokuField setValue
INFO: SudokuField changed value from 3 to 4
kwi 27, 2021 6:56:31 PM com.ad.sudoku.model.SudokuField setValue
INFO: SudokuField changed value from 0 to 5
kwi 27, 2021 6:56:31 PM com.ad.sudoku.model.SudokuField setValue
INFO: SudokuField changed value from 5 to 2
kwi 27, 2021 6:56:31 PM com.ad.sudoku.model.SudokuField setValue
INFO: SudokuField changed value from 2 to 1
kwi 27, 2021 6:56:31 PM com.ad.sudoku.model.SudokuField setValue
INFO: SudokuField changed value from 1 to 7
kwi 27, 2021 6:56:31 PM com.ad.sudoku.model.SudokuField setValue
INFO: SudokuField changed value from 0 to 2
kwi 27, 2021 6:56:31 PM com.ad.sudoku.model.SudokuField setValue
INFO: SudokuField changed value from 2 to 1
kwi 27, 2021 6:56:31 PM com.ad.sudoku.model.SudokuField setValue
INFO: SudokuField changed value from 1 to 5
kwi 27, 2021 6:56:31 PM com.ad.sudoku.model.SudokuField setValue
INFO: SudokuField changed value from 5 to 3
kwi 27, 2021 6:56:31 PM com.ad.sudoku.model.SudokuField setValue
INFO: SudokuField changed value from 0 to 8
kwi 27, 2021 6:56:31 PM com.ad.sudoku.model.SudokuField setValue
INFO: SudokuField changed value from 0 to 9
kwi 27, 2021 6:56:31 PM com.ad.sudoku.model.SudokuField setValue
INFO: SudokuField changed value from 9 to 7
kwi 27, 2021 6:56:31 PM com.ad.sudoku.model.SudokuField setValue
INFO: SudokuField changed value from 7 to 6
kwi 27, 2021 6:56:31 PM com.ad.sudoku.model.SudokuField setValue
INFO: SudokuField changed value from 6 to 8
kwi 27, 2021 6:56:31 PM com.ad.sudoku.model.SudokuField setValue
INFO: SudokuField changed value from 8 to 2
kwi 27, 2021 6:56:31 PM com.ad.sudoku.model.SudokuField setValue
INFO: SudokuField changed value from 2 to 3
kwi 27, 2021 6:56:31 PM com.ad.sudoku.model.SudokuField setValue
INFO: SudokuField changed value from 3 to 5
kwi 27, 2021 6:56:31 PM com.ad.sudoku.model.SudokuField setValue
INFO: SudokuField changed value from 5 to 1
kwi 27, 2021 6:56:31 PM com.ad.sudoku.model.SudokuField setValue
INFO: SudokuField changed value from 1 to 4
kwi 27, 2021 6:56:31 PM com.ad.sudoku.model.SudokuField setValue
INFO: SudokuField changed value from 4 to 0
kwi 27, 2021 6:56:31 PM com.ad.sudoku.model.SudokuField setValue
INFO: SudokuField changed value from 8 to 9
kwi 27, 2021 6:56:31 PM com.ad.sudoku.model.SudokuField setValue
INFO: SudokuField changed value from 9 to 2
kwi 27, 2021 6:56:31 PM com.ad.sudoku.model.SudokuField setValue
INFO: SudokuField changed value from 2 to 4
kwi 27, 2021 6:56:31 PM com.ad.sudoku.model.SudokuField setValue
INFO: SudokuField changed value from 4 to 1
kwi 27, 2021 6:56:31 PM com.ad.sudoku.model.SudokuField setValue
INFO: SudokuField changed value from 1 to 5
kwi 27, 2021 6:56:31 PM com.ad.sudoku.model.SudokuField setValue
INFO: SudokuField changed value from 5 to 3
kwi 27, 2021 6:56:31 PM com.ad.sudoku.model.SudokuField setValue
INFO: SudokuField changed value from 3 to 6
kwi 27, 2021 6:56:31 PM com.ad.sudoku.model.SudokuField setValue
INFO: SudokuField changed value from 0 to 8
kwi 27, 2021 6:56:31 PM com.ad.sudoku.model.SudokuField setValue
INFO: SudokuField changed value from 0 to 1
kwi 27, 2021 6:56:31 PM com.ad.sudoku.model.SudokuField setValue
INFO: SudokuField changed value from 1 to 2
kwi 27, 2021 6:56:31 PM com.ad.sudoku.model.SudokuField setValue
INFO: SudokuField changed value from 0 to 9
kwi 27, 2021 6:56:31 PM com.ad.sudoku.model.SudokuField setValue
INFO: SudokuField changed value from 9 to 6
kwi 27, 2021 6:56:31 PM com.ad.sudoku.model.SudokuField setValue
INFO: SudokuField changed value from 6 to 2
kwi 27, 2021 6:56:31 PM com.ad.sudoku.model.SudokuField setValue
INFO: SudokuField changed value from 2 to 3
kwi 27, 2021 6:56:31 PM com.ad.sudoku.model.SudokuField setValue
INFO: SudokuField changed value from 3 to 7
kwi 27, 2021 6:56:31 PM com.ad.sudoku.model.SudokuField setValue
INFO: SudokuField changed value from 7 to 1
kwi 27, 2021 6:56:31 PM com.ad.sudoku.model.SudokuField setValue
INFO: SudokuField changed value from 0 to 2
kwi 27, 2021 6:56:31 PM com.ad.sudoku.model.SudokuField setValue
INFO: SudokuField changed value from 2 to 6
kwi 27, 2021 6:56:31 PM com.ad.sudoku.model.SudokuField setValue
INFO: SudokuField changed value from 0 to 6
kwi 27, 2021 6:56:31 PM com.ad.sudoku.model.SudokuField setValue
INFO: SudokuField changed value from 6 to 4
kwi 27, 2021 6:56:31 PM com.ad.sudoku.model.SudokuField setValue
INFO: SudokuField changed value from 0 to 3
kwi 27, 2021 6:56:31 PM com.ad.sudoku.model.SudokuField setValue
INFO: SudokuField changed value from 3 to 6
kwi 27, 2021 6:56:31 PM com.ad.sudoku.model.SudokuField setValue
INFO: SudokuField changed value from 6 to 8
kwi 27, 2021 6:56:31 PM com.ad.sudoku.model.SudokuField setValue
INFO: SudokuField changed value from 8 to 1
kwi 27, 2021 6:56:31 PM com.ad.sudoku.model.SudokuField setValue
INFO: SudokuField changed value from 1 to 9
kwi 27, 2021 6:56:31 PM com.ad.sudoku.model.SudokuField setValue
INFO: SudokuField changed value from 9 to 2
kwi 27, 2021 6:56:31 PM com.ad.sudoku.model.SudokuField setValue
INFO: SudokuField changed value from 2 to 5
kwi 27, 2021 6:56:31 PM com.ad.sudoku.model.SudokuField setValue
INFO: SudokuField changed value from 0 to 7
kwi 27, 2021 6:56:31 PM com.ad.sudoku.model.SudokuField setValue
INFO: SudokuField changed value from 7 to 8
kwi 27, 2021 6:56:31 PM com.ad.sudoku.model.SudokuField setValue
INFO: SudokuField changed value from 8 to 4
kwi 27, 2021 6:56:31 PM com.ad.sudoku.model.SudokuField setValue
INFO: SudokuField changed value from 4 to 3
kwi 27, 2021 6:56:31 PM com.ad.sudoku.model.SudokuField setValue
INFO: SudokuField changed value from 0 to 2
kwi 27, 2021 6:56:31 PM com.ad.sudoku.model.SudokuField setValue
INFO: SudokuField changed value from 2 to 1
kwi 27, 2021 6:56:31 PM com.ad.sudoku.model.SudokuField setValue
INFO: SudokuField changed value from 1 to 5
kwi 27, 2021 6:56:31 PM com.ad.sudoku.model.SudokuField setValue
INFO: SudokuField changed value from 5 to 8
kwi 27, 2021 6:56:31 PM com.ad.sudoku.model.SudokuField setValue
INFO: SudokuField changed value from 8 to 6
kwi 27, 2021 6:56:31 PM com.ad.sudoku.model.SudokuField setValue
INFO: SudokuField changed value from 6 to 9
kwi 27, 2021 6:56:31 PM com.ad.sudoku.model.SudokuField setValue
INFO: SudokuField changed value from 9 to 3
kwi 27, 2021 6:56:31 PM com.ad.sudoku.model.SudokuField setValue
INFO: SudokuField changed value from 3 to 7
kwi 27, 2021 6:56:31 PM com.ad.sudoku.model.SudokuField setValue
INFO: SudokuField changed value from 7 to 4
kwi 27, 2021 6:56:31 PM com.ad.sudoku.model.SudokuField setValue
INFO: SudokuField changed value from 4 to 0
kwi 27, 2021 6:56:31 PM com.ad.sudoku.model.SudokuField setValue
INFO: SudokuField changed value from 3 to 6
kwi 27, 2021 6:56:31 PM com.ad.sudoku.model.SudokuField setValue
INFO: SudokuField changed value from 6 to 1
kwi 27, 2021 6:56:31 PM com.ad.sudoku.model.SudokuField setValue
INFO: SudokuField changed value from 1 to 5
kwi 27, 2021 6:56:31 PM com.ad.sudoku.model.SudokuField setValue
INFO: SudokuField changed value from 5 to 2
kwi 27, 2021 6:56:31 PM com.ad.sudoku.model.SudokuField setValue
INFO: SudokuField changed value from 2 to 9
kwi 27, 2021 6:56:31 PM com.ad.sudoku.model.SudokuField setValue
INFO: SudokuField changed value from 0 to 1
kwi 27, 2021 6:56:31 PM com.ad.sudoku.model.SudokuField setValue
INFO: SudokuField changed value from 1 to 7
kwi 27, 2021 6:56:31 PM com.ad.sudoku.model.SudokuField setValue
INFO: SudokuField changed value from 7 to 6
kwi 27, 2021 6:56:31 PM com.ad.sudoku.model.SudokuField setValue
INFO: SudokuField changed value from 6 to 2
kwi 27, 2021 6:56:31 PM com.ad.sudoku.model.SudokuField setValue
INFO: SudokuField changed value from 2 to 4
kwi 27, 2021 6:56:31 PM com.ad.sudoku.model.SudokuField setValue
INFO: SudokuField changed value from 4 to 9
kwi 27, 2021 6:56:31 PM com.ad.sudoku.model.SudokuField setValue
INFO: SudokuField changed value from 9 to 3
kwi 27, 2021 6:56:31 PM com.ad.sudoku.model.SudokuField setValue
INFO: SudokuField changed value from 3 to 8
kwi 27, 2021 6:56:31 PM com.ad.sudoku.model.SudokuField setValue
INFO: SudokuField changed value from 8 to 5
kwi 27, 2021 6:56:31 PM com.ad.sudoku.model.SudokuField setValue
INFO: SudokuField changed value from 5 to 0
kwi 27, 2021 6:56:31 PM com.ad.sudoku.model.SudokuField setValue
INFO: SudokuField changed value from 9 to 0
kwi 27, 2021 6:56:31 PM com.ad.sudoku.model.SudokuField setValue
INFO: SudokuField changed value from 5 to 7
kwi 27, 2021 6:56:31 PM com.ad.sudoku.model.SudokuField setValue
INFO: SudokuField changed value from 7 to 4
kwi 27, 2021 6:56:31 PM com.ad.sudoku.model.SudokuField setValue
INFO: SudokuField changed value from 4 to 0
kwi 27, 2021 6:56:31 PM com.ad.sudoku.model.SudokuField setValue
INFO: SudokuField changed value from 4 to 2
kwi 27, 2021 6:56:31 PM com.ad.sudoku.model.SudokuField setValue
INFO: SudokuField changed value from 2 to 7
kwi 27, 2021 6:56:31 PM com.ad.sudoku.model.SudokuField setValue
INFO: SudokuField changed value from 0 to 3
kwi 27, 2021 6:56:31 PM com.ad.sudoku.model.SudokuField setValue
INFO: SudokuField changed value from 3 to 2
kwi 27, 2021 6:56:31 PM com.ad.sudoku.model.SudokuField setValue
INFO: SudokuField changed value from 2 to 9
kwi 27, 2021 6:56:31 PM com.ad.sudoku.model.SudokuField setValue
INFO: SudokuField changed value from 9 to 5
kwi 27, 2021 6:56:31 PM com.ad.sudoku.model.SudokuField setValue
INFO: SudokuField changed value from 0 to 1
kwi 27, 2021 6:56:31 PM com.ad.sudoku.model.SudokuField setValue
INFO: SudokuField changed value from 1 to 5
kwi 27, 2021 6:56:31 PM com.ad.sudoku.model.SudokuField setValue
INFO: SudokuField changed value from 5 to 3
kwi 27, 2021 6:56:31 PM com.ad.sudoku.model.SudokuField setValue
INFO: SudokuField changed value from 0 to 4
kwi 27, 2021 6:56:31 PM com.ad.sudoku.model.SudokuField setValue
INFO: SudokuField changed value from 0 to 7
kwi 27, 2021 6:56:31 PM com.ad.sudoku.model.SudokuField setValue
INFO: SudokuField changed value from 7 to 5
kwi 27, 2021 6:56:31 PM com.ad.sudoku.model.SudokuField setValue
INFO: SudokuField changed value from 5 to 2
kwi 27, 2021 6:56:31 PM com.ad.sudoku.model.SudokuField setValue
INFO: SudokuField changed value from 2 to 3
kwi 27, 2021 6:56:31 PM com.ad.sudoku.model.SudokuField setValue
INFO: SudokuField changed value from 3 to 6
kwi 27, 2021 6:56:31 PM com.ad.sudoku.model.SudokuField setValue
INFO: SudokuField changed value from 6 to 9
kwi 27, 2021 6:56:31 PM com.ad.sudoku.model.SudokuField setValue
INFO: SudokuField changed value from 0 to 7
kwi 27, 2021 6:56:31 PM com.ad.sudoku.model.SudokuField setValue
INFO: SudokuField changed value from 7 to 8
kwi 27, 2021 6:56:31 PM com.ad.sudoku.model.SudokuField setValue
INFO: SudokuField changed value from 8 to 6
kwi 27, 2021 6:56:31 PM com.ad.sudoku.model.SudokuField setValue
INFO: SudokuField changed value from 6 to 5
kwi 27, 2021 6:56:31 PM com.ad.sudoku.model.SudokuField setValue
INFO: SudokuField changed value from 5 to 3
kwi 27, 2021 6:56:31 PM com.ad.sudoku.model.SudokuField setValue
INFO: SudokuField changed value from 3 to 2
kwi 27, 2021 6:56:31 PM com.ad.sudoku.model.SudokuField setValue
INFO: SudokuField changed value from 2 to 4
kwi 27, 2021 6:56:31 PM com.ad.sudoku.model.SudokuField setValue
INFO: SudokuField changed value from 4 to 9
kwi 27, 2021 6:56:31 PM com.ad.sudoku.model.SudokuField setValue
INFO: SudokuField changed value from 9 to 1
kwi 27, 2021 6:56:31 PM com.ad.sudoku.model.SudokuField setValue
INFO: SudokuField changed value from 1 to 0
kwi 27, 2021 6:56:31 PM com.ad.sudoku.model.SudokuField setValue
INFO: SudokuField changed value from 9 to 8
kwi 27, 2021 6:56:31 PM com.ad.sudoku.model.SudokuField setValue
INFO: SudokuField changed value from 0 to 8
kwi 27, 2021 6:56:31 PM com.ad.sudoku.model.SudokuField setValue
INFO: SudokuField changed value from 8 to 7
kwi 27, 2021 6:56:31 PM com.ad.sudoku.model.SudokuField setValue
INFO: SudokuField changed value from 7 to 4
kwi 27, 2021 6:56:31 PM com.ad.sudoku.model.SudokuField setValue
INFO: SudokuField changed value from 4 to 1
kwi 27, 2021 6:56:31 PM com.ad.sudoku.model.SudokuField setValue
INFO: SudokuField changed value from 1 to 3
kwi 27, 2021 6:56:31 PM com.ad.sudoku.model.SudokuField setValue
INFO: SudokuField changed value from 3 to 5
kwi 27, 2021 6:56:31 PM com.ad.sudoku.model.SudokuField setValue
INFO: SudokuField changed value from 5 to 2
kwi 27, 2021 6:56:31 PM com.ad.sudoku.model.SudokuField setValue
INFO: SudokuField changed value from 2 to 6
kwi 27, 2021 6:56:31 PM com.ad.sudoku.model.SudokuField setValue
INFO: SudokuField changed value from 6 to 9
kwi 27, 2021 6:56:31 PM com.ad.sudoku.model.SudokuField setValue
INFO: SudokuField changed value from 9 to 0
kwi 27, 2021 6:56:31 PM com.ad.sudoku.model.SudokuField setValue
INFO: SudokuField changed value from 8 to 1
kwi 27, 2021 6:56:31 PM com.ad.sudoku.model.SudokuField setValue
INFO: SudokuField changed value from 1 to 4
kwi 27, 2021 6:56:31 PM com.ad.sudoku.model.SudokuField setValue
INFO: SudokuField changed value from 4 to 0
kwi 27, 2021 6:56:31 PM com.ad.sudoku.model.SudokuField setValue
INFO: SudokuField changed value from 4 to 9
kwi 27, 2021 6:56:31 PM com.ad.sudoku.model.SudokuField setValue
INFO: SudokuField changed value from 9 to 2
kwi 27, 2021 6:56:31 PM com.ad.sudoku.model.SudokuField setValue
INFO: SudokuField changed value from 2 to 1
kwi 27, 2021 6:56:31 PM com.ad.sudoku.model.SudokuField setValue
INFO: SudokuField changed value from 1 to 3
kwi 27, 2021 6:56:31 PM com.ad.sudoku.model.SudokuField setValue
INFO: SudokuField changed value from 3 to 8
kwi 27, 2021 6:56:31 PM com.ad.sudoku.model.SudokuField setValue
INFO: SudokuField changed value from 8 to 5
kwi 27, 2021 6:56:31 PM com.ad.sudoku.model.SudokuField setValue
INFO: SudokuField changed value from 5 to 7
kwi 27, 2021 6:56:31 PM com.ad.sudoku.model.SudokuField setValue
INFO: SudokuField changed value from 7 to 6
kwi 27, 2021 6:56:31 PM com.ad.sudoku.model.SudokuField setValue
INFO: SudokuField changed value from 6 to 0
kwi 27, 2021 6:56:31 PM com.ad.sudoku.model.SudokuField setValue
INFO: SudokuField changed value from 3 to 6
kwi 27, 2021 6:56:31 PM com.ad.sudoku.model.SudokuField setValue
INFO: SudokuField changed value from 6 to 7
kwi 27, 2021 6:56:31 PM com.ad.sudoku.model.SudokuField setValue
INFO: SudokuField changed value from 7 to 9
kwi 27, 2021 6:56:31 PM com.ad.sudoku.model.SudokuField setValue
INFO: SudokuField changed value from 0 to 6
kwi 27, 2021 6:56:31 PM com.ad.sudoku.model.SudokuField setValue
INFO: SudokuField changed value from 6 to 5
kwi 27, 2021 6:56:31 PM com.ad.sudoku.model.SudokuField setValue
INFO: SudokuField changed value from 5 to 1
kwi 27, 2021 6:56:31 PM com.ad.sudoku.model.SudokuField setValue
INFO: SudokuField changed value from 1 to 2
kwi 27, 2021 6:56:31 PM com.ad.sudoku.model.SudokuField setValue
INFO: SudokuField changed value from 2 to 4
kwi 27, 2021 6:56:31 PM com.ad.sudoku.model.SudokuField setValue
INFO: SudokuField changed value from 0 to 6
kwi 27, 2021 6:56:31 PM com.ad.sudoku.model.SudokuField setValue
INFO: SudokuField changed value from 6 to 3
kwi 27, 2021 6:56:31 PM com.ad.sudoku.model.SudokuField setValue
INFO: SudokuField changed value from 3 to 8
kwi 27, 2021 6:56:31 PM com.ad.sudoku.model.SudokuField setValue
INFO: SudokuField changed value from 0 to 5
kwi 27, 2021 6:56:31 PM com.ad.sudoku.model.SudokuField setValue
INFO: SudokuField changed value from 5 to 7
kwi 27, 2021 6:56:31 PM com.ad.sudoku.model.SudokuField setValue
INFO: SudokuField changed value from 7 to 2
kwi 27, 2021 6:56:31 PM com.ad.sudoku.model.SudokuField setValue
INFO: SudokuField changed value from 2 to 4
kwi 27, 2021 6:56:31 PM com.ad.sudoku.model.SudokuField setValue
INFO: SudokuField changed value from 4 to 6
kwi 27, 2021 6:56:31 PM com.ad.sudoku.model.SudokuField setValue
INFO: SudokuField changed value from 6 to 8
kwi 27, 2021 6:56:31 PM com.ad.sudoku.model.SudokuField setValue
INFO: SudokuField changed value from 8 to 3
kwi 27, 2021 6:56:31 PM com.ad.sudoku.model.SudokuField setValue
INFO: SudokuField changed value from 0 to 1
kwi 27, 2021 6:56:31 PM com.ad.sudoku.model.SudokuField setValue
INFO: SudokuField changed value from 1 to 3
kwi 27, 2021 6:56:31 PM com.ad.sudoku.model.SudokuField setValue
INFO: SudokuField changed value from 0 to 7
kwi 27, 2021 6:56:31 PM com.ad.sudoku.model.SudokuField setValue
INFO: SudokuField changed value from 7 to 3
kwi 27, 2021 6:56:31 PM com.ad.sudoku.model.SudokuField setValue
INFO: SudokuField changed value from 3 to 2
kwi 27, 2021 6:56:31 PM com.ad.sudoku.model.SudokuField setValue
INFO: SudokuField changed value from 2 to 9
kwi 27, 2021 6:56:31 PM com.ad.sudoku.model.SudokuField setValue
INFO: SudokuField changed value from 9 to 8
kwi 27, 2021 6:56:31 PM com.ad.sudoku.model.SudokuField setValue
INFO: SudokuField changed value from 0 to 4
kwi 27, 2021 6:56:31 PM com.ad.sudoku.model.SudokuField setValue
INFO: SudokuField changed value from 0 to 6
kwi 27, 2021 6:56:31 PM com.ad.sudoku.model.SudokuField setValue
INFO: SudokuField changed value from 6 to 9
kwi 27, 2021 6:56:31 PM com.ad.sudoku.model.SudokuField setValue
INFO: SudokuField changed value from 9 to 7
kwi 27, 2021 6:56:31 PM com.ad.sudoku.model.SudokuField setValue
INFO: SudokuField changed value from 7 to 4
kwi 27, 2021 6:56:31 PM com.ad.sudoku.model.SudokuField setValue
INFO: SudokuField changed value from 4 to 1
kwi 27, 2021 6:56:31 PM com.ad.sudoku.model.SudokuField setValue
INFO: SudokuField changed value from 1 to 8
kwi 27, 2021 6:56:31 PM com.ad.sudoku.model.SudokuField setValue
INFO: SudokuField changed value from 8 to 2
kwi 27, 2021 6:56:31 PM com.ad.sudoku.model.SudokuField setValue
INFO: SudokuField changed value from 2 to 5
kwi 27, 2021 6:56:31 PM com.ad.sudoku.model.SudokuField setValue
INFO: SudokuField changed value from 5 to 3
kwi 27, 2021 6:56:31 PM com.ad.sudoku.model.SudokuField setValue
INFO: SudokuField changed value from 3 to 0
kwi 27, 2021 6:56:31 PM com.ad.sudoku.model.SudokuField setValue
INFO: SudokuField changed value from 4 to 2
kwi 27, 2021 6:56:31 PM com.ad.sudoku.model.SudokuField setValue
INFO: SudokuField changed value from 2 to 8
kwi 27, 2021 6:56:31 PM com.ad.sudoku.model.SudokuField setValue
INFO: SudokuField changed value from 8 to 7
kwi 27, 2021 6:56:31 PM com.ad.sudoku.model.SudokuField setValue
INFO: SudokuField changed value from 0 to 6
kwi 27, 2021 6:56:31 PM com.ad.sudoku.model.SudokuField setValue
INFO: SudokuField changed value from 6 to 9
kwi 27, 2021 6:56:31 PM com.ad.sudoku.model.SudokuField setValue
INFO: SudokuField changed value from 9 to 8
kwi 27, 2021 6:56:31 PM com.ad.sudoku.model.SudokuField setValue
INFO: SudokuField changed value from 8 to 7
kwi 27, 2021 6:56:31 PM com.ad.sudoku.model.SudokuField setValue
INFO: SudokuField changed value from 7 to 5
kwi 27, 2021 6:56:31 PM com.ad.sudoku.model.SudokuField setValue
INFO: SudokuField changed value from 5 to 1
kwi 27, 2021 6:56:31 PM com.ad.sudoku.model.SudokuField setValue
INFO: SudokuField changed value from 1 to 3
kwi 27, 2021 6:56:31 PM com.ad.sudoku.model.SudokuField setValue
INFO: SudokuField changed value from 3 to 4
kwi 27, 2021 6:56:31 PM com.ad.sudoku.model.SudokuField setValue
INFO: SudokuField changed value from 0 to 6
kwi 27, 2021 6:56:31 PM com.ad.sudoku.model.SudokuField setValue
INFO: SudokuField changed value from 0 to 5
kwi 27, 2021 6:56:31 PM com.ad.sudoku.model.SudokuField setValue
INFO: SudokuField changed value from 5 to 9
kwi 27, 2021 6:56:31 PM com.ad.sudoku.model.SudokuField setValue
INFO: SudokuField changed value from 9 to 6
kwi 27, 2021 6:56:31 PM com.ad.sudoku.model.SudokuField setValue
INFO: SudokuField changed value from 6 to 2
kwi 27, 2021 6:56:31 PM com.ad.sudoku.model.SudokuField setValue
INFO: SudokuField changed value from 2 to 8
kwi 27, 2021 6:56:31 PM com.ad.sudoku.model.SudokuField setValue
INFO: SudokuField changed value from 8 to 7
kwi 27, 2021 6:56:31 PM com.ad.sudoku.model.SudokuField setValue
INFO: SudokuField changed value from 7 to 1
kwi 27, 2021 6:56:31 PM com.ad.sudoku.model.SudokuField setValue
INFO: SudokuField changed value from 0 to 5
kwi 27, 2021 6:56:31 PM com.ad.sudoku.model.SudokuField setValue
INFO: SudokuField changed value from 0 to 6
kwi 27, 2021 6:56:31 PM com.ad.sudoku.model.SudokuField setValue
INFO: SudokuField changed value from 6 to 1
kwi 27, 2021 6:56:31 PM com.ad.sudoku.model.SudokuField setValue
INFO: SudokuField changed value from 1 to 5
kwi 27, 2021 6:56:31 PM com.ad.sudoku.model.SudokuField setValue
INFO: SudokuField changed value from 5 to 9
kwi 27, 2021 6:56:31 PM com.ad.sudoku.model.SudokuField setValue
INFO: SudokuField changed value from 0 to 7
kwi 27, 2021 6:56:31 PM com.ad.sudoku.model.SudokuField setValue
INFO: SudokuField changed value from 7 to 1
kwi 27, 2021 6:56:31 PM com.ad.sudoku.model.SudokuField setValue
INFO: SudokuField changed value from 1 to 9
kwi 27, 2021 6:56:31 PM com.ad.sudoku.model.SudokuField setValue
INFO: SudokuField changed value from 9 to 4
kwi 27, 2021 6:56:31 PM com.ad.sudoku.model.SudokuField setValue
INFO: SudokuField changed value from 4 to 8
kwi 27, 2021 6:56:31 PM com.ad.sudoku.model.SudokuField setValue
INFO: SudokuField changed value from 8 to 3
kwi 27, 2021 6:56:31 PM com.ad.sudoku.model.SudokuField setValue
INFO: SudokuField changed value from 3 to 5
kwi 27, 2021 6:56:31 PM com.ad.sudoku.model.SudokuField setValue
INFO: SudokuField changed value from 5 to 6
kwi 27, 2021 6:56:31 PM com.ad.sudoku.model.SudokuField setValue
INFO: SudokuField changed value from 6 to 2
kwi 27, 2021 6:56:31 PM com.ad.sudoku.model.SudokuField setValue
INFO: SudokuField changed value from 0 to 8
kwi 27, 2021 6:56:31 PM com.ad.sudoku.model.SudokuField setValue
INFO: SudokuField changed value from 8 to 5
kwi 27, 2021 6:56:31 PM com.ad.sudoku.model.SudokuField setValue
INFO: SudokuField changed value from 5 to 9
kwi 27, 2021 6:56:31 PM com.ad.sudoku.model.SudokuField setValue
INFO: SudokuField changed value from 0 to 9
kwi 27, 2021 6:56:31 PM com.ad.sudoku.model.SudokuField setValue
INFO: SudokuField changed value from 9 to 1
kwi 27, 2021 6:56:31 PM com.ad.sudoku.model.SudokuField setValue
INFO: SudokuField changed value from 1 to 5
kwi 27, 2021 6:56:31 PM com.ad.sudoku.model.SudokuField setValue
INFO: SudokuField changed value from 0 to 5
kwi 27, 2021 6:56:31 PM com.ad.sudoku.model.SudokuField setValue
INFO: SudokuField changed value from 5 to 2
kwi 27, 2021 6:56:31 PM com.ad.sudoku.model.SudokuField setValue
INFO: SudokuField changed value from 2 to 8
kwi 27, 2021 6:56:31 PM com.ad.sudoku.model.SudokuField setValue
INFO: SudokuField changed value from 8 to 1
kwi 27, 2021 6:56:31 PM com.ad.sudoku.model.SudokuField setValue
INFO: SudokuField changed value from 1 to 9
kwi 27, 2021 6:56:31 PM com.ad.sudoku.model.SudokuField setValue
INFO: SudokuField changed value from 9 to 6
kwi 27, 2021 6:56:31 PM com.ad.sudoku.model.SudokuField setValue
INFO: SudokuField changed value from 6 to 7
kwi 27, 2021 6:56:31 PM com.ad.sudoku.model.SudokuField setValue
INFO: SudokuField changed value from 7 to 3
kwi 27, 2021 6:56:31 PM com.ad.sudoku.model.SudokuField setValue
INFO: SudokuField changed value from 3 to 4
kwi 27, 2021 6:56:31 PM com.ad.sudoku.model.SudokuField setValue
INFO: SudokuField changed value from 0 to 7
kwi 27, 2021 6:56:31 PM com.ad.sudoku.model.SudokuField setValue
INFO: SudokuField changed value from 7 to 8
kwi 27, 2021 6:56:31 PM com.ad.sudoku.model.SudokuField setValue
INFO: SudokuField changed value from 0 to 6
kwi 27, 2021 6:56:31 PM com.ad.sudoku.model.SudokuField setValue
INFO: SudokuField changed value from 6 to 7
kwi 27, 2021 6:56:31 PM com.ad.sudoku.model.SudokuField setValue
INFO: SudokuField changed value from 7 to 1
kwi 27, 2021 6:56:31 PM com.ad.sudoku.model.SudokuField setValue
INFO: SudokuField changed value from 1 to 8
kwi 27, 2021 6:56:31 PM com.ad.sudoku.model.SudokuField setValue
INFO: SudokuField changed value from 8 to 4
kwi 27, 2021 6:56:31 PM com.ad.sudoku.model.SudokuField setValue
INFO: SudokuField changed value from 4 to 5
kwi 27, 2021 6:56:31 PM com.ad.sudoku.model.SudokuField setValue
INFO: SudokuField changed value from 5 to 3
kwi 27, 2021 6:56:31 PM com.ad.sudoku.model.SudokuField setValue
INFO: SudokuField changed value from 3 to 9
kwi 27, 2021 6:56:31 PM com.ad.sudoku.model.SudokuField setValue
INFO: SudokuField changed value from 9 to 2
kwi 27, 2021 6:56:31 PM com.ad.sudoku.model.SudokuField setValue
INFO: SudokuField changed value from 0 to 7
kwi 27, 2021 6:56:31 PM com.ad.sudoku.model.SudokuField setValue
INFO: SudokuField changed value from 7 to 4
kwi 27, 2021 6:56:31 PM com.ad.sudoku.model.SudokuField setValue
INFO: SudokuField changed value from 4 to 5
kwi 27, 2021 6:56:31 PM com.ad.sudoku.model.SudokuField setValue
INFO: SudokuField changed value from 5 to 6
kwi 27, 2021 6:56:31 PM com.ad.sudoku.model.SudokuField setValue
INFO: SudokuField changed value from 6 to 8
kwi 27, 2021 6:56:31 PM com.ad.sudoku.model.SudokuField setValue
INFO: SudokuField changed value from 8 to 9
kwi 27, 2021 6:56:31 PM com.ad.sudoku.model.SudokuField setValue
INFO: SudokuField changed value from 9 to 3
kwi 27, 2021 6:56:31 PM com.ad.sudoku.model.SudokuField setValue
INFO: SudokuField changed value from 0 to 3
kwi 27, 2021 6:56:31 PM com.ad.sudoku.model.SudokuField setValue
INFO: SudokuField changed value from 3 to 2
kwi 27, 2021 6:56:31 PM com.ad.sudoku.model.SudokuField setValue
INFO: SudokuField changed value from 2 to 6
kwi 27, 2021 6:56:31 PM com.ad.sudoku.model.SudokuField setValue
INFO: SudokuField changed value from 0 to 8
kwi 27, 2021 6:56:31 PM com.ad.sudoku.model.SudokuField setValue
INFO: SudokuField changed value from 8 to 9
kwi 27, 2021 6:56:31 PM com.ad.sudoku.model.SudokuField setValue
INFO: SudokuField changed value from 9 to 4
kwi 27, 2021 6:56:31 PM com.ad.sudoku.model.SudokuField setValue
INFO: SudokuField changed value from 4 to 1
kwi 27, 2021 6:56:31 PM com.ad.sudoku.model.SudokuField setValue
INFO: SudokuField changed value from 0 to 9
kwi 27, 2021 6:56:31 PM com.ad.sudoku.model.SudokuField setValue
INFO: SudokuField changed value from 9 to 5
kwi 27, 2021 6:56:31 PM com.ad.sudoku.model.SudokuField setValue
INFO: SudokuField changed value from 5 to 3
kwi 27, 2021 6:56:31 PM com.ad.sudoku.model.SudokuField setValue
INFO: SudokuField changed value from 3 to 1
kwi 27, 2021 6:56:31 PM com.ad.sudoku.model.SudokuField setValue
INFO: SudokuField changed value from 1 to 7
kwi 27, 2021 6:56:31 PM com.ad.sudoku.model.SudokuField setValue
INFO: SudokuField changed value from 4 to 0
kwi 27, 2021 6:56:31 PM com.ad.sudoku.model.SudokuField setValue
INFO: SudokuField changed value from 3 to 0
kwi 27, 2021 6:56:31 PM com.ad.sudoku.model.SudokuField setValue
INFO: SudokuField changed value from 1 to 0
kwi 27, 2021 6:56:31 PM com.ad.sudoku.model.SudokuField setValue
INFO: SudokuField changed value from 9 to 0
kwi 27, 2021 6:56:31 PM com.ad.sudoku.model.SudokuField setValue
INFO: SudokuField changed value from 6 to 0
kwi 27, 2021 6:56:31 PM com.ad.sudoku.model.SudokuField setValue
INFO: SudokuField changed value from 6 to 0
kwi 27, 2021 6:56:31 PM com.ad.sudoku.model.SudokuField setValue
INFO: SudokuField changed value from 2 to 0
kwi 27, 2021 6:56:31 PM com.ad.sudoku.model.SudokuField setValue
INFO: SudokuField changed value from 9 to 0
kwi 27, 2021 6:56:31 PM com.ad.sudoku.model.SudokuField setValue
INFO: SudokuField changed value from 1 to 0
kwi 27, 2021 6:56:31 PM com.ad.sudoku.model.SudokuField setValue
INFO: SudokuField changed value from 7 to 0
kwi 27, 2021 6:56:31 PM com.ad.sudoku.model.SudokuField setValue
INFO: SudokuField changed value from 5 to 0
kwi 27, 2021 6:56:31 PM com.ad.sudoku.model.SudokuField setValue
INFO: SudokuField changed value from 8 to 0
kwi 27, 2021 6:56:31 PM com.ad.sudoku.model.SudokuField setValue
INFO: SudokuField changed value from 6 to 0
kwi 27, 2021 6:56:31 PM com.ad.sudoku.model.SudokuField setValue
INFO: SudokuField changed value from 1 to 0
kwi 27, 2021 6:56:31 PM com.ad.sudoku.model.SudokuField setValue
INFO: SudokuField changed value from 4 to 0
kwi 27, 2021 6:56:31 PM com.ad.sudoku.model.SudokuField setValue
INFO: SudokuField changed value from 9 to 0
kwi 27, 2021 6:56:31 PM com.ad.sudoku.model.SudokuField setValue
INFO: SudokuField changed value from 2 to 0
kwi 27, 2021 6:56:31 PM com.ad.sudoku.model.SudokuField setValue
INFO: SudokuField changed value from 3 to 0
kwi 27, 2021 6:56:31 PM com.ad.sudoku.model.SudokuField setValue
INFO: SudokuField changed value from 8 to 0
kwi 27, 2021 6:56:31 PM com.ad.sudoku.model.SudokuField setValue
INFO: SudokuField changed value from 9 to 0
kwi 27, 2021 6:56:31 PM com.ad.sudoku.model.SudokuField setValue
INFO: SudokuField changed value from 5 to 0
kwi 27, 2021 6:56:31 PM com.ad.sudoku.model.SudokuField setValue
INFO: SudokuField changed value from 1 to 0
kwi 27, 2021 6:56:31 PM com.ad.sudoku.model.SudokuField setValue
INFO: SudokuField changed value from 8 to 0
kwi 27, 2021 6:56:31 PM com.ad.sudoku.model.SudokuField setValue
INFO: SudokuField changed value from 9 to 0
kwi 27, 2021 6:56:31 PM com.ad.sudoku.model.SudokuField setValue
INFO: SudokuField changed value from 1 to 0
kwi 27, 2021 6:56:31 PM com.ad.sudoku.model.SudokuField setValue
INFO: SudokuField changed value from 5 to 0
kwi 27, 2021 6:56:31 PM com.ad.sudoku.model.SudokuField setValue
INFO: SudokuField changed value from 2 to 0
kwi 27, 2021 6:56:31 PM com.ad.sudoku.model.SudokuField setValue
INFO: SudokuField changed value from 1 to 0
kwi 27, 2021 6:56:31 PM com.ad.sudoku.model.SudokuField setValue
INFO: SudokuField changed value from 9 to 0
kwi 27, 2021 6:56:31 PM com.ad.sudoku.model.SudokuField setValue
INFO: SudokuField changed value from 2 to 0
kwi 27, 2021 6:56:31 PM com.ad.sudoku.model.SudokuField setValue
INFO: SudokuField changed value from 4 to 0
kwi 27, 2021 6:56:31 PM com.ad.sudoku.model.SudokuField setValue
INFO: SudokuField changed value from 7 to 0
kwi 27, 2021 6:56:31 PM com.ad.sudoku.model.SudokuField setValue
INFO: SudokuField changed value from 6 to 0
kwi 27, 2021 6:56:31 PM com.ad.sudoku.model.SudokuField setValue
INFO: SudokuField changed value from 8 to 0
kwi 27, 2021 6:56:31 PM com.ad.sudoku.model.SudokuField setValue
INFO: SudokuField changed value from 2 to 0
kwi 27, 2021 6:56:31 PM com.ad.sudoku.model.SudokuField setValue
INFO: SudokuField changed value from 6 to 0
kwi 27, 2021 6:56:31 PM com.ad.sudoku.model.SudokuField setValue
INFO: SudokuField changed value from 5 to 0
kwi 27, 2021 6:56:31 PM com.ad.sudoku.model.SudokuField setValue
INFO: SudokuField changed value from 8 to 0
kwi 27, 2021 6:56:31 PM com.ad.sudoku.model.SudokuField setValue
INFO: SudokuField changed value from 3 to 0
kwi 27, 2021 6:56:31 PM com.ad.sudoku.model.SudokuField setValue
INFO: SudokuField changed value from 1 to 0
kwi 27, 2021 6:56:31 PM com.ad.sudoku.model.SudokuField setValue
INFO: SudokuField changed value from 2 to 0
kwi 27, 2021 6:56:31 PM com.ad.sudoku.model.SudokuField setValue
INFO: SudokuField changed value from 9 to 0
kwi 27, 2021 6:56:31 PM com.ad.sudoku.model.SudokuField setValue
INFO: SudokuField changed value from 6 to 0
kwi 27, 2021 6:56:31 PM com.ad.sudoku.model.SudokuField setValue
INFO: SudokuField changed value from 1 to 0
kwi 27, 2021 6:56:31 PM com.ad.sudoku.model.SudokuField setValue
INFO: SudokuField changed value from 7 to 0
kwi 27, 2021 6:56:31 PM com.ad.sudoku.model.SudokuField setValue
INFO: SudokuField changed value from 0 to 7
kwi 27, 2021 6:56:31 PM com.ad.sudoku.model.SudokuField setValue
INFO: SudokuField changed value from 0 to 8
kwi 27, 2021 6:56:31 PM com.ad.sudoku.model.SudokuBoard solveGame
INFO: Solving the game...
kwi 27, 2021 6:56:31 PM com.ad.sudoku.model.SudokuField setValue
INFO: SudokuField changed value from 0 to 7
kwi 27, 2021 6:56:31 PM com.ad.sudoku.model.SudokuField setValue
INFO: SudokuField changed value from 7 to 4
kwi 27, 2021 6:56:31 PM com.ad.sudoku.model.SudokuField setValue
INFO: SudokuField changed value from 0 to 6
kwi 27, 2021 6:56:31 PM com.ad.sudoku.model.SudokuField setValue
INFO: SudokuField changed value from 6 to 1
kwi 27, 2021 6:56:31 PM com.ad.sudoku.model.SudokuField setValue
INFO: SudokuField changed value from 1 to 8
kwi 27, 2021 6:56:31 PM com.ad.sudoku.model.SudokuField setValue
INFO: SudokuField changed value from 8 to 4
kwi 27, 2021 6:56:31 PM com.ad.sudoku.model.SudokuField setValue
INFO: SudokuField changed value from 4 to 2
kwi 27, 2021 6:56:31 PM com.ad.sudoku.model.SudokuField setValue
INFO: SudokuField changed value from 2 to 9
kwi 27, 2021 6:56:31 PM com.ad.sudoku.model.SudokuField setValue
INFO: SudokuField changed value from 0 to 5
kwi 27, 2021 6:56:31 PM com.ad.sudoku.model.SudokuField setValue
INFO: SudokuField changed value from 5 to 3
kwi 27, 2021 6:56:31 PM com.ad.sudoku.model.SudokuField setValue
INFO: SudokuField changed value from 3 to 9
kwi 27, 2021 6:56:31 PM com.ad.sudoku.model.SudokuField setValue
INFO: SudokuField changed value from 9 to 7
kwi 27, 2021 6:56:31 PM com.ad.sudoku.model.SudokuField setValue
INFO: SudokuField changed value from 7 to 6
kwi 27, 2021 6:56:31 PM com.ad.sudoku.model.SudokuField setValue
INFO: SudokuField changed value from 0 to 2
kwi 27, 2021 6:56:31 PM com.ad.sudoku.model.SudokuField setValue
INFO: SudokuField changed value from 2 to 3
kwi 27, 2021 6:56:31 PM com.ad.sudoku.model.SudokuField setValue
INFO: SudokuField changed value from 3 to 7
kwi 27, 2021 6:56:31 PM com.ad.sudoku.model.SudokuField setValue
INFO: SudokuField changed value from 7 to 6
kwi 27, 2021 6:56:31 PM com.ad.sudoku.model.SudokuField setValue
INFO: SudokuField changed value from 6 to 5
kwi 27, 2021 6:56:31 PM com.ad.sudoku.model.SudokuField setValue
INFO: SudokuField changed value from 5 to 8
kwi 27, 2021 6:56:31 PM com.ad.sudoku.model.SudokuField setValue
INFO: SudokuField changed value from 8 to 4
kwi 27, 2021 6:56:31 PM com.ad.sudoku.model.SudokuField setValue
INFO: SudokuField changed value from 4 to 1
kwi 27, 2021 6:56:31 PM com.ad.sudoku.model.SudokuField setValue
INFO: SudokuField changed value from 0 to 6
kwi 27, 2021 6:56:31 PM com.ad.sudoku.model.SudokuField setValue
INFO: SudokuField changed value from 6 to 8
kwi 27, 2021 6:56:31 PM com.ad.sudoku.model.SudokuField setValue
INFO: SudokuField changed value from 8 to 4
kwi 27, 2021 6:56:31 PM com.ad.sudoku.model.SudokuField setValue
INFO: SudokuField changed value from 4 to 5
kwi 27, 2021 6:56:31 PM com.ad.sudoku.model.SudokuField setValue
INFO: SudokuField changed value from 5 to 1
kwi 27, 2021 6:56:31 PM com.ad.sudoku.model.SudokuField setValue
INFO: SudokuField changed value from 1 to 2
kwi 27, 2021 6:56:31 PM com.ad.sudoku.model.SudokuField setValue
INFO: SudokuField changed value from 2 to 3
kwi 27, 2021 6:56:31 PM com.ad.sudoku.model.SudokuField setValue
INFO: SudokuField changed value from 3 to 7
kwi 27, 2021 6:56:31 PM com.ad.sudoku.model.SudokuField setValue
INFO: SudokuField changed value from 7 to 9
kwi 27, 2021 6:56:31 PM com.ad.sudoku.model.SudokuField setValue
INFO: SudokuField changed value from 9 to 0
kwi 27, 2021 6:56:31 PM com.ad.sudoku.model.SudokuField setValue
INFO: SudokuField changed value from 1 to 9
kwi 27, 2021 6:56:31 PM com.ad.sudoku.model.SudokuField setValue
INFO: SudokuField changed value from 9 to 0
kwi 27, 2021 6:56:31 PM com.ad.sudoku.model.SudokuField setValue
INFO: SudokuField changed value from 6 to 8
kwi 27, 2021 6:56:31 PM com.ad.sudoku.model.SudokuField setValue
INFO: SudokuField changed value from 8 to 1
kwi 27, 2021 6:56:31 PM com.ad.sudoku.model.SudokuField setValue
INFO: SudokuField changed value from 0 to 4
kwi 27, 2021 6:56:31 PM com.ad.sudoku.model.SudokuField setValue
INFO: SudokuField changed value from 4 to 8
kwi 27, 2021 6:56:31 PM com.ad.sudoku.model.SudokuField setValue
INFO: SudokuField changed value from 8 to 5
kwi 27, 2021 6:56:31 PM com.ad.sudoku.model.SudokuField setValue
INFO: SudokuField changed value from 5 to 1
kwi 27, 2021 6:56:31 PM com.ad.sudoku.model.SudokuField setValue
INFO: SudokuField changed value from 1 to 6
kwi 27, 2021 6:56:31 PM com.ad.sudoku.model.SudokuField setValue
INFO: SudokuField changed value from 6 to 9
kwi 27, 2021 6:56:31 PM com.ad.sudoku.model.SudokuField setValue
INFO: SudokuField changed value from 9 to 2
kwi 27, 2021 6:56:31 PM com.ad.sudoku.model.SudokuField setValue
INFO: SudokuField changed value from 2 to 7
kwi 27, 2021 6:56:31 PM com.ad.sudoku.model.SudokuField setValue
INFO: SudokuField changed value from 7 to 3
kwi 27, 2021 6:56:31 PM com.ad.sudoku.model.SudokuField setValue
INFO: SudokuField changed value from 3 to 0
kwi 27, 2021 6:56:31 PM com.ad.sudoku.model.SudokuField setValue
INFO: SudokuField changed value from 1 to 2
kwi 27, 2021 6:56:31 PM com.ad.sudoku.model.SudokuField setValue
INFO: SudokuField changed value from 2 to 4
kwi 27, 2021 6:56:31 PM com.ad.sudoku.model.SudokuField setValue
INFO: SudokuField changed value from 4 to 0
kwi 27, 2021 6:56:31 PM com.ad.sudoku.model.SudokuField setValue
INFO: SudokuField changed value from 9 to 5
kwi 27, 2021 6:56:31 PM com.ad.sudoku.model.SudokuField setValue
INFO: SudokuField changed value from 5 to 7
kwi 27, 2021 6:56:31 PM com.ad.sudoku.model.SudokuField setValue
INFO: SudokuField changed value from 7 to 3
kwi 27, 2021 6:56:31 PM com.ad.sudoku.model.SudokuField setValue
INFO: SudokuField changed value from 0 to 3
kwi 27, 2021 6:56:31 PM com.ad.sudoku.model.SudokuField setValue
INFO: SudokuField changed value from 3 to 1
kwi 27, 2021 6:56:31 PM com.ad.sudoku.model.SudokuField setValue
INFO: SudokuField changed value from 0 to 2
kwi 27, 2021 6:56:31 PM com.ad.sudoku.model.SudokuField setValue
INFO: SudokuField changed value from 2 to 8
kwi 27, 2021 6:56:31 PM com.ad.sudoku.model.SudokuField setValue
INFO: SudokuField changed value from 8 to 1
kwi 27, 2021 6:56:31 PM com.ad.sudoku.model.SudokuField setValue
INFO: SudokuField changed value from 1 to 6
kwi 27, 2021 6:56:31 PM com.ad.sudoku.model.SudokuField setValue
INFO: SudokuField changed value from 6 to 4
kwi 27, 2021 6:56:31 PM com.ad.sudoku.model.SudokuField setValue
INFO: SudokuField changed value from 4 to 9
kwi 27, 2021 6:56:31 PM com.ad.sudoku.model.SudokuField setValue
INFO: SudokuField changed value from 0 to 4
kwi 27, 2021 6:56:31 PM com.ad.sudoku.model.SudokuField setValue
INFO: SudokuField changed value from 4 to 3
kwi 27, 2021 6:56:31 PM com.ad.sudoku.model.SudokuField setValue
INFO: SudokuField changed value from 3 to 5
kwi 27, 2021 6:56:31 PM com.ad.sudoku.model.SudokuField setValue
INFO: SudokuField changed value from 5 to 9
kwi 27, 2021 6:56:31 PM com.ad.sudoku.model.SudokuField setValue
INFO: SudokuField changed value from 9 to 6
kwi 27, 2021 6:56:31 PM com.ad.sudoku.model.SudokuField setValue
INFO: SudokuField changed value from 0 to 4
kwi 27, 2021 6:56:31 PM com.ad.sudoku.model.SudokuField setValue
INFO: SudokuField changed value from 4 to 3
kwi 27, 2021 6:56:31 PM com.ad.sudoku.model.SudokuField setValue
INFO: SudokuField changed value from 3 to 1
kwi 27, 2021 6:56:31 PM com.ad.sudoku.model.SudokuField setValue
INFO: SudokuField changed value from 1 to 8
kwi 27, 2021 6:56:31 PM com.ad.sudoku.model.SudokuField setValue
INFO: SudokuField changed value from 8 to 9
kwi 27, 2021 6:56:31 PM com.ad.sudoku.model.SudokuField setValue
INFO: SudokuField changed value from 0 to 7
kwi 27, 2021 6:56:31 PM com.ad.sudoku.model.SudokuField setValue
INFO: SudokuField changed value from 7 to 9
kwi 27, 2021 6:56:31 PM com.ad.sudoku.model.SudokuField setValue
INFO: SudokuField changed value from 9 to 1
kwi 27, 2021 6:56:31 PM com.ad.sudoku.model.SudokuField setValue
INFO: SudokuField changed value from 1 to 2
kwi 27, 2021 6:56:31 PM com.ad.sudoku.model.SudokuField setValue
INFO: SudokuField changed value from 0 to 6
kwi 27, 2021 6:56:31 PM com.ad.sudoku.model.SudokuField setValue
INFO: SudokuField changed value from 0 to 8
kwi 27, 2021 6:56:31 PM com.ad.sudoku.model.SudokuField setValue
INFO: SudokuField changed value from 8 to 1
kwi 27, 2021 6:56:31 PM com.ad.sudoku.model.SudokuField setValue
INFO: SudokuField changed value from 0 to 5
kwi 27, 2021 6:56:31 PM com.ad.sudoku.model.SudokuField setValue
INFO: SudokuField changed value from 5 to 3
kwi 27, 2021 6:56:31 PM com.ad.sudoku.model.SudokuField setValue
INFO: SudokuField changed value from 3 to 2
kwi 27, 2021 6:56:31 PM com.ad.sudoku.model.SudokuField setValue
INFO: SudokuField changed value from 2 to 7
kwi 27, 2021 6:56:31 PM com.ad.sudoku.model.SudokuField setValue
INFO: SudokuField changed value from 0 to 8
kwi 27, 2021 6:56:31 PM com.ad.sudoku.model.SudokuField setValue
INFO: SudokuField changed value from 0 to 4
kwi 27, 2021 6:56:31 PM com.ad.sudoku.model.SudokuField setValue
INFO: SudokuField changed value from 4 to 8
kwi 27, 2021 6:56:31 PM com.ad.sudoku.model.SudokuField setValue
INFO: SudokuField changed value from 8 to 2
kwi 27, 2021 6:56:31 PM com.ad.sudoku.model.SudokuField setValue
INFO: SudokuField changed value from 2 to 6
kwi 27, 2021 6:56:31 PM com.ad.sudoku.model.SudokuField setValue
INFO: SudokuField changed value from 6 to 5
kwi 27, 2021 6:56:31 PM com.ad.sudoku.model.SudokuField setValue
INFO: SudokuField changed value from 5 to 7
kwi 27, 2021 6:56:31 PM com.ad.sudoku.model.SudokuField setValue
INFO: SudokuField changed value from 7 to 3
kwi 27, 2021 6:56:31 PM com.ad.sudoku.model.SudokuField setValue
INFO: SudokuField changed value from 3 to 9
kwi 27, 2021 6:56:31 PM com.ad.sudoku.model.SudokuField setValue
INFO: SudokuField changed value from 9 to 1
kwi 27, 2021 6:56:31 PM com.ad.sudoku.model.SudokuField setValue
INFO: SudokuField changed value from 1 to 0
kwi 27, 2021 6:56:31 PM com.ad.sudoku.model.SudokuField setValue
INFO: SudokuField changed value from 8 to 4
kwi 27, 2021 6:56:31 PM com.ad.sudoku.model.SudokuField setValue
INFO: SudokuField changed value from 4 to 5
kwi 27, 2021 6:56:31 PM com.ad.sudoku.model.SudokuField setValue
INFO: SudokuField changed value from 0 to 7
kwi 27, 2021 6:56:31 PM com.ad.sudoku.model.SudokuField setValue
INFO: SudokuField changed value from 7 to 2
kwi 27, 2021 6:56:31 PM com.ad.sudoku.model.SudokuField setValue
INFO: SudokuField changed value from 2 to 8
kwi 27, 2021 6:56:31 PM com.ad.sudoku.model.SudokuField setValue
INFO: SudokuField changed value from 0 to 8
kwi 27, 2021 6:56:31 PM com.ad.sudoku.model.SudokuField setValue
INFO: SudokuField changed value from 8 to 4
kwi 27, 2021 6:56:31 PM com.ad.sudoku.model.SudokuField setValue
INFO: SudokuField changed value from 4 to 3
kwi 27, 2021 6:56:31 PM com.ad.sudoku.model.SudokuField setValue
INFO: SudokuField changed value from 3 to 5
kwi 27, 2021 6:56:31 PM com.ad.sudoku.model.SudokuField setValue
INFO: SudokuField changed value from 5 to 2
kwi 27, 2021 6:56:31 PM com.ad.sudoku.model.SudokuField setValue
INFO: SudokuField changed value from 2 to 7
kwi 27, 2021 6:56:31 PM com.ad.sudoku.model.SudokuField setValue
INFO: SudokuField changed value from 7 to 1
kwi 27, 2021 6:56:31 PM com.ad.sudoku.model.SudokuField setValue
INFO: SudokuField changed value from 1 to 9
kwi 27, 2021 6:56:31 PM com.ad.sudoku.model.SudokuField setValue
INFO: SudokuField changed value from 9 to 6
kwi 27, 2021 6:56:31 PM com.ad.sudoku.model.SudokuField setValue
INFO: SudokuField changed value from 0 to 3
kwi 27, 2021 6:56:31 PM com.ad.sudoku.model.SudokuField setValue
INFO: SudokuField changed value from 3 to 5
kwi 27, 2021 6:56:31 PM com.ad.sudoku.model.SudokuField setValue
INFO: SudokuField changed value from 5 to 8
kwi 27, 2021 6:56:31 PM com.ad.sudoku.model.SudokuField setValue
INFO: SudokuField changed value from 8 to 1
kwi 27, 2021 6:56:31 PM com.ad.sudoku.model.SudokuField setValue
INFO: SudokuField changed value from 0 to 8
kwi 27, 2021 6:56:31 PM com.ad.sudoku.model.SudokuField setValue
INFO: SudokuField changed value from 8 to 1
kwi 27, 2021 6:56:31 PM com.ad.sudoku.model.SudokuField setValue
INFO: SudokuField changed value from 1 to 3
kwi 27, 2021 6:56:31 PM com.ad.sudoku.model.SudokuField setValue
INFO: SudokuField changed value from 3 to 6
kwi 27, 2021 6:56:31 PM com.ad.sudoku.model.SudokuField setValue
INFO: SudokuField changed value from 6 to 7
kwi 27, 2021 6:56:31 PM com.ad.sudoku.model.SudokuField setValue
INFO: SudokuField changed value from 7 to 9
kwi 27, 2021 6:56:31 PM com.ad.sudoku.model.SudokuField setValue
INFO: SudokuField changed value from 9 to 5
kwi 27, 2021 6:56:31 PM com.ad.sudoku.model.SudokuField setValue
INFO: SudokuField changed value from 5 to 4
kwi 27, 2021 6:56:31 PM com.ad.sudoku.model.SudokuField setValue
INFO: SudokuField changed value from 0 to 3
kwi 27, 2021 6:56:31 PM com.ad.sudoku.model.SudokuField setValue
INFO: SudokuField changed value from 3 to 9
kwi 27, 2021 6:56:31 PM com.ad.sudoku.model.SudokuField setValue
INFO: SudokuField changed value from 0 to 4
kwi 27, 2021 6:56:31 PM com.ad.sudoku.model.SudokuField setValue
INFO: SudokuField changed value from 4 to 7
kwi 27, 2021 6:56:31 PM com.ad.sudoku.model.SudokuField setValue
INFO: SudokuField changed value from 7 to 6
kwi 27, 2021 6:56:31 PM com.ad.sudoku.model.SudokuField setValue
INFO: SudokuField changed value from 6 to 1
kwi 27, 2021 6:56:31 PM com.ad.sudoku.model.SudokuField setValue
INFO: SudokuField changed value from 1 to 5
kwi 27, 2021 6:56:31 PM com.ad.sudoku.model.SudokuField setValue
INFO: SudokuField changed value from 5 to 9
kwi 27, 2021 6:56:31 PM com.ad.sudoku.model.SudokuField setValue
INFO: SudokuField changed value from 0 to 9
kwi 27, 2021 6:56:31 PM com.ad.sudoku.model.SudokuField setValue
INFO: SudokuField changed value from 9 to 4
kwi 27, 2021 6:56:31 PM com.ad.sudoku.model.SudokuField setValue
INFO: SudokuField changed value from 4 to 3
kwi 27, 2021 6:56:31 PM com.ad.sudoku.model.SudokuField setValue
INFO: SudokuField changed value from 0 to 6
kwi 27, 2021 6:56:31 PM com.ad.sudoku.model.SudokuField setValue
INFO: SudokuField changed value from 6 to 2
kwi 27, 2021 6:56:31 PM com.ad.sudoku.model.SudokuField setValue
INFO: SudokuField changed value from 2 to 8
kwi 27, 2021 6:56:31 PM com.ad.sudoku.model.SudokuField setValue
INFO: SudokuField changed value from 0 to 5
kwi 27, 2021 6:56:31 PM com.ad.sudoku.model.SudokuField setValue
INFO: SudokuField changed value from 5 to 7
kwi 27, 2021 6:56:31 PM com.ad.sudoku.model.SudokuField setValue
INFO: SudokuField changed value from 7 to 9
kwi 27, 2021 6:56:31 PM com.ad.sudoku.model.SudokuField setValue
INFO: SudokuField changed value from 9 to 8
kwi 27, 2021 6:56:31 PM com.ad.sudoku.model.SudokuField setValue
INFO: SudokuField changed value from 8 to 1
kwi 27, 2021 6:56:31 PM com.ad.sudoku.model.SudokuField setValue
INFO: SudokuField changed value from 1 to 2
kwi 27, 2021 6:56:31 PM com.ad.sudoku.model.SudokuField setValue
INFO: SudokuField changed value from 0 to 7
kwi 27, 2021 6:56:31 PM com.ad.sudoku.model.SudokuField setValue
INFO: SudokuField changed value from 7 to 9
kwi 27, 2021 6:56:31 PM com.ad.sudoku.model.SudokuField setValue
INFO: SudokuField changed value from 9 to 3
kwi 27, 2021 6:56:31 PM com.ad.sudoku.model.SudokuField setValue
INFO: SudokuField changed value from 3 to 2
kwi 27, 2021 6:56:31 PM com.ad.sudoku.model.SudokuField setValue
INFO: SudokuField changed value from 2 to 1
kwi 27, 2021 6:56:31 PM com.ad.sudoku.model.SudokuField setValue
INFO: SudokuField changed value from 0 to 5
kwi 27, 2021 6:56:31 PM com.ad.sudoku.model.SudokuField setValue
INFO: SudokuField changed value from 5 to 8
kwi 27, 2021 6:56:31 PM com.ad.sudoku.model.SudokuField setValue
INFO: SudokuField changed value from 8 to 9
kwi 27, 2021 6:56:31 PM com.ad.sudoku.model.SudokuField setValue
INFO: SudokuField changed value from 9 to 1
kwi 27, 2021 6:56:31 PM com.ad.sudoku.model.SudokuField setValue
INFO: SudokuField changed value from 1 to 7
kwi 27, 2021 6:56:31 PM com.ad.sudoku.model.SudokuField setValue
INFO: SudokuField changed value from 7 to 2
kwi 27, 2021 6:56:31 PM com.ad.sudoku.model.SudokuField setValue
INFO: SudokuField changed value from 2 to 3
kwi 27, 2021 6:56:31 PM com.ad.sudoku.model.SudokuField setValue
INFO: SudokuField changed value from 3 to 6
kwi 27, 2021 6:56:31 PM com.ad.sudoku.model.SudokuField setValue
INFO: SudokuField changed value from 6 to 4
kwi 27, 2021 6:56:31 PM com.ad.sudoku.model.SudokuField setValue
INFO: SudokuField changed value from 4 to 0
kwi 27, 2021 6:56:31 PM com.ad.sudoku.model.SudokuField setValue
INFO: SudokuField changed value from 1 to 4
kwi 27, 2021 6:56:31 PM com.ad.sudoku.model.SudokuField setValue
INFO: SudokuField changed value from 4 to 5
kwi 27, 2021 6:56:31 PM com.ad.sudoku.model.SudokuField setValue
INFO: SudokuField changed value from 0 to 8
kwi 27, 2021 6:56:31 PM com.ad.sudoku.model.SudokuField setValue
INFO: SudokuField changed value from 8 to 4
kwi 27, 2021 6:56:31 PM com.ad.sudoku.model.SudokuField setValue
INFO: SudokuField changed value from 4 to 6
kwi 27, 2021 6:56:31 PM com.ad.sudoku.model.SudokuField setValue
INFO: SudokuField changed value from 6 to 7
kwi 27, 2021 6:56:31 PM com.ad.sudoku.model.SudokuField setValue
INFO: SudokuField changed value from 7 to 3
kwi 27, 2021 6:56:31 PM com.ad.sudoku.model.SudokuField setValue
INFO: SudokuField changed value from 3 to 1
kwi 27, 2021 6:56:31 PM com.ad.sudoku.model.SudokuField setValue
INFO: SudokuField changed value from 0 to 2
kwi 27, 2021 6:56:31 PM com.ad.sudoku.model.SudokuField setValue
INFO: SudokuField changed value from 0 to 5
kwi 27, 2021 6:56:31 PM com.ad.sudoku.model.SudokuField setValue
INFO: SudokuField changed value from 5 to 4
kwi 27, 2021 6:56:31 PM com.ad.sudoku.model.SudokuField setValue
INFO: SudokuField changed value from 4 to 8
kwi 27, 2021 6:56:31 PM com.ad.sudoku.model.SudokuField setValue
INFO: SudokuField changed value from 8 to 9
kwi 27, 2021 6:56:31 PM com.ad.sudoku.model.SudokuField setValue
INFO: SudokuField changed value from 0 to 3
kwi 27, 2021 6:56:31 PM com.ad.sudoku.model.SudokuField setValue
INFO: SudokuField changed value from 3 to 2
kwi 27, 2021 6:56:31 PM com.ad.sudoku.model.SudokuField setValue
INFO: SudokuField changed value from 2 to 6
kwi 27, 2021 6:56:31 PM com.ad.sudoku.model.SudokuField setValue
INFO: SudokuField changed value from 6 to 9
kwi 27, 2021 6:56:31 PM com.ad.sudoku.model.SudokuField setValue
INFO: SudokuField changed value from 9 to 5
kwi 27, 2021 6:56:31 PM com.ad.sudoku.model.SudokuField setValue
INFO: SudokuField changed value from 0 to 1
kwi 27, 2021 6:56:31 PM com.ad.sudoku.model.SudokuField setValue
INFO: SudokuField changed value from 0 to 8
kwi 27, 2021 6:56:31 PM com.ad.sudoku.model.SudokuField setValue
INFO: SudokuField changed value from 8 to 1
kwi 27, 2021 6:56:31 PM com.ad.sudoku.model.SudokuField setValue
INFO: SudokuField changed value from 1 to 9
kwi 27, 2021 6:56:31 PM com.ad.sudoku.model.SudokuField setValue
INFO: SudokuField changed value from 9 to 5
kwi 27, 2021 6:56:31 PM com.ad.sudoku.model.SudokuField setValue
INFO: SudokuField changed value from 5 to 6
kwi 27, 2021 6:56:31 PM com.ad.sudoku.model.SudokuField setValue
INFO: SudokuField changed value from 6 to 2
kwi 27, 2021 6:56:31 PM com.ad.sudoku.model.SudokuField setValue
INFO: SudokuField changed value from 2 to 4
kwi 27, 2021 6:56:31 PM com.ad.sudoku.model.SudokuField setValue
INFO: SudokuField changed value from 4 to 3
kwi 27, 2021 6:56:31 PM com.ad.sudoku.model.SudokuField setValue
INFO: SudokuField changed value from 3 to 7
kwi 27, 2021 6:56:31 PM com.ad.sudoku.model.SudokuField setValue
INFO: SudokuField changed value from 7 to 0
kwi 27, 2021 6:56:31 PM com.ad.sudoku.model.SudokuField setValue
INFO: SudokuField changed value from 1 to 2
kwi 27, 2021 6:56:31 PM com.ad.sudoku.model.SudokuField setValue
INFO: SudokuField changed value from 2 to 4
kwi 27, 2021 6:56:31 PM com.ad.sudoku.model.SudokuField setValue
INFO: SudokuField changed value from 4 to 9
kwi 27, 2021 6:56:31 PM com.ad.sudoku.model.SudokuField setValue
INFO: SudokuField changed value from 9 to 3
kwi 27, 2021 6:56:31 PM com.ad.sudoku.model.SudokuField setValue
INFO: SudokuField changed value from 3 to 6
kwi 27, 2021 6:56:31 PM com.ad.sudoku.model.SudokuField setValue
INFO: SudokuField changed value from 6 to 5
kwi 27, 2021 6:56:31 PM com.ad.sudoku.model.SudokuField setValue
INFO: SudokuField changed value from 5 to 7
kwi 27, 2021 6:56:31 PM com.ad.sudoku.model.SudokuField setValue
INFO: SudokuField changed value from 7 to 8
kwi 27, 2021 6:56:31 PM com.ad.sudoku.model.SudokuField setValue
INFO: SudokuField changed value from 8 to 0
kwi 27, 2021 6:56:31 PM com.ad.sudoku.model.SudokuField setValue
INFO: SudokuField changed value from 5 to 1
kwi 27, 2021 6:56:31 PM com.ad.sudoku.model.SudokuField setValue
INFO: SudokuField changed value from 0 to 6
kwi 27, 2021 6:56:31 PM com.ad.sudoku.model.SudokuField setValue
INFO: SudokuField changed value from 6 to 2
kwi 27, 2021 6:56:31 PM com.ad.sudoku.model.SudokuField setValue
INFO: SudokuField changed value from 2 to 9
kwi 27, 2021 6:56:31 PM com.ad.sudoku.model.SudokuField setValue
INFO: SudokuField changed value from 9 to 3
kwi 27, 2021 6:56:31 PM com.ad.sudoku.model.SudokuField setValue
INFO: SudokuField changed value from 3 to 4
kwi 27, 2021 6:56:31 PM com.ad.sudoku.model.SudokuField setValue
INFO: SudokuField changed value from 4 to 5
kwi 27, 2021 6:56:31 PM com.ad.sudoku.model.SudokuField setValue
INFO: SudokuField changed value from 0 to 4
kwi 27, 2021 6:56:31 PM com.ad.sudoku.model.SudokuField setValue
INFO: SudokuField changed value from 4 to 3
kwi 27, 2021 6:56:31 PM com.ad.sudoku.model.SudokuField setValue
INFO: SudokuField changed value from 3 to 2
kwi 27, 2021 6:56:31 PM com.ad.sudoku.model.SudokuField setValue
INFO: SudokuField changed value from 2 to 6
kwi 27, 2021 6:56:31 PM com.ad.sudoku.model.SudokuField setValue
INFO: SudokuField changed value from 6 to 8
kwi 27, 2021 6:56:31 PM com.ad.sudoku.model.SudokuField setValue
INFO: SudokuField changed value from 8 to 1
kwi 27, 2021 6:56:31 PM com.ad.sudoku.model.SudokuField setValue
INFO: SudokuField changed value from 1 to 9
kwi 27, 2021 6:56:31 PM com.ad.sudoku.model.SudokuField setValue
INFO: SudokuField changed value from 9 to 7
kwi 27, 2021 6:56:31 PM com.ad.sudoku.model.SudokuField setValue
INFO: SudokuField changed value from 7 to 5
kwi 27, 2021 6:56:31 PM com.ad.sudoku.model.SudokuField setValue
INFO: SudokuField changed value from 5 to 0
kwi 27, 2021 6:56:31 PM com.ad.sudoku.model.SudokuField setValue
INFO: SudokuField changed value from 5 to 7
kwi 27, 2021 6:56:31 PM com.ad.sudoku.model.SudokuField setValue
INFO: SudokuField changed value from 7 to 8
kwi 27, 2021 6:56:31 PM com.ad.sudoku.model.SudokuField setValue
INFO: SudokuField changed value from 8 to 1
kwi 27, 2021 6:56:31 PM com.ad.sudoku.model.SudokuField setValue
INFO: SudokuField changed value from 1 to 0
kwi 27, 2021 6:56:31 PM com.ad.sudoku.model.SudokuField setValue
INFO: SudokuField changed value from 1 to 8
kwi 27, 2021 6:56:31 PM com.ad.sudoku.model.SudokuField setValue
INFO: SudokuField changed value from 8 to 7
kwi 27, 2021 6:56:31 PM com.ad.sudoku.model.SudokuField setValue
INFO: SudokuField changed value from 7 to 4
kwi 27, 2021 6:56:31 PM com.ad.sudoku.model.SudokuField setValue
INFO: SudokuField changed value from 4 to 0
kwi 27, 2021 6:56:31 PM com.ad.sudoku.model.SudokuField setValue
INFO: SudokuField changed value from 9 to 3
kwi 27, 2021 6:56:31 PM com.ad.sudoku.model.SudokuField setValue
INFO: SudokuField changed value from 3 to 1
kwi 27, 2021 6:56:31 PM com.ad.sudoku.model.SudokuField setValue
INFO: SudokuField changed value from 1 to 6
kwi 27, 2021 6:56:31 PM com.ad.sudoku.model.SudokuField setValue
INFO: SudokuField changed value from 6 to 7
kwi 27, 2021 6:56:31 PM com.ad.sudoku.model.SudokuField setValue
INFO: SudokuField changed value from 7 to 2
kwi 27, 2021 6:56:31 PM com.ad.sudoku.model.SudokuField setValue
INFO: SudokuField changed value from 2 to 0
kwi 27, 2021 6:56:31 PM com.ad.sudoku.model.SudokuField setValue
INFO: SudokuField changed value from 2 to 7
kwi 27, 2021 6:56:31 PM com.ad.sudoku.model.SudokuField setValue
INFO: SudokuField changed value from 7 to 5
kwi 27, 2021 6:56:31 PM com.ad.sudoku.model.SudokuField setValue
INFO: SudokuField changed value from 5 to 1
kwi 27, 2021 6:56:31 PM com.ad.sudoku.model.SudokuField setValue
INFO: SudokuField changed value from 0 to 4
kwi 27, 2021 6:56:31 PM com.ad.sudoku.model.SudokuField setValue
INFO: SudokuField changed value from 4 to 3
kwi 27, 2021 6:56:31 PM com.ad.sudoku.model.SudokuField setValue
INFO: SudokuField changed value from 3 to 5
kwi 27, 2021 6:56:31 PM com.ad.sudoku.model.SudokuField setValue
INFO: SudokuField changed value from 5 to 6
kwi 27, 2021 6:56:31 PM com.ad.sudoku.model.SudokuField setValue
INFO: SudokuField changed value from 6 to 1
kwi 27, 2021 6:56:31 PM com.ad.sudoku.model.SudokuField setValue
INFO: SudokuField changed value from 1 to 7
kwi 27, 2021 6:56:31 PM com.ad.sudoku.model.SudokuField setValue
INFO: SudokuField changed value from 7 to 2
kwi 27, 2021 6:56:31 PM com.ad.sudoku.model.SudokuField setValue
INFO: SudokuField changed value from 0 to 1
kwi 27, 2021 6:56:31 PM com.ad.sudoku.model.SudokuField setValue
INFO: SudokuField changed value from 1 to 7
kwi 27, 2021 6:56:31 PM com.ad.sudoku.model.SudokuField setValue
INFO: SudokuField changed value from 7 to 8
kwi 27, 2021 6:56:31 PM com.ad.sudoku.model.SudokuField setValue
INFO: SudokuField changed value from 8 to 9
kwi 27, 2021 6:56:31 PM com.ad.sudoku.model.SudokuField setValue
INFO: SudokuField changed value from 9 to 4
kwi 27, 2021 6:56:31 PM com.ad.sudoku.model.SudokuField setValue
INFO: SudokuField changed value from 4 to 2
kwi 27, 2021 6:56:31 PM com.ad.sudoku.model.SudokuField setValue
INFO: SudokuField changed value from 2 to 6
kwi 27, 2021 6:56:31 PM com.ad.sudoku.model.SudokuField setValue
INFO: SudokuField changed value from 6 to 3
kwi 27, 2021 6:56:31 PM com.ad.sudoku.model.SudokuField setValue
INFO: SudokuField changed value from 3 to 5
kwi 27, 2021 6:56:31 PM com.ad.sudoku.model.SudokuField setValue
INFO: SudokuField changed value from 0 to 1
kwi 27, 2021 6:56:31 PM com.ad.sudoku.model.SudokuField setValue
INFO: SudokuField changed value from 1 to 6
kwi 27, 2021 6:56:31 PM com.ad.sudoku.model.SudokuField setValue
INFO: SudokuField changed value from 6 to 7
kwi 27, 2021 6:56:31 PM com.ad.sudoku.model.SudokuField setValue
INFO: SudokuField changed value from 7 to 2
kwi 27, 2021 6:56:31 PM com.ad.sudoku.model.SudokuField setValue
INFO: SudokuField changed value from 2 to 3
kwi 27, 2021 6:56:31 PM com.ad.sudoku.model.SudokuField setValue
INFO: SudokuField changed value from 3 to 4
kwi 27, 2021 6:56:31 PM com.ad.sudoku.model.SudokuField setValue
INFO: SudokuField changed value from 4 to 8
kwi 27, 2021 6:56:31 PM com.ad.sudoku.model.SudokuField setValue
INFO: SudokuField changed value from 8 to 9
kwi 27, 2021 6:56:31 PM com.ad.sudoku.model.SudokuField setValue
INFO: SudokuField changed value from 9 to 5
kwi 27, 2021 6:56:31 PM com.ad.sudoku.model.SudokuField setValue
INFO: SudokuField changed value from 5 to 0
kwi 27, 2021 6:56:31 PM com.ad.sudoku.model.SudokuField setValue
INFO: SudokuField changed value from 5 to 0
kwi 27, 2021 6:56:31 PM com.ad.sudoku.model.SudokuField setValue
INFO: SudokuField changed value from 2 to 9
kwi 27, 2021 6:56:31 PM com.ad.sudoku.model.SudokuField setValue
INFO: SudokuField changed value from 0 to 2
kwi 27, 2021 6:56:31 PM com.ad.sudoku.model.SudokuField setValue
INFO: SudokuField changed value from 2 to 1
kwi 27, 2021 6:56:31 PM com.ad.sudoku.model.SudokuField setValue
INFO: SudokuField changed value from 1 to 8
kwi 27, 2021 6:56:31 PM com.ad.sudoku.model.SudokuField setValue
INFO: SudokuField changed value from 8 to 7
kwi 27, 2021 6:56:31 PM com.ad.sudoku.model.SudokuField setValue
INFO: SudokuField changed value from 7 to 5
kwi 27, 2021 6:56:31 PM com.ad.sudoku.model.SudokuField setValue
INFO: SudokuField changed value from 0 to 1
kwi 27, 2021 6:56:31 PM com.ad.sudoku.model.SudokuField setValue
INFO: SudokuField changed value from 1 to 7
kwi 27, 2021 6:56:31 PM com.ad.sudoku.model.SudokuField setValue
INFO: SudokuField changed value from 7 to 2
kwi 27, 2021 6:56:31 PM com.ad.sudoku.model.SudokuField setValue
INFO: SudokuField changed value from 2 to 3
kwi 27, 2021 6:56:31 PM com.ad.sudoku.model.SudokuField setValue
INFO: SudokuField changed value from 3 to 4
kwi 27, 2021 6:56:31 PM com.ad.sudoku.model.SudokuField setValue
INFO: SudokuField changed value from 4 to 8
kwi 27, 2021 6:56:31 PM com.ad.sudoku.model.SudokuField setValue
INFO: SudokuField changed value from 8 to 6
kwi 27, 2021 6:56:31 PM com.ad.sudoku.model.SudokuField setValue
INFO: SudokuField changed value from 6 to 9
kwi 27, 2021 6:56:31 PM com.ad.sudoku.model.SudokuField setValue
INFO: SudokuField changed value from 9 to 5
kwi 27, 2021 6:56:31 PM com.ad.sudoku.model.SudokuField setValue
INFO: SudokuField changed value from 5 to 0
kwi 27, 2021 6:56:31 PM com.ad.sudoku.model.SudokuField setValue
INFO: SudokuField changed value from 5 to 6
kwi 27, 2021 6:56:31 PM com.ad.sudoku.model.SudokuField setValue
INFO: SudokuField changed value from 6 to 4
kwi 27, 2021 6:56:31 PM com.ad.sudoku.model.SudokuField setValue
INFO: SudokuField changed value from 4 to 3
kwi 27, 2021 6:56:31 PM com.ad.sudoku.model.SudokuField setValue
INFO: SudokuField changed value from 3 to 9
kwi 27, 2021 6:56:31 PM com.ad.sudoku.model.SudokuField setValue
INFO: SudokuField changed value from 9 to 0
kwi 27, 2021 6:56:31 PM com.ad.sudoku.model.SudokuField setValue
INFO: SudokuField changed value from 9 to 8
kwi 27, 2021 6:56:31 PM com.ad.sudoku.model.SudokuField setValue
INFO: SudokuField changed value from 8 to 0
kwi 27, 2021 6:56:31 PM com.ad.sudoku.model.SudokuField setValue
INFO: SudokuField changed value from 1 to 8
kwi 27, 2021 6:56:31 PM com.ad.sudoku.model.SudokuField setValue
INFO: SudokuField changed value from 0 to 5
kwi 27, 2021 6:56:31 PM com.ad.sudoku.model.SudokuField setValue
INFO: SudokuField changed value from 5 to 1
kwi 27, 2021 6:56:31 PM com.ad.sudoku.model.SudokuField setValue
INFO: SudokuField changed value from 1 to 3
kwi 27, 2021 6:56:31 PM com.ad.sudoku.model.SudokuField setValue
INFO: SudokuField changed value from 3 to 4
kwi 27, 2021 6:56:31 PM com.ad.sudoku.model.SudokuField setValue
INFO: SudokuField changed value from 4 to 7
kwi 27, 2021 6:56:31 PM com.ad.sudoku.model.SudokuField setValue
INFO: SudokuField changed value from 7 to 9
kwi 27, 2021 6:56:31 PM com.ad.sudoku.model.SudokuField setValue
INFO: SudokuField changed value from 0 to 7
kwi 27, 2021 6:56:31 PM com.ad.sudoku.model.SudokuField setValue
INFO: SudokuField changed value from 7 to 3
kwi 27, 2021 6:56:31 PM com.ad.sudoku.model.SudokuField setValue
INFO: SudokuField changed value from 3 to 5
kwi 27, 2021 6:56:31 PM com.ad.sudoku.model.SudokuField setValue
INFO: SudokuField changed value from 0 to 9
kwi 27, 2021 6:56:31 PM com.ad.sudoku.model.SudokuField setValue
INFO: SudokuField changed value from 9 to 8
kwi 27, 2021 6:56:31 PM com.ad.sudoku.model.SudokuField setValue
INFO: SudokuField changed value from 8 to 1
kwi 27, 2021 6:56:31 PM com.ad.sudoku.model.SudokuField setValue
INFO: SudokuField changed value from 0 to 1
kwi 27, 2021 6:56:31 PM com.ad.sudoku.model.SudokuField setValue
INFO: SudokuField changed value from 1 to 4
kwi 27, 2021 6:56:31 PM com.ad.sudoku.model.SudokuField setValue
INFO: SudokuField changed value from 4 to 7
kwi 27, 2021 6:56:31 PM com.ad.sudoku.model.SudokuField setValue
INFO: SudokuField changed value from 7 to 6
kwi 27, 2021 6:56:31 PM com.ad.sudoku.model.SudokuField setValue
INFO: SudokuField changed value from 6 to 5
kwi 27, 2021 6:56:31 PM com.ad.sudoku.model.SudokuField setValue
INFO: SudokuField changed value from 5 to 2
kwi 27, 2021 6:56:31 PM com.ad.sudoku.model.SudokuField setValue
INFO: SudokuField changed value from 2 to 3
kwi 27, 2021 6:56:31 PM com.ad.sudoku.model.SudokuField setValue
INFO: SudokuField changed value from 3 to 8
kwi 27, 2021 6:56:31 PM com.ad.sudoku.model.SudokuField setValue
INFO: SudokuField changed value from 8 to 9
kwi 27, 2021 6:56:31 PM com.ad.sudoku.model.SudokuField setValue
INFO: SudokuField changed value from 9 to 0
kwi 27, 2021 6:56:31 PM com.ad.sudoku.model.SudokuField setValue
INFO: SudokuField changed value from 1 to 6
kwi 27, 2021 6:56:31 PM com.ad.sudoku.model.SudokuField setValue
INFO: SudokuField changed value from 6 to 4
kwi 27, 2021 6:56:31 PM com.ad.sudoku.model.SudokuField setValue
INFO: SudokuField changed value from 4 to 7
kwi 27, 2021 6:56:31 PM com.ad.sudoku.model.SudokuField setValue
INFO: SudokuField changed value from 7 to 2
kwi 27, 2021 6:56:31 PM com.ad.sudoku.model.SudokuField setValue
INFO: SudokuField changed value from 2 to 5
kwi 27, 2021 6:56:31 PM com.ad.sudoku.model.SudokuField setValue
INFO: SudokuField changed value from 5 to 3
kwi 27, 2021 6:56:31 PM com.ad.sudoku.model.SudokuField setValue
INFO: SudokuField changed value from 3 to 0
kwi 27, 2021 6:56:31 PM com.ad.sudoku.model.SudokuField setValue
INFO: SudokuField changed value from 5 to 6
kwi 27, 2021 6:56:31 PM com.ad.sudoku.model.SudokuField setValue
INFO: SudokuField changed value from 6 to 2
kwi 27, 2021 6:56:31 PM com.ad.sudoku.model.SudokuField setValue
INFO: SudokuField changed value from 2 to 4
kwi 27, 2021 6:56:31 PM com.ad.sudoku.model.SudokuField setValue
INFO: SudokuField changed value from 4 to 9
kwi 27, 2021 6:56:31 PM com.ad.sudoku.model.SudokuField setValue
INFO: SudokuField changed value from 9 to 1
kwi 27, 2021 6:56:31 PM com.ad.sudoku.model.SudokuField setValue
INFO: SudokuField changed value from 0 to 7
kwi 27, 2021 6:56:31 PM com.ad.sudoku.model.SudokuField setValue
INFO: SudokuField changed value from 7 to 3
kwi 27, 2021 6:56:31 PM com.ad.sudoku.model.SudokuField setValue
INFO: SudokuField changed value from 3 to 1
kwi 27, 2021 6:56:31 PM com.ad.sudoku.model.SudokuField setValue
INFO: SudokuField changed value from 1 to 9
kwi 27, 2021 6:56:31 PM com.ad.sudoku.model.SudokuField setValue
INFO: SudokuField changed value from 9 to 6
kwi 27, 2021 6:56:31 PM com.ad.sudoku.model.SudokuField setValue
INFO: SudokuField changed value from 6 to 4
kwi 27, 2021 6:56:31 PM com.ad.sudoku.model.SudokuField setValue
INFO: SudokuField changed value from 4 to 5
kwi 27, 2021 6:56:31 PM com.ad.sudoku.model.SudokuField setValue
INFO: SudokuField changed value from 0 to 7
kwi 27, 2021 6:56:31 PM com.ad.sudoku.model.SudokuField setValue
INFO: SudokuField changed value from 7 to 9
kwi 27, 2021 6:56:31 PM com.ad.sudoku.model.SudokuField setValue
INFO: SudokuField changed value from 9 to 1
kwi 27, 2021 6:56:31 PM com.ad.sudoku.model.SudokuField setValue
INFO: SudokuField changed value from 1 to 2
kwi 27, 2021 6:56:31 PM com.ad.sudoku.model.SudokuField setValue
INFO: SudokuField changed value from 2 to 4
kwi 27, 2021 6:56:31 PM com.ad.sudoku.model.SudokuField setValue
INFO: SudokuField changed value from 4 to 6
kwi 27, 2021 6:56:31 PM com.ad.sudoku.model.SudokuField setValue
INFO: SudokuField changed value from 6 to 3
kwi 27, 2021 6:56:31 PM com.ad.sudoku.model.SudokuField setValue
INFO: SudokuField changed value from 3 to 5
kwi 27, 2021 6:56:31 PM com.ad.sudoku.model.SudokuField setValue
INFO: SudokuField changed value from 5 to 8
kwi 27, 2021 6:56:31 PM com.ad.sudoku.model.SudokuField setValue
INFO: SudokuField changed value from 8 to 0
kwi 27, 2021 6:56:31 PM com.ad.sudoku.model.SudokuField setValue
INFO: SudokuField changed value from 5 to 8
kwi 27, 2021 6:56:31 PM com.ad.sudoku.model.SudokuField setValue
INFO: SudokuField changed value from 8 to 2
kwi 27, 2021 6:56:31 PM com.ad.sudoku.model.SudokuField setValue
INFO: SudokuField changed value from 2 to 0
kwi 27, 2021 6:56:31 PM com.ad.sudoku.model.SudokuField setValue
INFO: SudokuField changed value from 1 to 8
kwi 27, 2021 6:56:31 PM com.ad.sudoku.model.SudokuField setValue
INFO: SudokuField changed value from 8 to 0
kwi 27, 2021 6:56:31 PM com.ad.sudoku.model.SudokuField setValue
INFO: SudokuField changed value from 9 to 2
kwi 27, 2021 6:56:31 PM com.ad.sudoku.model.SudokuField setValue
INFO: SudokuField changed value from 0 to 8
kwi 27, 2021 6:56:31 PM com.ad.sudoku.model.SudokuField setValue
INFO: SudokuField changed value from 8 to 1
kwi 27, 2021 6:56:31 PM com.ad.sudoku.model.SudokuField setValue
INFO: SudokuField changed value from 0 to 2
kwi 27, 2021 6:56:31 PM com.ad.sudoku.model.SudokuField setValue
INFO: SudokuField changed value from 2 to 6
kwi 27, 2021 6:56:31 PM com.ad.sudoku.model.SudokuField setValue
INFO: SudokuField changed value from 6 to 8
kwi 27, 2021 6:56:31 PM com.ad.sudoku.model.SudokuField setValue
INFO: SudokuField changed value from 8 to 3
kwi 27, 2021 6:56:31 PM com.ad.sudoku.model.SudokuField setValue
INFO: SudokuField changed value from 3 to 4
kwi 27, 2021 6:56:31 PM com.ad.sudoku.model.SudokuField setValue
INFO: SudokuField changed value from 4 to 9
kwi 27, 2021 6:56:31 PM com.ad.sudoku.model.SudokuField setValue
INFO: SudokuField changed value from 9 to 1
kwi 27, 2021 6:56:31 PM com.ad.sudoku.model.SudokuField setValue
INFO: SudokuField changed value from 1 to 7
kwi 27, 2021 6:56:31 PM com.ad.sudoku.model.SudokuField setValue
INFO: SudokuField changed value from 7 to 5
kwi 27, 2021 6:56:31 PM com.ad.sudoku.model.SudokuField setValue
INFO: SudokuField changed value from 0 to 6
kwi 27, 2021 6:56:31 PM com.ad.sudoku.model.SudokuField setValue
INFO: SudokuField changed value from 6 to 9
kwi 27, 2021 6:56:31 PM com.ad.sudoku.model.SudokuField setValue
INFO: SudokuField changed value from 0 to 6
kwi 27, 2021 6:56:31 PM com.ad.sudoku.model.SudokuField setValue
INFO: SudokuField changed value from 6 to 9
kwi 27, 2021 6:56:31 PM com.ad.sudoku.model.SudokuField setValue
INFO: SudokuField changed value from 9 to 5
kwi 27, 2021 6:56:31 PM com.ad.sudoku.model.SudokuField setValue
INFO: SudokuField changed value from 5 to 3
kwi 27, 2021 6:56:31 PM com.ad.sudoku.model.SudokuField setValue
INFO: SudokuField changed value from 3 to 7
kwi 27, 2021 6:56:31 PM com.ad.sudoku.model.SudokuField setValue
INFO: SudokuField changed value from 7 to 2
kwi 27, 2021 6:56:31 PM com.ad.sudoku.model.SudokuField setValue
INFO: SudokuField changed value from 0 to 6
kwi 27, 2021 6:56:31 PM com.ad.sudoku.model.SudokuField setValue
INFO: SudokuField changed value from 6 to 7
kwi 27, 2021 6:56:31 PM com.ad.sudoku.model.SudokuField setValue
INFO: SudokuField changed value from 7 to 1
kwi 27, 2021 6:56:31 PM com.ad.sudoku.model.SudokuField setValue
INFO: SudokuField changed value from 1 to 3
kwi 27, 2021 6:56:31 PM com.ad.sudoku.model.SudokuField setValue
INFO: SudokuField changed value from 3 to 5
kwi 27, 2021 6:56:31 PM com.ad.sudoku.model.SudokuField setValue
INFO: SudokuField changed value from 5 to 8
kwi 27, 2021 6:56:31 PM com.ad.sudoku.model.SudokuField setValue
INFO: SudokuField changed value from 8 to 2
kwi 27, 2021 6:56:31 PM com.ad.sudoku.model.SudokuField setValue
INFO: SudokuField changed value from 2 to 9
kwi 27, 2021 6:56:31 PM com.ad.sudoku.model.SudokuField setValue
INFO: SudokuField changed value from 9 to 4
kwi 27, 2021 6:56:31 PM com.ad.sudoku.model.SudokuField setValue
INFO: SudokuField changed value from 4 to 0
kwi 27, 2021 6:56:31 PM com.ad.sudoku.model.SudokuField setValue
INFO: SudokuField changed value from 2 to 8
kwi 27, 2021 6:56:31 PM com.ad.sudoku.model.SudokuField setValue
INFO: SudokuField changed value from 8 to 4
kwi 27, 2021 6:56:31 PM com.ad.sudoku.model.SudokuField setValue
INFO: SudokuField changed value from 4 to 1
kwi 27, 2021 6:56:31 PM com.ad.sudoku.model.SudokuField setValue
INFO: SudokuField changed value from 0 to 2
kwi 27, 2021 6:56:31 PM com.ad.sudoku.model.SudokuField setValue
INFO: SudokuField changed value from 2 to 9
kwi 27, 2021 6:56:31 PM com.ad.sudoku.model.SudokuField setValue
INFO: SudokuField changed value from 9 to 7
kwi 27, 2021 6:56:31 PM com.ad.sudoku.model.SudokuField setValue
INFO: SudokuField changed value from 7 to 4
kwi 27, 2021 6:56:31 PM com.ad.sudoku.model.SudokuField setValue
INFO: SudokuField changed value from 4 to 1
kwi 27, 2021 6:56:31 PM com.ad.sudoku.model.SudokuField setValue
INFO: SudokuField changed value from 1 to 6
kwi 27, 2021 6:56:31 PM com.ad.sudoku.model.SudokuField setValue
INFO: SudokuField changed value from 6 to 5
kwi 27, 2021 6:56:31 PM com.ad.sudoku.model.SudokuField setValue
INFO: SudokuField changed value from 5 to 3
kwi 27, 2021 6:56:31 PM com.ad.sudoku.model.SudokuField setValue
INFO: SudokuField changed value from 3 to 8
kwi 27, 2021 6:56:31 PM com.ad.sudoku.model.SudokuField setValue
INFO: SudokuField changed value from 8 to 0
kwi 27, 2021 6:56:31 PM com.ad.sudoku.model.SudokuField setValue
INFO: SudokuField changed value from 1 to 0
kwi 27, 2021 6:56:31 PM com.ad.sudoku.model.SudokuField setValue
INFO: SudokuField changed value from 9 to 4
kwi 27, 2021 6:56:31 PM com.ad.sudoku.model.SudokuField setValue
INFO: SudokuField changed value from 4 to 8
kwi 27, 2021 6:56:31 PM com.ad.sudoku.model.SudokuField setValue
INFO: SudokuField changed value from 8 to 7
kwi 27, 2021 6:56:31 PM com.ad.sudoku.model.SudokuField setValue
INFO: SudokuField changed value from 7 to 3
kwi 27, 2021 6:56:31 PM com.ad.sudoku.model.SudokuField setValue
INFO: SudokuField changed value from 3 to 5
kwi 27, 2021 6:56:31 PM com.ad.sudoku.model.SudokuField setValue
INFO: SudokuField changed value from 5 to 2
kwi 27, 2021 6:56:31 PM com.ad.sudoku.model.SudokuField setValue
INFO: SudokuField changed value from 2 to 1
kwi 27, 2021 6:56:31 PM com.ad.sudoku.model.SudokuField setValue
INFO: SudokuField changed value from 1 to 0
kwi 27, 2021 6:56:31 PM com.ad.sudoku.model.SudokuField setValue
INFO: SudokuField changed value from 5 to 0
kwi 27, 2021 6:56:31 PM com.ad.sudoku.model.SudokuField setValue
INFO: SudokuField changed value from 1 to 2
kwi 27, 2021 6:56:31 PM com.ad.sudoku.model.SudokuField setValue
INFO: SudokuField changed value from 2 to 3
kwi 27, 2021 6:56:31 PM com.ad.sudoku.model.SudokuField setValue
INFO: SudokuField changed value from 3 to 5
kwi 27, 2021 6:56:31 PM com.ad.sudoku.model.SudokuField setValue
INFO: SudokuField changed value from 0 to 5
kwi 27, 2021 6:56:31 PM com.ad.sudoku.model.SudokuField setValue
INFO: SudokuField changed value from 5 to 1
kwi 27, 2021 6:56:31 PM com.ad.sudoku.model.SudokuField setValue
INFO: SudokuField changed value from 0 to 6
kwi 27, 2021 6:56:31 PM com.ad.sudoku.model.SudokuField setValue
INFO: SudokuField changed value from 6 to 7
kwi 27, 2021 6:56:31 PM com.ad.sudoku.model.SudokuField setValue
INFO: SudokuField changed value from 7 to 8
kwi 27, 2021 6:56:31 PM com.ad.sudoku.model.SudokuField setValue
INFO: SudokuField changed value from 8 to 5
kwi 27, 2021 6:56:31 PM com.ad.sudoku.model.SudokuField setValue
INFO: SudokuField changed value from 5 to 1
kwi 27, 2021 6:56:31 PM com.ad.sudoku.model.SudokuField setValue
INFO: SudokuField changed value from 1 to 2
kwi 27, 2021 6:56:31 PM com.ad.sudoku.model.SudokuField setValue
INFO: SudokuField changed value from 2 to 4
kwi 27, 2021 6:56:31 PM com.ad.sudoku.model.SudokuField setValue
INFO: SudokuField changed value from 4 to 3
kwi 27, 2021 6:56:31 PM com.ad.sudoku.model.SudokuField setValue
INFO: SudokuField changed value from 3 to 9
kwi 27, 2021 6:56:31 PM com.ad.sudoku.model.SudokuField setValue
INFO: SudokuField changed value from 0 to 5
kwi 27, 2021 6:56:31 PM com.ad.sudoku.model.SudokuField setValue
INFO: SudokuField changed value from 5 to 1
kwi 27, 2021 6:56:31 PM com.ad.sudoku.model.SudokuField setValue
INFO: SudokuField changed value from 0 to 9
kwi 27, 2021 6:56:31 PM com.ad.sudoku.model.SudokuField setValue
INFO: SudokuField changed value from 9 to 6
kwi 27, 2021 6:56:31 PM com.ad.sudoku.model.SudokuField setValue
INFO: SudokuField changed value from 6 to 3
kwi 27, 2021 6:56:31 PM com.ad.sudoku.model.SudokuField setValue
INFO: SudokuField changed value from 3 to 7
kwi 27, 2021 6:56:31 PM com.ad.sudoku.model.SudokuField setValue
INFO: SudokuField changed value from 7 to 8
kwi 27, 2021 6:56:31 PM com.ad.sudoku.model.SudokuField setValue
INFO: SudokuField changed value from 8 to 2
kwi 27, 2021 6:56:31 PM com.ad.sudoku.model.SudokuField setValue
INFO: SudokuField changed value from 2 to 5
kwi 27, 2021 6:56:31 PM com.ad.sudoku.model.SudokuField setValue
INFO: SudokuField changed value from 5 to 4
kwi 27, 2021 6:56:31 PM com.ad.sudoku.model.SudokuField setValue
INFO: SudokuField changed value from 4 to 1
kwi 27, 2021 6:56:31 PM com.ad.sudoku.model.SudokuField setValue
INFO: SudokuField changed value from 1 to 0
kwi 27, 2021 6:56:31 PM com.ad.sudoku.model.SudokuField setValue
INFO: SudokuField changed value from 1 to 8
kwi 27, 2021 6:56:31 PM com.ad.sudoku.model.SudokuField setValue
INFO: SudokuField changed value from 8 to 9
kwi 27, 2021 6:56:31 PM com.ad.sudoku.model.SudokuField setValue
INFO: SudokuField changed value from 9 to 6
kwi 27, 2021 6:56:31 PM com.ad.sudoku.model.SudokuField setValue
INFO: SudokuField changed value from 6 to 4
kwi 27, 2021 6:56:31 PM com.ad.sudoku.model.SudokuField setValue
INFO: SudokuField changed value from 4 to 7
kwi 27, 2021 6:56:31 PM com.ad.sudoku.model.SudokuField setValue
INFO: SudokuField changed value from 7 to 3
kwi 27, 2021 6:56:31 PM com.ad.sudoku.model.SudokuField setValue
INFO: SudokuField changed value from 3 to 2
kwi 27, 2021 6:56:31 PM com.ad.sudoku.model.SudokuField setValue
INFO: SudokuField changed value from 0 to 3
kwi 27, 2021 6:56:31 PM com.ad.sudoku.model.SudokuField setValue
INFO: SudokuField changed value from 3 to 8
kwi 27, 2021 6:56:31 PM com.ad.sudoku.model.SudokuField setValue
INFO: SudokuField changed value from 8 to 7
kwi 27, 2021 6:56:31 PM com.ad.sudoku.model.SudokuField setValue
INFO: SudokuField changed value from 7 to 1
kwi 27, 2021 6:56:31 PM com.ad.sudoku.model.SudokuField setValue
INFO: SudokuField changed value from 1 to 4
kwi 27, 2021 6:56:31 PM com.ad.sudoku.model.SudokuField setValue
INFO: SudokuField changed value from 4 to 2
kwi 27, 2021 6:56:31 PM com.ad.sudoku.model.SudokuField setValue
INFO: SudokuField changed value from 2 to 6
kwi 27, 2021 6:56:31 PM com.ad.sudoku.model.SudokuField setValue
INFO: SudokuField changed value from 6 to 5
kwi 27, 2021 6:56:31 PM com.ad.sudoku.model.SudokuField setValue
INFO: SudokuField changed value from 5 to 9
kwi 27, 2021 6:56:31 PM com.ad.sudoku.model.SudokuField setValue
INFO: SudokuField changed value from 9 to 0
kwi 27, 2021 6:56:31 PM com.ad.sudoku.model.SudokuField setValue
INFO: SudokuField changed value from 2 to 0
kwi 27, 2021 6:56:31 PM com.ad.sudoku.model.SudokuField setValue
INFO: SudokuField changed value from 9 to 0
kwi 27, 2021 6:56:31 PM com.ad.sudoku.model.SudokuField setValue
INFO: SudokuField changed value from 1 to 6
kwi 27, 2021 6:56:31 PM com.ad.sudoku.model.SudokuField setValue
INFO: SudokuField changed value from 6 to 9
kwi 27, 2021 6:56:31 PM com.ad.sudoku.model.SudokuField setValue
INFO: SudokuField changed value from 9 to 4
kwi 27, 2021 6:56:31 PM com.ad.sudoku.model.SudokuField setValue
INFO: SudokuField changed value from 4 to 3
kwi 27, 2021 6:56:31 PM com.ad.sudoku.model.SudokuField setValue
INFO: SudokuField changed value from 3 to 7
kwi 27, 2021 6:56:31 PM com.ad.sudoku.model.SudokuField setValue
INFO: SudokuField changed value from 7 to 2
kwi 27, 2021 6:56:31 PM com.ad.sudoku.model.SudokuField setValue
INFO: SudokuField changed value from 2 to 8
kwi 27, 2021 6:56:31 PM com.ad.sudoku.model.SudokuField setValue
INFO: SudokuField changed value from 8 to 0
kwi 27, 2021 6:56:31 PM com.ad.sudoku.model.SudokuField setValue
INFO: SudokuField changed value from 5 to 9
kwi 27, 2021 6:56:31 PM com.ad.sudoku.model.SudokuField setValue
INFO: SudokuField changed value from 9 to 6
kwi 27, 2021 6:56:31 PM com.ad.sudoku.model.SudokuField setValue
INFO: SudokuField changed value from 6 to 7
kwi 27, 2021 6:56:31 PM com.ad.sudoku.model.SudokuField setValue
INFO: SudokuField changed value from 7 to 4
kwi 27, 2021 6:56:31 PM com.ad.sudoku.model.SudokuField setValue
INFO: SudokuField changed value from 4 to 0
kwi 27, 2021 6:56:31 PM com.ad.sudoku.model.SudokuField setValue
INFO: SudokuField changed value from 2 to 8
kwi 27, 2021 6:56:31 PM com.ad.sudoku.model.SudokuField setValue
INFO: SudokuField changed value from 8 to 6
kwi 27, 2021 6:56:31 PM com.ad.sudoku.model.SudokuField setValue
INFO: SudokuField changed value from 6 to 0
kwi 27, 2021 6:56:31 PM com.ad.sudoku.model.SudokuField setValue
INFO: SudokuField changed value from 8 to 4
kwi 27, 2021 6:56:31 PM com.ad.sudoku.model.SudokuField setValue
INFO: SudokuField changed value from 4 to 6
kwi 27, 2021 6:56:31 PM com.ad.sudoku.model.SudokuField setValue
INFO: SudokuField changed value from 6 to 9
kwi 27, 2021 6:56:31 PM com.ad.sudoku.model.SudokuField setValue
INFO: SudokuField changed value from 9 to 3
kwi 27, 2021 6:56:31 PM com.ad.sudoku.model.SudokuField setValue
INFO: SudokuField changed value from 3 to 0
kwi 27, 2021 6:56:31 PM com.ad.sudoku.model.SudokuField setValue
INFO: SudokuField changed value from 1 to 9
kwi 27, 2021 6:56:31 PM com.ad.sudoku.model.SudokuField setValue
INFO: SudokuField changed value from 9 to 5
kwi 27, 2021 6:56:31 PM com.ad.sudoku.model.SudokuField setValue
INFO: SudokuField changed value from 5 to 2
kwi 27, 2021 6:56:31 PM com.ad.sudoku.model.SudokuField setValue
INFO: SudokuField changed value from 2 to 0
kwi 27, 2021 6:56:31 PM com.ad.sudoku.model.SudokuField setValue
INFO: SudokuField changed value from 5 to 8
kwi 27, 2021 6:56:31 PM com.ad.sudoku.model.SudokuField setValue
INFO: SudokuField changed value from 8 to 6
kwi 27, 2021 6:56:31 PM com.ad.sudoku.model.SudokuField setValue
INFO: SudokuField changed value from 6 to 0
kwi 27, 2021 6:56:31 PM com.ad.sudoku.model.SudokuField setValue
INFO: SudokuField changed value from 2 to 6
kwi 27, 2021 6:56:31 PM com.ad.sudoku.model.SudokuField setValue
INFO: SudokuField changed value from 6 to 3
kwi 27, 2021 6:56:31 PM com.ad.sudoku.model.SudokuField setValue
INFO: SudokuField changed value from 3 to 4
kwi 27, 2021 6:56:31 PM com.ad.sudoku.model.SudokuField setValue
INFO: SudokuField changed value from 4 to 0
kwi 27, 2021 6:56:31 PM com.ad.sudoku.model.SudokuField setValue
INFO: SudokuField changed value from 8 to 1
kwi 27, 2021 6:56:31 PM com.ad.sudoku.model.SudokuField setValue
INFO: SudokuField changed value from 0 to 8
kwi 27, 2021 6:56:31 PM com.ad.sudoku.model.SudokuField setValue
INFO: SudokuField changed value from 8 to 4
kwi 27, 2021 6:56:31 PM com.ad.sudoku.model.SudokuField setValue
INFO: SudokuField changed value from 4 to 3
kwi 27, 2021 6:56:31 PM com.ad.sudoku.model.SudokuField setValue
INFO: SudokuField changed value from 3 to 6
kwi 27, 2021 6:56:31 PM com.ad.sudoku.model.SudokuField setValue
INFO: SudokuField changed value from 6 to 2
kwi 27, 2021 6:56:31 PM com.ad.sudoku.model.SudokuField setValue
INFO: SudokuField changed value from 0 to 4
kwi 27, 2021 6:56:31 PM com.ad.sudoku.model.SudokuField setValue
INFO: SudokuField changed value from 4 to 6
kwi 27, 2021 6:56:31 PM com.ad.sudoku.model.SudokuField setValue
INFO: SudokuField changed value from 6 to 9
kwi 27, 2021 6:56:31 PM com.ad.sudoku.model.SudokuField setValue
INFO: SudokuField changed value from 9 to 1
kwi 27, 2021 6:56:31 PM com.ad.sudoku.model.SudokuField setValue
INFO: SudokuField changed value from 1 to 3
kwi 27, 2021 6:56:31 PM com.ad.sudoku.model.SudokuField setValue
INFO: SudokuField changed value from 3 to 8
kwi 27, 2021 6:56:31 PM com.ad.sudoku.model.SudokuField setValue
INFO: SudokuField changed value from 8 to 2
kwi 27, 2021 6:56:31 PM com.ad.sudoku.model.SudokuField setValue
INFO: SudokuField changed value from 2 to 5
kwi 27, 2021 6:56:31 PM com.ad.sudoku.model.SudokuField setValue
INFO: SudokuField changed value from 0 to 8
kwi 27, 2021 6:56:31 PM com.ad.sudoku.model.SudokuField setValue
INFO: SudokuField changed value from 8 to 1
kwi 27, 2021 6:56:31 PM com.ad.sudoku.model.SudokuField setValue
INFO: SudokuField changed value from 1 to 9
kwi 27, 2021 6:56:31 PM com.ad.sudoku.model.SudokuField setValue
INFO: SudokuField changed value from 9 to 6
kwi 27, 2021 6:56:31 PM com.ad.sudoku.model.SudokuField setValue
INFO: SudokuField changed value from 6 to 3
kwi 27, 2021 6:56:31 PM com.ad.sudoku.model.SudokuField setValue
INFO: SudokuField changed value from 3 to 7
kwi 27, 2021 6:56:31 PM com.ad.sudoku.model.SudokuField setValue
INFO: SudokuField changed value from 7 to 5
kwi 27, 2021 6:56:31 PM com.ad.sudoku.model.SudokuField setValue
INFO: SudokuField changed value from 5 to 4
kwi 27, 2021 6:56:31 PM com.ad.sudoku.model.SudokuField setValue
INFO: SudokuField changed value from 4 to 2
kwi 27, 2021 6:56:31 PM com.ad.sudoku.model.SudokuField setValue
INFO: SudokuField changed value from 2 to 0
kwi 27, 2021 6:56:31 PM com.ad.sudoku.model.SudokuField setValue
INFO: SudokuField changed value from 5 to 7
kwi 27, 2021 6:56:31 PM com.ad.sudoku.model.SudokuField setValue
INFO: SudokuField changed value from 7 to 0
kwi 27, 2021 6:56:31 PM com.ad.sudoku.model.SudokuField setValue
INFO: SudokuField changed value from 2 to 1
kwi 27, 2021 6:56:31 PM com.ad.sudoku.model.SudokuField setValue
INFO: SudokuField changed value from 1 to 9
kwi 27, 2021 6:56:31 PM com.ad.sudoku.model.SudokuField setValue
INFO: SudokuField changed value from 9 to 5
kwi 27, 2021 6:56:31 PM com.ad.sudoku.model.SudokuField setValue
INFO: SudokuField changed value from 5 to 7
kwi 27, 2021 6:56:31 PM com.ad.sudoku.model.SudokuField setValue
INFO: SudokuField changed value from 7 to 0
kwi 27, 2021 6:56:31 PM com.ad.sudoku.model.SudokuField setValue
INFO: SudokuField changed value from 1 to 7
kwi 27, 2021 6:56:31 PM com.ad.sudoku.model.SudokuField setValue
INFO: SudokuField changed value from 7 to 3
kwi 27, 2021 6:56:31 PM com.ad.sudoku.model.SudokuField setValue
INFO: SudokuField changed value from 3 to 5
kwi 27, 2021 6:56:31 PM com.ad.sudoku.model.SudokuField setValue
INFO: SudokuField changed value from 0 to 5
kwi 27, 2021 6:56:31 PM com.ad.sudoku.model.SudokuField setValue
INFO: SudokuField changed value from 5 to 4
kwi 27, 2021 6:56:31 PM com.ad.sudoku.model.SudokuField setValue
INFO: SudokuField changed value from 4 to 1
kwi 27, 2021 6:56:31 PM com.ad.sudoku.model.SudokuField setValue
INFO: SudokuField changed value from 1 to 2
kwi 27, 2021 6:56:31 PM com.ad.sudoku.model.SudokuField setValue
INFO: SudokuField changed value from 0 to 7
kwi 27, 2021 6:56:31 PM com.ad.sudoku.model.SudokuField setValue
INFO: SudokuField changed value from 7 to 9
kwi 27, 2021 6:56:31 PM com.ad.sudoku.model.SudokuField setValue
INFO: SudokuField changed value from 9 to 1
kwi 27, 2021 6:56:31 PM com.ad.sudoku.model.SudokuField setValue
INFO: SudokuField changed value from 0 to 4
kwi 27, 2021 6:56:31 PM com.ad.sudoku.model.SudokuField setValue
INFO: SudokuField changed value from 4 to 6
kwi 27, 2021 6:56:31 PM com.ad.sudoku.model.SudokuField setValue
INFO: SudokuField changed value from 6 to 8
kwi 27, 2021 6:56:31 PM com.ad.sudoku.model.SudokuField setValue
INFO: SudokuField changed value from 8 to 5
kwi 27, 2021 6:56:31 PM com.ad.sudoku.model.SudokuField setValue
INFO: SudokuField changed value from 5 to 1
kwi 27, 2021 6:56:31 PM com.ad.sudoku.model.SudokuField setValue
INFO: SudokuField changed value from 1 to 7
kwi 27, 2021 6:56:31 PM com.ad.sudoku.model.SudokuField setValue
INFO: SudokuField changed value from 7 to 3
kwi 27, 2021 6:56:31 PM com.ad.sudoku.model.SudokuField setValue
INFO: SudokuField changed value from 3 to 2
kwi 27, 2021 6:56:31 PM com.ad.sudoku.model.SudokuField setValue
INFO: SudokuField changed value from 2 to 9
kwi 27, 2021 6:56:31 PM com.ad.sudoku.model.SudokuField setValue
INFO: SudokuField changed value from 9 to 0
kwi 27, 2021 6:56:31 PM com.ad.sudoku.model.SudokuField setValue
INFO: SudokuField changed value from 1 to 2
kwi 27, 2021 6:56:31 PM com.ad.sudoku.model.SudokuField setValue
INFO: SudokuField changed value from 2 to 6
kwi 27, 2021 6:56:31 PM com.ad.sudoku.model.SudokuField setValue
INFO: SudokuField changed value from 6 to 3
kwi 27, 2021 6:56:31 PM com.ad.sudoku.model.SudokuField setValue
INFO: SudokuField changed value from 3 to 4
kwi 27, 2021 6:56:31 PM com.ad.sudoku.model.SudokuField setValue
INFO: SudokuField changed value from 4 to 5
kwi 27, 2021 6:56:31 PM com.ad.sudoku.model.SudokuField setValue
INFO: SudokuField changed value from 5 to 8
kwi 27, 2021 6:56:31 PM com.ad.sudoku.model.SudokuField setValue
INFO: SudokuField changed value from 8 to 0
kwi 27, 2021 6:56:31 PM com.ad.sudoku.model.SudokuField setValue
INFO: SudokuField changed value from 2 to 6
kwi 27, 2021 6:56:31 PM com.ad.sudoku.model.SudokuField setValue
INFO: SudokuField changed value from 6 to 8
kwi 27, 2021 6:56:31 PM com.ad.sudoku.model.SudokuField setValue
INFO: SudokuField changed value from 8 to 9
kwi 27, 2021 6:56:31 PM com.ad.sudoku.model.SudokuField setValue
INFO: SudokuField changed value from 9 to 7
kwi 27, 2021 6:56:31 PM com.ad.sudoku.model.SudokuField setValue
INFO: SudokuField changed value from 7 to 3
kwi 27, 2021 6:56:31 PM com.ad.sudoku.model.SudokuField setValue
INFO: SudokuField changed value from 3 to 0
kwi 27, 2021 6:56:31 PM com.ad.sudoku.model.SudokuField setValue
INFO: SudokuField changed value from 5 to 9
kwi 27, 2021 6:56:31 PM com.ad.sudoku.model.SudokuField setValue
INFO: SudokuField changed value from 9 to 4
kwi 27, 2021 6:56:31 PM com.ad.sudoku.model.SudokuField setValue
INFO: SudokuField changed value from 4 to 0
kwi 27, 2021 6:56:31 PM com.ad.sudoku.model.SudokuField setValue
INFO: SudokuField changed value from 3 to 7
kwi 27, 2021 6:56:31 PM com.ad.sudoku.model.SudokuField setValue
INFO: SudokuField changed value from 7 to 8
kwi 27, 2021 6:56:31 PM com.ad.sudoku.model.SudokuField setValue
INFO: SudokuField changed value from 8 to 5
kwi 27, 2021 6:56:31 PM com.ad.sudoku.model.SudokuField setValue
INFO: SudokuField changed value from 5 to 6
kwi 27, 2021 6:56:31 PM com.ad.sudoku.model.SudokuField setValue
INFO: SudokuField changed value from 6 to 1
kwi 27, 2021 6:56:31 PM com.ad.sudoku.model.SudokuField setValue
INFO: SudokuField changed value from 1 to 2
kwi 27, 2021 6:56:31 PM com.ad.sudoku.model.SudokuField setValue
INFO: SudokuField changed value from 0 to 5
kwi 27, 2021 6:56:31 PM com.ad.sudoku.model.SudokuField setValue
INFO: SudokuField changed value from 0 to 2
kwi 27, 2021 6:56:31 PM com.ad.sudoku.model.SudokuField setValue
INFO: SudokuField changed value from 2 to 7
kwi 27, 2021 6:56:31 PM com.ad.sudoku.model.SudokuField setValue
INFO: SudokuField changed value from 7 to 6
kwi 27, 2021 6:56:31 PM com.ad.sudoku.model.SudokuField setValue
INFO: SudokuField changed value from 6 to 1
kwi 27, 2021 6:56:31 PM com.ad.sudoku.model.SudokuField setValue
INFO: SudokuField changed value from 1 to 8
kwi 27, 2021 6:56:31 PM com.ad.sudoku.model.SudokuField setValue
INFO: SudokuField changed value from 8 to 4
kwi 27, 2021 6:56:31 PM com.ad.sudoku.model.SudokuField setValue
INFO: SudokuField changed value from 4 to 3
kwi 27, 2021 6:56:31 PM com.ad.sudoku.model.SudokuField setValue
INFO: SudokuField changed value from 3 to 5
kwi 27, 2021 6:56:31 PM com.ad.sudoku.model.SudokuField setValue
INFO: SudokuField changed value from 5 to 9
kwi 27, 2021 6:56:31 PM com.ad.sudoku.model.SudokuField setValue
INFO: SudokuField changed value from 9 to 0
kwi 27, 2021 6:56:31 PM com.ad.sudoku.model.SudokuField setValue
INFO: SudokuField changed value from 5 to 7
kwi 27, 2021 6:56:31 PM com.ad.sudoku.model.SudokuField setValue
INFO: SudokuField changed value from 7 to 8
kwi 27, 2021 6:56:31 PM com.ad.sudoku.model.SudokuField setValue
INFO: SudokuField changed value from 0 to 4
kwi 27, 2021 6:56:31 PM com.ad.sudoku.model.SudokuField setValue
INFO: SudokuField changed value from 4 to 1
kwi 27, 2021 6:56:31 PM com.ad.sudoku.model.SudokuField setValue
INFO: SudokuField changed value from 1 to 2
kwi 27, 2021 6:56:31 PM com.ad.sudoku.model.SudokuField setValue
INFO: SudokuField changed value from 2 to 3
kwi 27, 2021 6:56:31 PM com.ad.sudoku.model.SudokuField setValue
INFO: SudokuField changed value from 3 to 6
kwi 27, 2021 6:56:31 PM com.ad.sudoku.model.SudokuField setValue
INFO: SudokuField changed value from 6 to 8
kwi 27, 2021 6:56:31 PM com.ad.sudoku.model.SudokuField setValue
INFO: SudokuField changed value from 8 to 5
kwi 27, 2021 6:56:31 PM com.ad.sudoku.model.SudokuField setValue
INFO: SudokuField changed value from 5 to 7
kwi 27, 2021 6:56:31 PM com.ad.sudoku.model.SudokuField setValue
INFO: SudokuField changed value from 7 to 9
kwi 27, 2021 6:56:31 PM com.ad.sudoku.model.SudokuField setValue
INFO: SudokuField changed value from 9 to 0
kwi 27, 2021 6:56:31 PM com.ad.sudoku.model.SudokuField setValue
INFO: SudokuField changed value from 8 to 2
kwi 27, 2021 6:56:31 PM com.ad.sudoku.model.SudokuField setValue
INFO: SudokuField changed value from 2 to 1
kwi 27, 2021 6:56:31 PM com.ad.sudoku.model.SudokuField setValue
INFO: SudokuField changed value from 0 to 8
kwi 27, 2021 6:56:31 PM com.ad.sudoku.model.SudokuField setValue
INFO: SudokuField changed value from 8 to 2
kwi 27, 2021 6:56:31 PM com.ad.sudoku.model.SudokuField setValue
INFO: SudokuField changed value from 2 to 1
kwi 27, 2021 6:56:31 PM com.ad.sudoku.model.SudokuField setValue
INFO: SudokuField changed value from 1 to 5
kwi 27, 2021 6:56:31 PM com.ad.sudoku.model.SudokuField setValue
INFO: SudokuField changed value from 5 to 7
kwi 27, 2021 6:56:31 PM com.ad.sudoku.model.SudokuField setValue
INFO: SudokuField changed value from 7 to 9
kwi 27, 2021 6:56:31 PM com.ad.sudoku.model.SudokuField setValue
INFO: SudokuField changed value from 9 to 6
kwi 27, 2021 6:56:31 PM com.ad.sudoku.model.SudokuField setValue
INFO: SudokuField changed value from 6 to 3
kwi 27, 2021 6:56:31 PM com.ad.sudoku.model.SudokuField setValue
INFO: SudokuField changed value from 3 to 4
kwi 27, 2021 6:56:31 PM com.ad.sudoku.model.SudokuField setValue
INFO: SudokuField changed value from 4 to 0
kwi 27, 2021 6:56:31 PM com.ad.sudoku.model.SudokuField setValue
INFO: SudokuField changed value from 1 to 3
kwi 27, 2021 6:56:31 PM com.ad.sudoku.model.SudokuField setValue
INFO: SudokuField changed value from 3 to 4
kwi 27, 2021 6:56:31 PM com.ad.sudoku.model.SudokuField setValue
INFO: SudokuField changed value from 4 to 9
kwi 27, 2021 6:56:31 PM com.ad.sudoku.model.SudokuField setValue
INFO: SudokuField changed value from 9 to 6
kwi 27, 2021 6:56:31 PM com.ad.sudoku.model.SudokuField setValue
INFO: SudokuField changed value from 6 to 0
kwi 27, 2021 6:56:31 PM com.ad.sudoku.model.SudokuField setValue
INFO: SudokuField changed value from 2 to 0
kwi 27, 2021 6:56:31 PM com.ad.sudoku.model.SudokuField setValue
INFO: SudokuField changed value from 9 to 3
kwi 27, 2021 6:56:31 PM com.ad.sudoku.model.SudokuField setValue
INFO: SudokuField changed value from 3 to 8
kwi 27, 2021 6:56:31 PM com.ad.sudoku.model.SudokuField setValue
INFO: SudokuField changed value from 8 to 2
kwi 27, 2021 6:56:31 PM com.ad.sudoku.model.SudokuField setValue
INFO: SudokuField changed value from 0 to 5
kwi 27, 2021 6:56:31 PM com.ad.sudoku.model.SudokuField setValue
INFO: SudokuField changed value from 5 to 7
kwi 27, 2021 6:56:31 PM com.ad.sudoku.model.SudokuField setValue
INFO: SudokuField changed value from 7 to 3
kwi 27, 2021 6:56:31 PM com.ad.sudoku.model.SudokuField setValue
INFO: SudokuField changed value from 0 to 7
kwi 27, 2021 6:56:31 PM com.ad.sudoku.model.SudokuField setValue
INFO: SudokuField changed value from 7 to 5
kwi 27, 2021 6:56:31 PM com.ad.sudoku.model.SudokuField setValue
INFO: SudokuField changed value from 0 to 5
kwi 27, 2021 6:56:31 PM com.ad.sudoku.model.SudokuField setValue
INFO: SudokuField changed value from 5 to 4
kwi 27, 2021 6:56:31 PM com.ad.sudoku.model.SudokuField setValue
INFO: SudokuField changed value from 4 to 6
kwi 27, 2021 6:56:31 PM com.ad.sudoku.model.SudokuField setValue
INFO: SudokuField changed value from 6 to 9
kwi 27, 2021 6:56:31 PM com.ad.sudoku.model.SudokuField setValue
INFO: SudokuField changed value from 0 to 8
kwi 27, 2021 6:56:31 PM com.ad.sudoku.model.SudokuField setValue
INFO: SudokuField changed value from 8 to 9
kwi 27, 2021 6:56:31 PM com.ad.sudoku.model.SudokuField setValue
INFO: SudokuField changed value from 9 to 1
kwi 27, 2021 6:56:31 PM com.ad.sudoku.model.SudokuField setValue
INFO: SudokuField changed value from 0 to 1
kwi 27, 2021 6:56:31 PM com.ad.sudoku.model.SudokuField setValue
INFO: SudokuField changed value from 1 to 7
kwi 27, 2021 6:56:31 PM com.ad.sudoku.model.SudokuField setValue
INFO: SudokuField changed value from 7 to 4
kwi 27, 2021 6:56:31 PM com.ad.sudoku.model.SudokuField setValue
INFO: SudokuField changed value from 4 to 2
kwi 27, 2021 6:56:31 PM com.ad.sudoku.model.SudokuField setValue
INFO: SudokuField changed value from 2 to 5
kwi 27, 2021 6:56:31 PM com.ad.sudoku.model.SudokuField setValue
INFO: SudokuField changed value from 5 to 3
kwi 27, 2021 6:56:31 PM com.ad.sudoku.model.SudokuField setValue
INFO: SudokuField changed value from 3 to 9
kwi 27, 2021 6:56:31 PM com.ad.sudoku.model.SudokuField setValue
INFO: SudokuField changed value from 9 to 8
kwi 27, 2021 6:56:31 PM com.ad.sudoku.model.SudokuField setValue
INFO: SudokuField changed value from 8 to 6
kwi 27, 2021 6:56:31 PM com.ad.sudoku.model.SudokuField setValue
INFO: SudokuField changed value from 6 to 0
kwi 27, 2021 6:56:31 PM com.ad.sudoku.model.SudokuField setValue
INFO: SudokuField changed value from 1 to 6
kwi 27, 2021 6:56:31 PM com.ad.sudoku.model.SudokuField setValue
INFO: SudokuField changed value from 6 to 4
kwi 27, 2021 6:56:31 PM com.ad.sudoku.model.SudokuField setValue
INFO: SudokuField changed value from 4 to 7
kwi 27, 2021 6:56:31 PM com.ad.sudoku.model.SudokuField setValue
INFO: SudokuField changed value from 7 to 3
kwi 27, 2021 6:56:31 PM com.ad.sudoku.model.SudokuField setValue
INFO: SudokuField changed value from 3 to 2
kwi 27, 2021 6:56:31 PM com.ad.sudoku.model.SudokuField setValue
INFO: SudokuField changed value from 2 to 5
kwi 27, 2021 6:56:31 PM com.ad.sudoku.model.SudokuField setValue
INFO: SudokuField changed value from 5 to 0
kwi 27, 2021 6:56:31 PM com.ad.sudoku.model.SudokuField setValue
INFO: SudokuField changed value from 9 to 2
kwi 27, 2021 6:56:31 PM com.ad.sudoku.model.SudokuField setValue
INFO: SudokuField changed value from 2 to 8
kwi 27, 2021 6:56:31 PM com.ad.sudoku.model.SudokuField setValue
INFO: SudokuField changed value from 8 to 3
kwi 27, 2021 6:56:31 PM com.ad.sudoku.model.SudokuField setValue
INFO: SudokuField changed value from 3 to 1
kwi 27, 2021 6:56:31 PM com.ad.sudoku.model.SudokuField setValue
INFO: SudokuField changed value from 1 to 7
kwi 27, 2021 6:56:31 PM com.ad.sudoku.model.SudokuField setValue
INFO: SudokuField changed value from 7 to 0
kwi 27, 2021 6:56:31 PM com.ad.sudoku.model.SudokuField setValue
INFO: SudokuField changed value from 5 to 3
kwi 27, 2021 6:56:31 PM com.ad.sudoku.model.SudokuField setValue
INFO: SudokuField changed value from 3 to 6
kwi 27, 2021 6:56:31 PM com.ad.sudoku.model.SudokuField setValue
INFO: SudokuField changed value from 6 to 8
kwi 27, 2021 6:56:31 PM com.ad.sudoku.model.SudokuField setValue
INFO: SudokuField changed value from 0 to 9
kwi 27, 2021 6:56:31 PM com.ad.sudoku.model.SudokuField setValue
INFO: SudokuField changed value from 0 to 9
kwi 27, 2021 6:56:31 PM com.ad.sudoku.model.SudokuField setValue
INFO: SudokuField changed value from 9 to 3
kwi 27, 2021 6:56:31 PM com.ad.sudoku.model.SudokuField setValue
INFO: SudokuField changed value from 3 to 6
kwi 27, 2021 6:56:31 PM com.ad.sudoku.model.SudokuField setValue
INFO: SudokuField changed value from 6 to 1
kwi 27, 2021 6:56:31 PM com.ad.sudoku.model.SudokuField setValue
INFO: SudokuField changed value from 0 to 5
kwi 27, 2021 6:56:31 PM com.ad.sudoku.model.SudokuField setValue
INFO: SudokuField changed value from 5 to 9
kwi 27, 2021 6:56:31 PM com.ad.sudoku.model.SudokuField setValue
INFO: SudokuField changed value from 9 to 3
kwi 27, 2021 6:56:31 PM com.ad.sudoku.model.SudokuField setValue
INFO: SudokuField changed value from 3 to 8
kwi 27, 2021 6:56:31 PM com.ad.sudoku.model.SudokuField setValue
INFO: SudokuField changed value from 8 to 2
kwi 27, 2021 6:56:31 PM com.ad.sudoku.model.SudokuField setValue
INFO: SudokuField changed value from 2 to 4
kwi 27, 2021 6:56:31 PM com.ad.sudoku.model.SudokuField setValue
INFO: SudokuField changed value from 4 to 7
kwi 27, 2021 6:56:31 PM com.ad.sudoku.model.SudokuField setValue
INFO: SudokuField changed value from 7 to 6
kwi 27, 2021 6:56:31 PM com.ad.sudoku.model.SudokuField setValue
INFO: SudokuField changed value from 6 to 1
kwi 27, 2021 6:56:31 PM com.ad.sudoku.model.SudokuField setValue
INFO: SudokuField changed value from 1 to 0
kwi 27, 2021 6:56:31 PM com.ad.sudoku.model.SudokuField setValue
INFO: SudokuField changed value from 1 to 7
kwi 27, 2021 6:56:31 PM com.ad.sudoku.model.SudokuField setValue
INFO: SudokuField changed value from 7 to 5
kwi 27, 2021 6:56:31 PM com.ad.sudoku.model.SudokuField setValue
INFO: SudokuField changed value from 0 to 6
kwi 27, 2021 6:56:31 PM com.ad.sudoku.model.SudokuField setValue
INFO: SudokuField changed value from 6 to 5
kwi 27, 2021 6:56:31 PM com.ad.sudoku.model.SudokuField setValue
INFO: SudokuField changed value from 5 to 9
kwi 27, 2021 6:56:31 PM com.ad.sudoku.model.SudokuField setValue
INFO: SudokuField changed value from 9 to 1
kwi 27, 2021 6:56:31 PM com.ad.sudoku.model.SudokuField setValue
INFO: SudokuField changed value from 0 to 3
kwi 27, 2021 6:56:31 PM com.ad.sudoku.model.SudokuField setValue
INFO: SudokuField changed value from 3 to 6
kwi 27, 2021 6:56:31 PM com.ad.sudoku.model.SudokuField setValue
INFO: SudokuField changed value from 6 to 9
kwi 27, 2021 6:56:31 PM com.ad.sudoku.model.SudokuField setValue
INFO: SudokuField changed value from 9 to 8
kwi 27, 2021 6:56:31 PM com.ad.sudoku.model.SudokuField setValue
INFO: SudokuField changed value from 0 to 2
kwi 27, 2021 6:56:31 PM com.ad.sudoku.model.SudokuField setValue
INFO: SudokuField changed value from 0 to 4
kwi 27, 2021 6:56:31 PM com.ad.sudoku.model.SudokuField setValue
INFO: SudokuField changed value from 4 to 1
kwi 27, 2021 6:56:31 PM com.ad.sudoku.model.SudokuField setValue
INFO: SudokuField changed value from 0 to 8
kwi 27, 2021 6:56:31 PM com.ad.sudoku.model.SudokuField setValue
INFO: SudokuField changed value from 8 to 5
kwi 27, 2021 6:56:31 PM com.ad.sudoku.model.SudokuField setValue
INFO: SudokuField changed value from 0 to 9
kwi 27, 2021 6:56:31 PM com.ad.sudoku.model.SudokuField setValue
INFO: SudokuField changed value from 9 to 3
kwi 27, 2021 6:56:31 PM com.ad.sudoku.model.SudokuField setValue
INFO: SudokuField changed value from 3 to 4
kwi 27, 2021 6:56:31 PM com.ad.sudoku.model.SudokuField setValue
INFO: SudokuField changed value from 4 to 6
kwi 27, 2021 6:56:31 PM com.ad.sudoku.model.SudokuField setValue
INFO: SudokuField changed value from 6 to 5
kwi 27, 2021 6:56:31 PM com.ad.sudoku.model.SudokuField setValue
INFO: SudokuField changed value from 5 to 2
kwi 27, 2021 6:56:31 PM com.ad.sudoku.model.SudokuField setValue
INFO: SudokuField changed value from 2 to 1
kwi 27, 2021 6:56:31 PM com.ad.sudoku.model.SudokuField setValue
INFO: SudokuField changed value from 1 to 7
kwi 27, 2021 6:56:31 PM com.ad.sudoku.model.SudokuField setValue
INFO: SudokuField changed value from 7 to 8
kwi 27, 2021 6:56:31 PM com.ad.sudoku.model.SudokuField setValue
INFO: SudokuField changed value from 8 to 0
kwi 27, 2021 6:56:31 PM com.ad.sudoku.model.SudokuField setValue
INFO: SudokuField changed value from 5 to 7
kwi 27, 2021 6:56:31 PM com.ad.sudoku.model.SudokuField setValue
INFO: SudokuField changed value from 7 to 6
kwi 27, 2021 6:56:31 PM com.ad.sudoku.model.SudokuField setValue
INFO: SudokuField changed value from 6 to 1
kwi 27, 2021 6:56:31 PM com.ad.sudoku.model.SudokuField setValue
INFO: SudokuField changed value from 1 to 9
kwi 27, 2021 6:56:31 PM com.ad.sudoku.model.SudokuField setValue
INFO: SudokuField changed value from 9 to 3
kwi 27, 2021 6:56:31 PM com.ad.sudoku.model.SudokuField setValue
INFO: SudokuField changed value from 3 to 2
kwi 27, 2021 6:56:31 PM com.ad.sudoku.model.SudokuField setValue
INFO: SudokuField changed value from 2 to 4
kwi 27, 2021 6:56:31 PM com.ad.sudoku.model.SudokuField setValue
INFO: SudokuField changed value from 4 to 0
kwi 27, 2021 6:56:31 PM com.ad.sudoku.model.SudokuField setValue
INFO: SudokuField changed value from 1 to 5
kwi 27, 2021 6:56:31 PM com.ad.sudoku.model.SudokuField setValue
INFO: SudokuField changed value from 0 to 3
kwi 27, 2021 6:56:31 PM com.ad.sudoku.model.SudokuField setValue
INFO: SudokuField changed value from 3 to 1
kwi 27, 2021 6:56:31 PM com.ad.sudoku.model.SudokuField setValue
INFO: SudokuField changed value from 0 to 5
kwi 27, 2021 6:56:31 PM com.ad.sudoku.model.SudokuField setValue
INFO: SudokuField changed value from 5 to 2
kwi 27, 2021 6:56:31 PM com.ad.sudoku.model.SudokuField setValue
INFO: SudokuField changed value from 2 to 8
kwi 27, 2021 6:56:31 PM com.ad.sudoku.model.SudokuField setValue
INFO: SudokuField changed value from 8 to 3
kwi 27, 2021 6:56:31 PM com.ad.sudoku.model.SudokuField setValue
INFO: SudokuField changed value from 3 to 7
kwi 27, 2021 6:56:31 PM com.ad.sudoku.model.SudokuField setValue
INFO: SudokuField changed value from 7 to 4
kwi 27, 2021 6:56:31 PM com.ad.sudoku.model.SudokuField setValue
INFO: SudokuField changed value from 4 to 9
kwi 27, 2021 6:56:31 PM com.ad.sudoku.model.SudokuField setValue
INFO: SudokuField changed value from 9 to 1
kwi 27, 2021 6:56:31 PM com.ad.sudoku.model.SudokuField setValue
INFO: SudokuField changed value from 1 to 6
kwi 27, 2021 6:56:31 PM com.ad.sudoku.model.SudokuField setValue
INFO: SudokuField changed value from 6 to 0
kwi 27, 2021 6:56:31 PM com.ad.sudoku.model.SudokuField setValue
INFO: SudokuField changed value from 1 to 6
kwi 27, 2021 6:56:31 PM com.ad.sudoku.model.SudokuField setValue
INFO: SudokuField changed value from 6 to 4
kwi 27, 2021 6:56:31 PM com.ad.sudoku.model.SudokuField setValue
INFO: SudokuField changed value from 4 to 9
kwi 27, 2021 6:56:31 PM com.ad.sudoku.model.SudokuField setValue
INFO: SudokuField changed value from 9 to 7
kwi 27, 2021 6:56:31 PM com.ad.sudoku.model.SudokuField setValue
INFO: SudokuField changed value from 7 to 8
kwi 27, 2021 6:56:31 PM com.ad.sudoku.model.SudokuField setValue
INFO: SudokuField changed value from 8 to 5
kwi 27, 2021 6:56:31 PM com.ad.sudoku.model.SudokuField setValue
INFO: SudokuField changed value from 5 to 2
kwi 27, 2021 6:56:31 PM com.ad.sudoku.model.SudokuField setValue
INFO: SudokuField changed value from 2 to 0
kwi 27, 2021 6:56:31 PM com.ad.sudoku.model.SudokuField setValue
INFO: SudokuField changed value from 5 to 2
kwi 27, 2021 6:56:31 PM com.ad.sudoku.model.SudokuField setValue
INFO: SudokuField changed value from 2 to 7
kwi 27, 2021 6:56:31 PM com.ad.sudoku.model.SudokuField setValue
INFO: SudokuField changed value from 7 to 8
kwi 27, 2021 6:56:31 PM com.ad.sudoku.model.SudokuField setValue
INFO: SudokuField changed value from 8 to 6
kwi 27, 2021 6:56:31 PM com.ad.sudoku.model.SudokuField setValue
INFO: SudokuField changed value from 6 to 3
kwi 27, 2021 6:56:31 PM com.ad.sudoku.model.SudokuField setValue
INFO: SudokuField changed value from 3 to 9
kwi 27, 2021 6:56:31 PM com.ad.sudoku.model.SudokuField setValue
INFO: SudokuField changed value from 9 to 0
kwi 27, 2021 6:56:31 PM com.ad.sudoku.model.SudokuField setValue
INFO: SudokuField changed value from 2 to 5
kwi 27, 2021 6:56:31 PM com.ad.sudoku.model.SudokuField setValue
INFO: SudokuField changed value from 5 to 9
kwi 27, 2021 6:56:31 PM com.ad.sudoku.model.SudokuField setValue
INFO: SudokuField changed value from 0 to 4
kwi 27, 2021 6:56:31 PM com.ad.sudoku.model.SudokuField setValue
INFO: SudokuField changed value from 4 to 7
kwi 27, 2021 6:56:31 PM com.ad.sudoku.model.SudokuField setValue
INFO: SudokuField changed value from 7 to 1
kwi 27, 2021 6:56:31 PM com.ad.sudoku.model.SudokuField setValue
INFO: SudokuField changed value from 0 to 1
kwi 27, 2021 6:56:31 PM com.ad.sudoku.model.SudokuField setValue
INFO: SudokuField changed value from 1 to 4
kwi 27, 2021 6:56:31 PM com.ad.sudoku.model.SudokuField setValue
INFO: SudokuField changed value from 4 to 3
kwi 27, 2021 6:56:31 PM com.ad.sudoku.model.SudokuField setValue
INFO: SudokuField changed value from 3 to 5
kwi 27, 2021 6:56:31 PM com.ad.sudoku.model.SudokuField setValue
INFO: SudokuField changed value from 0 to 9
kwi 27, 2021 6:56:31 PM com.ad.sudoku.model.SudokuField setValue
INFO: SudokuField changed value from 9 to 1
kwi 27, 2021 6:56:31 PM com.ad.sudoku.model.SudokuField setValue
INFO: SudokuField changed value from 1 to 8
kwi 27, 2021 6:56:31 PM com.ad.sudoku.model.SudokuField setValue
INFO: SudokuField changed value from 8 to 7
kwi 27, 2021 6:56:31 PM com.ad.sudoku.model.SudokuField setValue
INFO: SudokuField changed value from 7 to 3
kwi 27, 2021 6:56:31 PM com.ad.sudoku.model.SudokuField setValue
INFO: SudokuField changed value from 3 to 6
kwi 27, 2021 6:56:31 PM com.ad.sudoku.model.SudokuField setValue
INFO: SudokuField changed value from 6 to 4
kwi 27, 2021 6:56:31 PM com.ad.sudoku.model.SudokuField setValue
INFO: SudokuField changed value from 4 to 2
kwi 27, 2021 6:56:31 PM com.ad.sudoku.model.SudokuField setValue
INFO: SudokuField changed value from 0 to 2
kwi 27, 2021 6:56:31 PM com.ad.sudoku.model.SudokuField setValue
INFO: SudokuField changed value from 2 to 9
kwi 27, 2021 6:56:31 PM com.ad.sudoku.model.SudokuField setValue
INFO: SudokuField changed value from 9 to 8
kwi 27, 2021 6:56:31 PM com.ad.sudoku.model.SudokuField setValue
INFO: SudokuField changed value from 8 to 7
kwi 27, 2021 6:56:31 PM com.ad.sudoku.model.SudokuField setValue
INFO: SudokuField changed value from 7 to 1
kwi 27, 2021 6:56:31 PM com.ad.sudoku.model.SudokuField setValue
INFO: SudokuField changed value from 0 to 5
kwi 27, 2021 6:56:31 PM com.ad.sudoku.model.SudokuField setValue
INFO: SudokuField changed value from 5 to 6
kwi 27, 2021 6:56:31 PM com.ad.sudoku.model.SudokuField setValue
INFO: SudokuField changed value from 6 to 9
kwi 27, 2021 6:56:31 PM com.ad.sudoku.model.SudokuField setValue
INFO: SudokuField changed value from 0 to 8
kwi 27, 2021 6:56:31 PM com.ad.sudoku.model.SudokuField setValue
INFO: SudokuField changed value from 8 to 1
kwi 27, 2021 6:56:31 PM com.ad.sudoku.model.SudokuField setValue
INFO: SudokuField changed value from 1 to 9
kwi 27, 2021 6:56:31 PM com.ad.sudoku.model.SudokuField setValue
INFO: SudokuField changed value from 9 to 6
kwi 27, 2021 6:56:31 PM com.ad.sudoku.model.SudokuField setValue
INFO: SudokuField changed value from 6 to 2
kwi 27, 2021 6:56:31 PM com.ad.sudoku.model.SudokuField setValue
INFO: SudokuField changed value from 0 to 5
kwi 27, 2021 6:56:31 PM com.ad.sudoku.model.SudokuField setValue
INFO: SudokuField changed value from 5 to 8
kwi 27, 2021 6:56:31 PM com.ad.sudoku.model.SudokuField setValue
INFO: SudokuField changed value from 8 to 9
kwi 27, 2021 6:56:31 PM com.ad.sudoku.model.SudokuField setValue
INFO: SudokuField changed value from 9 to 6
kwi 27, 2021 6:56:31 PM com.ad.sudoku.model.SudokuField setValue
INFO: SudokuField changed value from 6 to 7
kwi 27, 2021 6:56:31 PM com.ad.sudoku.model.SudokuField setValue
INFO: SudokuField changed value from 7 to 3
kwi 27, 2021 6:56:31 PM com.ad.sudoku.model.SudokuField setValue
INFO: SudokuField changed value from 3 to 2
kwi 27, 2021 6:56:31 PM com.ad.sudoku.model.SudokuField setValue
INFO: SudokuField changed value from 2 to 1
kwi 27, 2021 6:56:31 PM com.ad.sudoku.model.SudokuField setValue
INFO: SudokuField changed value from 1 to 4
kwi 27, 2021 6:56:31 PM com.ad.sudoku.model.SudokuField setValue
INFO: SudokuField changed value from 0 to 8
kwi 27, 2021 6:56:31 PM com.ad.sudoku.model.SudokuField setValue
INFO: SudokuField changed value from 8 to 3
kwi 27, 2021 6:56:31 PM com.ad.sudoku.model.SudokuField setValue
INFO: SudokuField changed value from 3 to 4
kwi 27, 2021 6:56:31 PM com.ad.sudoku.model.SudokuField setValue
INFO: SudokuField changed value from 4 to 9
kwi 27, 2021 6:56:31 PM com.ad.sudoku.model.SudokuField setValue
INFO: SudokuField changed value from 9 to 1
kwi 27, 2021 6:56:31 PM com.ad.sudoku.model.SudokuField setValue
INFO: SudokuField changed value from 1 to 7
kwi 27, 2021 6:56:31 PM com.ad.sudoku.model.SudokuField setValue
INFO: SudokuField changed value from 0 to 1
kwi 27, 2021 6:56:31 PM com.ad.sudoku.model.SudokuField setValue
INFO: SudokuField changed value from 1 to 7
kwi 27, 2021 6:56:31 PM com.ad.sudoku.model.SudokuField setValue
INFO: SudokuField changed value from 7 to 6
kwi 27, 2021 6:56:31 PM com.ad.sudoku.model.SudokuField setValue
INFO: SudokuField changed value from 0 to 3
kwi 27, 2021 6:56:31 PM com.ad.sudoku.model.SudokuField setValue
INFO: SudokuField changed value from 3 to 7
kwi 27, 2021 6:56:31 PM com.ad.sudoku.model.SudokuField setValue
INFO: SudokuField changed value from 7 to 2
kwi 27, 2021 6:56:31 PM com.ad.sudoku.model.SudokuField setValue
INFO: SudokuField changed value from 0 to 4
kwi 27, 2021 6:56:31 PM com.ad.sudoku.model.SudokuField setValue
INFO: SudokuField changed value from 4 to 1
kwi 27, 2021 6:56:31 PM com.ad.sudoku.model.SudokuField setValue
INFO: SudokuField changed value from 1 to 9
kwi 27, 2021 6:56:31 PM com.ad.sudoku.model.SudokuField setValue
INFO: SudokuField changed value from 9 to 3
kwi 27, 2021 6:56:31 PM com.ad.sudoku.model.SudokuField setValue
INFO: SudokuField changed value from 3 to 8
kwi 27, 2021 6:56:31 PM com.ad.sudoku.model.SudokuField setValue
INFO: SudokuField changed value from 8 to 7
kwi 27, 2021 6:56:31 PM com.ad.sudoku.model.SudokuField setValue
INFO: SudokuField changed value from 7 to 2
kwi 27, 2021 6:56:31 PM com.ad.sudoku.model.SudokuField setValue
INFO: SudokuField changed value from 2 to 6
kwi 27, 2021 6:56:31 PM com.ad.sudoku.model.SudokuField setValue
INFO: SudokuField changed value from 6 to 5
kwi 27, 2021 6:56:31 PM com.ad.sudoku.model.SudokuField setValue
INFO: SudokuField changed value from 5 to 0
kwi 27, 2021 6:56:31 PM com.ad.sudoku.model.SudokuField setValue
INFO: SudokuField changed value from 2 to 5
kwi 27, 2021 6:56:31 PM com.ad.sudoku.model.SudokuField setValue
INFO: SudokuField changed value from 5 to 8
kwi 27, 2021 6:56:31 PM com.ad.sudoku.model.SudokuField setValue
INFO: SudokuField changed value from 8 to 6
kwi 27, 2021 6:56:31 PM com.ad.sudoku.model.SudokuField setValue
INFO: SudokuField changed value from 0 to 1
kwi 27, 2021 6:56:31 PM com.ad.sudoku.model.SudokuField setValue
INFO: SudokuField changed value from 1 to 2
kwi 27, 2021 6:56:31 PM com.ad.sudoku.model.SudokuField setValue
INFO: SudokuField changed value from 2 to 8
kwi 27, 2021 6:56:31 PM com.ad.sudoku.model.SudokuField setValue
INFO: SudokuField changed value from 8 to 6
kwi 27, 2021 6:56:31 PM com.ad.sudoku.model.SudokuField setValue
INFO: SudokuField changed value from 6 to 7
kwi 27, 2021 6:56:31 PM com.ad.sudoku.model.SudokuField setValue
INFO: SudokuField changed value from 7 to 5
kwi 27, 2021 6:56:31 PM com.ad.sudoku.model.SudokuField setValue
INFO: SudokuField changed value from 5 to 9
kwi 27, 2021 6:56:31 PM com.ad.sudoku.model.SudokuField setValue
INFO: SudokuField changed value from 9 to 3
kwi 27, 2021 6:56:31 PM com.ad.sudoku.model.SudokuField setValue
INFO: SudokuField changed value from 3 to 4
kwi 27, 2021 6:56:31 PM com.ad.sudoku.model.SudokuField setValue
INFO: SudokuField changed value from 4 to 0
kwi 27, 2021 6:56:31 PM com.ad.sudoku.model.SudokuField setValue
INFO: SudokuField changed value from 6 to 1
kwi 27, 2021 6:56:31 PM com.ad.sudoku.model.SudokuField setValue
INFO: SudokuField changed value from 1 to 4
kwi 27, 2021 6:56:31 PM com.ad.sudoku.model.SudokuField setValue
INFO: SudokuField changed value from 4 to 9
kwi 27, 2021 6:56:31 PM com.ad.sudoku.model.SudokuField setValue
INFO: SudokuField changed value from 9 to 0
kwi 27, 2021 6:56:31 PM com.ad.sudoku.model.SudokuField setValue
INFO: SudokuField changed value from 6 to 5
kwi 27, 2021 6:56:31 PM com.ad.sudoku.model.SudokuField setValue
INFO: SudokuField changed value from 5 to 4
kwi 27, 2021 6:56:31 PM com.ad.sudoku.model.SudokuField setValue
INFO: SudokuField changed value from 4 to 3
kwi 27, 2021 6:56:31 PM com.ad.sudoku.model.SudokuField setValue
INFO: SudokuField changed value from 3 to 9
kwi 27, 2021 6:56:31 PM com.ad.sudoku.model.SudokuField setValue
INFO: SudokuField changed value from 9 to 2
kwi 27, 2021 6:56:31 PM com.ad.sudoku.model.SudokuField setValue
INFO: SudokuField changed value from 2 to 8
kwi 27, 2021 6:56:31 PM com.ad.sudoku.model.SudokuField setValue
INFO: SudokuField changed value from 8 to 0
kwi 27, 2021 6:56:31 PM com.ad.sudoku.model.SudokuField setValue
INFO: SudokuField changed value from 7 to 2
kwi 27, 2021 6:56:31 PM com.ad.sudoku.model.SudokuField setValue
INFO: SudokuField changed value from 2 to 6
kwi 27, 2021 6:56:31 PM com.ad.sudoku.model.SudokuField setValue
INFO: SudokuField changed value from 6 to 5
kwi 27, 2021 6:56:31 PM com.ad.sudoku.model.SudokuField setValue
INFO: SudokuField changed value from 5 to 0
kwi 27, 2021 6:56:31 PM com.ad.sudoku.model.SudokuField setValue
INFO: SudokuField changed value from 4 to 0
kwi 27, 2021 6:56:31 PM com.ad.sudoku.model.SudokuField setValue
INFO: SudokuField changed value from 2 to 7
kwi 27, 2021 6:56:31 PM com.ad.sudoku.model.SudokuField setValue
INFO: SudokuField changed value from 7 to 4
kwi 27, 2021 6:56:31 PM com.ad.sudoku.model.SudokuField setValue
INFO: SudokuField changed value from 4 to 3
kwi 27, 2021 6:56:31 PM com.ad.sudoku.model.SudokuField setValue
INFO: SudokuField changed value from 3 to 5
kwi 27, 2021 6:56:31 PM com.ad.sudoku.model.SudokuField setValue
INFO: SudokuField changed value from 5 to 0
kwi 27, 2021 6:56:31 PM com.ad.sudoku.model.SudokuField setValue
INFO: SudokuField changed value from 9 to 1
kwi 27, 2021 6:56:31 PM com.ad.sudoku.model.SudokuField setValue
INFO: SudokuField changed value from 1 to 7
kwi 27, 2021 6:56:31 PM com.ad.sudoku.model.SudokuField setValue
INFO: SudokuField changed value from 7 to 3
kwi 27, 2021 6:56:31 PM com.ad.sudoku.model.SudokuField setValue
INFO: SudokuField changed value from 3 to 4
kwi 27, 2021 6:56:31 PM com.ad.sudoku.model.SudokuField setValue
INFO: SudokuField changed value from 4 to 2
kwi 27, 2021 6:56:31 PM com.ad.sudoku.model.SudokuField setValue
INFO: SudokuField changed value from 2 to 8
kwi 27, 2021 6:56:31 PM com.ad.sudoku.model.SudokuField setValue
INFO: SudokuField changed value from 8 to 0
kwi 27, 2021 6:56:31 PM com.ad.sudoku.model.SudokuField setValue
INFO: SudokuField changed value from 1 to 6
kwi 27, 2021 6:56:31 PM com.ad.sudoku.model.SudokuField setValue
INFO: SudokuField changed value from 6 to 4
kwi 27, 2021 6:56:31 PM com.ad.sudoku.model.SudokuField setValue
INFO: SudokuField changed value from 4 to 3
kwi 27, 2021 6:56:31 PM com.ad.sudoku.model.SudokuField setValue
INFO: SudokuField changed value from 3 to 5
kwi 27, 2021 6:56:31 PM com.ad.sudoku.model.SudokuField setValue
INFO: SudokuField changed value from 5 to 0
kwi 27, 2021 6:56:31 PM com.ad.sudoku.model.SudokuField setValue
INFO: SudokuField changed value from 2 to 5
kwi 27, 2021 6:56:31 PM com.ad.sudoku.model.SudokuField setValue
INFO: SudokuField changed value from 5 to 0
kwi 27, 2021 6:56:31 PM com.ad.sudoku.model.SudokuField setValue
INFO: SudokuField changed value from 5 to 9
kwi 27, 2021 6:56:31 PM com.ad.sudoku.model.SudokuField setValue
INFO: SudokuField changed value from 9 to 8
kwi 27, 2021 6:56:31 PM com.ad.sudoku.model.SudokuField setValue
INFO: SudokuField changed value from 8 to 6
kwi 27, 2021 6:56:31 PM com.ad.sudoku.model.SudokuField setValue
INFO: SudokuField changed value from 6 to 7
kwi 27, 2021 6:56:31 PM com.ad.sudoku.model.SudokuField setValue
INFO: SudokuField changed value from 7 to 2
kwi 27, 2021 6:56:31 PM com.ad.sudoku.model.SudokuField setValue
INFO: SudokuField changed value from 2 to 0
kwi 27, 2021 6:56:31 PM com.ad.sudoku.model.SudokuField setValue
INFO: SudokuField changed value from 1 to 6
kwi 27, 2021 6:56:31 PM com.ad.sudoku.model.SudokuField setValue
INFO: SudokuField changed value from 6 to 2
kwi 27, 2021 6:56:31 PM com.ad.sudoku.model.SudokuField setValue
INFO: SudokuField changed value from 2 to 5
kwi 27, 2021 6:56:31 PM com.ad.sudoku.model.SudokuField setValue
INFO: SudokuField changed value from 0 to 7
kwi 27, 2021 6:56:31 PM com.ad.sudoku.model.SudokuField setValue
INFO: SudokuField changed value from 7 to 5
kwi 27, 2021 6:56:31 PM com.ad.sudoku.model.SudokuField setValue
INFO: SudokuField changed value from 5 to 8
kwi 27, 2021 6:56:31 PM com.ad.sudoku.model.SudokuField setValue
INFO: SudokuField changed value from 8 to 4
kwi 27, 2021 6:56:31 PM com.ad.sudoku.model.SudokuField setValue
INFO: SudokuField changed value from 4 to 9
kwi 27, 2021 6:56:31 PM com.ad.sudoku.model.SudokuField setValue
INFO: SudokuField changed value from 9 to 6
kwi 27, 2021 6:56:31 PM com.ad.sudoku.model.SudokuField setValue
INFO: SudokuField changed value from 6 to 2
kwi 27, 2021 6:56:31 PM com.ad.sudoku.model.SudokuField setValue
INFO: SudokuField changed value from 2 to 1
kwi 27, 2021 6:56:31 PM com.ad.sudoku.model.SudokuField setValue
INFO: SudokuField changed value from 0 to 8
kwi 27, 2021 6:56:31 PM com.ad.sudoku.model.SudokuField setValue
INFO: SudokuField changed value from 8 to 6
kwi 27, 2021 6:56:31 PM com.ad.sudoku.model.SudokuField setValue
INFO: SudokuField changed value from 6 to 2
kwi 27, 2021 6:56:31 PM com.ad.sudoku.model.SudokuField setValue
INFO: SudokuField changed value from 0 to 9
kwi 27, 2021 6:56:31 PM com.ad.sudoku.model.SudokuField setValue
INFO: SudokuField changed value from 9 to 8
kwi 27, 2021 6:56:31 PM com.ad.sudoku.model.SudokuField setValue
INFO: SudokuField changed value from 8 to 6
kwi 27, 2021 6:56:31 PM com.ad.sudoku.model.SudokuField setValue
INFO: SudokuField changed value from 6 to 2
kwi 27, 2021 6:56:31 PM com.ad.sudoku.model.SudokuField setValue
INFO: SudokuField changed value from 2 to 7
kwi 27, 2021 6:56:31 PM com.ad.sudoku.model.SudokuField setValue
INFO: SudokuField changed value from 7 to 1
kwi 27, 2021 6:56:31 PM com.ad.sudoku.model.SudokuField setValue
INFO: SudokuField changed value from 0 to 3
kwi 27, 2021 6:56:31 PM com.ad.sudoku.model.SudokuField setValue
INFO: SudokuField changed value from 3 to 5
kwi 27, 2021 6:56:31 PM com.ad.sudoku.model.SudokuField setValue
INFO: SudokuField changed value from 5 to 2
kwi 27, 2021 6:56:31 PM com.ad.sudoku.model.SudokuField setValue
INFO: SudokuField changed value from 2 to 9
kwi 27, 2021 6:56:31 PM com.ad.sudoku.model.SudokuField setValue
INFO: SudokuField changed value from 0 to 3
kwi 27, 2021 6:56:31 PM com.ad.sudoku.model.SudokuField setValue
INFO: SudokuField changed value from 3 to 4
kwi 27, 2021 6:56:31 PM com.ad.sudoku.model.SudokuField setValue
INFO: SudokuField changed value from 4 to 1
kwi 27, 2021 6:56:31 PM com.ad.sudoku.model.SudokuField setValue
INFO: SudokuField changed value from 1 to 8
kwi 27, 2021 6:56:31 PM com.ad.sudoku.model.SudokuField setValue
INFO: SudokuField changed value from 8 to 7
kwi 27, 2021 6:56:31 PM com.ad.sudoku.model.SudokuField setValue
INFO: SudokuField changed value from 7 to 5
kwi 27, 2021 6:56:31 PM com.ad.sudoku.model.SudokuField setValue
INFO: SudokuField changed value from 5 to 9
kwi 27, 2021 6:56:31 PM com.ad.sudoku.model.SudokuField setValue
INFO: SudokuField changed value from 9 to 6
kwi 27, 2021 6:56:31 PM com.ad.sudoku.model.SudokuField setValue
INFO: SudokuField changed value from 6 to 2
kwi 27, 2021 6:56:31 PM com.ad.sudoku.model.SudokuField setValue
INFO: SudokuField changed value from 0 to 2
kwi 27, 2021 6:56:31 PM com.ad.sudoku.model.SudokuField setValue
INFO: SudokuField changed value from 2 to 5
kwi 27, 2021 6:56:31 PM com.ad.sudoku.model.SudokuField setValue
INFO: SudokuField changed value from 5 to 7
kwi 27, 2021 6:56:31 PM com.ad.sudoku.model.SudokuField setValue
INFO: SudokuField changed value from 7 to 6
kwi 27, 2021 6:56:31 PM com.ad.sudoku.model.SudokuField setValue
INFO: SudokuField changed value from 6 to 9
kwi 27, 2021 6:56:31 PM com.ad.sudoku.model.SudokuField setValue
INFO: SudokuField changed value from 9 to 1
kwi 27, 2021 6:56:31 PM com.ad.sudoku.model.SudokuField setValue
INFO: SudokuField changed value from 1 to 3
kwi 27, 2021 6:56:31 PM com.ad.sudoku.model.SudokuField setValue
INFO: SudokuField changed value from 3 to 4
kwi 27, 2021 6:56:31 PM com.ad.sudoku.model.SudokuField setValue
INFO: SudokuField changed value from 0 to 4
kwi 27, 2021 6:56:31 PM com.ad.sudoku.model.SudokuField setValue
INFO: SudokuField changed value from 4 to 5
kwi 27, 2021 6:56:31 PM com.ad.sudoku.model.SudokuField setValue
INFO: SudokuField changed value from 5 to 1
kwi 27, 2021 6:56:31 PM com.ad.sudoku.model.SudokuField setValue
INFO: SudokuField changed value from 1 to 7
kwi 27, 2021 6:56:31 PM com.ad.sudoku.model.SudokuField setValue
INFO: SudokuField changed value from 0 to 8
kwi 27, 2021 6:56:31 PM com.ad.sudoku.model.SudokuField setValue
INFO: SudokuField changed value from 8 to 7
kwi 27, 2021 6:56:31 PM com.ad.sudoku.model.SudokuField setValue
INFO: SudokuField changed value from 7 to 4
kwi 27, 2021 6:56:31 PM com.ad.sudoku.model.SudokuField setValue
INFO: SudokuField changed value from 4 to 3
kwi 27, 2021 6:56:31 PM com.ad.sudoku.model.SudokuField setValue
INFO: SudokuField changed value from 3 to 9
kwi 27, 2021 6:56:31 PM com.ad.sudoku.model.SudokuField setValue
INFO: SudokuField changed value from 9 to 1
kwi 27, 2021 6:56:31 PM com.ad.sudoku.model.SudokuField setValue
INFO: SudokuField changed value from 1 to 6
kwi 27, 2021 6:56:31 PM com.ad.sudoku.model.SudokuField setValue
INFO: SudokuField changed value from 0 to 8
kwi 27, 2021 6:56:31 PM com.ad.sudoku.model.SudokuField setValue
INFO: SudokuField changed value from 8 to 1
kwi 27, 2021 6:56:31 PM com.ad.sudoku.model.SudokuField setValue
INFO: SudokuField changed value from 1 to 7
kwi 27, 2021 6:56:31 PM com.ad.sudoku.model.SudokuField setValue
INFO: SudokuField changed value from 7 to 6
kwi 27, 2021 6:56:31 PM com.ad.sudoku.model.SudokuField setValue
INFO: SudokuField changed value from 0 to 2
kwi 27, 2021 6:56:31 PM com.ad.sudoku.model.SudokuField setValue
INFO: SudokuField changed value from 2 to 1
kwi 27, 2021 6:56:31 PM com.ad.sudoku.model.SudokuField setValue
INFO: SudokuField changed value from 1 to 6
kwi 27, 2021 6:56:31 PM com.ad.sudoku.model.SudokuField setValue
INFO: SudokuField changed value from 6 to 9
kwi 27, 2021 6:56:31 PM com.ad.sudoku.model.SudokuField setValue
INFO: SudokuField changed value from 9 to 5
kwi 27, 2021 6:56:31 PM com.ad.sudoku.model.SudokuField setValue
INFO: SudokuField changed value from 5 to 7
kwi 27, 2021 6:56:31 PM com.ad.sudoku.model.SudokuField setValue
INFO: SudokuField changed value from 7 to 4
kwi 27, 2021 6:56:31 PM com.ad.sudoku.model.SudokuField setValue
INFO: SudokuField changed value from 4 to 3
kwi 27, 2021 6:56:31 PM com.ad.sudoku.model.SudokuField setValue
INFO: SudokuField changed value from 3 to 8
kwi 27, 2021 6:56:31 PM com.ad.sudoku.model.SudokuField setValue
INFO: SudokuField changed value from 8 to 0
kwi 27, 2021 6:56:31 PM com.ad.sudoku.model.SudokuField setValue
INFO: SudokuField changed value from 6 to 9
kwi 27, 2021 6:56:31 PM com.ad.sudoku.model.SudokuField setValue
INFO: SudokuField changed value from 9 to 5
kwi 27, 2021 6:56:31 PM com.ad.sudoku.model.SudokuField setValue
INFO: SudokuField changed value from 5 to 2
kwi 27, 2021 6:56:31 PM com.ad.sudoku.model.SudokuField setValue
INFO: SudokuField changed value from 0 to 2
kwi 27, 2021 6:56:31 PM com.ad.sudoku.model.SudokuField setValue
INFO: SudokuField changed value from 2 to 3
kwi 27, 2021 6:56:31 PM com.ad.sudoku.model.SudokuField setValue
INFO: SudokuField changed value from 3 to 1
kwi 27, 2021 6:56:31 PM com.ad.sudoku.model.SudokuField setValue
INFO: SudokuField changed value from 1 to 4
kwi 27, 2021 6:56:31 PM com.ad.sudoku.model.SudokuField setValue
INFO: SudokuField changed value from 4 to 6
kwi 27, 2021 6:56:31 PM com.ad.sudoku.model.SudokuField setValue
INFO: SudokuField changed value from 6 to 9
kwi 27, 2021 6:56:31 PM com.ad.sudoku.model.SudokuField setValue
INFO: SudokuField changed value from 9 to 5
kwi 27, 2021 6:56:31 PM com.ad.sudoku.model.SudokuField setValue
INFO: SudokuField changed value from 5 to 7
kwi 27, 2021 6:56:31 PM com.ad.sudoku.model.SudokuField setValue
INFO: SudokuField changed value from 7 to 8
kwi 27, 2021 6:56:31 PM com.ad.sudoku.model.SudokuField setValue
INFO: SudokuField changed value from 8 to 0
kwi 27, 2021 6:56:31 PM com.ad.sudoku.model.SudokuField setValue
INFO: SudokuField changed value from 2 to 3
kwi 27, 2021 6:56:31 PM com.ad.sudoku.model.SudokuField setValue
INFO: SudokuField changed value from 3 to 4
kwi 27, 2021 6:56:31 PM com.ad.sudoku.model.SudokuField setValue
INFO: SudokuField changed value from 4 to 0
kwi 27, 2021 6:56:31 PM com.ad.sudoku.model.SudokuField setValue
INFO: SudokuField changed value from 6 to 2
kwi 27, 2021 6:56:31 PM com.ad.sudoku.model.SudokuField setValue
INFO: SudokuField changed value from 2 to 5
kwi 27, 2021 6:56:31 PM com.ad.sudoku.model.SudokuField setValue
INFO: SudokuField changed value from 5 to 0
kwi 27, 2021 6:56:31 PM com.ad.sudoku.model.SudokuField setValue
INFO: SudokuField changed value from 7 to 9
kwi 27, 2021 6:56:31 PM com.ad.sudoku.model.SudokuField setValue
INFO: SudokuField changed value from 9 to 2
kwi 27, 2021 6:56:31 PM com.ad.sudoku.model.SudokuField setValue
INFO: SudokuField changed value from 2 to 8
kwi 27, 2021 6:56:31 PM com.ad.sudoku.model.SudokuField setValue
INFO: SudokuField changed value from 8 to 6
kwi 27, 2021 6:56:31 PM com.ad.sudoku.model.SudokuField setValue
INFO: SudokuField changed value from 6 to 3
kwi 27, 2021 6:56:31 PM com.ad.sudoku.model.SudokuField setValue
INFO: SudokuField changed value from 3 to 0
kwi 27, 2021 6:56:31 PM com.ad.sudoku.model.SudokuField setValue
INFO: SudokuField changed value from 4 to 8
kwi 27, 2021 6:56:31 PM com.ad.sudoku.model.SudokuField setValue
INFO: SudokuField changed value from 8 to 0
kwi 27, 2021 6:56:31 PM com.ad.sudoku.model.SudokuField setValue
INFO: SudokuField changed value from 2 to 0
kwi 27, 2021 6:56:31 PM com.ad.sudoku.model.SudokuField setValue
INFO: SudokuField changed value from 9 to 8
kwi 27, 2021 6:56:31 PM com.ad.sudoku.model.SudokuField setValue
INFO: SudokuField changed value from 8 to 1
kwi 27, 2021 6:56:31 PM com.ad.sudoku.model.SudokuField setValue
INFO: SudokuField changed value from 1 to 7
kwi 27, 2021 6:56:31 PM com.ad.sudoku.model.SudokuField setValue
INFO: SudokuField changed value from 7 to 6
kwi 27, 2021 6:56:31 PM com.ad.sudoku.model.SudokuField setValue
INFO: SudokuField changed value from 6 to 4
kwi 27, 2021 6:56:31 PM com.ad.sudoku.model.SudokuField setValue
INFO: SudokuField changed value from 4 to 0
kwi 27, 2021 6:56:31 PM com.ad.sudoku.model.SudokuField setValue
INFO: SudokuField changed value from 1 to 3
kwi 27, 2021 6:56:31 PM com.ad.sudoku.model.SudokuField setValue
INFO: SudokuField changed value from 3 to 5
kwi 27, 2021 6:56:31 PM com.ad.sudoku.model.SudokuField setValue
INFO: SudokuField changed value from 5 to 4
kwi 27, 2021 6:56:31 PM com.ad.sudoku.model.SudokuField setValue
INFO: SudokuField changed value from 4 to 0
kwi 27, 2021 6:56:31 PM com.ad.sudoku.model.SudokuField setValue
INFO: SudokuField changed value from 2 to 9
kwi 27, 2021 6:56:31 PM com.ad.sudoku.model.SudokuField setValue
INFO: SudokuField changed value from 9 to 5
kwi 27, 2021 6:56:31 PM com.ad.sudoku.model.SudokuField setValue
INFO: SudokuField changed value from 5 to 7
kwi 27, 2021 6:56:31 PM com.ad.sudoku.model.SudokuField setValue
INFO: SudokuField changed value from 7 to 3
kwi 27, 2021 6:56:31 PM com.ad.sudoku.model.SudokuField setValue
INFO: SudokuField changed value from 3 to 1
kwi 27, 2021 6:56:31 PM com.ad.sudoku.model.SudokuField setValue
INFO: SudokuField changed value from 1 to 4
kwi 27, 2021 6:56:31 PM com.ad.sudoku.model.SudokuField setValue
INFO: SudokuField changed value from 4 to 0
kwi 27, 2021 6:56:31 PM com.ad.sudoku.model.SudokuField setValue
INFO: SudokuField changed value from 1 to 3
kwi 27, 2021 6:56:31 PM com.ad.sudoku.model.SudokuField setValue
INFO: SudokuField changed value from 3 to 0
kwi 27, 2021 6:56:31 PM com.ad.sudoku.model.SudokuField setValue
INFO: SudokuField changed value from 5 to 3
kwi 27, 2021 6:56:31 PM com.ad.sudoku.model.SudokuField setValue
INFO: SudokuField changed value from 3 to 9
kwi 27, 2021 6:56:31 PM com.ad.sudoku.model.SudokuField setValue
INFO: SudokuField changed value from 9 to 8
kwi 27, 2021 6:56:31 PM com.ad.sudoku.model.SudokuField setValue
INFO: SudokuField changed value from 8 to 0
kwi 27, 2021 6:56:31 PM com.ad.sudoku.model.SudokuField setValue
INFO: SudokuField changed value from 9 to 1
kwi 27, 2021 6:56:31 PM com.ad.sudoku.model.SudokuField setValue
INFO: SudokuField changed value from 1 to 6
kwi 27, 2021 6:56:31 PM com.ad.sudoku.model.SudokuField setValue
INFO: SudokuField changed value from 6 to 8
kwi 27, 2021 6:56:31 PM com.ad.sudoku.model.SudokuField setValue
INFO: SudokuField changed value from 8 to 4
kwi 27, 2021 6:56:31 PM com.ad.sudoku.model.SudokuField setValue
INFO: SudokuField changed value from 4 to 3
kwi 27, 2021 6:56:31 PM com.ad.sudoku.model.SudokuField setValue
INFO: SudokuField changed value from 3 to 7
kwi 27, 2021 6:56:31 PM com.ad.sudoku.model.SudokuField setValue
INFO: SudokuField changed value from 7 to 0
kwi 27, 2021 6:56:31 PM com.ad.sudoku.model.SudokuField setValue
INFO: SudokuField changed value from 8 to 4
kwi 27, 2021 6:56:31 PM com.ad.sudoku.model.SudokuField setValue
INFO: SudokuField changed value from 4 to 7
kwi 27, 2021 6:56:31 PM com.ad.sudoku.model.SudokuField setValue
INFO: SudokuField changed value from 7 to 5
kwi 27, 2021 6:56:31 PM com.ad.sudoku.model.SudokuField setValue
INFO: SudokuField changed value from 5 to 2
kwi 27, 2021 6:56:31 PM com.ad.sudoku.model.SudokuField setValue
INFO: SudokuField changed value from 2 to 1
kwi 27, 2021 6:56:31 PM com.ad.sudoku.model.SudokuField setValue
INFO: SudokuField changed value from 0 to 5
kwi 27, 2021 6:56:31 PM com.ad.sudoku.model.SudokuField setValue
INFO: SudokuField changed value from 5 to 1
kwi 27, 2021 6:56:31 PM com.ad.sudoku.model.SudokuField setValue
INFO: SudokuField changed value from 1 to 6
kwi 27, 2021 6:56:31 PM com.ad.sudoku.model.SudokuField setValue
INFO: SudokuField changed value from 6 to 9
kwi 27, 2021 6:56:31 PM com.ad.sudoku.model.SudokuField setValue
INFO: SudokuField changed value from 0 to 7
kwi 27, 2021 6:56:31 PM com.ad.sudoku.model.SudokuField setValue
INFO: SudokuField changed value from 7 to 4
kwi 27, 2021 6:56:31 PM com.ad.sudoku.model.SudokuField setValue
INFO: SudokuField changed value from 4 to 5
kwi 27, 2021 6:56:31 PM com.ad.sudoku.model.SudokuField setValue
INFO: SudokuField changed value from 0 to 9
kwi 27, 2021 6:56:31 PM com.ad.sudoku.model.SudokuField setValue
INFO: SudokuField changed value from 9 to 5
kwi 27, 2021 6:56:31 PM com.ad.sudoku.model.SudokuField setValue
INFO: SudokuField changed value from 5 to 6
kwi 27, 2021 6:56:31 PM com.ad.sudoku.model.SudokuField setValue
INFO: SudokuField changed value from 6 to 3
kwi 27, 2021 6:56:31 PM com.ad.sudoku.model.SudokuField setValue
INFO: SudokuField changed value from 3 to 2
kwi 27, 2021 6:56:31 PM com.ad.sudoku.model.SudokuField setValue
INFO: SudokuField changed value from 2 to 8
kwi 27, 2021 6:56:31 PM com.ad.sudoku.model.SudokuField setValue
INFO: SudokuField changed value from 8 to 1
kwi 27, 2021 6:56:31 PM com.ad.sudoku.model.SudokuField setValue
INFO: SudokuField changed value from 1 to 7
kwi 27, 2021 6:56:31 PM com.ad.sudoku.model.SudokuField setValue
INFO: SudokuField changed value from 7 to 4
kwi 27, 2021 6:56:31 PM com.ad.sudoku.model.SudokuField setValue
INFO: SudokuField changed value from 4 to 0
kwi 27, 2021 6:56:31 PM com.ad.sudoku.model.SudokuField setValue
INFO: SudokuField changed value from 5 to 1
kwi 27, 2021 6:56:31 PM com.ad.sudoku.model.SudokuField setValue
INFO: SudokuField changed value from 1 to 3
kwi 27, 2021 6:56:31 PM com.ad.sudoku.model.SudokuField setValue
INFO: SudokuField changed value from 3 to 8
kwi 27, 2021 6:56:31 PM com.ad.sudoku.model.SudokuField setValue
INFO: SudokuField changed value from 8 to 6
kwi 27, 2021 6:56:31 PM com.ad.sudoku.model.SudokuField setValue
INFO: SudokuField changed value from 6 to 2
kwi 27, 2021 6:56:31 PM com.ad.sudoku.model.SudokuField setValue
INFO: SudokuField changed value from 2 to 9
kwi 27, 2021 6:56:31 PM com.ad.sudoku.model.SudokuField setValue
INFO: SudokuField changed value from 9 to 0
kwi 27, 2021 6:56:31 PM com.ad.sudoku.model.SudokuField setValue
INFO: SudokuField changed value from 9 to 7
kwi 27, 2021 6:56:31 PM com.ad.sudoku.model.SudokuField setValue
INFO: SudokuField changed value from 7 to 4
kwi 27, 2021 6:56:31 PM com.ad.sudoku.model.SudokuField setValue
INFO: SudokuField changed value from 4 to 8
kwi 27, 2021 6:56:31 PM com.ad.sudoku.model.SudokuField setValue
INFO: SudokuField changed value from 8 to 3
kwi 27, 2021 6:56:31 PM com.ad.sudoku.model.SudokuField setValue
INFO: SudokuField changed value from 3 to 2
kwi 27, 2021 6:56:31 PM com.ad.sudoku.model.SudokuField setValue
INFO: SudokuField changed value from 0 to 8
kwi 27, 2021 6:56:31 PM com.ad.sudoku.model.SudokuField setValue
INFO: SudokuField changed value from 8 to 6
kwi 27, 2021 6:56:31 PM com.ad.sudoku.model.SudokuField setValue
INFO: SudokuField changed value from 6 to 4
kwi 27, 2021 6:56:31 PM com.ad.sudoku.model.SudokuField setValue
INFO: SudokuField changed value from 4 to 3
kwi 27, 2021 6:56:31 PM com.ad.sudoku.model.SudokuField setValue
INFO: SudokuField changed value from 3 to 2
kwi 27, 2021 6:56:31 PM com.ad.sudoku.model.SudokuField setValue
INFO: SudokuField changed value from 2 to 5
kwi 27, 2021 6:56:31 PM com.ad.sudoku.model.SudokuField setValue
INFO: SudokuField changed value from 0 to 1
kwi 27, 2021 6:56:31 PM com.ad.sudoku.model.SudokuField setValue
INFO: SudokuField changed value from 1 to 5
kwi 27, 2021 6:56:31 PM com.ad.sudoku.model.SudokuField setValue
INFO: SudokuField changed value from 5 to 4
kwi 27, 2021 6:56:31 PM com.ad.sudoku.model.SudokuField setValue
INFO: SudokuField changed value from 4 to 3
kwi 27, 2021 6:56:31 PM com.ad.sudoku.model.SudokuField setValue
INFO: SudokuField changed value from 3 to 8
kwi 27, 2021 6:56:31 PM com.ad.sudoku.model.SudokuField setValue
INFO: SudokuField changed value from 8 to 9
kwi 27, 2021 6:56:31 PM com.ad.sudoku.model.SudokuField setValue
INFO: SudokuField changed value from 9 to 6
kwi 27, 2021 6:56:31 PM com.ad.sudoku.model.SudokuField setValue
INFO: SudokuField changed value from 6 to 7
kwi 27, 2021 6:56:31 PM com.ad.sudoku.model.SudokuField setValue
INFO: SudokuField changed value from 7 to 2
kwi 27, 2021 6:56:31 PM com.ad.sudoku.model.SudokuField setValue
INFO: SudokuField changed value from 2 to 0
kwi 27, 2021 6:56:31 PM com.ad.sudoku.model.SudokuField setValue
INFO: SudokuField changed value from 5 to 9
kwi 27, 2021 6:56:31 PM com.ad.sudoku.model.SudokuField setValue
INFO: SudokuField changed value from 9 to 1
kwi 27, 2021 6:56:31 PM com.ad.sudoku.model.SudokuField setValue
INFO: SudokuField changed value from 1 to 7
kwi 27, 2021 6:56:31 PM com.ad.sudoku.model.SudokuField setValue
INFO: SudokuField changed value from 7 to 0
kwi 27, 2021 6:56:31 PM com.ad.sudoku.model.SudokuField setValue
INFO: SudokuField changed value from 2 to 0
kwi 27, 2021 6:56:31 PM com.ad.sudoku.model.SudokuField setValue
INFO: SudokuField changed value from 1 to 0
kwi 27, 2021 6:56:31 PM com.ad.sudoku.model.SudokuField setValue
INFO: SudokuField changed value from 1 to 4
kwi 27, 2021 6:56:31 PM com.ad.sudoku.model.SudokuField setValue
INFO: SudokuField changed value from 4 to 7
kwi 27, 2021 6:56:31 PM com.ad.sudoku.model.SudokuField setValue
INFO: SudokuField changed value from 7 to 8
kwi 27, 2021 6:56:31 PM com.ad.sudoku.model.SudokuField setValue
INFO: SudokuField changed value from 8 to 3
kwi 27, 2021 6:56:31 PM com.ad.sudoku.model.SudokuField setValue
INFO: SudokuField changed value from 3 to 2
kwi 27, 2021 6:56:31 PM com.ad.sudoku.model.SudokuField setValue
INFO: SudokuField changed value from 2 to 0
kwi 27, 2021 6:56:31 PM com.ad.sudoku.model.SudokuField setValue
INFO: SudokuField changed value from 5 to 4
kwi 27, 2021 6:56:31 PM com.ad.sudoku.model.SudokuField setValue
INFO: SudokuField changed value from 4 to 2
kwi 27, 2021 6:56:31 PM com.ad.sudoku.model.SudokuField setValue
INFO: SudokuField changed value from 2 to 8
kwi 27, 2021 6:56:31 PM com.ad.sudoku.model.SudokuField setValue
INFO: SudokuField changed value from 8 to 0
kwi 27, 2021 6:56:31 PM com.ad.sudoku.model.SudokuField setValue
INFO: SudokuField changed value from 9 to 2
kwi 27, 2021 6:56:31 PM com.ad.sudoku.model.SudokuField setValue
INFO: SudokuField changed value from 2 to 4
kwi 27, 2021 6:56:31 PM com.ad.sudoku.model.SudokuField setValue
INFO: SudokuField changed value from 4 to 3
kwi 27, 2021 6:56:31 PM com.ad.sudoku.model.SudokuField setValue
INFO: SudokuField changed value from 3 to 8
kwi 27, 2021 6:56:31 PM com.ad.sudoku.model.SudokuField setValue
INFO: SudokuField changed value from 8 to 1
kwi 27, 2021 6:56:31 PM com.ad.sudoku.model.SudokuField setValue
INFO: SudokuField changed value from 1 to 5
kwi 27, 2021 6:56:31 PM com.ad.sudoku.model.SudokuField setValue
INFO: SudokuField changed value from 5 to 6
kwi 27, 2021 6:56:31 PM com.ad.sudoku.model.SudokuField setValue
INFO: SudokuField changed value from 6 to 7
kwi 27, 2021 6:56:31 PM com.ad.sudoku.model.SudokuField setValue
INFO: SudokuField changed value from 7 to 0
kwi 27, 2021 6:56:31 PM com.ad.sudoku.model.SudokuField setValue
INFO: SudokuField changed value from 8 to 9
kwi 27, 2021 6:56:31 PM com.ad.sudoku.model.SudokuField setValue
INFO: SudokuField changed value from 9 to 4
kwi 27, 2021 6:56:31 PM com.ad.sudoku.model.SudokuField setValue
INFO: SudokuField changed value from 4 to 1
kwi 27, 2021 6:56:31 PM com.ad.sudoku.model.SudokuField setValue
INFO: SudokuField changed value from 0 to 6
kwi 27, 2021 6:56:31 PM com.ad.sudoku.model.SudokuField setValue
INFO: SudokuField changed value from 6 to 4
kwi 27, 2021 6:56:31 PM com.ad.sudoku.model.SudokuField setValue
INFO: SudokuField changed value from 4 to 7
kwi 27, 2021 6:56:31 PM com.ad.sudoku.model.SudokuField setValue
INFO: SudokuField changed value from 7 to 3
kwi 27, 2021 6:56:31 PM com.ad.sudoku.model.SudokuField setValue
INFO: SudokuField changed value from 3 to 8
kwi 27, 2021 6:56:31 PM com.ad.sudoku.model.SudokuField setValue
INFO: SudokuField changed value from 8 to 2
kwi 27, 2021 6:56:31 PM com.ad.sudoku.model.SudokuField setValue
INFO: SudokuField changed value from 2 to 5
kwi 27, 2021 6:56:31 PM com.ad.sudoku.model.SudokuField setValue
INFO: SudokuField changed value from 5 to 9
kwi 27, 2021 6:56:31 PM com.ad.sudoku.model.SudokuField setValue
INFO: SudokuField changed value from 0 to 9
kwi 27, 2021 6:56:31 PM com.ad.sudoku.model.SudokuField setValue
INFO: SudokuField changed value from 9 to 2
kwi 27, 2021 6:56:31 PM com.ad.sudoku.model.SudokuField setValue
INFO: SudokuField changed value from 2 to 8
kwi 27, 2021 6:56:31 PM com.ad.sudoku.model.SudokuField setValue
INFO: SudokuField changed value from 8 to 3
kwi 27, 2021 6:56:31 PM com.ad.sudoku.model.SudokuField setValue
INFO: SudokuField changed value from 3 to 7
kwi 27, 2021 6:56:31 PM com.ad.sudoku.model.SudokuField setValue
INFO: SudokuField changed value from 7 to 6
kwi 27, 2021 6:56:31 PM com.ad.sudoku.model.SudokuField setValue
INFO: SudokuField changed value from 6 to 4
kwi 27, 2021 6:56:31 PM com.ad.sudoku.model.SudokuField setValue
INFO: SudokuField changed value from 4 to 1
kwi 27, 2021 6:56:31 PM com.ad.sudoku.model.SudokuField setValue
INFO: SudokuField changed value from 1 to 5
kwi 27, 2021 6:56:31 PM com.ad.sudoku.model.SudokuField setValue
INFO: SudokuField changed value from 0 to 6
kwi 27, 2021 6:56:31 PM com.ad.sudoku.model.SudokuField setValue
INFO: SudokuField changed value from 6 to 4
kwi 27, 2021 6:56:31 PM com.ad.sudoku.model.SudokuField setValue
INFO: SudokuField changed value from 4 to 1
kwi 27, 2021 6:56:31 PM com.ad.sudoku.model.SudokuField setValue
INFO: SudokuField changed value from 1 to 3
kwi 27, 2021 6:56:31 PM com.ad.sudoku.model.SudokuField setValue
INFO: SudokuField changed value from 3 to 5
kwi 27, 2021 6:56:31 PM com.ad.sudoku.model.SudokuField setValue
INFO: SudokuField changed value from 5 to 2
kwi 27, 2021 6:56:31 PM com.ad.sudoku.model.SudokuField setValue
INFO: SudokuField changed value from 2 to 7
kwi 27, 2021 6:56:31 PM com.ad.sudoku.model.SudokuField setValue
INFO: SudokuField changed value from 7 to 8
kwi 27, 2021 6:56:31 PM com.ad.sudoku.model.SudokuField setValue
INFO: SudokuField changed value from 8 to 9
kwi 27, 2021 6:56:31 PM com.ad.sudoku.model.SudokuField setValue
INFO: SudokuField changed value from 9 to 0
kwi 27, 2021 6:56:31 PM com.ad.sudoku.model.SudokuField setValue
INFO: SudokuField changed value from 5 to 0
kwi 27, 2021 6:56:31 PM com.ad.sudoku.model.SudokuField setValue
INFO: SudokuField changed value from 9 to 1
kwi 27, 2021 6:56:31 PM com.ad.sudoku.model.SudokuField setValue
INFO: SudokuField changed value from 1 to 0
kwi 27, 2021 6:56:31 PM com.ad.sudoku.model.SudokuField setValue
INFO: SudokuField changed value from 1 to 2
kwi 27, 2021 6:56:31 PM com.ad.sudoku.model.SudokuField setValue
INFO: SudokuField changed value from 2 to 0
kwi 27, 2021 6:56:31 PM com.ad.sudoku.model.SudokuField setValue
INFO: SudokuField changed value from 3 to 8
kwi 27, 2021 6:56:31 PM com.ad.sudoku.model.SudokuField setValue
INFO: SudokuField changed value from 8 to 2
kwi 27, 2021 6:56:31 PM com.ad.sudoku.model.SudokuField setValue
INFO: SudokuField changed value from 2 to 4
kwi 27, 2021 6:56:31 PM com.ad.sudoku.model.SudokuField setValue
INFO: SudokuField changed value from 4 to 1
kwi 27, 2021 6:56:31 PM com.ad.sudoku.model.SudokuField setValue
INFO: SudokuField changed value from 1 to 6
kwi 27, 2021 6:56:31 PM com.ad.sudoku.model.SudokuField setValue
INFO: SudokuField changed value from 6 to 9
kwi 27, 2021 6:56:31 PM com.ad.sudoku.model.SudokuField setValue
INFO: SudokuField changed value from 0 to 6
kwi 27, 2021 6:56:31 PM com.ad.sudoku.model.SudokuField setValue
INFO: SudokuField changed value from 6 to 3
kwi 27, 2021 6:56:31 PM com.ad.sudoku.model.SudokuField setValue
INFO: SudokuField changed value from 3 to 7
kwi 27, 2021 6:56:31 PM com.ad.sudoku.model.SudokuField setValue
INFO: SudokuField changed value from 7 to 2
kwi 27, 2021 6:56:31 PM com.ad.sudoku.model.SudokuField setValue
INFO: SudokuField changed value from 2 to 4
kwi 27, 2021 6:56:31 PM com.ad.sudoku.model.SudokuField setValue
INFO: SudokuField changed value from 4 to 1
kwi 27, 2021 6:56:31 PM com.ad.sudoku.model.SudokuField setValue
INFO: SudokuField changed value from 0 to 2
kwi 27, 2021 6:56:31 PM com.ad.sudoku.model.SudokuField setValue
INFO: SudokuField changed value from 2 to 6
kwi 27, 2021 6:56:31 PM com.ad.sudoku.model.SudokuField setValue
INFO: SudokuField changed value from 6 to 5
kwi 27, 2021 6:56:31 PM com.ad.sudoku.model.SudokuField setValue
INFO: SudokuField changed value from 5 to 8
kwi 27, 2021 6:56:31 PM com.ad.sudoku.model.SudokuField setValue
INFO: SudokuField changed value from 8 to 7
kwi 27, 2021 6:56:31 PM com.ad.sudoku.model.SudokuField setValue
INFO: SudokuField changed value from 7 to 1
kwi 27, 2021 6:56:31 PM com.ad.sudoku.model.SudokuField setValue
INFO: SudokuField changed value from 1 to 4
kwi 27, 2021 6:56:31 PM com.ad.sudoku.model.SudokuField setValue
INFO: SudokuField changed value from 4 to 3
kwi 27, 2021 6:56:31 PM com.ad.sudoku.model.SudokuField setValue
INFO: SudokuField changed value from 3 to 9
kwi 27, 2021 6:56:31 PM com.ad.sudoku.model.SudokuField setValue
INFO: SudokuField changed value from 9 to 0
kwi 27, 2021 6:56:31 PM com.ad.sudoku.model.SudokuField setValue
INFO: SudokuField changed value from 1 to 5
kwi 27, 2021 6:56:31 PM com.ad.sudoku.model.SudokuField setValue
INFO: SudokuField changed value from 0 to 9
kwi 27, 2021 6:56:31 PM com.ad.sudoku.model.SudokuField setValue
INFO: SudokuField changed value from 9 to 2
kwi 27, 2021 6:56:31 PM com.ad.sudoku.model.SudokuField setValue
INFO: SudokuField changed value from 2 to 7
kwi 27, 2021 6:56:31 PM com.ad.sudoku.model.SudokuField setValue
INFO: SudokuField changed value from 7 to 8
kwi 27, 2021 6:56:31 PM com.ad.sudoku.model.SudokuField setValue
INFO: SudokuField changed value from 8 to 4
kwi 27, 2021 6:56:31 PM com.ad.sudoku.model.SudokuField setValue
INFO: SudokuField changed value from 4 to 1
kwi 27, 2021 6:56:31 PM com.ad.sudoku.model.SudokuField setValue
INFO: SudokuField changed value from 1 to 6
kwi 27, 2021 6:56:31 PM com.ad.sudoku.model.SudokuField setValue
INFO: SudokuField changed value from 6 to 5
kwi 27, 2021 6:56:31 PM com.ad.sudoku.model.SudokuField setValue
INFO: SudokuField changed value from 5 to 3
kwi 27, 2021 6:56:31 PM com.ad.sudoku.model.SudokuField setValue
INFO: SudokuField changed value from 3 to 0
kwi 27, 2021 6:56:31 PM com.ad.sudoku.model.SudokuField setValue
INFO: SudokuField changed value from 5 to 9
kwi 27, 2021 6:56:31 PM com.ad.sudoku.model.SudokuField setValue
INFO: SudokuField changed value from 9 to 8
kwi 27, 2021 6:56:31 PM com.ad.sudoku.model.SudokuField setValue
INFO: SudokuField changed value from 0 to 6
kwi 27, 2021 6:56:31 PM com.ad.sudoku.model.SudokuField setValue
INFO: SudokuField changed value from 6 to 9
kwi 27, 2021 6:56:31 PM com.ad.sudoku.model.SudokuField setValue
INFO: SudokuField changed value from 9 to 8
kwi 27, 2021 6:56:31 PM com.ad.sudoku.model.SudokuField setValue
INFO: SudokuField changed value from 8 to 7
kwi 27, 2021 6:56:31 PM com.ad.sudoku.model.SudokuField setValue
INFO: SudokuField changed value from 7 to 5
kwi 27, 2021 6:56:31 PM com.ad.sudoku.model.SudokuField setValue
INFO: SudokuField changed value from 5 to 1
kwi 27, 2021 6:56:31 PM com.ad.sudoku.model.SudokuField setValue
INFO: SudokuField changed value from 1 to 4
kwi 27, 2021 6:56:31 PM com.ad.sudoku.model.SudokuField setValue
INFO: SudokuField changed value from 4 to 3
kwi 27, 2021 6:56:31 PM com.ad.sudoku.model.SudokuField setValue
INFO: SudokuField changed value from 3 to 2
kwi 27, 2021 6:56:31 PM com.ad.sudoku.model.SudokuField setValue
INFO: SudokuField changed value from 2 to 0
kwi 27, 2021 6:56:31 PM com.ad.sudoku.model.SudokuField setValue
INFO: SudokuField changed value from 8 to 0
kwi 27, 2021 6:56:31 PM com.ad.sudoku.model.SudokuField setValue
INFO: SudokuField changed value from 9 to 0
kwi 27, 2021 6:56:31 PM com.ad.sudoku.model.SudokuField setValue
INFO: SudokuField changed value from 2 to 0
kwi 27, 2021 6:56:31 PM com.ad.sudoku.model.SudokuField setValue
INFO: SudokuField changed value from 9 to 5
kwi 27, 2021 6:56:31 PM com.ad.sudoku.model.SudokuField setValue
INFO: SudokuField changed value from 5 to 6
kwi 27, 2021 6:56:31 PM com.ad.sudoku.model.SudokuField setValue
INFO: SudokuField changed value from 6 to 1
kwi 27, 2021 6:56:31 PM com.ad.sudoku.model.SudokuField setValue
INFO: SudokuField changed value from 1 to 4
kwi 27, 2021 6:56:31 PM com.ad.sudoku.model.SudokuField setValue
INFO: SudokuField changed value from 4 to 2
kwi 27, 2021 6:56:31 PM com.ad.sudoku.model.SudokuField setValue
INFO: SudokuField changed value from 2 to 7
kwi 27, 2021 6:56:31 PM com.ad.sudoku.model.SudokuField setValue
INFO: SudokuField changed value from 7 to 8
kwi 27, 2021 6:56:31 PM com.ad.sudoku.model.SudokuField setValue
INFO: SudokuField changed value from 8 to 0
kwi 27, 2021 6:56:31 PM com.ad.sudoku.model.SudokuField setValue
INFO: SudokuField changed value from 4 to 2
kwi 27, 2021 6:56:31 PM com.ad.sudoku.model.SudokuField setValue
INFO: SudokuField changed value from 2 to 0
kwi 27, 2021 6:56:31 PM com.ad.sudoku.model.SudokuField setValue
INFO: SudokuField changed value from 1 to 4
kwi 27, 2021 6:56:31 PM com.ad.sudoku.model.SudokuField setValue
INFO: SudokuField changed value from 4 to 6
kwi 27, 2021 6:56:31 PM com.ad.sudoku.model.SudokuField setValue
INFO: SudokuField changed value from 6 to 2
kwi 27, 2021 6:56:31 PM com.ad.sudoku.model.SudokuField setValue
INFO: SudokuField changed value from 2 to 7
kwi 27, 2021 6:56:31 PM com.ad.sudoku.model.SudokuField setValue
INFO: SudokuField changed value from 7 to 9
kwi 27, 2021 6:56:31 PM com.ad.sudoku.model.SudokuField setValue
INFO: SudokuField changed value from 0 to 4
kwi 27, 2021 6:56:31 PM com.ad.sudoku.model.SudokuField setValue
INFO: SudokuField changed value from 0 to 4
kwi 27, 2021 6:56:31 PM com.ad.sudoku.model.SudokuField setValue
INFO: SudokuField changed value from 4 to 1
kwi 27, 2021 6:56:31 PM com.ad.sudoku.model.SudokuField setValue
INFO: SudokuField changed value from 0 to 8
kwi 27, 2021 6:56:31 PM com.ad.sudoku.model.SudokuField setValue
INFO: SudokuField changed value from 8 to 7
kwi 27, 2021 6:56:31 PM com.ad.sudoku.model.SudokuField setValue
INFO: SudokuField changed value from 7 to 3
kwi 27, 2021 6:56:31 PM com.ad.sudoku.model.SudokuField setValue
INFO: SudokuField changed value from 3 to 5
kwi 27, 2021 6:56:31 PM com.ad.sudoku.model.SudokuField setValue
INFO: SudokuField changed value from 5 to 2
kwi 27, 2021 6:56:31 PM com.ad.sudoku.model.SudokuField setValue
INFO: SudokuField changed value from 0 to 8
kwi 27, 2021 6:56:31 PM com.ad.sudoku.model.SudokuField setValue
INFO: SudokuField changed value from 8 to 1
kwi 27, 2021 6:56:31 PM com.ad.sudoku.model.SudokuField setValue
INFO: SudokuField changed value from 1 to 5
kwi 27, 2021 6:56:31 PM com.ad.sudoku.model.SudokuField setValue
INFO: SudokuField changed value from 5 to 4
kwi 27, 2021 6:56:31 PM com.ad.sudoku.model.SudokuField setValue
INFO: SudokuField changed value from 4 to 9
kwi 27, 2021 6:56:31 PM com.ad.sudoku.model.SudokuField setValue
INFO: SudokuField changed value from 0 to 8
kwi 27, 2021 6:56:31 PM com.ad.sudoku.model.SudokuField setValue
INFO: SudokuField changed value from 0 to 7
kwi 27, 2021 6:56:31 PM com.ad.sudoku.model.SudokuField setValue
INFO: SudokuField changed value from 7 to 5
kwi 27, 2021 6:56:31 PM com.ad.sudoku.model.SudokuField setValue
INFO: SudokuField changed value from 5 to 4
kwi 27, 2021 6:56:31 PM com.ad.sudoku.model.SudokuField setValue
INFO: SudokuField changed value from 4 to 1
kwi 27, 2021 6:56:31 PM com.ad.sudoku.model.SudokuField setValue
INFO: SudokuField changed value from 0 to 6
kwi 27, 2021 6:56:31 PM com.ad.sudoku.model.SudokuField setValue
INFO: SudokuField changed value from 6 to 3
kwi 27, 2021 6:56:31 PM com.ad.sudoku.model.SudokuField setValue
INFO: SudokuField changed value from 3 to 9
kwi 27, 2021 6:56:31 PM com.ad.sudoku.model.SudokuField setValue
INFO: SudokuField changed value from 9 to 1
kwi 27, 2021 6:56:31 PM com.ad.sudoku.model.SudokuField setValue
INFO: SudokuField changed value from 1 to 5
kwi 27, 2021 6:56:31 PM com.ad.sudoku.model.SudokuField setValue
INFO: SudokuField changed value from 0 to 4
kwi 27, 2021 6:56:31 PM com.ad.sudoku.model.SudokuField setValue
INFO: SudokuField changed value from 4 to 5
kwi 27, 2021 6:56:31 PM com.ad.sudoku.model.SudokuField setValue
INFO: SudokuField changed value from 5 to 6
kwi 27, 2021 6:56:31 PM com.ad.sudoku.model.SudokuField setValue
INFO: SudokuField changed value from 6 to 3
kwi 27, 2021 6:56:31 PM com.ad.sudoku.model.SudokuField setValue
INFO: SudokuField changed value from 3 to 7
kwi 27, 2021 6:56:31 PM com.ad.sudoku.model.SudokuField setValue
INFO: SudokuField changed value from 7 to 8
kwi 27, 2021 6:56:31 PM com.ad.sudoku.model.SudokuField setValue
INFO: SudokuField changed value from 8 to 2
kwi 27, 2021 6:56:31 PM com.ad.sudoku.model.SudokuField setValue
INFO: SudokuField changed value from 2 to 1
kwi 27, 2021 6:56:31 PM com.ad.sudoku.model.SudokuField setValue
INFO: SudokuField changed value from 1 to 9
kwi 27, 2021 6:56:31 PM com.ad.sudoku.model.SudokuField setValue
INFO: SudokuField changed value from 9 to 0
kwi 27, 2021 6:56:31 PM com.ad.sudoku.model.SudokuField setValue
INFO: SudokuField changed value from 5 to 2
kwi 27, 2021 6:56:31 PM com.ad.sudoku.model.SudokuField setValue
INFO: SudokuField changed value from 2 to 4
kwi 27, 2021 6:56:31 PM com.ad.sudoku.model.SudokuField setValue
INFO: SudokuField changed value from 4 to 8
kwi 27, 2021 6:56:31 PM com.ad.sudoku.model.SudokuField setValue
INFO: SudokuField changed value from 8 to 7
kwi 27, 2021 6:56:31 PM com.ad.sudoku.model.SudokuField setValue
INFO: SudokuField changed value from 7 to 0
kwi 27, 2021 6:56:31 PM com.ad.sudoku.model.SudokuField setValue
INFO: SudokuField changed value from 1 to 2
kwi 27, 2021 6:56:31 PM com.ad.sudoku.model.SudokuField setValue
INFO: SudokuField changed value from 2 to 8
kwi 27, 2021 6:56:31 PM com.ad.sudoku.model.SudokuField setValue
INFO: SudokuField changed value from 8 to 6
kwi 27, 2021 6:56:31 PM com.ad.sudoku.model.SudokuField setValue
INFO: SudokuField changed value from 6 to 3
kwi 27, 2021 6:56:31 PM com.ad.sudoku.model.SudokuField setValue
INFO: SudokuField changed value from 3 to 9
kwi 27, 2021 6:56:31 PM com.ad.sudoku.model.SudokuField setValue
INFO: SudokuField changed value from 9 to 0
kwi 27, 2021 6:56:31 PM com.ad.sudoku.model.SudokuField setValue
INFO: SudokuField changed value from 8 to 3
kwi 27, 2021 6:56:31 PM com.ad.sudoku.model.SudokuField setValue
INFO: SudokuField changed value from 3 to 4
kwi 27, 2021 6:56:31 PM com.ad.sudoku.model.SudokuField setValue
INFO: SudokuField changed value from 4 to 5
kwi 27, 2021 6:56:31 PM com.ad.sudoku.model.SudokuField setValue
INFO: SudokuField changed value from 0 to 2
kwi 27, 2021 6:56:31 PM com.ad.sudoku.model.SudokuField setValue
INFO: SudokuField changed value from 2 to 4
kwi 27, 2021 6:56:31 PM com.ad.sudoku.model.SudokuField setValue
INFO: SudokuField changed value from 4 to 6
kwi 27, 2021 6:56:31 PM com.ad.sudoku.model.SudokuField setValue
INFO: SudokuField changed value from 6 to 1
kwi 27, 2021 6:56:31 PM com.ad.sudoku.model.SudokuField setValue
INFO: SudokuField changed value from 0 to 6
kwi 27, 2021 6:56:31 PM com.ad.sudoku.model.SudokuField setValue
INFO: SudokuField changed value from 6 to 9
kwi 27, 2021 6:56:31 PM com.ad.sudoku.model.SudokuField setValue
INFO: SudokuField changed value from 9 to 8
kwi 27, 2021 6:56:31 PM com.ad.sudoku.model.SudokuField setValue
INFO: SudokuField changed value from 8 to 5
kwi 27, 2021 6:56:31 PM com.ad.sudoku.model.SudokuField setValue
INFO: SudokuField changed value from 5 to 7
kwi 27, 2021 6:56:31 PM com.ad.sudoku.model.SudokuField setValue
INFO: SudokuField changed value from 7 to 4
kwi 27, 2021 6:56:31 PM com.ad.sudoku.model.SudokuField setValue
INFO: SudokuField changed value from 4 to 1
kwi 27, 2021 6:56:31 PM com.ad.sudoku.model.SudokuField setValue
INFO: SudokuField changed value from 1 to 2
kwi 27, 2021 6:56:31 PM com.ad.sudoku.model.SudokuField setValue
INFO: SudokuField changed value from 2 to 3
kwi 27, 2021 6:56:31 PM com.ad.sudoku.model.SudokuField setValue
INFO: SudokuField changed value from 3 to 0
kwi 27, 2021 6:56:31 PM com.ad.sudoku.model.SudokuField setValue
INFO: SudokuField changed value from 1 to 5
kwi 27, 2021 6:56:31 PM com.ad.sudoku.model.SudokuField setValue
INFO: SudokuField changed value from 5 to 9
kwi 27, 2021 6:56:31 PM com.ad.sudoku.model.SudokuField setValue
INFO: SudokuField changed value from 9 to 3
kwi 27, 2021 6:56:31 PM com.ad.sudoku.model.SudokuField setValue
INFO: SudokuField changed value from 3 to 8
kwi 27, 2021 6:56:31 PM com.ad.sudoku.model.SudokuField setValue
INFO: SudokuField changed value from 8 to 7
kwi 27, 2021 6:56:31 PM com.ad.sudoku.model.SudokuField setValue
INFO: SudokuField changed value from 7 to 0
kwi 27, 2021 6:56:31 PM com.ad.sudoku.model.SudokuField setValue
INFO: SudokuField changed value from 5 to 1
kwi 27, 2021 6:56:31 PM com.ad.sudoku.model.SudokuField setValue
INFO: SudokuField changed value from 0 to 6
kwi 27, 2021 6:56:31 PM com.ad.sudoku.model.SudokuField setValue
INFO: SudokuField changed value from 6 to 3
kwi 27, 2021 6:56:31 PM com.ad.sudoku.model.SudokuField setValue
INFO: SudokuField changed value from 3 to 9
kwi 27, 2021 6:56:31 PM com.ad.sudoku.model.SudokuField setValue
INFO: SudokuField changed value from 9 to 8
kwi 27, 2021 6:56:31 PM com.ad.sudoku.model.SudokuField setValue
INFO: SudokuField changed value from 8 to 5
kwi 27, 2021 6:56:31 PM com.ad.sudoku.model.SudokuField setValue
INFO: SudokuField changed value from 5 to 1
kwi 27, 2021 6:56:31 PM com.ad.sudoku.model.SudokuField setValue
INFO: SudokuField changed value from 1 to 4
kwi 27, 2021 6:56:31 PM com.ad.sudoku.model.SudokuField setValue
INFO: SudokuField changed value from 4 to 7
kwi 27, 2021 6:56:31 PM com.ad.sudoku.model.SudokuField setValue
INFO: SudokuField changed value from 7 to 2
kwi 27, 2021 6:56:31 PM com.ad.sudoku.model.SudokuField setValue
INFO: SudokuField changed value from 2 to 0
kwi 27, 2021 6:56:31 PM com.ad.sudoku.model.SudokuField setValue
INFO: SudokuField changed value from 1 to 6
kwi 27, 2021 6:56:31 PM com.ad.sudoku.model.SudokuField setValue
INFO: SudokuField changed value from 6 to 9
kwi 27, 2021 6:56:31 PM com.ad.sudoku.model.SudokuField setValue
INFO: SudokuField changed value from 9 to 2
kwi 27, 2021 6:56:31 PM com.ad.sudoku.model.SudokuField setValue
INFO: SudokuField changed value from 2 to 7
kwi 27, 2021 6:56:31 PM com.ad.sudoku.model.SudokuField setValue
INFO: SudokuField changed value from 7 to 0
kwi 27, 2021 6:56:31 PM com.ad.sudoku.model.SudokuField setValue
INFO: SudokuField changed value from 9 to 7
kwi 27, 2021 6:56:31 PM com.ad.sudoku.model.SudokuField setValue
INFO: SudokuField changed value from 7 to 2
kwi 27, 2021 6:56:31 PM com.ad.sudoku.model.SudokuField setValue
INFO: SudokuField changed value from 2 to 6
kwi 27, 2021 6:56:31 PM com.ad.sudoku.model.SudokuField setValue
INFO: SudokuField changed value from 6 to 3
kwi 27, 2021 6:56:31 PM com.ad.sudoku.model.SudokuField setValue
INFO: SudokuField changed value from 0 to 2
kwi 27, 2021 6:56:31 PM com.ad.sudoku.model.SudokuField setValue
INFO: SudokuField changed value from 2 to 5
kwi 27, 2021 6:56:31 PM com.ad.sudoku.model.SudokuField setValue
INFO: SudokuField changed value from 0 to 7
kwi 27, 2021 6:56:31 PM com.ad.sudoku.model.SudokuField setValue
INFO: SudokuField changed value from 7 to 1
kwi 27, 2021 6:56:31 PM com.ad.sudoku.model.SudokuField setValue
INFO: SudokuField changed value from 0 to 4
kwi 27, 2021 6:56:31 PM com.ad.sudoku.model.SudokuField setValue
INFO: SudokuField changed value from 4 to 8
kwi 27, 2021 6:56:31 PM com.ad.sudoku.model.SudokuField setValue
INFO: SudokuField changed value from 8 to 1
kwi 27, 2021 6:56:31 PM com.ad.sudoku.model.SudokuField setValue
INFO: SudokuField changed value from 1 to 9
kwi 27, 2021 6:56:31 PM com.ad.sudoku.model.SudokuField setValue
INFO: SudokuField changed value from 9 to 5
kwi 27, 2021 6:56:31 PM com.ad.sudoku.model.SudokuField setValue
INFO: SudokuField changed value from 5 to 2
kwi 27, 2021 6:56:31 PM com.ad.sudoku.model.SudokuField setValue
INFO: SudokuField changed value from 2 to 7
kwi 27, 2021 6:56:31 PM com.ad.sudoku.model.SudokuField setValue
INFO: SudokuField changed value from 7 to 3
kwi 27, 2021 6:56:31 PM com.ad.sudoku.model.SudokuField setValue
INFO: SudokuField changed value from 3 to 6
kwi 27, 2021 6:56:31 PM com.ad.sudoku.model.SudokuField setValue
INFO: SudokuField changed value from 6 to 0
kwi 27, 2021 6:56:31 PM com.ad.sudoku.model.SudokuField setValue
INFO: SudokuField changed value from 1 to 4
kwi 27, 2021 6:56:31 PM com.ad.sudoku.model.SudokuField setValue
INFO: SudokuField changed value from 4 to 8
kwi 27, 2021 6:56:31 PM com.ad.sudoku.model.SudokuField setValue
INFO: SudokuField changed value from 8 to 6
kwi 27, 2021 6:56:31 PM com.ad.sudoku.model.SudokuField setValue
INFO: SudokuField changed value from 6 to 9
kwi 27, 2021 6:56:31 PM com.ad.sudoku.model.SudokuField setValue
INFO: SudokuField changed value from 9 to 3
kwi 27, 2021 6:56:31 PM com.ad.sudoku.model.SudokuField setValue
INFO: SudokuField changed value from 3 to 2
kwi 27, 2021 6:56:31 PM com.ad.sudoku.model.SudokuField setValue
INFO: SudokuField changed value from 2 to 5
kwi 27, 2021 6:56:31 PM com.ad.sudoku.model.SudokuField setValue
INFO: SudokuField changed value from 5 to 0
kwi 27, 2021 6:56:31 PM com.ad.sudoku.model.SudokuField setValue
INFO: SudokuField changed value from 5 to 6
kwi 27, 2021 6:56:31 PM com.ad.sudoku.model.SudokuField setValue
INFO: SudokuField changed value from 6 to 1
kwi 27, 2021 6:56:31 PM com.ad.sudoku.model.SudokuField setValue
INFO: SudokuField changed value from 0 to 2
kwi 27, 2021 6:56:31 PM com.ad.sudoku.model.SudokuField setValue
INFO: SudokuField changed value from 2 to 5
kwi 27, 2021 6:56:31 PM com.ad.sudoku.model.SudokuField setValue
INFO: SudokuField changed value from 5 to 9
kwi 27, 2021 6:56:31 PM com.ad.sudoku.model.SudokuField setValue
INFO: SudokuField changed value from 9 to 4
kwi 27, 2021 6:56:31 PM com.ad.sudoku.model.SudokuField setValue
INFO: SudokuField changed value from 4 to 6
kwi 27, 2021 6:56:31 PM com.ad.sudoku.model.SudokuField setValue
INFO: SudokuField changed value from 6 to 1
kwi 27, 2021 6:56:31 PM com.ad.sudoku.model.SudokuField setValue
INFO: SudokuField changed value from 1 to 7
kwi 27, 2021 6:56:31 PM com.ad.sudoku.model.SudokuField setValue
INFO: SudokuField changed value from 7 to 3
kwi 27, 2021 6:56:31 PM com.ad.sudoku.model.SudokuField setValue
INFO: SudokuField changed value from 3 to 8
kwi 27, 2021 6:56:31 PM com.ad.sudoku.model.SudokuField setValue
INFO: SudokuField changed value from 8 to 0
kwi 27, 2021 6:56:31 PM com.ad.sudoku.model.SudokuField setValue
INFO: SudokuField changed value from 1 to 9
kwi 27, 2021 6:56:31 PM com.ad.sudoku.model.SudokuField setValue
INFO: SudokuField changed value from 9 to 8
kwi 27, 2021 6:56:31 PM com.ad.sudoku.model.SudokuField setValue
INFO: SudokuField changed value from 0 to 8
kwi 27, 2021 6:56:31 PM com.ad.sudoku.model.SudokuField setValue
INFO: SudokuField changed value from 8 to 2
kwi 27, 2021 6:56:31 PM com.ad.sudoku.model.SudokuField setValue
INFO: SudokuField changed value from 2 to 4
kwi 27, 2021 6:56:31 PM com.ad.sudoku.model.SudokuField setValue
INFO: SudokuField changed value from 4 to 6
kwi 27, 2021 6:56:31 PM com.ad.sudoku.model.SudokuField setValue
INFO: SudokuField changed value from 6 to 7
kwi 27, 2021 6:56:31 PM com.ad.sudoku.model.SudokuField setValue
INFO: SudokuField changed value from 7 to 3
kwi 27, 2021 6:56:31 PM com.ad.sudoku.model.SudokuField setValue
INFO: SudokuField changed value from 3 to 1
kwi 27, 2021 6:56:31 PM com.ad.sudoku.model.SudokuField setValue
INFO: SudokuField changed value from 0 to 2
kwi 27, 2021 6:56:31 PM com.ad.sudoku.model.SudokuField setValue
INFO: SudokuField changed value from 2 to 5
kwi 27, 2021 6:56:31 PM com.ad.sudoku.model.SudokuField setValue
INFO: SudokuField changed value from 0 to 5
kwi 27, 2021 6:56:31 PM com.ad.sudoku.model.SudokuField setValue
INFO: SudokuField changed value from 5 to 8
kwi 27, 2021 6:56:31 PM com.ad.sudoku.model.SudokuField setValue
INFO: SudokuField changed value from 8 to 3
kwi 27, 2021 6:56:31 PM com.ad.sudoku.model.SudokuField setValue
INFO: SudokuField changed value from 3 to 4
kwi 27, 2021 6:56:31 PM com.ad.sudoku.model.SudokuField setValue
INFO: SudokuField changed value from 4 to 2
kwi 27, 2021 6:56:31 PM com.ad.sudoku.model.SudokuField setValue
INFO: SudokuField changed value from 2 to 1
kwi 27, 2021 6:56:31 PM com.ad.sudoku.model.SudokuField setValue
INFO: SudokuField changed value from 1 to 6
kwi 27, 2021 6:56:31 PM com.ad.sudoku.model.SudokuField setValue
INFO: SudokuField changed value from 6 to 7
kwi 27, 2021 6:56:31 PM com.ad.sudoku.model.SudokuField setValue
INFO: SudokuField changed value from 7 to 9
kwi 27, 2021 6:56:31 PM com.ad.sudoku.model.SudokuField setValue
INFO: SudokuField changed value from 0 to 4
kwi 27, 2021 6:56:31 PM com.ad.sudoku.model.SudokuField setValue
INFO: SudokuField changed value from 4 to 5
kwi 27, 2021 6:56:31 PM com.ad.sudoku.model.SudokuField setValue
INFO: SudokuField changed value from 5 to 6
kwi 27, 2021 6:56:31 PM com.ad.sudoku.model.SudokuField setValue
INFO: SudokuField changed value from 6 to 8
kwi 27, 2021 6:56:31 PM com.ad.sudoku.model.SudokuField setValue
INFO: SudokuField changed value from 0 to 6
kwi 27, 2021 6:56:31 PM com.ad.sudoku.model.SudokuField setValue
INFO: SudokuField changed value from 6 to 5
kwi 27, 2021 6:56:31 PM com.ad.sudoku.model.SudokuField setValue
INFO: SudokuField changed value from 5 to 1
kwi 27, 2021 6:56:31 PM com.ad.sudoku.model.SudokuField setValue
INFO: SudokuField changed value from 1 to 9
kwi 27, 2021 6:56:31 PM com.ad.sudoku.model.SudokuField setValue
INFO: SudokuField changed value from 0 to 9
kwi 27, 2021 6:56:31 PM com.ad.sudoku.model.SudokuField setValue
INFO: SudokuField changed value from 9 to 7
kwi 27, 2021 6:56:31 PM com.ad.sudoku.model.SudokuField setValue
INFO: SudokuField changed value from 7 to 6
kwi 27, 2021 6:56:31 PM com.ad.sudoku.model.SudokuField setValue
INFO: SudokuField changed value from 6 to 1
kwi 27, 2021 6:56:31 PM com.ad.sudoku.model.SudokuField setValue
INFO: SudokuField changed value from 0 to 6
kwi 27, 2021 6:56:31 PM com.ad.sudoku.model.SudokuField setValue
INFO: SudokuField changed value from 6 to 1
kwi 27, 2021 6:56:31 PM com.ad.sudoku.model.SudokuField setValue
INFO: SudokuField changed value from 1 to 2
kwi 27, 2021 6:56:31 PM com.ad.sudoku.model.SudokuField setValue
INFO: SudokuField changed value from 2 to 5
kwi 27, 2021 6:56:31 PM com.ad.sudoku.model.SudokuField setValue
INFO: SudokuField changed value from 0 to 3
kwi 27, 2021 6:56:31 PM com.ad.sudoku.model.SudokuField setValue
INFO: SudokuField changed value from 3 to 8
kwi 27, 2021 6:56:31 PM com.ad.sudoku.model.SudokuField setValue
INFO: SudokuField changed value from 8 to 1
kwi 27, 2021 6:56:31 PM com.ad.sudoku.model.SudokuField setValue
INFO: SudokuField changed value from 1 to 2
kwi 27, 2021 6:56:31 PM com.ad.sudoku.model.SudokuField setValue
INFO: SudokuField changed value from 0 to 9
kwi 27, 2021 6:56:31 PM com.ad.sudoku.model.SudokuField setValue
INFO: SudokuField changed value from 9 to 8
kwi 27, 2021 6:56:31 PM com.ad.sudoku.model.SudokuField setValue
INFO: SudokuField changed value from 8 to 4
kwi 27, 2021 6:56:31 PM com.ad.sudoku.model.SudokuField setValue
INFO: SudokuField changed value from 4 to 1
kwi 27, 2021 6:56:31 PM com.ad.sudoku.model.SudokuField setValue
INFO: SudokuField changed value from 0 to 4
kwi 27, 2021 6:56:31 PM com.ad.sudoku.model.SudokuField setValue
INFO: SudokuField changed value from 4 to 2
kwi 27, 2021 6:56:31 PM com.ad.sudoku.model.SudokuField setValue
INFO: SudokuField changed value from 2 to 3
kwi 27, 2021 6:56:31 PM com.ad.sudoku.model.SudokuField setValue
INFO: SudokuField changed value from 3 to 8
kwi 27, 2021 6:56:31 PM com.ad.sudoku.model.SudokuField setValue
INFO: SudokuField changed value from 8 to 9
kwi 27, 2021 6:56:31 PM com.ad.sudoku.model.SudokuField setValue
INFO: SudokuField changed value from 0 to 5
kwi 27, 2021 6:56:31 PM com.ad.sudoku.model.SudokuField setValue
INFO: SudokuField changed value from 5 to 3
kwi 27, 2021 6:56:31 PM com.ad.sudoku.model.SudokuField setValue
INFO: SudokuField changed value from 3 to 7
kwi 27, 2021 6:56:31 PM com.ad.sudoku.model.SudokuField setValue
INFO: SudokuField changed value from 7 to 9
kwi 27, 2021 6:56:31 PM com.ad.sudoku.model.SudokuField setValue
INFO: SudokuField changed value from 9 to 1
kwi 27, 2021 6:56:31 PM com.ad.sudoku.model.SudokuField setValue
INFO: SudokuField changed value from 1 to 8
kwi 27, 2021 6:56:31 PM com.ad.sudoku.model.SudokuField setValue
INFO: SudokuField changed value from 8 to 2
kwi 27, 2021 6:56:31 PM com.ad.sudoku.model.SudokuField setValue
INFO: SudokuField changed value from 0 to 2
kwi 27, 2021 6:56:31 PM com.ad.sudoku.model.SudokuField setValue
INFO: SudokuField changed value from 2 to 7
kwi 27, 2021 6:56:31 PM com.ad.sudoku.model.SudokuField setValue
INFO: SudokuField changed value from 7 to 8
kwi 27, 2021 6:56:31 PM com.ad.sudoku.model.SudokuField setValue
INFO: SudokuField changed value from 8 to 3
kwi 27, 2021 6:56:31 PM com.ad.sudoku.model.SudokuField setValue
INFO: SudokuField changed value from 3 to 9
kwi 27, 2021 6:56:31 PM com.ad.sudoku.model.SudokuField setValue
INFO: SudokuField changed value from 9 to 4
kwi 27, 2021 6:56:31 PM com.ad.sudoku.model.SudokuField setValue
INFO: SudokuField changed value from 0 to 8
kwi 27, 2021 6:56:31 PM com.ad.sudoku.model.SudokuField setValue
INFO: SudokuField changed value from 8 to 3
kwi 27, 2021 6:56:31 PM com.ad.sudoku.model.SudokuField setValue
INFO: SudokuField changed value from 3 to 4
kwi 27, 2021 6:56:31 PM com.ad.sudoku.model.SudokuField setValue
INFO: SudokuField changed value from 4 to 6
kwi 27, 2021 6:56:31 PM com.ad.sudoku.model.SudokuField setValue
INFO: SudokuField changed value from 6 to 1
kwi 27, 2021 6:56:31 PM com.ad.sudoku.model.SudokuField setValue
INFO: SudokuField changed value from 1 to 5
kwi 27, 2021 6:56:31 PM com.ad.sudoku.model.SudokuField setValue
INFO: SudokuField changed value from 5 to 2
kwi 27, 2021 6:56:31 PM com.ad.sudoku.model.SudokuField setValue
INFO: SudokuField changed value from 2 to 9
kwi 27, 2021 6:56:31 PM com.ad.sudoku.model.SudokuField setValue
INFO: SudokuField changed value from 9 to 7
kwi 27, 2021 6:56:31 PM com.ad.sudoku.model.SudokuField setValue
INFO: SudokuField changed value from 0 to 1
kwi 27, 2021 6:56:31 PM com.ad.sudoku.model.SudokuField setValue
INFO: SudokuField changed value from 1 to 2
kwi 27, 2021 6:56:31 PM com.ad.sudoku.model.SudokuField setValue
INFO: SudokuField changed value from 2 to 8
kwi 27, 2021 6:56:31 PM com.ad.sudoku.model.SudokuField setValue
INFO: SudokuField changed value from 8 to 7
kwi 27, 2021 6:56:31 PM com.ad.sudoku.model.SudokuField setValue
INFO: SudokuField changed value from 7 to 6
kwi 27, 2021 6:56:31 PM com.ad.sudoku.model.SudokuField setValue
INFO: SudokuField changed value from 0 to 5
kwi 27, 2021 6:56:31 PM com.ad.sudoku.model.SudokuField setValue
INFO: SudokuField changed value from 5 to 6
kwi 27, 2021 6:56:31 PM com.ad.sudoku.model.SudokuField setValue
INFO: SudokuField changed value from 0 to 8
kwi 27, 2021 6:56:31 PM com.ad.sudoku.model.SudokuField setValue
INFO: SudokuField changed value from 8 to 2
kwi 27, 2021 6:56:31 PM com.ad.sudoku.model.SudokuField setValue
INFO: SudokuField changed value from 2 to 6
kwi 27, 2021 6:56:31 PM com.ad.sudoku.model.SudokuField setValue
INFO: SudokuField changed value from 6 to 7
kwi 27, 2021 6:56:31 PM com.ad.sudoku.model.SudokuField setValue
INFO: SudokuField changed value from 7 to 9
kwi 27, 2021 6:56:31 PM com.ad.sudoku.model.SudokuField setValue
INFO: SudokuField changed value from 9 to 4
kwi 27, 2021 6:56:31 PM com.ad.sudoku.model.SudokuField setValue
INFO: SudokuField changed value from 4 to 1
kwi 27, 2021 6:56:31 PM com.ad.sudoku.model.SudokuField setValue
INFO: SudokuField changed value from 1 to 5
kwi 27, 2021 6:56:31 PM com.ad.sudoku.model.SudokuField setValue
INFO: SudokuField changed value from 5 to 3
kwi 27, 2021 6:56:31 PM com.ad.sudoku.model.SudokuField setValue
INFO: SudokuField changed value from 3 to 0
kwi 27, 2021 6:56:31 PM com.ad.sudoku.model.SudokuField setValue
INFO: SudokuField changed value from 6 to 1
kwi 27, 2021 6:56:31 PM com.ad.sudoku.model.SudokuField setValue
INFO: SudokuField changed value from 1 to 7
kwi 27, 2021 6:56:31 PM com.ad.sudoku.model.SudokuField setValue
INFO: SudokuField changed value from 7 to 8
kwi 27, 2021 6:56:31 PM com.ad.sudoku.model.SudokuField setValue
INFO: SudokuField changed value from 8 to 9
kwi 27, 2021 6:56:31 PM com.ad.sudoku.model.SudokuField setValue
INFO: SudokuField changed value from 9 to 2
kwi 27, 2021 6:56:31 PM com.ad.sudoku.model.SudokuField setValue
INFO: SudokuField changed value from 0 to 4
kwi 27, 2021 6:56:31 PM com.ad.sudoku.model.SudokuField setValue
INFO: SudokuField changed value from 4 to 2
kwi 27, 2021 6:56:31 PM com.ad.sudoku.model.SudokuField setValue
INFO: SudokuField changed value from 2 to 7
kwi 27, 2021 6:56:31 PM com.ad.sudoku.model.SudokuField setValue
INFO: SudokuField changed value from 7 to 6
kwi 27, 2021 6:56:31 PM com.ad.sudoku.model.SudokuField setValue
INFO: SudokuField changed value from 6 to 8
kwi 27, 2021 6:56:31 PM com.ad.sudoku.model.SudokuField setValue
INFO: SudokuField changed value from 8 to 5
kwi 27, 2021 6:56:31 PM com.ad.sudoku.model.SudokuField setValue
INFO: SudokuField changed value from 5 to 9
kwi 27, 2021 6:56:31 PM com.ad.sudoku.model.SudokuField setValue
INFO: SudokuField changed value from 9 to 3
kwi 27, 2021 6:56:31 PM com.ad.sudoku.model.SudokuField setValue
INFO: SudokuField changed value from 3 to 1
kwi 27, 2021 6:56:31 PM com.ad.sudoku.model.SudokuField setValue
INFO: SudokuField changed value from 1 to 0
kwi 27, 2021 6:56:31 PM com.ad.sudoku.model.SudokuField setValue
INFO: SudokuField changed value from 2 to 4
kwi 27, 2021 6:56:31 PM com.ad.sudoku.model.SudokuField setValue
INFO: SudokuField changed value from 4 to 3
kwi 27, 2021 6:56:31 PM com.ad.sudoku.model.SudokuField setValue
INFO: SudokuField changed value from 3 to 0
kwi 27, 2021 6:56:31 PM com.ad.sudoku.model.SudokuField setValue
INFO: SudokuField changed value from 6 to 3
kwi 27, 2021 6:56:31 PM com.ad.sudoku.model.SudokuField setValue
INFO: SudokuField changed value from 3 to 5
kwi 27, 2021 6:56:31 PM com.ad.sudoku.model.SudokuField setValue
INFO: SudokuField changed value from 5 to 4
kwi 27, 2021 6:56:31 PM com.ad.sudoku.model.SudokuField setValue
INFO: SudokuField changed value from 4 to 9
kwi 27, 2021 6:56:31 PM com.ad.sudoku.model.SudokuField setValue
INFO: SudokuField changed value from 9 to 0
kwi 27, 2021 6:56:31 PM com.ad.sudoku.model.SudokuField setValue
INFO: SudokuField changed value from 7 to 0
kwi 27, 2021 6:56:31 PM com.ad.sudoku.model.SudokuField setValue
INFO: SudokuField changed value from 4 to 5
kwi 27, 2021 6:56:31 PM com.ad.sudoku.model.SudokuField setValue
INFO: SudokuField changed value from 5 to 1
kwi 27, 2021 6:56:31 PM com.ad.sudoku.model.SudokuField setValue
INFO: SudokuField changed value from 1 to 6
kwi 27, 2021 6:56:31 PM com.ad.sudoku.model.SudokuField setValue
INFO: SudokuField changed value from 6 to 0
kwi 27, 2021 6:56:31 PM com.ad.sudoku.model.SudokuField setValue
INFO: SudokuField changed value from 2 to 6
kwi 27, 2021 6:56:31 PM com.ad.sudoku.model.SudokuField setValue
INFO: SudokuField changed value from 6 to 4
kwi 27, 2021 6:56:31 PM com.ad.sudoku.model.SudokuField setValue
INFO: SudokuField changed value from 4 to 0
kwi 27, 2021 6:56:31 PM com.ad.sudoku.model.SudokuField setValue
INFO: SudokuField changed value from 9 to 5
kwi 27, 2021 6:56:31 PM com.ad.sudoku.model.SudokuField setValue
INFO: SudokuField changed value from 5 to 1
kwi 27, 2021 6:56:31 PM com.ad.sudoku.model.SudokuField setValue
INFO: SudokuField changed value from 1 to 7
kwi 27, 2021 6:56:31 PM com.ad.sudoku.model.SudokuField setValue
INFO: SudokuField changed value from 7 to 6
kwi 27, 2021 6:56:31 PM com.ad.sudoku.model.SudokuField setValue
INFO: SudokuField changed value from 6 to 0
kwi 27, 2021 6:56:31 PM com.ad.sudoku.model.SudokuField setValue
INFO: SudokuField changed value from 1 to 2
kwi 27, 2021 6:56:31 PM com.ad.sudoku.model.SudokuField setValue
INFO: SudokuField changed value from 2 to 5
kwi 27, 2021 6:56:31 PM com.ad.sudoku.model.SudokuField setValue
INFO: SudokuField changed value from 5 to 6
kwi 27, 2021 6:56:31 PM com.ad.sudoku.model.SudokuField setValue
INFO: SudokuField changed value from 6 to 3
kwi 27, 2021 6:56:31 PM com.ad.sudoku.model.SudokuField setValue
INFO: SudokuField changed value from 3 to 7
kwi 27, 2021 6:56:31 PM com.ad.sudoku.model.SudokuField setValue
INFO: SudokuField changed value from 7 to 0
kwi 27, 2021 6:56:31 PM com.ad.sudoku.model.SudokuField setValue
INFO: SudokuField changed value from 2 to 9
kwi 27, 2021 6:56:31 PM com.ad.sudoku.model.SudokuField setValue
INFO: SudokuField changed value from 9 to 5
kwi 27, 2021 6:56:31 PM com.ad.sudoku.model.SudokuField setValue
INFO: SudokuField changed value from 5 to 4
kwi 27, 2021 6:56:31 PM com.ad.sudoku.model.SudokuField setValue
INFO: SudokuField changed value from 4 to 7
kwi 27, 2021 6:56:31 PM com.ad.sudoku.model.SudokuField setValue
INFO: SudokuField changed value from 7 to 6
kwi 27, 2021 6:56:31 PM com.ad.sudoku.model.SudokuField setValue
INFO: SudokuField changed value from 6 to 0
kwi 27, 2021 6:56:31 PM com.ad.sudoku.model.SudokuField setValue
INFO: SudokuField changed value from 5 to 4
kwi 27, 2021 6:56:31 PM com.ad.sudoku.model.SudokuField setValue
INFO: SudokuField changed value from 4 to 7
kwi 27, 2021 6:56:31 PM com.ad.sudoku.model.SudokuField setValue
INFO: SudokuField changed value from 7 to 8
kwi 27, 2021 6:56:31 PM com.ad.sudoku.model.SudokuField setValue
INFO: SudokuField changed value from 8 to 3
kwi 27, 2021 6:56:31 PM com.ad.sudoku.model.SudokuField setValue
INFO: SudokuField changed value from 3 to 9
kwi 27, 2021 6:56:31 PM com.ad.sudoku.model.SudokuField setValue
INFO: SudokuField changed value from 9 to 0
kwi 27, 2021 6:56:31 PM com.ad.sudoku.model.SudokuField setValue
INFO: SudokuField changed value from 1 to 8
kwi 27, 2021 6:56:31 PM com.ad.sudoku.model.SudokuField setValue
INFO: SudokuField changed value from 8 to 3
kwi 27, 2021 6:56:31 PM com.ad.sudoku.model.SudokuField setValue
INFO: SudokuField changed value from 3 to 5
kwi 27, 2021 6:56:31 PM com.ad.sudoku.model.SudokuField setValue
INFO: SudokuField changed value from 0 to 7
kwi 27, 2021 6:56:31 PM com.ad.sudoku.model.SudokuField setValue
INFO: SudokuField changed value from 7 to 9
kwi 27, 2021 6:56:31 PM com.ad.sudoku.model.SudokuField setValue
INFO: SudokuField changed value from 9 to 6
kwi 27, 2021 6:56:31 PM com.ad.sudoku.model.SudokuField setValue
INFO: SudokuField changed value from 6 to 4
kwi 27, 2021 6:56:31 PM com.ad.sudoku.model.SudokuField setValue
INFO: SudokuField changed value from 4 to 3
kwi 27, 2021 6:56:31 PM com.ad.sudoku.model.SudokuField setValue
INFO: SudokuField changed value from 3 to 1
kwi 27, 2021 6:56:31 PM com.ad.sudoku.model.SudokuField setValue
INFO: SudokuField changed value from 0 to 8
kwi 27, 2021 6:56:31 PM com.ad.sudoku.model.SudokuField setValue
INFO: SudokuField changed value from 8 to 9
kwi 27, 2021 6:56:31 PM com.ad.sudoku.model.SudokuField setValue
INFO: SudokuField changed value from 9 to 5
kwi 27, 2021 6:56:31 PM com.ad.sudoku.model.SudokuField setValue
INFO: SudokuField changed value from 5 to 6
kwi 27, 2021 6:56:31 PM com.ad.sudoku.model.SudokuField setValue
INFO: SudokuField changed value from 6 to 4
kwi 27, 2021 6:56:31 PM com.ad.sudoku.model.SudokuField setValue
INFO: SudokuField changed value from 4 to 2
kwi 27, 2021 6:56:31 PM com.ad.sudoku.model.SudokuField setValue
INFO: SudokuField changed value from 0 to 7
kwi 27, 2021 6:56:31 PM com.ad.sudoku.model.SudokuField setValue
INFO: SudokuField changed value from 7 to 6
kwi 27, 2021 6:56:31 PM com.ad.sudoku.model.SudokuField setValue
INFO: SudokuField changed value from 6 to 4
kwi 27, 2021 6:56:31 PM com.ad.sudoku.model.SudokuField setValue
INFO: SudokuField changed value from 4 to 1
kwi 27, 2021 6:56:31 PM com.ad.sudoku.model.SudokuField setValue
INFO: SudokuField changed value from 0 to 1
kwi 27, 2021 6:56:31 PM com.ad.sudoku.model.SudokuField setValue
INFO: SudokuField changed value from 1 to 3
kwi 27, 2021 6:56:31 PM com.ad.sudoku.model.SudokuField setValue
INFO: SudokuField changed value from 3 to 5
kwi 27, 2021 6:56:31 PM com.ad.sudoku.model.SudokuField setValue
INFO: SudokuField changed value from 5 to 4
kwi 27, 2021 6:56:31 PM com.ad.sudoku.model.SudokuField setValue
INFO: SudokuField changed value from 4 to 8
kwi 27, 2021 6:56:31 PM com.ad.sudoku.model.SudokuField setValue
INFO: SudokuField changed value from 8 to 6
kwi 27, 2021 6:56:31 PM com.ad.sudoku.model.SudokuField setValue
INFO: SudokuField changed value from 6 to 9
kwi 27, 2021 6:56:31 PM com.ad.sudoku.model.SudokuField setValue
INFO: SudokuField changed value from 0 to 2
kwi 27, 2021 6:56:31 PM com.ad.sudoku.model.SudokuField setValue
INFO: SudokuField changed value from 0 to 2
kwi 27, 2021 6:56:31 PM com.ad.sudoku.model.SudokuField setValue
INFO: SudokuField changed value from 2 to 6
kwi 27, 2021 6:56:31 PM com.ad.sudoku.model.SudokuField setValue
INFO: SudokuField changed value from 6 to 5
kwi 27, 2021 6:56:31 PM com.ad.sudoku.model.SudokuField setValue
INFO: SudokuField changed value from 5 to 4
kwi 27, 2021 6:56:31 PM com.ad.sudoku.model.SudokuField setValue
INFO: SudokuField changed value from 0 to 2
kwi 27, 2021 6:56:31 PM com.ad.sudoku.model.SudokuField setValue
INFO: SudokuField changed value from 2 to 6
kwi 27, 2021 6:56:31 PM com.ad.sudoku.model.SudokuField setValue
INFO: SudokuField changed value from 6 to 1
kwi 27, 2021 6:56:31 PM com.ad.sudoku.model.SudokuField setValue
INFO: SudokuField changed value from 1 to 7
kwi 27, 2021 6:56:31 PM com.ad.sudoku.model.SudokuField setValue
INFO: SudokuField changed value from 0 to 4
kwi 27, 2021 6:56:31 PM com.ad.sudoku.model.SudokuField setValue
INFO: SudokuField changed value from 4 to 9
kwi 27, 2021 6:56:31 PM com.ad.sudoku.model.SudokuField setValue
INFO: SudokuField changed value from 9 to 7
kwi 27, 2021 6:56:31 PM com.ad.sudoku.model.SudokuField setValue
INFO: SudokuField changed value from 7 to 8
kwi 27, 2021 6:56:31 PM com.ad.sudoku.model.SudokuField setValue
INFO: SudokuField changed value from 8 to 6
kwi 27, 2021 6:56:31 PM com.ad.sudoku.model.SudokuField setValue
INFO: SudokuField changed value from 0 to 6
kwi 27, 2021 6:56:31 PM com.ad.sudoku.model.SudokuField setValue
INFO: SudokuField changed value from 0 to 8
kwi 27, 2021 6:56:31 PM com.ad.sudoku.model.SudokuField setValue
INFO: SudokuField changed value from 8 to 3
kwi 27, 2021 6:56:31 PM com.ad.sudoku.model.SudokuField setValue
INFO: SudokuField changed value from 3 to 7
kwi 27, 2021 6:56:31 PM com.ad.sudoku.model.SudokuField setValue
INFO: SudokuField changed value from 7 to 1
kwi 27, 2021 6:56:31 PM com.ad.sudoku.model.SudokuField setValue
INFO: SudokuField changed value from 1 to 9
kwi 27, 2021 6:56:31 PM com.ad.sudoku.model.SudokuField setValue
INFO: SudokuField changed value from 9 to 5
kwi 27, 2021 6:56:31 PM com.ad.sudoku.model.SudokuField setValue
INFO: SudokuField changed value from 5 to 4
kwi 27, 2021 6:56:31 PM com.ad.sudoku.model.SudokuField setValue
INFO: SudokuField changed value from 4 to 2
kwi 27, 2021 6:56:31 PM com.ad.sudoku.model.SudokuField setValue
INFO: SudokuField changed value from 2 to 6
kwi 27, 2021 6:56:31 PM com.ad.sudoku.model.SudokuField setValue
INFO: SudokuField changed value from 6 to 0
kwi 27, 2021 6:56:31 PM com.ad.sudoku.model.SudokuField setValue
INFO: SudokuField changed value from 6 to 1
kwi 27, 2021 6:56:31 PM com.ad.sudoku.model.SudokuField setValue
INFO: SudokuField changed value from 1 to 9
kwi 27, 2021 6:56:31 PM com.ad.sudoku.model.SudokuField setValue
INFO: SudokuField changed value from 9 to 2
kwi 27, 2021 6:56:31 PM com.ad.sudoku.model.SudokuField setValue
INFO: SudokuField changed value from 0 to 1
kwi 27, 2021 6:56:31 PM com.ad.sudoku.model.SudokuField setValue
INFO: SudokuField changed value from 1 to 5
kwi 27, 2021 6:56:31 PM com.ad.sudoku.model.SudokuField setValue
INFO: SudokuField changed value from 5 to 3
kwi 27, 2021 6:56:31 PM com.ad.sudoku.model.SudokuField setValue
INFO: SudokuField changed value from 3 to 4
kwi 27, 2021 6:56:31 PM com.ad.sudoku.model.SudokuField setValue
INFO: SudokuField changed value from 4 to 2
kwi 27, 2021 6:56:31 PM com.ad.sudoku.model.SudokuField setValue
INFO: SudokuField changed value from 2 to 6
kwi 27, 2021 6:56:31 PM com.ad.sudoku.model.SudokuField setValue
INFO: SudokuField changed value from 6 to 8
kwi 27, 2021 6:56:31 PM com.ad.sudoku.model.SudokuField setValue
INFO: SudokuField changed value from 8 to 9
kwi 27, 2021 6:56:31 PM com.ad.sudoku.model.SudokuField setValue
INFO: SudokuField changed value from 9 to 7
kwi 27, 2021 6:56:31 PM com.ad.sudoku.model.SudokuField setValue
INFO: SudokuField changed value from 7 to 0
kwi 27, 2021 6:56:31 PM com.ad.sudoku.model.SudokuField setValue
INFO: SudokuField changed value from 2 to 8
kwi 27, 2021 6:56:31 PM com.ad.sudoku.model.SudokuField setValue
INFO: SudokuField changed value from 8 to 3
kwi 27, 2021 6:56:31 PM com.ad.sudoku.model.SudokuField setValue
INFO: SudokuField changed value from 3 to 4
kwi 27, 2021 6:56:31 PM com.ad.sudoku.model.SudokuField setValue
INFO: SudokuField changed value from 4 to 5
kwi 27, 2021 6:56:31 PM com.ad.sudoku.model.SudokuField setValue
INFO: SudokuField changed value from 5 to 7
kwi 27, 2021 6:56:31 PM com.ad.sudoku.model.SudokuField setValue
INFO: SudokuField changed value from 7 to 0
kwi 27, 2021 6:56:31 PM com.ad.sudoku.model.SudokuField setValue
INFO: SudokuField changed value from 6 to 5
kwi 27, 2021 6:56:31 PM com.ad.sudoku.model.SudokuField setValue
INFO: SudokuField changed value from 5 to 1
kwi 27, 2021 6:56:31 PM com.ad.sudoku.model.SudokuField setValue
INFO: SudokuField changed value from 1 to 3
kwi 27, 2021 6:56:31 PM com.ad.sudoku.model.SudokuField setValue
INFO: SudokuField changed value from 3 to 2
kwi 27, 2021 6:56:31 PM com.ad.sudoku.model.SudokuField setValue
INFO: SudokuField changed value from 2 to 0
kwi 27, 2021 6:56:31 PM com.ad.sudoku.model.SudokuField setValue
INFO: SudokuField changed value from 7 to 5
kwi 27, 2021 6:56:31 PM com.ad.sudoku.model.SudokuField setValue
INFO: SudokuField changed value from 5 to 9
kwi 27, 2021 6:56:31 PM com.ad.sudoku.model.SudokuField setValue
INFO: SudokuField changed value from 9 to 4
kwi 27, 2021 6:56:31 PM com.ad.sudoku.model.SudokuField setValue
INFO: SudokuField changed value from 4 to 3
kwi 27, 2021 6:56:31 PM com.ad.sudoku.model.SudokuField setValue
INFO: SudokuField changed value from 3 to 8
kwi 27, 2021 6:56:31 PM com.ad.sudoku.model.SudokuField setValue
INFO: SudokuField changed value from 8 to 0
kwi 27, 2021 6:56:31 PM com.ad.sudoku.model.SudokuField setValue
INFO: SudokuField changed value from 4 to 9
kwi 27, 2021 6:56:31 PM com.ad.sudoku.model.SudokuField setValue
INFO: SudokuField changed value from 9 to 7
kwi 27, 2021 6:56:31 PM com.ad.sudoku.model.SudokuField setValue
INFO: SudokuField changed value from 7 to 3
kwi 27, 2021 6:56:31 PM com.ad.sudoku.model.SudokuField setValue
INFO: SudokuField changed value from 3 to 1
kwi 27, 2021 6:56:31 PM com.ad.sudoku.model.SudokuField setValue
INFO: SudokuField changed value from 1 to 8
kwi 27, 2021 6:56:31 PM com.ad.sudoku.model.SudokuField setValue
INFO: SudokuField changed value from 8 to 0
kwi 27, 2021 6:56:31 PM com.ad.sudoku.model.SudokuField setValue
INFO: SudokuField changed value from 2 to 8
kwi 27, 2021 6:56:31 PM com.ad.sudoku.model.SudokuField setValue
INFO: SudokuField changed value from 8 to 5
kwi 27, 2021 6:56:31 PM com.ad.sudoku.model.SudokuField setValue
INFO: SudokuField changed value from 5 to 7
kwi 27, 2021 6:56:31 PM com.ad.sudoku.model.SudokuField setValue
INFO: SudokuField changed value from 7 to 4
kwi 27, 2021 6:56:31 PM com.ad.sudoku.model.SudokuField setValue
INFO: SudokuField changed value from 4 to 9
kwi 27, 2021 6:56:31 PM com.ad.sudoku.model.SudokuField setValue
INFO: SudokuField changed value from 9 to 1
kwi 27, 2021 6:56:31 PM com.ad.sudoku.model.SudokuField setValue
INFO: SudokuField changed value from 1 to 6
kwi 27, 2021 6:56:31 PM com.ad.sudoku.model.SudokuField setValue
INFO: SudokuField changed value from 6 to 3
kwi 27, 2021 6:56:31 PM com.ad.sudoku.model.SudokuField setValue
INFO: SudokuField changed value from 3 to 0
kwi 27, 2021 6:56:31 PM com.ad.sudoku.model.SudokuField setValue
INFO: SudokuField changed value from 9 to 2
kwi 27, 2021 6:56:31 PM com.ad.sudoku.model.SudokuField setValue
INFO: SudokuField changed value from 2 to 7
kwi 27, 2021 6:56:31 PM com.ad.sudoku.model.SudokuField setValue
INFO: SudokuField changed value from 7 to 0
kwi 27, 2021 6:56:31 PM com.ad.sudoku.model.SudokuField setValue
INFO: SudokuField changed value from 1 to 9
kwi 27, 2021 6:56:31 PM com.ad.sudoku.model.SudokuField setValue
INFO: SudokuField changed value from 9 to 5
kwi 27, 2021 6:56:31 PM com.ad.sudoku.model.SudokuField setValue
INFO: SudokuField changed value from 5 to 8
kwi 27, 2021 6:56:31 PM com.ad.sudoku.model.SudokuField setValue
INFO: SudokuField changed value from 8 to 2
kwi 27, 2021 6:56:31 PM com.ad.sudoku.model.SudokuField setValue
INFO: SudokuField changed value from 2 to 3
kwi 27, 2021 6:56:31 PM com.ad.sudoku.model.SudokuField setValue
INFO: SudokuField changed value from 3 to 0
kwi 27, 2021 6:56:31 PM com.ad.sudoku.model.SudokuField setValue
INFO: SudokuField changed value from 2 to 1
kwi 27, 2021 6:56:31 PM com.ad.sudoku.model.SudokuField setValue
INFO: SudokuField changed value from 1 to 7
kwi 27, 2021 6:56:31 PM com.ad.sudoku.model.SudokuField setValue
INFO: SudokuField changed value from 7 to 3
kwi 27, 2021 6:56:31 PM com.ad.sudoku.model.SudokuField setValue
INFO: SudokuField changed value from 3 to 0
kwi 27, 2021 6:56:31 PM com.ad.sudoku.model.SudokuField setValue
INFO: SudokuField changed value from 1 to 5
kwi 27, 2021 6:56:31 PM com.ad.sudoku.model.SudokuField setValue
INFO: SudokuField changed value from 5 to 2
kwi 27, 2021 6:56:31 PM com.ad.sudoku.model.SudokuField setValue
INFO: SudokuField changed value from 2 to 8
kwi 27, 2021 6:56:31 PM com.ad.sudoku.model.SudokuField setValue
INFO: SudokuField changed value from 8 to 0
kwi 27, 2021 6:56:31 PM com.ad.sudoku.model.SudokuField setValue
INFO: SudokuField changed value from 5 to 2
kwi 27, 2021 6:56:31 PM com.ad.sudoku.model.SudokuField setValue
INFO: SudokuField changed value from 2 to 4
kwi 27, 2021 6:56:31 PM com.ad.sudoku.model.SudokuField setValue
INFO: SudokuField changed value from 4 to 0
kwi 27, 2021 6:56:31 PM com.ad.sudoku.model.SudokuField setValue
INFO: SudokuField changed value from 9 to 8
kwi 27, 2021 6:56:31 PM com.ad.sudoku.model.SudokuField setValue
INFO: SudokuField changed value from 8 to 4
kwi 27, 2021 6:56:31 PM com.ad.sudoku.model.SudokuField setValue
INFO: SudokuField changed value from 4 to 2
kwi 27, 2021 6:56:31 PM com.ad.sudoku.model.SudokuField setValue
INFO: SudokuField changed value from 0 to 2
kwi 27, 2021 6:56:31 PM com.ad.sudoku.model.SudokuField setValue
INFO: SudokuField changed value from 2 to 4
kwi 27, 2021 6:56:31 PM com.ad.sudoku.model.SudokuField setValue
INFO: SudokuField changed value from 4 to 1
kwi 27, 2021 6:56:31 PM com.ad.sudoku.model.SudokuField setValue
INFO: SudokuField changed value from 0 to 3
kwi 27, 2021 6:56:31 PM com.ad.sudoku.model.SudokuField setValue
INFO: SudokuField changed value from 3 to 8
kwi 27, 2021 6:56:31 PM com.ad.sudoku.model.SudokuField setValue
INFO: SudokuField changed value from 8 to 1
kwi 27, 2021 6:56:31 PM com.ad.sudoku.model.SudokuField setValue
INFO: SudokuField changed value from 1 to 5
kwi 27, 2021 6:56:31 PM com.ad.sudoku.model.SudokuField setValue
INFO: SudokuField changed value from 0 to 9
kwi 27, 2021 6:56:31 PM com.ad.sudoku.model.SudokuField setValue
INFO: SudokuField changed value from 9 to 5
kwi 27, 2021 6:56:31 PM com.ad.sudoku.model.SudokuField setValue
INFO: SudokuField changed value from 5 to 7
kwi 27, 2021 6:56:31 PM com.ad.sudoku.model.SudokuField setValue
INFO: SudokuField changed value from 7 to 8
kwi 27, 2021 6:56:31 PM com.ad.sudoku.model.SudokuField setValue
INFO: SudokuField changed value from 8 to 4
kwi 27, 2021 6:56:31 PM com.ad.sudoku.model.SudokuField setValue
INFO: SudokuField changed value from 4 to 2
kwi 27, 2021 6:56:31 PM com.ad.sudoku.model.SudokuField setValue
INFO: SudokuField changed value from 2 to 3
kwi 27, 2021 6:56:31 PM com.ad.sudoku.model.SudokuField setValue
INFO: SudokuField changed value from 3 to 1
kwi 27, 2021 6:56:31 PM com.ad.sudoku.model.SudokuField setValue
INFO: SudokuField changed value from 1 to 6
kwi 27, 2021 6:56:31 PM com.ad.sudoku.model.SudokuField setValue
INFO: SudokuField changed value from 6 to 0
kwi 27, 2021 6:56:31 PM com.ad.sudoku.model.SudokuField setValue
INFO: SudokuField changed value from 5 to 4
kwi 27, 2021 6:56:31 PM com.ad.sudoku.model.SudokuField setValue
INFO: SudokuField changed value from 4 to 6
kwi 27, 2021 6:56:31 PM com.ad.sudoku.model.SudokuField setValue
INFO: SudokuField changed value from 6 to 7
kwi 27, 2021 6:56:31 PM com.ad.sudoku.model.SudokuField setValue
INFO: SudokuField changed value from 7 to 9
kwi 27, 2021 6:56:31 PM com.ad.sudoku.model.SudokuField setValue
INFO: SudokuField changed value from 9 to 2
kwi 27, 2021 6:56:31 PM com.ad.sudoku.model.SudokuField setValue
INFO: SudokuField changed value from 2 to 0
kwi 27, 2021 6:56:31 PM com.ad.sudoku.model.SudokuField setValue
INFO: SudokuField changed value from 1 to 3
kwi 27, 2021 6:56:31 PM com.ad.sudoku.model.SudokuField setValue
INFO: SudokuField changed value from 3 to 9
kwi 27, 2021 6:56:31 PM com.ad.sudoku.model.SudokuField setValue
INFO: SudokuField changed value from 9 to 6
kwi 27, 2021 6:56:31 PM com.ad.sudoku.model.SudokuField setValue
INFO: SudokuField changed value from 6 to 8
kwi 27, 2021 6:56:31 PM com.ad.sudoku.model.SudokuField setValue
INFO: SudokuField changed value from 8 to 5
kwi 27, 2021 6:56:31 PM com.ad.sudoku.model.SudokuField setValue
INFO: SudokuField changed value from 0 to 9
kwi 27, 2021 6:56:31 PM com.ad.sudoku.model.SudokuField setValue
INFO: SudokuField changed value from 9 to 4
kwi 27, 2021 6:56:31 PM com.ad.sudoku.model.SudokuField setValue
INFO: SudokuField changed value from 4 to 2
kwi 27, 2021 6:56:31 PM com.ad.sudoku.model.SudokuField setValue
INFO: SudokuField changed value from 2 to 7
kwi 27, 2021 6:56:31 PM com.ad.sudoku.model.SudokuField setValue
INFO: SudokuField changed value from 7 to 5
kwi 27, 2021 6:56:31 PM com.ad.sudoku.model.SudokuField setValue
INFO: SudokuField changed value from 5 to 1
kwi 27, 2021 6:56:31 PM com.ad.sudoku.model.SudokuField setValue
INFO: SudokuField changed value from 0 to 5
kwi 27, 2021 6:56:31 PM com.ad.sudoku.model.SudokuField setValue
INFO: SudokuField changed value from 5 to 1
kwi 27, 2021 6:56:31 PM com.ad.sudoku.model.SudokuField setValue
INFO: SudokuField changed value from 1 to 7
kwi 27, 2021 6:56:31 PM com.ad.sudoku.model.SudokuField setValue
INFO: SudokuField changed value from 7 to 4
kwi 27, 2021 6:56:31 PM com.ad.sudoku.model.SudokuField setValue
INFO: SudokuField changed value from 4 to 6
kwi 27, 2021 6:56:31 PM com.ad.sudoku.model.SudokuField setValue
INFO: SudokuField changed value from 6 to 9
kwi 27, 2021 6:56:31 PM com.ad.sudoku.model.SudokuField setValue
INFO: SudokuField changed value from 9 to 2
kwi 27, 2021 6:56:31 PM com.ad.sudoku.model.SudokuField setValue
INFO: SudokuField changed value from 2 to 3
kwi 27, 2021 6:56:31 PM com.ad.sudoku.model.SudokuField setValue
INFO: SudokuField changed value from 3 to 8
kwi 27, 2021 6:56:31 PM com.ad.sudoku.model.SudokuField setValue
INFO: SudokuField changed value from 8 to 0
kwi 27, 2021 6:56:31 PM com.ad.sudoku.model.SudokuField setValue
INFO: SudokuField changed value from 1 to 3
kwi 27, 2021 6:56:31 PM com.ad.sudoku.model.SudokuField setValue
INFO: SudokuField changed value from 3 to 8
kwi 27, 2021 6:56:31 PM com.ad.sudoku.model.SudokuField setValue
INFO: SudokuField changed value from 8 to 6
kwi 27, 2021 6:56:31 PM com.ad.sudoku.model.SudokuField setValue
INFO: SudokuField changed value from 6 to 0
kwi 27, 2021 6:56:31 PM com.ad.sudoku.model.SudokuField setValue
INFO: SudokuField changed value from 5 to 7
kwi 27, 2021 6:56:31 PM com.ad.sudoku.model.SudokuField setValue
INFO: SudokuField changed value from 7 to 0
kwi 27, 2021 6:56:31 PM com.ad.sudoku.model.SudokuField setValue
INFO: SudokuField changed value from 2 to 7
kwi 27, 2021 6:56:31 PM com.ad.sudoku.model.SudokuField setValue
INFO: SudokuField changed value from 7 to 3
kwi 27, 2021 6:56:31 PM com.ad.sudoku.model.SudokuField setValue
INFO: SudokuField changed value from 3 to 0
kwi 27, 2021 6:56:31 PM com.ad.sudoku.model.SudokuField setValue
INFO: SudokuField changed value from 8 to 3
kwi 27, 2021 6:56:31 PM com.ad.sudoku.model.SudokuField setValue
INFO: SudokuField changed value from 3 to 1
kwi 27, 2021 6:56:31 PM com.ad.sudoku.model.SudokuField setValue
INFO: SudokuField changed value from 0 to 5
kwi 27, 2021 6:56:31 PM com.ad.sudoku.model.SudokuField setValue
INFO: SudokuField changed value from 5 to 1
kwi 27, 2021 6:56:31 PM com.ad.sudoku.model.SudokuField setValue
INFO: SudokuField changed value from 1 to 3
kwi 27, 2021 6:56:31 PM com.ad.sudoku.model.SudokuField setValue
INFO: SudokuField changed value from 3 to 2
kwi 27, 2021 6:56:31 PM com.ad.sudoku.model.SudokuField setValue
INFO: SudokuField changed value from 0 to 1
kwi 27, 2021 6:56:31 PM com.ad.sudoku.model.SudokuField setValue
INFO: SudokuField changed value from 1 to 5
kwi 27, 2021 6:56:31 PM com.ad.sudoku.model.SudokuField setValue
INFO: SudokuField changed value from 0 to 4
kwi 27, 2021 6:56:31 PM com.ad.sudoku.model.SudokuField setValue
INFO: SudokuField changed value from 4 to 2
kwi 27, 2021 6:56:31 PM com.ad.sudoku.model.SudokuField setValue
INFO: SudokuField changed value from 2 to 1
kwi 27, 2021 6:56:31 PM com.ad.sudoku.model.SudokuField setValue
INFO: SudokuField changed value from 1 to 9
kwi 27, 2021 6:56:31 PM com.ad.sudoku.model.SudokuField setValue
INFO: SudokuField changed value from 9 to 5
kwi 27, 2021 6:56:31 PM com.ad.sudoku.model.SudokuField setValue
INFO: SudokuField changed value from 5 to 8
kwi 27, 2021 6:56:31 PM com.ad.sudoku.model.SudokuField setValue
INFO: SudokuField changed value from 8 to 7
kwi 27, 2021 6:56:31 PM com.ad.sudoku.model.SudokuField setValue
INFO: SudokuField changed value from 7 to 6
kwi 27, 2021 6:56:31 PM com.ad.sudoku.model.SudokuField setValue
INFO: SudokuField changed value from 6 to 3
kwi 27, 2021 6:56:31 PM com.ad.sudoku.model.SudokuField setValue
INFO: SudokuField changed value from 3 to 0
kwi 27, 2021 6:56:31 PM com.ad.sudoku.model.SudokuField setValue
INFO: SudokuField changed value from 5 to 8
kwi 27, 2021 6:56:31 PM com.ad.sudoku.model.SudokuField setValue
INFO: SudokuField changed value from 8 to 2
kwi 27, 2021 6:56:31 PM com.ad.sudoku.model.SudokuField setValue
INFO: SudokuField changed value from 2 to 6
kwi 27, 2021 6:56:31 PM com.ad.sudoku.model.SudokuField setValue
INFO: SudokuField changed value from 6 to 4
kwi 27, 2021 6:56:31 PM com.ad.sudoku.model.SudokuField setValue
INFO: SudokuField changed value from 4 to 9
kwi 27, 2021 6:56:31 PM com.ad.sudoku.model.SudokuField setValue
INFO: SudokuField changed value from 9 to 3
kwi 27, 2021 6:56:31 PM com.ad.sudoku.model.SudokuField setValue
INFO: SudokuField changed value from 3 to 7
kwi 27, 2021 6:56:31 PM com.ad.sudoku.model.SudokuField setValue
INFO: SudokuField changed value from 7 to 0
kwi 27, 2021 6:56:31 PM com.ad.sudoku.model.SudokuField setValue
INFO: SudokuField changed value from 2 to 8
kwi 27, 2021 6:56:31 PM com.ad.sudoku.model.SudokuField setValue
INFO: SudokuField changed value from 8 to 4
kwi 27, 2021 6:56:31 PM com.ad.sudoku.model.SudokuField setValue
INFO: SudokuField changed value from 4 to 6
kwi 27, 2021 6:56:31 PM com.ad.sudoku.model.SudokuField setValue
INFO: SudokuField changed value from 6 to 9
kwi 27, 2021 6:56:31 PM com.ad.sudoku.model.SudokuField setValue
INFO: SudokuField changed value from 0 to 2
kwi 27, 2021 6:56:31 PM com.ad.sudoku.model.SudokuField setValue
INFO: SudokuField changed value from 2 to 5
kwi 27, 2021 6:56:31 PM com.ad.sudoku.model.SudokuField setValue
INFO: SudokuField changed value from 0 to 2
kwi 27, 2021 6:56:31 PM com.ad.sudoku.model.SudokuField setValue
INFO: SudokuField changed value from 2 to 5
kwi 27, 2021 6:56:31 PM com.ad.sudoku.model.SudokuField setValue
INFO: SudokuField changed value from 5 to 4
kwi 27, 2021 6:56:31 PM com.ad.sudoku.model.SudokuField setValue
INFO: SudokuField changed value from 4 to 1
kwi 27, 2021 6:56:31 PM com.ad.sudoku.model.SudokuField setValue
INFO: SudokuField changed value from 1 to 9
kwi 27, 2021 6:56:31 PM com.ad.sudoku.model.SudokuField setValue
INFO: SudokuField changed value from 9 to 7
kwi 27, 2021 6:56:31 PM com.ad.sudoku.model.SudokuField setValue
INFO: SudokuField changed value from 7 to 8
kwi 27, 2021 6:56:31 PM com.ad.sudoku.model.SudokuField setValue
INFO: SudokuField changed value from 8 to 3
kwi 27, 2021 6:56:31 PM com.ad.sudoku.model.SudokuField setValue
INFO: SudokuField changed value from 3 to 6
kwi 27, 2021 6:56:31 PM com.ad.sudoku.model.SudokuField setValue
INFO: SudokuField changed value from 6 to 0
kwi 27, 2021 6:56:31 PM com.ad.sudoku.model.SudokuField setValue
INFO: SudokuField changed value from 5 to 8
kwi 27, 2021 6:56:31 PM com.ad.sudoku.model.SudokuField setValue
INFO: SudokuField changed value from 8 to 6
kwi 27, 2021 6:56:31 PM com.ad.sudoku.model.SudokuField setValue
INFO: SudokuField changed value from 6 to 7
kwi 27, 2021 6:56:31 PM com.ad.sudoku.model.SudokuField setValue
INFO: SudokuField changed value from 7 to 4
kwi 27, 2021 6:56:31 PM com.ad.sudoku.model.SudokuField setValue
INFO: SudokuField changed value from 4 to 3
kwi 27, 2021 6:56:31 PM com.ad.sudoku.model.SudokuField setValue
INFO: SudokuField changed value from 3 to 1
kwi 27, 2021 6:56:31 PM com.ad.sudoku.model.SudokuField setValue
INFO: SudokuField changed value from 1 to 9
kwi 27, 2021 6:56:31 PM com.ad.sudoku.model.SudokuField setValue
INFO: SudokuField changed value from 9 to 0
kwi 27, 2021 6:56:31 PM com.ad.sudoku.model.SudokuField setValue
INFO: SudokuField changed value from 9 to 7
kwi 27, 2021 6:56:31 PM com.ad.sudoku.model.SudokuField setValue
INFO: SudokuField changed value from 7 to 0
kwi 27, 2021 6:56:31 PM com.ad.sudoku.model.SudokuField setValue
INFO: SudokuField changed value from 1 to 2
kwi 27, 2021 6:56:31 PM com.ad.sudoku.model.SudokuField setValue
INFO: SudokuField changed value from 2 to 9
kwi 27, 2021 6:56:31 PM com.ad.sudoku.model.SudokuField setValue
INFO: SudokuField changed value from 9 to 7
kwi 27, 2021 6:56:31 PM com.ad.sudoku.model.SudokuField setValue
INFO: SudokuField changed value from 7 to 0
kwi 27, 2021 6:56:31 PM com.ad.sudoku.model.SudokuField setValue
INFO: SudokuField changed value from 9 to 0
kwi 27, 2021 6:56:31 PM com.ad.sudoku.model.SudokuField setValue
INFO: SudokuField changed value from 5 to 1
kwi 27, 2021 6:56:31 PM com.ad.sudoku.model.SudokuField setValue
INFO: SudokuField changed value from 1 to 8
kwi 27, 2021 6:56:31 PM com.ad.sudoku.model.SudokuField setValue
INFO: SudokuField changed value from 8 to 6
kwi 27, 2021 6:56:31 PM com.ad.sudoku.model.SudokuField setValue
INFO: SudokuField changed value from 6 to 4
kwi 27, 2021 6:56:31 PM com.ad.sudoku.model.SudokuField setValue
INFO: SudokuField changed value from 4 to 9
kwi 27, 2021 6:56:31 PM com.ad.sudoku.model.SudokuField setValue
INFO: SudokuField changed value from 9 to 7
kwi 27, 2021 6:56:31 PM com.ad.sudoku.model.SudokuField setValue
INFO: SudokuField changed value from 7 to 3
kwi 27, 2021 6:56:31 PM com.ad.sudoku.model.SudokuField setValue
INFO: SudokuField changed value from 3 to 0
kwi 27, 2021 6:56:31 PM com.ad.sudoku.model.SudokuField setValue
INFO: SudokuField changed value from 1 to 5
kwi 27, 2021 6:56:31 PM com.ad.sudoku.model.SudokuField setValue
INFO: SudokuField changed value from 5 to 9
kwi 27, 2021 6:56:31 PM com.ad.sudoku.model.SudokuField setValue
INFO: SudokuField changed value from 9 to 0
kwi 27, 2021 6:56:31 PM com.ad.sudoku.model.SudokuField setValue
INFO: SudokuField changed value from 8 to 7
kwi 27, 2021 6:56:31 PM com.ad.sudoku.model.SudokuField setValue
INFO: SudokuField changed value from 7 to 3
kwi 27, 2021 6:56:31 PM com.ad.sudoku.model.SudokuField setValue
INFO: SudokuField changed value from 3 to 4
kwi 27, 2021 6:56:31 PM com.ad.sudoku.model.SudokuField setValue
INFO: SudokuField changed value from 4 to 0
kwi 27, 2021 6:56:31 PM com.ad.sudoku.model.SudokuField setValue
INFO: SudokuField changed value from 3 to 0
kwi 27, 2021 6:56:31 PM com.ad.sudoku.model.SudokuField setValue
INFO: SudokuField changed value from 2 to 9
kwi 27, 2021 6:56:31 PM com.ad.sudoku.model.SudokuField setValue
INFO: SudokuField changed value from 0 to 1
kwi 27, 2021 6:56:31 PM com.ad.sudoku.model.SudokuField setValue
INFO: SudokuField changed value from 1 to 2
kwi 27, 2021 6:56:31 PM com.ad.sudoku.model.SudokuField setValue
INFO: SudokuField changed value from 0 to 8
kwi 27, 2021 6:56:31 PM com.ad.sudoku.model.SudokuField setValue
INFO: SudokuField changed value from 0 to 6
kwi 27, 2021 6:56:31 PM com.ad.sudoku.model.SudokuField setValue
INFO: SudokuField changed value from 6 to 8
kwi 27, 2021 6:56:31 PM com.ad.sudoku.model.SudokuField setValue
INFO: SudokuField changed value from 8 to 3
kwi 27, 2021 6:56:31 PM com.ad.sudoku.model.SudokuField setValue
INFO: SudokuField changed value from 3 to 1
kwi 27, 2021 6:56:31 PM com.ad.sudoku.model.SudokuField setValue
INFO: SudokuField changed value from 0 to 1
kwi 27, 2021 6:56:31 PM com.ad.sudoku.model.SudokuField setValue
INFO: SudokuField changed value from 1 to 8
kwi 27, 2021 6:56:31 PM com.ad.sudoku.model.SudokuField setValue
INFO: SudokuField changed value from 8 to 3
kwi 27, 2021 6:56:31 PM com.ad.sudoku.model.SudokuField setValue
INFO: SudokuField changed value from 3 to 5
kwi 27, 2021 6:56:31 PM com.ad.sudoku.model.SudokuField setValue
INFO: SudokuField changed value from 0 to 6
kwi 27, 2021 6:56:31 PM com.ad.sudoku.model.SudokuField setValue
INFO: SudokuField changed value from 6 to 5
kwi 27, 2021 6:56:31 PM com.ad.sudoku.model.SudokuField setValue
INFO: SudokuField changed value from 5 to 4
kwi 27, 2021 6:56:31 PM com.ad.sudoku.model.SudokuField setValue
INFO: SudokuField changed value from 4 to 8
kwi 27, 2021 6:56:31 PM com.ad.sudoku.model.SudokuField setValue
INFO: SudokuField changed value from 8 to 3
kwi 27, 2021 6:56:31 PM com.ad.sudoku.model.SudokuField setValue
INFO: SudokuField changed value from 3 to 9
kwi 27, 2021 6:56:31 PM com.ad.sudoku.model.SudokuField setValue
INFO: SudokuField changed value from 9 to 2
kwi 27, 2021 6:56:31 PM com.ad.sudoku.model.SudokuField setValue
INFO: SudokuField changed value from 2 to 1
kwi 27, 2021 6:56:31 PM com.ad.sudoku.model.SudokuField setValue
INFO: SudokuField changed value from 1 to 7
kwi 27, 2021 6:56:31 PM com.ad.sudoku.model.SudokuField setValue
INFO: SudokuField changed value from 7 to 0
kwi 27, 2021 6:56:31 PM com.ad.sudoku.model.SudokuField setValue
INFO: SudokuField changed value from 5 to 4
kwi 27, 2021 6:56:31 PM com.ad.sudoku.model.SudokuField setValue
INFO: SudokuField changed value from 4 to 9
kwi 27, 2021 6:56:31 PM com.ad.sudoku.model.SudokuField setValue
INFO: SudokuField changed value from 9 to 7
kwi 27, 2021 6:56:31 PM com.ad.sudoku.model.SudokuField setValue
INFO: SudokuField changed value from 7 to 6
kwi 27, 2021 6:56:31 PM com.ad.sudoku.model.SudokuField setValue
INFO: SudokuField changed value from 6 to 2
kwi 27, 2021 6:56:31 PM com.ad.sudoku.model.SudokuField setValue
INFO: SudokuField changed value from 2 to 0
kwi 27, 2021 6:56:31 PM com.ad.sudoku.model.SudokuField setValue
INFO: SudokuField changed value from 1 to 2
kwi 27, 2021 6:56:31 PM com.ad.sudoku.model.SudokuField setValue
INFO: SudokuField changed value from 2 to 4
kwi 27, 2021 6:56:31 PM com.ad.sudoku.model.SudokuField setValue
INFO: SudokuField changed value from 4 to 7
kwi 27, 2021 6:56:31 PM com.ad.sudoku.model.SudokuField setValue
INFO: SudokuField changed value from 7 to 5
kwi 27, 2021 6:56:31 PM com.ad.sudoku.model.SudokuField setValue
INFO: SudokuField changed value from 5 to 9
kwi 27, 2021 6:56:31 PM com.ad.sudoku.model.SudokuField setValue
INFO: SudokuField changed value from 9 to 0
kwi 27, 2021 6:56:31 PM com.ad.sudoku.model.SudokuField setValue
INFO: SudokuField changed value from 8 to 5
kwi 27, 2021 6:56:31 PM com.ad.sudoku.model.SudokuField setValue
INFO: SudokuField changed value from 0 to 8
kwi 27, 2021 6:56:31 PM com.ad.sudoku.model.SudokuField setValue
INFO: SudokuField changed value from 8 to 6
kwi 27, 2021 6:56:31 PM com.ad.sudoku.model.SudokuField setValue
INFO: SudokuField changed value from 6 to 2
kwi 27, 2021 6:56:31 PM com.ad.sudoku.model.SudokuField setValue
INFO: SudokuField changed value from 2 to 9
kwi 27, 2021 6:56:31 PM com.ad.sudoku.model.SudokuField setValue
INFO: SudokuField changed value from 9 to 7
kwi 27, 2021 6:56:31 PM com.ad.sudoku.model.SudokuField setValue
INFO: SudokuField changed value from 7 to 3
kwi 27, 2021 6:56:31 PM com.ad.sudoku.model.SudokuField setValue
INFO: SudokuField changed value from 3 to 1
kwi 27, 2021 6:56:31 PM com.ad.sudoku.model.SudokuField setValue
INFO: SudokuField changed value from 0 to 8
kwi 27, 2021 6:56:31 PM com.ad.sudoku.model.SudokuField setValue
INFO: SudokuField changed value from 8 to 2
kwi 27, 2021 6:56:31 PM com.ad.sudoku.model.SudokuField setValue
INFO: SudokuField changed value from 2 to 3
kwi 27, 2021 6:56:31 PM com.ad.sudoku.model.SudokuField setValue
INFO: SudokuField changed value from 3 to 1
kwi 27, 2021 6:56:31 PM com.ad.sudoku.model.SudokuField setValue
INFO: SudokuField changed value from 1 to 7
kwi 27, 2021 6:56:31 PM com.ad.sudoku.model.SudokuField setValue
INFO: SudokuField changed value from 7 to 6
kwi 27, 2021 6:56:31 PM com.ad.sudoku.model.SudokuField setValue
INFO: SudokuField changed value from 6 to 9
kwi 27, 2021 6:56:31 PM com.ad.sudoku.model.SudokuField setValue
INFO: SudokuField changed value from 9 to 5
kwi 27, 2021 6:56:31 PM com.ad.sudoku.model.SudokuField setValue
INFO: SudokuField changed value from 5 to 4
kwi 27, 2021 6:56:31 PM com.ad.sudoku.model.SudokuField setValue
INFO: SudokuField changed value from 4 to 0
kwi 27, 2021 6:56:31 PM com.ad.sudoku.model.SudokuField setValue
INFO: SudokuField changed value from 1 to 5
kwi 27, 2021 6:56:31 PM com.ad.sudoku.model.SudokuField setValue
INFO: SudokuField changed value from 5 to 4
kwi 27, 2021 6:56:31 PM com.ad.sudoku.model.SudokuField setValue
INFO: SudokuField changed value from 4 to 0
kwi 27, 2021 6:56:31 PM com.ad.sudoku.model.SudokuField setValue
INFO: SudokuField changed value from 5 to 1
kwi 27, 2021 6:56:31 PM com.ad.sudoku.model.SudokuField setValue
INFO: SudokuField changed value from 0 to 3
kwi 27, 2021 6:56:31 PM com.ad.sudoku.model.SudokuField setValue
INFO: SudokuField changed value from 3 to 5
kwi 27, 2021 6:56:31 PM com.ad.sudoku.model.SudokuField setValue
INFO: SudokuField changed value from 5 to 6
kwi 27, 2021 6:56:31 PM com.ad.sudoku.model.SudokuField setValue
INFO: SudokuField changed value from 6 to 2
kwi 27, 2021 6:56:31 PM com.ad.sudoku.model.SudokuField setValue
INFO: SudokuField changed value from 2 to 4
kwi 27, 2021 6:56:31 PM com.ad.sudoku.model.SudokuField setValue
INFO: SudokuField changed value from 4 to 1
kwi 27, 2021 6:56:31 PM com.ad.sudoku.model.SudokuField setValue
INFO: SudokuField changed value from 1 to 9
kwi 27, 2021 6:56:31 PM com.ad.sudoku.model.SudokuField setValue
INFO: SudokuField changed value from 9 to 7
kwi 27, 2021 6:56:31 PM com.ad.sudoku.model.SudokuField setValue
INFO: SudokuField changed value from 7 to 8
kwi 27, 2021 6:56:31 PM com.ad.sudoku.model.SudokuField setValue
INFO: SudokuField changed value from 8 to 0
kwi 27, 2021 6:56:31 PM com.ad.sudoku.model.SudokuField setValue
INFO: SudokuField changed value from 1 to 6
kwi 27, 2021 6:56:31 PM com.ad.sudoku.model.SudokuField setValue
INFO: SudokuField changed value from 6 to 3
kwi 27, 2021 6:56:31 PM com.ad.sudoku.model.SudokuField setValue
INFO: SudokuField changed value from 3 to 4
kwi 27, 2021 6:56:31 PM com.ad.sudoku.model.SudokuField setValue
INFO: SudokuField changed value from 4 to 9
kwi 27, 2021 6:56:31 PM com.ad.sudoku.model.SudokuField setValue
INFO: SudokuField changed value from 9 to 2
kwi 27, 2021 6:56:31 PM com.ad.sudoku.model.SudokuField setValue
INFO: SudokuField changed value from 2 to 7
kwi 27, 2021 6:56:31 PM com.ad.sudoku.model.SudokuField setValue
INFO: SudokuField changed value from 7 to 0
kwi 27, 2021 6:56:31 PM com.ad.sudoku.model.SudokuField setValue
INFO: SudokuField changed value from 2 to 5
kwi 27, 2021 6:56:31 PM com.ad.sudoku.model.SudokuField setValue
INFO: SudokuField changed value from 5 to 3
kwi 27, 2021 6:56:31 PM com.ad.sudoku.model.SudokuField setValue
INFO: SudokuField changed value from 0 to 2
kwi 27, 2021 6:56:31 PM com.ad.sudoku.model.SudokuField setValue
INFO: SudokuField changed value from 2 to 3
kwi 27, 2021 6:56:31 PM com.ad.sudoku.model.SudokuField setValue
INFO: SudokuField changed value from 3 to 1
kwi 27, 2021 6:56:31 PM com.ad.sudoku.model.SudokuField setValue
INFO: SudokuField changed value from 0 to 4
kwi 27, 2021 6:56:31 PM com.ad.sudoku.model.SudokuField setValue
INFO: SudokuField changed value from 4 to 8
kwi 27, 2021 6:56:31 PM com.ad.sudoku.model.SudokuField setValue
INFO: SudokuField changed value from 8 to 6
kwi 27, 2021 6:56:31 PM com.ad.sudoku.model.SudokuField setValue
INFO: SudokuField changed value from 6 to 2
kwi 27, 2021 6:56:31 PM com.ad.sudoku.model.SudokuField setValue
INFO: SudokuField changed value from 0 to 3
kwi 27, 2021 6:56:31 PM com.ad.sudoku.model.SudokuField setValue
INFO: SudokuField changed value from 3 to 7
kwi 27, 2021 6:56:31 PM com.ad.sudoku.model.SudokuField setValue
INFO: SudokuField changed value from 7 to 4
kwi 27, 2021 6:56:31 PM com.ad.sudoku.model.SudokuField setValue
INFO: SudokuField changed value from 4 to 8
kwi 27, 2021 6:56:31 PM com.ad.sudoku.model.SudokuField setValue
INFO: SudokuField changed value from 8 to 9
kwi 27, 2021 6:56:31 PM com.ad.sudoku.model.SudokuField setValue
INFO: SudokuField changed value from 9 to 5
kwi 27, 2021 6:56:31 PM com.ad.sudoku.model.SudokuField setValue
INFO: SudokuField changed value from 0 to 5
kwi 27, 2021 6:56:31 PM com.ad.sudoku.model.SudokuField setValue
INFO: SudokuField changed value from 5 to 8
kwi 27, 2021 6:56:31 PM com.ad.sudoku.model.SudokuField setValue
INFO: SudokuField changed value from 8 to 6
kwi 27, 2021 6:56:31 PM com.ad.sudoku.model.SudokuField setValue
INFO: SudokuField changed value from 6 to 9
kwi 27, 2021 6:56:31 PM com.ad.sudoku.model.SudokuField setValue
INFO: SudokuField changed value from 9 to 3
kwi 27, 2021 6:56:31 PM com.ad.sudoku.model.SudokuField setValue
INFO: SudokuField changed value from 3 to 2
kwi 27, 2021 6:56:31 PM com.ad.sudoku.model.SudokuField setValue
INFO: SudokuField changed value from 2 to 7
kwi 27, 2021 6:56:31 PM com.ad.sudoku.model.SudokuField setValue
INFO: SudokuField changed value from 7 to 1
kwi 27, 2021 6:56:31 PM com.ad.sudoku.model.SudokuField setValue
INFO: SudokuField changed value from 1 to 4
kwi 27, 2021 6:56:31 PM com.ad.sudoku.model.SudokuField setValue
INFO: SudokuField changed value from 4 to 0
kwi 27, 2021 6:56:31 PM com.ad.sudoku.model.SudokuField setValue
INFO: SudokuField changed value from 5 to 2
kwi 27, 2021 6:56:31 PM com.ad.sudoku.model.SudokuField setValue
INFO: SudokuField changed value from 2 to 6
kwi 27, 2021 6:56:31 PM com.ad.sudoku.model.SudokuField setValue
INFO: SudokuField changed value from 6 to 1
kwi 27, 2021 6:56:31 PM com.ad.sudoku.model.SudokuField setValue
INFO: SudokuField changed value from 1 to 0
kwi 27, 2021 6:56:31 PM com.ad.sudoku.model.SudokuField setValue
INFO: SudokuField changed value from 2 to 7
kwi 27, 2021 6:56:31 PM com.ad.sudoku.model.SudokuField setValue
INFO: SudokuField changed value from 7 to 1
kwi 27, 2021 6:56:31 PM com.ad.sudoku.model.SudokuField setValue
INFO: SudokuField changed value from 1 to 5
kwi 27, 2021 6:56:31 PM com.ad.sudoku.model.SudokuField setValue
INFO: SudokuField changed value from 5 to 9
kwi 27, 2021 6:56:31 PM com.ad.sudoku.model.SudokuField setValue
INFO: SudokuField changed value from 9 to 3
kwi 27, 2021 6:56:31 PM com.ad.sudoku.model.SudokuField setValue
INFO: SudokuField changed value from 3 to 0
kwi 27, 2021 6:56:31 PM com.ad.sudoku.model.SudokuField setValue
INFO: SudokuField changed value from 1 to 8
kwi 27, 2021 6:56:31 PM com.ad.sudoku.model.SudokuField setValue
INFO: SudokuField changed value from 0 to 2
kwi 27, 2021 6:56:31 PM com.ad.sudoku.model.SudokuField setValue
INFO: SudokuField changed value from 0 to 7
kwi 27, 2021 6:56:31 PM com.ad.sudoku.model.SudokuField setValue
INFO: SudokuField changed value from 7 to 6
kwi 27, 2021 6:56:31 PM com.ad.sudoku.model.SudokuField setValue
INFO: SudokuField changed value from 6 to 3
kwi 27, 2021 6:56:31 PM com.ad.sudoku.model.SudokuField setValue
INFO: SudokuField changed value from 3 to 4
kwi 27, 2021 6:56:31 PM com.ad.sudoku.model.SudokuField setValue
INFO: SudokuField changed value from 4 to 5
kwi 27, 2021 6:56:31 PM com.ad.sudoku.model.SudokuField setValue
INFO: SudokuField changed value from 0 to 3
kwi 27, 2021 6:56:31 PM com.ad.sudoku.model.SudokuField setValue
INFO: SudokuField changed value from 3 to 7
kwi 27, 2021 6:56:31 PM com.ad.sudoku.model.SudokuField setValue
INFO: SudokuField changed value from 7 to 4
kwi 27, 2021 6:56:31 PM com.ad.sudoku.model.SudokuField setValue
INFO: SudokuField changed value from 4 to 2
kwi 27, 2021 6:56:31 PM com.ad.sudoku.model.SudokuField setValue
INFO: SudokuField changed value from 2 to 6
kwi 27, 2021 6:56:31 PM com.ad.sudoku.model.SudokuField setValue
INFO: SudokuField changed value from 6 to 5
kwi 27, 2021 6:56:31 PM com.ad.sudoku.model.SudokuField setValue
INFO: SudokuField changed value from 5 to 8
kwi 27, 2021 6:56:31 PM com.ad.sudoku.model.SudokuField setValue
INFO: SudokuField changed value from 8 to 9
kwi 27, 2021 6:56:31 PM com.ad.sudoku.model.SudokuField setValue
INFO: SudokuField changed value from 9 to 1
kwi 27, 2021 6:56:31 PM com.ad.sudoku.model.SudokuField setValue
INFO: SudokuField changed value from 1 to 0
kwi 27, 2021 6:56:31 PM com.ad.sudoku.model.SudokuField setValue
INFO: SudokuField changed value from 5 to 1
kwi 27, 2021 6:56:31 PM com.ad.sudoku.model.SudokuField setValue
INFO: SudokuField changed value from 0 to 3
kwi 27, 2021 6:56:31 PM com.ad.sudoku.model.SudokuField setValue
INFO: SudokuField changed value from 3 to 1
kwi 27, 2021 6:56:31 PM com.ad.sudoku.model.SudokuField setValue
INFO: SudokuField changed value from 1 to 4
kwi 27, 2021 6:56:31 PM com.ad.sudoku.model.SudokuField setValue
INFO: SudokuField changed value from 4 to 2
kwi 27, 2021 6:56:31 PM com.ad.sudoku.model.SudokuField setValue
INFO: SudokuField changed value from 2 to 8
kwi 27, 2021 6:56:31 PM com.ad.sudoku.model.SudokuField setValue
INFO: SudokuField changed value from 8 to 9
kwi 27, 2021 6:56:31 PM com.ad.sudoku.model.SudokuField setValue
INFO: SudokuField changed value from 9 to 6
kwi 27, 2021 6:56:31 PM com.ad.sudoku.model.SudokuField setValue
INFO: SudokuField changed value from 6 to 5
kwi 27, 2021 6:56:31 PM com.ad.sudoku.model.SudokuField setValue
INFO: SudokuField changed value from 5 to 7
kwi 27, 2021 6:56:31 PM com.ad.sudoku.model.SudokuField setValue
INFO: SudokuField changed value from 7 to 0
kwi 27, 2021 6:56:31 PM com.ad.sudoku.model.SudokuField setValue
INFO: SudokuField changed value from 1 to 8
kwi 27, 2021 6:56:31 PM com.ad.sudoku.model.SudokuField setValue
INFO: SudokuField changed value from 8 to 2
kwi 27, 2021 6:56:31 PM com.ad.sudoku.model.SudokuField setValue
INFO: SudokuField changed value from 2 to 9
kwi 27, 2021 6:56:31 PM com.ad.sudoku.model.SudokuField setValue
INFO: SudokuField changed value from 9 to 0
kwi 27, 2021 6:56:31 PM com.ad.sudoku.model.SudokuField setValue
INFO: SudokuField changed value from 2 to 7
kwi 27, 2021 6:56:31 PM com.ad.sudoku.model.SudokuField setValue
INFO: SudokuField changed value from 7 to 4
kwi 27, 2021 6:56:31 PM com.ad.sudoku.model.SudokuField setValue
INFO: SudokuField changed value from 4 to 9
kwi 27, 2021 6:56:31 PM com.ad.sudoku.model.SudokuField setValue
INFO: SudokuField changed value from 9 to 5
kwi 27, 2021 6:56:31 PM com.ad.sudoku.model.SudokuField setValue
INFO: SudokuField changed value from 5 to 3
kwi 27, 2021 6:56:31 PM com.ad.sudoku.model.SudokuField setValue
INFO: SudokuField changed value from 3 to 1
kwi 27, 2021 6:56:31 PM com.ad.sudoku.model.SudokuField setValue
INFO: SudokuField changed value from 0 to 2
kwi 27, 2021 6:56:31 PM com.ad.sudoku.model.SudokuField setValue
INFO: SudokuField changed value from 2 to 9
kwi 27, 2021 6:56:31 PM com.ad.sudoku.model.SudokuField setValue
INFO: SudokuField changed value from 9 to 3
kwi 27, 2021 6:56:31 PM com.ad.sudoku.model.SudokuField setValue
INFO: SudokuField changed value from 3 to 8
kwi 27, 2021 6:56:31 PM com.ad.sudoku.model.SudokuField setValue
INFO: SudokuField changed value from 8 to 5
kwi 27, 2021 6:56:31 PM com.ad.sudoku.model.SudokuField setValue
INFO: SudokuField changed value from 0 to 4
kwi 27, 2021 6:56:31 PM com.ad.sudoku.model.SudokuField setValue
INFO: SudokuField changed value from 4 to 2
kwi 27, 2021 6:56:31 PM com.ad.sudoku.model.SudokuField setValue
INFO: SudokuField changed value from 0 to 7
kwi 27, 2021 6:56:31 PM com.ad.sudoku.model.SudokuField setValue
INFO: SudokuField changed value from 7 to 1
kwi 27, 2021 6:56:31 PM com.ad.sudoku.model.SudokuField setValue
INFO: SudokuField changed value from 0 to 7
kwi 27, 2021 6:56:31 PM com.ad.sudoku.model.SudokuField setValue
INFO: SudokuField changed value from 7 to 6
kwi 27, 2021 6:56:31 PM com.ad.sudoku.model.SudokuField setValue
INFO: SudokuField changed value from 6 to 9
kwi 27, 2021 6:56:31 PM com.ad.sudoku.model.SudokuField setValue
INFO: SudokuField changed value from 0 to 6
kwi 27, 2021 6:56:31 PM com.ad.sudoku.model.SudokuField setValue
INFO: SudokuField changed value from 6 to 3
kwi 27, 2021 6:56:31 PM com.ad.sudoku.model.SudokuField setValue
INFO: SudokuField changed value from 3 to 1
kwi 27, 2021 6:56:31 PM com.ad.sudoku.model.SudokuField setValue
INFO: SudokuField changed value from 1 to 7
kwi 27, 2021 6:56:31 PM com.ad.sudoku.model.SudokuField setValue
INFO: SudokuField changed value from 7 to 8
kwi 27, 2021 6:56:31 PM com.ad.sudoku.model.SudokuField setValue
INFO: SudokuField changed value from 8 to 9
kwi 27, 2021 6:56:31 PM com.ad.sudoku.model.SudokuField setValue
INFO: SudokuField changed value from 9 to 5
kwi 27, 2021 6:56:31 PM com.ad.sudoku.model.SudokuField setValue
INFO: SudokuField changed value from 0 to 2
kwi 27, 2021 6:56:31 PM com.ad.sudoku.model.SudokuField setValue
INFO: SudokuField changed value from 2 to 8
kwi 27, 2021 6:56:31 PM com.ad.sudoku.model.SudokuField setValue
INFO: SudokuField changed value from 8 to 5
kwi 27, 2021 6:56:31 PM com.ad.sudoku.model.SudokuField setValue
INFO: SudokuField changed value from 5 to 6
kwi 27, 2021 6:56:31 PM com.ad.sudoku.model.SudokuField setValue
INFO: SudokuField changed value from 6 to 7
kwi 27, 2021 6:56:31 PM com.ad.sudoku.model.SudokuField setValue
INFO: SudokuField changed value from 7 to 1
kwi 27, 2021 6:56:31 PM com.ad.sudoku.model.SudokuField setValue
INFO: SudokuField changed value from 1 to 3
kwi 27, 2021 6:56:31 PM com.ad.sudoku.model.SudokuField setValue
INFO: SudokuField changed value from 3 to 4
kwi 27, 2021 6:56:31 PM com.ad.sudoku.model.SudokuField setValue
INFO: SudokuField changed value from 4 to 9
kwi 27, 2021 6:56:31 PM com.ad.sudoku.model.SudokuField setValue
INFO: SudokuField changed value from 9 to 0
kwi 27, 2021 6:56:31 PM com.ad.sudoku.model.SudokuField setValue
INFO: SudokuField changed value from 5 to 4
kwi 27, 2021 6:56:31 PM com.ad.sudoku.model.SudokuField setValue
INFO: SudokuField changed value from 4 to 2
kwi 27, 2021 6:56:31 PM com.ad.sudoku.model.SudokuField setValue
INFO: SudokuField changed value from 2 to 0
kwi 27, 2021 6:56:31 PM com.ad.sudoku.model.SudokuField setValue
INFO: SudokuField changed value from 9 to 3
kwi 27, 2021 6:56:31 PM com.ad.sudoku.model.SudokuField setValue
INFO: SudokuField changed value from 3 to 1
kwi 27, 2021 6:56:31 PM com.ad.sudoku.model.SudokuField setValue
INFO: SudokuField changed value from 1 to 5
kwi 27, 2021 6:56:31 PM com.ad.sudoku.model.SudokuField setValue
INFO: SudokuField changed value from 5 to 2
kwi 27, 2021 6:56:31 PM com.ad.sudoku.model.SudokuField setValue
INFO: SudokuField changed value from 0 to 6
kwi 27, 2021 6:56:31 PM com.ad.sudoku.model.SudokuField setValue
INFO: SudokuField changed value from 6 to 7
kwi 27, 2021 6:56:31 PM com.ad.sudoku.model.SudokuField setValue
INFO: SudokuField changed value from 7 to 2
kwi 27, 2021 6:56:31 PM com.ad.sudoku.model.SudokuField setValue
INFO: SudokuField changed value from 2 to 5
kwi 27, 2021 6:56:31 PM com.ad.sudoku.model.SudokuField setValue
INFO: SudokuField changed value from 0 to 9
kwi 27, 2021 6:56:31 PM com.ad.sudoku.model.SudokuField setValue
INFO: SudokuField changed value from 9 to 8
kwi 27, 2021 6:56:31 PM com.ad.sudoku.model.SudokuField setValue
INFO: SudokuField changed value from 8 to 7
kwi 27, 2021 6:56:31 PM com.ad.sudoku.model.SudokuField setValue
INFO: SudokuField changed value from 7 to 2
kwi 27, 2021 6:56:31 PM com.ad.sudoku.model.SudokuField setValue
INFO: SudokuField changed value from 2 to 3
kwi 27, 2021 6:56:31 PM com.ad.sudoku.model.SudokuField setValue
INFO: SudokuField changed value from 3 to 1
kwi 27, 2021 6:56:31 PM com.ad.sudoku.model.SudokuField setValue
INFO: SudokuField changed value from 1 to 5
kwi 27, 2021 6:56:31 PM com.ad.sudoku.model.SudokuField setValue
INFO: SudokuField changed value from 5 to 6
kwi 27, 2021 6:56:31 PM com.ad.sudoku.model.SudokuField setValue
INFO: SudokuField changed value from 6 to 4
kwi 27, 2021 6:56:31 PM com.ad.sudoku.model.SudokuField setValue
INFO: SudokuField changed value from 4 to 0
kwi 27, 2021 6:56:31 PM com.ad.sudoku.model.SudokuField setValue
INFO: SudokuField changed value from 5 to 8
kwi 27, 2021 6:56:31 PM com.ad.sudoku.model.SudokuField setValue
INFO: SudokuField changed value from 8 to 4
kwi 27, 2021 6:56:31 PM com.ad.sudoku.model.SudokuField setValue
INFO: SudokuField changed value from 4 to 3
kwi 27, 2021 6:56:31 PM com.ad.sudoku.model.SudokuField setValue
INFO: SudokuField changed value from 3 to 1
kwi 27, 2021 6:56:31 PM com.ad.sudoku.model.SudokuField setValue
INFO: SudokuField changed value from 1 to 9
kwi 27, 2021 6:56:31 PM com.ad.sudoku.model.SudokuField setValue
INFO: SudokuField changed value from 9 to 0
kwi 27, 2021 6:56:31 PM com.ad.sudoku.model.SudokuField setValue
INFO: SudokuField changed value from 2 to 4
kwi 27, 2021 6:56:31 PM com.ad.sudoku.model.SudokuField setValue
INFO: SudokuField changed value from 4 to 8
kwi 27, 2021 6:56:31 PM com.ad.sudoku.model.SudokuField setValue
INFO: SudokuField changed value from 8 to 0
kwi 27, 2021 6:56:31 PM com.ad.sudoku.model.SudokuField setValue
INFO: SudokuField changed value from 1 to 4
kwi 27, 2021 6:56:31 PM com.ad.sudoku.model.SudokuField setValue
INFO: SudokuField changed value from 4 to 3
kwi 27, 2021 6:56:31 PM com.ad.sudoku.model.SudokuField setValue
INFO: SudokuField changed value from 3 to 8
kwi 27, 2021 6:56:31 PM com.ad.sudoku.model.SudokuField setValue
INFO: SudokuField changed value from 0 to 6
kwi 27, 2021 6:56:31 PM com.ad.sudoku.model.SudokuField setValue
INFO: SudokuField changed value from 6 to 9
kwi 27, 2021 6:56:31 PM com.ad.sudoku.model.SudokuField setValue
INFO: SudokuField changed value from 0 to 1
kwi 27, 2021 6:56:31 PM com.ad.sudoku.model.SudokuField setValue
INFO: SudokuField changed value from 0 to 4
kwi 27, 2021 6:56:31 PM com.ad.sudoku.model.SudokuField setValue
INFO: SudokuField changed value from 4 to 8
kwi 27, 2021 6:56:31 PM com.ad.sudoku.model.SudokuField setValue
INFO: SudokuField changed value from 8 to 1
kwi 27, 2021 6:56:31 PM com.ad.sudoku.model.SudokuField setValue
INFO: SudokuField changed value from 1 to 9
kwi 27, 2021 6:56:31 PM com.ad.sudoku.model.SudokuField setValue
INFO: SudokuField changed value from 9 to 3
kwi 27, 2021 6:56:31 PM com.ad.sudoku.model.SudokuField setValue
INFO: SudokuField changed value from 3 to 2
kwi 27, 2021 6:56:31 PM com.ad.sudoku.model.SudokuField setValue
INFO: SudokuField changed value from 2 to 7
kwi 27, 2021 6:56:31 PM com.ad.sudoku.model.SudokuField setValue
INFO: SudokuField changed value from 7 to 5
kwi 27, 2021 6:56:31 PM com.ad.sudoku.model.SudokuField setValue
INFO: SudokuField changed value from 0 to 4
kwi 27, 2021 6:56:31 PM com.ad.sudoku.model.SudokuField setValue
INFO: SudokuField changed value from 4 to 7
kwi 27, 2021 6:56:31 PM com.ad.sudoku.model.SudokuField setValue
INFO: SudokuField changed value from 7 to 5
kwi 27, 2021 6:56:31 PM com.ad.sudoku.model.SudokuField setValue
INFO: SudokuField changed value from 5 to 8
kwi 27, 2021 6:56:31 PM com.ad.sudoku.model.SudokuField setValue
INFO: SudokuField changed value from 8 to 9
kwi 27, 2021 6:56:31 PM com.ad.sudoku.model.SudokuField setValue
INFO: SudokuField changed value from 9 to 1
kwi 27, 2021 6:56:31 PM com.ad.sudoku.model.SudokuField setValue
INFO: SudokuField changed value from 1 to 2
kwi 27, 2021 6:56:31 PM com.ad.sudoku.model.SudokuField setValue
INFO: SudokuField changed value from 2 to 6
kwi 27, 2021 6:56:31 PM com.ad.sudoku.model.SudokuField setValue
INFO: SudokuField changed value from 6 to 3
kwi 27, 2021 6:56:31 PM com.ad.sudoku.model.SudokuField setValue
INFO: SudokuField changed value from 3 to 0
kwi 27, 2021 6:56:31 PM com.ad.sudoku.model.SudokuField setValue
INFO: SudokuField changed value from 5 to 6
kwi 27, 2021 6:56:31 PM com.ad.sudoku.model.SudokuField setValue
INFO: SudokuField changed value from 6 to 0
kwi 27, 2021 6:56:31 PM com.ad.sudoku.model.SudokuField setValue
INFO: SudokuField changed value from 1 to 6
kwi 27, 2021 6:56:31 PM com.ad.sudoku.model.SudokuField setValue
INFO: SudokuField changed value from 6 to 9
kwi 27, 2021 6:56:31 PM com.ad.sudoku.model.SudokuField setValue
INFO: SudokuField changed value from 9 to 2
kwi 27, 2021 6:56:31 PM com.ad.sudoku.model.SudokuField setValue
INFO: SudokuField changed value from 2 to 4
kwi 27, 2021 6:56:31 PM com.ad.sudoku.model.SudokuField setValue
INFO: SudokuField changed value from 4 to 7
kwi 27, 2021 6:56:31 PM com.ad.sudoku.model.SudokuField setValue
INFO: SudokuField changed value from 7 to 8
kwi 27, 2021 6:56:31 PM com.ad.sudoku.model.SudokuField setValue
INFO: SudokuField changed value from 8 to 5
kwi 27, 2021 6:56:31 PM com.ad.sudoku.model.SudokuField setValue
INFO: SudokuField changed value from 0 to 5
kwi 27, 2021 6:56:31 PM com.ad.sudoku.model.SudokuField setValue
INFO: SudokuField changed value from 5 to 1
kwi 27, 2021 6:56:31 PM com.ad.sudoku.model.SudokuField setValue
INFO: SudokuField changed value from 0 to 2
kwi 27, 2021 6:56:31 PM com.ad.sudoku.model.SudokuField setValue
INFO: SudokuField changed value from 2 to 8
kwi 27, 2021 6:56:31 PM com.ad.sudoku.model.SudokuField setValue
INFO: SudokuField changed value from 8 to 3
kwi 27, 2021 6:56:31 PM com.ad.sudoku.model.SudokuField setValue
INFO: SudokuField changed value from 3 to 1
kwi 27, 2021 6:56:31 PM com.ad.sudoku.model.SudokuField setValue
INFO: SudokuField changed value from 1 to 7
kwi 27, 2021 6:56:31 PM com.ad.sudoku.model.SudokuField setValue
INFO: SudokuField changed value from 7 to 9
kwi 27, 2021 6:56:31 PM com.ad.sudoku.model.SudokuField setValue
INFO: SudokuField changed value from 9 to 4
kwi 27, 2021 6:56:31 PM com.ad.sudoku.model.SudokuField setValue
INFO: SudokuField changed value from 4 to 6
kwi 27, 2021 6:56:31 PM com.ad.sudoku.model.SudokuField setValue
INFO: SudokuField changed value from 6 to 5
kwi 27, 2021 6:56:31 PM com.ad.sudoku.model.SudokuField setValue
INFO: SudokuField changed value from 5 to 0
kwi 27, 2021 6:56:31 PM com.ad.sudoku.model.SudokuField setValue
INFO: SudokuField changed value from 1 to 6
kwi 27, 2021 6:56:31 PM com.ad.sudoku.model.SudokuField setValue
INFO: SudokuField changed value from 6 to 3
kwi 27, 2021 6:56:31 PM com.ad.sudoku.model.SudokuField setValue
INFO: SudokuField changed value from 3 to 2
kwi 27, 2021 6:56:31 PM com.ad.sudoku.model.SudokuField setValue
INFO: SudokuField changed value from 2 to 8
kwi 27, 2021 6:56:31 PM com.ad.sudoku.model.SudokuField setValue
INFO: SudokuField changed value from 8 to 9
kwi 27, 2021 6:56:31 PM com.ad.sudoku.model.SudokuField setValue
INFO: SudokuField changed value from 9 to 4
kwi 27, 2021 6:56:31 PM com.ad.sudoku.model.SudokuField setValue
INFO: SudokuField changed value from 4 to 7
kwi 27, 2021 6:56:31 PM com.ad.sudoku.model.SudokuField setValue
INFO: SudokuField changed value from 7 to 0
kwi 27, 2021 6:56:31 PM com.ad.sudoku.model.SudokuField setValue
INFO: SudokuField changed value from 5 to 3
kwi 27, 2021 6:56:31 PM com.ad.sudoku.model.SudokuField setValue
INFO: SudokuField changed value from 3 to 0
kwi 27, 2021 6:56:31 PM com.ad.sudoku.model.SudokuField setValue
INFO: SudokuField changed value from 9 to 3
kwi 27, 2021 6:56:31 PM com.ad.sudoku.model.SudokuField setValue
INFO: SudokuField changed value from 3 to 7
kwi 27, 2021 6:56:31 PM com.ad.sudoku.model.SudokuField setValue
INFO: SudokuField changed value from 7 to 5
kwi 27, 2021 6:56:31 PM com.ad.sudoku.model.SudokuField setValue
INFO: SudokuField changed value from 5 to 1
kwi 27, 2021 6:56:31 PM com.ad.sudoku.model.SudokuField setValue
INFO: SudokuField changed value from 1 to 2
kwi 27, 2021 6:56:31 PM com.ad.sudoku.model.SudokuField setValue
INFO: SudokuField changed value from 0 to 1
kwi 27, 2021 6:56:31 PM com.ad.sudoku.model.SudokuField setValue
INFO: SudokuField changed value from 0 to 3
kwi 27, 2021 6:56:31 PM com.ad.sudoku.model.SudokuField setValue
INFO: SudokuField changed value from 3 to 5
kwi 27, 2021 6:56:31 PM com.ad.sudoku.model.SudokuField setValue
INFO: SudokuField changed value from 0 to 1
kwi 27, 2021 6:56:31 PM com.ad.sudoku.model.SudokuField setValue
INFO: SudokuField changed value from 1 to 4
kwi 27, 2021 6:56:31 PM com.ad.sudoku.model.SudokuField setValue
INFO: SudokuField changed value from 4 to 7
kwi 27, 2021 6:56:31 PM com.ad.sudoku.model.SudokuField setValue
INFO: SudokuField changed value from 7 to 8
kwi 27, 2021 6:56:31 PM com.ad.sudoku.model.SudokuField setValue
INFO: SudokuField changed value from 8 to 9
kwi 27, 2021 6:56:31 PM com.ad.sudoku.model.SudokuField setValue
INFO: SudokuField changed value from 9 to 3
kwi 27, 2021 6:56:31 PM com.ad.sudoku.model.SudokuField setValue
INFO: SudokuField changed value from 3 to 2
kwi 27, 2021 6:56:31 PM com.ad.sudoku.model.SudokuField setValue
INFO: SudokuField changed value from 2 to 6
kwi 27, 2021 6:56:31 PM com.ad.sudoku.model.SudokuField setValue
INFO: SudokuField changed value from 6 to 5
kwi 27, 2021 6:56:31 PM com.ad.sudoku.model.SudokuField setValue
INFO: SudokuField changed value from 5 to 0
kwi 27, 2021 6:56:31 PM com.ad.sudoku.model.SudokuField setValue
INFO: SudokuField changed value from 5 to 2
kwi 27, 2021 6:56:31 PM com.ad.sudoku.model.SudokuField setValue
INFO: SudokuField changed value from 2 to 8
kwi 27, 2021 6:56:31 PM com.ad.sudoku.model.SudokuField setValue
INFO: SudokuField changed value from 8 to 9
kwi 27, 2021 6:56:31 PM com.ad.sudoku.model.SudokuField setValue
INFO: SudokuField changed value from 9 to 1
kwi 27, 2021 6:56:31 PM com.ad.sudoku.model.SudokuField setValue
INFO: SudokuField changed value from 1 to 4
kwi 27, 2021 6:56:31 PM com.ad.sudoku.model.SudokuField setValue
INFO: SudokuField changed value from 4 to 6
kwi 27, 2021 6:56:31 PM com.ad.sudoku.model.SudokuField setValue
INFO: SudokuField changed value from 6 to 7
kwi 27, 2021 6:56:31 PM com.ad.sudoku.model.SudokuField setValue
INFO: SudokuField changed value from 7 to 0
kwi 27, 2021 6:56:31 PM com.ad.sudoku.model.SudokuField setValue
INFO: SudokuField changed value from 1 to 3
kwi 27, 2021 6:56:31 PM com.ad.sudoku.model.SudokuField setValue
INFO: SudokuField changed value from 3 to 6
kwi 27, 2021 6:56:31 PM com.ad.sudoku.model.SudokuField setValue
INFO: SudokuField changed value from 6 to 5
kwi 27, 2021 6:56:31 PM com.ad.sudoku.model.SudokuField setValue
INFO: SudokuField changed value from 0 to 3
kwi 27, 2021 6:56:31 PM com.ad.sudoku.model.SudokuField setValue
INFO: SudokuField changed value from 3 to 1
kwi 27, 2021 6:56:31 PM com.ad.sudoku.model.SudokuField setValue
INFO: SudokuField changed value from 0 to 7
kwi 27, 2021 6:56:31 PM com.ad.sudoku.model.SudokuField setValue
INFO: SudokuField changed value from 7 to 9
kwi 27, 2021 6:56:31 PM com.ad.sudoku.model.SudokuField setValue
INFO: SudokuField changed value from 9 to 1
kwi 27, 2021 6:56:31 PM com.ad.sudoku.model.SudokuField setValue
INFO: SudokuField changed value from 1 to 5
kwi 27, 2021 6:56:31 PM com.ad.sudoku.model.SudokuField setValue
INFO: SudokuField changed value from 5 to 8
kwi 27, 2021 6:56:31 PM com.ad.sudoku.model.SudokuField setValue
INFO: SudokuField changed value from 8 to 2
kwi 27, 2021 6:56:31 PM com.ad.sudoku.model.SudokuField setValue
INFO: SudokuField changed value from 2 to 3
kwi 27, 2021 6:56:31 PM com.ad.sudoku.model.SudokuField setValue
INFO: SudokuField changed value from 3 to 6
kwi 27, 2021 6:56:31 PM com.ad.sudoku.model.SudokuField setValue
INFO: SudokuField changed value from 6 to 4
kwi 27, 2021 6:56:31 PM com.ad.sudoku.model.SudokuField setValue
INFO: SudokuField changed value from 4 to 0
kwi 27, 2021 6:56:31 PM com.ad.sudoku.model.SudokuField setValue
INFO: SudokuField changed value from 1 to 4
kwi 27, 2021 6:56:31 PM com.ad.sudoku.model.SudokuField setValue
INFO: SudokuField changed value from 4 to 9
kwi 27, 2021 6:56:31 PM com.ad.sudoku.model.SudokuField setValue
INFO: SudokuField changed value from 9 to 2
kwi 27, 2021 6:56:31 PM com.ad.sudoku.model.SudokuField setValue
INFO: SudokuField changed value from 2 to 6
kwi 27, 2021 6:56:31 PM com.ad.sudoku.model.SudokuField setValue
INFO: SudokuField changed value from 6 to 7
kwi 27, 2021 6:56:31 PM com.ad.sudoku.model.SudokuField setValue
INFO: SudokuField changed value from 7 to 8
kwi 27, 2021 6:56:31 PM com.ad.sudoku.model.SudokuField setValue
INFO: SudokuField changed value from 8 to 5
kwi 27, 2021 6:56:31 PM com.ad.sudoku.model.SudokuField setValue
INFO: SudokuField changed value from 5 to 0
kwi 27, 2021 6:56:31 PM com.ad.sudoku.model.SudokuField setValue
INFO: SudokuField changed value from 5 to 2
kwi 27, 2021 6:56:31 PM com.ad.sudoku.model.SudokuField setValue
INFO: SudokuField changed value from 2 to 4
kwi 27, 2021 6:56:31 PM com.ad.sudoku.model.SudokuField setValue
INFO: SudokuField changed value from 4 to 7
kwi 27, 2021 6:56:31 PM com.ad.sudoku.model.SudokuField setValue
INFO: SudokuField changed value from 7 to 8
kwi 27, 2021 6:56:31 PM com.ad.sudoku.model.SudokuField setValue
INFO: SudokuField changed value from 8 to 9
kwi 27, 2021 6:56:31 PM com.ad.sudoku.model.SudokuField setValue
INFO: SudokuField changed value from 9 to 0
kwi 27, 2021 6:56:31 PM com.ad.sudoku.model.SudokuField setValue
INFO: SudokuField changed value from 2 to 4
kwi 27, 2021 6:56:31 PM com.ad.sudoku.model.SudokuField setValue
INFO: SudokuField changed value from 4 to 8
kwi 27, 2021 6:56:31 PM com.ad.sudoku.model.SudokuField setValue
INFO: SudokuField changed value from 8 to 0
kwi 27, 2021 6:56:31 PM com.ad.sudoku.model.SudokuField setValue
INFO: SudokuField changed value from 8 to 6
kwi 27, 2021 6:56:31 PM com.ad.sudoku.model.SudokuField setValue
INFO: SudokuField changed value from 6 to 2
kwi 27, 2021 6:56:31 PM com.ad.sudoku.model.SudokuField setValue
INFO: SudokuField changed value from 0 to 6
kwi 27, 2021 6:56:31 PM com.ad.sudoku.model.SudokuField setValue
INFO: SudokuField changed value from 6 to 2
kwi 27, 2021 6:56:31 PM com.ad.sudoku.model.SudokuField setValue
INFO: SudokuField changed value from 2 to 3
kwi 27, 2021 6:56:31 PM com.ad.sudoku.model.SudokuField setValue
INFO: SudokuField changed value from 3 to 8
kwi 27, 2021 6:56:31 PM com.ad.sudoku.model.SudokuField setValue
INFO: SudokuField changed value from 8 to 9
kwi 27, 2021 6:56:31 PM com.ad.sudoku.model.SudokuField setValue
INFO: SudokuField changed value from 0 to 9
kwi 27, 2021 6:56:31 PM com.ad.sudoku.model.SudokuField setValue
INFO: SudokuField changed value from 9 to 8
kwi 27, 2021 6:56:31 PM com.ad.sudoku.model.SudokuField setValue
INFO: SudokuField changed value from 8 to 4
kwi 27, 2021 6:56:31 PM com.ad.sudoku.model.SudokuField setValue
INFO: SudokuField changed value from 4 to 6
kwi 27, 2021 6:56:31 PM com.ad.sudoku.model.SudokuField setValue
INFO: SudokuField changed value from 6 to 1
kwi 27, 2021 6:56:31 PM com.ad.sudoku.model.SudokuField setValue
INFO: SudokuField changed value from 0 to 2
kwi 27, 2021 6:56:31 PM com.ad.sudoku.model.SudokuField setValue
INFO: SudokuField changed value from 2 to 7
kwi 27, 2021 6:56:31 PM com.ad.sudoku.model.SudokuField setValue
INFO: SudokuField changed value from 7 to 1
kwi 27, 2021 6:56:31 PM com.ad.sudoku.model.SudokuField setValue
INFO: SudokuField changed value from 1 to 5
kwi 27, 2021 6:56:31 PM com.ad.sudoku.model.SudokuField setValue
INFO: SudokuField changed value from 0 to 7
kwi 27, 2021 6:56:31 PM com.ad.sudoku.model.SudokuField setValue
INFO: SudokuField changed value from 7 to 9
kwi 27, 2021 6:56:31 PM com.ad.sudoku.model.SudokuField setValue
INFO: SudokuField changed value from 9 to 4
kwi 27, 2021 6:56:31 PM com.ad.sudoku.model.SudokuField setValue
INFO: SudokuField changed value from 4 to 5
kwi 27, 2021 6:56:31 PM com.ad.sudoku.model.SudokuField setValue
INFO: SudokuField changed value from 5 to 2
kwi 27, 2021 6:56:31 PM com.ad.sudoku.model.SudokuField setValue
INFO: SudokuField changed value from 2 to 1
kwi 27, 2021 6:56:31 PM com.ad.sudoku.model.SudokuField setValue
INFO: SudokuField changed value from 1 to 8
kwi 27, 2021 6:56:31 PM com.ad.sudoku.model.SudokuField setValue
INFO: SudokuField changed value from 8 to 3
kwi 27, 2021 6:56:31 PM com.ad.sudoku.model.SudokuField setValue
INFO: SudokuField changed value from 3 to 6
kwi 27, 2021 6:56:31 PM com.ad.sudoku.model.SudokuField setValue
INFO: SudokuField changed value from 6 to 0
kwi 27, 2021 6:56:31 PM com.ad.sudoku.model.SudokuField setValue
INFO: SudokuField changed value from 5 to 6
kwi 27, 2021 6:56:31 PM com.ad.sudoku.model.SudokuField setValue
INFO: SudokuField changed value from 6 to 3
kwi 27, 2021 6:56:31 PM com.ad.sudoku.model.SudokuField setValue
INFO: SudokuField changed value from 3 to 4
kwi 27, 2021 6:56:31 PM com.ad.sudoku.model.SudokuField setValue
INFO: SudokuField changed value from 4 to 9
kwi 27, 2021 6:56:31 PM com.ad.sudoku.model.SudokuField setValue
INFO: SudokuField changed value from 9 to 8
kwi 27, 2021 6:56:31 PM com.ad.sudoku.model.SudokuField setValue
INFO: SudokuField changed value from 8 to 0
kwi 27, 2021 6:56:31 PM com.ad.sudoku.model.SudokuField setValue
INFO: SudokuField changed value from 1 to 7
kwi 27, 2021 6:56:31 PM com.ad.sudoku.model.SudokuField setValue
INFO: SudokuField changed value from 7 to 5
kwi 27, 2021 6:56:31 PM com.ad.sudoku.model.SudokuField setValue
INFO: SudokuField changed value from 0 to 5
kwi 27, 2021 6:56:31 PM com.ad.sudoku.model.SudokuField setValue
INFO: SudokuField changed value from 5 to 9
kwi 27, 2021 6:56:31 PM com.ad.sudoku.model.SudokuField setValue
INFO: SudokuField changed value from 9 to 7
kwi 27, 2021 6:56:31 PM com.ad.sudoku.model.SudokuField setValue
INFO: SudokuField changed value from 7 to 2
kwi 27, 2021 6:56:31 PM com.ad.sudoku.model.SudokuField setValue
INFO: SudokuField changed value from 2 to 8
kwi 27, 2021 6:56:31 PM com.ad.sudoku.model.SudokuField setValue
INFO: SudokuField changed value from 8 to 3
kwi 27, 2021 6:56:31 PM com.ad.sudoku.model.SudokuField setValue
INFO: SudokuField changed value from 3 to 1
kwi 27, 2021 6:56:31 PM com.ad.sudoku.model.SudokuField setValue
INFO: SudokuField changed value from 0 to 4
kwi 27, 2021 6:56:31 PM com.ad.sudoku.model.SudokuField setValue
INFO: SudokuField changed value from 4 to 5
kwi 27, 2021 6:56:31 PM com.ad.sudoku.model.SudokuField setValue
INFO: SudokuField changed value from 5 to 1
kwi 27, 2021 6:56:31 PM com.ad.sudoku.model.SudokuField setValue
INFO: SudokuField changed value from 1 to 9
kwi 27, 2021 6:56:31 PM com.ad.sudoku.model.SudokuField setValue
INFO: SudokuField changed value from 9 to 6
kwi 27, 2021 6:56:31 PM com.ad.sudoku.model.SudokuField setValue
INFO: SudokuField changed value from 6 to 7
kwi 27, 2021 6:56:31 PM com.ad.sudoku.model.SudokuField setValue
INFO: SudokuField changed value from 7 to 2
kwi 27, 2021 6:56:31 PM com.ad.sudoku.model.SudokuField setValue
INFO: SudokuField changed value from 2 to 8
kwi 27, 2021 6:56:31 PM com.ad.sudoku.model.SudokuField setValue
INFO: SudokuField changed value from 8 to 3
kwi 27, 2021 6:56:31 PM com.ad.sudoku.model.SudokuField setValue
INFO: SudokuField changed value from 3 to 0
kwi 27, 2021 6:56:31 PM com.ad.sudoku.model.SudokuField setValue
INFO: SudokuField changed value from 1 to 4
kwi 27, 2021 6:56:31 PM com.ad.sudoku.model.SudokuField setValue
INFO: SudokuField changed value from 4 to 6
kwi 27, 2021 6:56:31 PM com.ad.sudoku.model.SudokuField setValue
INFO: SudokuField changed value from 6 to 0
kwi 27, 2021 6:56:31 PM com.ad.sudoku.model.SudokuField setValue
INFO: SudokuField changed value from 5 to 2
kwi 27, 2021 6:56:31 PM com.ad.sudoku.model.SudokuField setValue
INFO: SudokuField changed value from 2 to 3
kwi 27, 2021 6:56:31 PM com.ad.sudoku.model.SudokuField setValue
INFO: SudokuField changed value from 3 to 0
kwi 27, 2021 6:56:31 PM com.ad.sudoku.model.SudokuField setValue
INFO: SudokuField changed value from 9 to 7
kwi 27, 2021 6:56:31 PM com.ad.sudoku.model.SudokuField setValue
INFO: SudokuField changed value from 7 to 5
kwi 27, 2021 6:56:31 PM com.ad.sudoku.model.SudokuField setValue
INFO: SudokuField changed value from 5 to 4
kwi 27, 2021 6:56:31 PM com.ad.sudoku.model.SudokuField setValue
INFO: SudokuField changed value from 4 to 1
kwi 27, 2021 6:56:31 PM com.ad.sudoku.model.SudokuField setValue
INFO: SudokuField changed value from 1 to 0
kwi 27, 2021 6:56:31 PM com.ad.sudoku.model.SudokuField setValue
INFO: SudokuField changed value from 2 to 5
kwi 27, 2021 6:56:31 PM com.ad.sudoku.model.SudokuField setValue
INFO: SudokuField changed value from 5 to 9
kwi 27, 2021 6:56:31 PM com.ad.sudoku.model.SudokuField setValue
INFO: SudokuField changed value from 9 to 0
kwi 27, 2021 6:56:31 PM com.ad.sudoku.model.SudokuField setValue
INFO: SudokuField changed value from 2 to 8
kwi 27, 2021 6:56:31 PM com.ad.sudoku.model.SudokuField setValue
INFO: SudokuField changed value from 8 to 6
kwi 27, 2021 6:56:31 PM com.ad.sudoku.model.SudokuField setValue
INFO: SudokuField changed value from 6 to 5
kwi 27, 2021 6:56:31 PM com.ad.sudoku.model.SudokuField setValue
INFO: SudokuField changed value from 5 to 7
kwi 27, 2021 6:56:31 PM com.ad.sudoku.model.SudokuField setValue
INFO: SudokuField changed value from 7 to 9
kwi 27, 2021 6:56:31 PM com.ad.sudoku.model.SudokuField setValue
INFO: SudokuField changed value from 9 to 1
kwi 27, 2021 6:56:31 PM com.ad.sudoku.model.SudokuField setValue
INFO: SudokuField changed value from 1 to 3
kwi 27, 2021 6:56:31 PM com.ad.sudoku.model.SudokuField setValue
INFO: SudokuField changed value from 3 to 0
kwi 27, 2021 6:56:31 PM com.ad.sudoku.model.SudokuField setValue
INFO: SudokuField changed value from 5 to 7
kwi 27, 2021 6:56:31 PM com.ad.sudoku.model.SudokuField setValue
INFO: SudokuField changed value from 7 to 1
kwi 27, 2021 6:56:31 PM com.ad.sudoku.model.SudokuField setValue
INFO: SudokuField changed value from 1 to 4
kwi 27, 2021 6:56:31 PM com.ad.sudoku.model.SudokuField setValue
INFO: SudokuField changed value from 4 to 6
kwi 27, 2021 6:56:31 PM com.ad.sudoku.model.SudokuField setValue
INFO: SudokuField changed value from 6 to 0
kwi 27, 2021 6:56:31 PM com.ad.sudoku.model.SudokuField setValue
INFO: SudokuField changed value from 1 to 6
kwi 27, 2021 6:56:31 PM com.ad.sudoku.model.SudokuField setValue
INFO: SudokuField changed value from 6 to 8
kwi 27, 2021 6:56:31 PM com.ad.sudoku.model.SudokuField setValue
INFO: SudokuField changed value from 8 to 0
kwi 27, 2021 6:56:31 PM com.ad.sudoku.model.SudokuField setValue
INFO: SudokuField changed value from 8 to 4
kwi 27, 2021 6:56:31 PM com.ad.sudoku.model.SudokuField setValue
INFO: SudokuField changed value from 4 to 7
kwi 27, 2021 6:56:31 PM com.ad.sudoku.model.SudokuField setValue
INFO: SudokuField changed value from 7 to 6
kwi 27, 2021 6:56:31 PM com.ad.sudoku.model.SudokuField setValue
INFO: SudokuField changed value from 6 to 5
kwi 27, 2021 6:56:31 PM com.ad.sudoku.model.SudokuField setValue
INFO: SudokuField changed value from 0 to 8
kwi 27, 2021 6:56:31 PM com.ad.sudoku.model.SudokuField setValue
INFO: SudokuField changed value from 8 to 4
kwi 27, 2021 6:56:31 PM com.ad.sudoku.model.SudokuField setValue
INFO: SudokuField changed value from 4 to 3
kwi 27, 2021 6:56:31 PM com.ad.sudoku.model.SudokuField setValue
INFO: SudokuField changed value from 3 to 7
kwi 27, 2021 6:56:31 PM com.ad.sudoku.model.SudokuField setValue
INFO: SudokuField changed value from 7 to 5
kwi 27, 2021 6:56:31 PM com.ad.sudoku.model.SudokuField setValue
INFO: SudokuField changed value from 5 to 6
kwi 27, 2021 6:56:31 PM com.ad.sudoku.model.SudokuField setValue
INFO: SudokuField changed value from 6 to 1
kwi 27, 2021 6:56:31 PM com.ad.sudoku.model.SudokuField setValue
INFO: SudokuField changed value from 0 to 2
kwi 27, 2021 6:56:31 PM com.ad.sudoku.model.SudokuField setValue
INFO: SudokuField changed value from 2 to 3
kwi 27, 2021 6:56:31 PM com.ad.sudoku.model.SudokuField setValue
INFO: SudokuField changed value from 3 to 6
kwi 27, 2021 6:56:31 PM com.ad.sudoku.model.SudokuField setValue
INFO: SudokuField changed value from 6 to 5
kwi 27, 2021 6:56:31 PM com.ad.sudoku.model.SudokuField setValue
INFO: SudokuField changed value from 5 to 9
kwi 27, 2021 6:56:31 PM com.ad.sudoku.model.SudokuField setValue
INFO: SudokuField changed value from 9 to 7
kwi 27, 2021 6:56:31 PM com.ad.sudoku.model.SudokuField setValue
INFO: SudokuField changed value from 7 to 8
kwi 27, 2021 6:56:31 PM com.ad.sudoku.model.SudokuField setValue
INFO: SudokuField changed value from 8 to 1
kwi 27, 2021 6:56:31 PM com.ad.sudoku.model.SudokuField setValue
INFO: SudokuField changed value from 1 to 4
kwi 27, 2021 6:56:31 PM com.ad.sudoku.model.SudokuField setValue
INFO: SudokuField changed value from 4 to 0
kwi 27, 2021 6:56:31 PM com.ad.sudoku.model.SudokuField setValue
INFO: SudokuField changed value from 1 to 2
kwi 27, 2021 6:56:31 PM com.ad.sudoku.model.SudokuField setValue
INFO: SudokuField changed value from 0 to 4
kwi 27, 2021 6:56:31 PM com.ad.sudoku.model.SudokuField setValue
INFO: SudokuField changed value from 4 to 7
kwi 27, 2021 6:56:31 PM com.ad.sudoku.model.SudokuField setValue
INFO: SudokuField changed value from 7 to 1
kwi 27, 2021 6:56:31 PM com.ad.sudoku.model.SudokuField setValue
INFO: SudokuField changed value from 0 to 5
kwi 27, 2021 6:56:31 PM com.ad.sudoku.model.SudokuField setValue
INFO: SudokuField changed value from 5 to 6
kwi 27, 2021 6:56:31 PM com.ad.sudoku.model.SudokuField setValue
INFO: SudokuField changed value from 6 to 8
kwi 27, 2021 6:56:31 PM com.ad.sudoku.model.SudokuField setValue
INFO: SudokuField changed value from 8 to 9
kwi 27, 2021 6:56:31 PM com.ad.sudoku.model.SudokuField setValue
INFO: SudokuField changed value from 9 to 4
kwi 27, 2021 6:56:31 PM com.ad.sudoku.model.SudokuField setValue
INFO: SudokuField changed value from 4 to 2
kwi 27, 2021 6:56:31 PM com.ad.sudoku.model.SudokuField setValue
INFO: SudokuField changed value from 2 to 1
kwi 27, 2021 6:56:31 PM com.ad.sudoku.model.SudokuField setValue
INFO: SudokuField changed value from 1 to 3
kwi 27, 2021 6:56:31 PM com.ad.sudoku.model.SudokuField setValue
INFO: SudokuField changed value from 3 to 7
kwi 27, 2021 6:56:31 PM com.ad.sudoku.model.SudokuField setValue
INFO: SudokuField changed value from 7 to 0
kwi 27, 2021 6:56:31 PM com.ad.sudoku.model.SudokuField setValue
INFO: SudokuField changed value from 1 to 5
kwi 27, 2021 6:56:31 PM com.ad.sudoku.model.SudokuField setValue
INFO: SudokuField changed value from 5 to 9
kwi 27, 2021 6:56:31 PM com.ad.sudoku.model.SudokuField setValue
INFO: SudokuField changed value from 9 to 8
kwi 27, 2021 6:56:31 PM com.ad.sudoku.model.SudokuField setValue
INFO: SudokuField changed value from 8 to 3
kwi 27, 2021 6:56:31 PM com.ad.sudoku.model.SudokuField setValue
INFO: SudokuField changed value from 3 to 6
kwi 27, 2021 6:56:31 PM com.ad.sudoku.model.SudokuField setValue
INFO: SudokuField changed value from 6 to 2
kwi 27, 2021 6:56:31 PM com.ad.sudoku.model.SudokuField setValue
INFO: SudokuField changed value from 2 to 0
kwi 27, 2021 6:56:31 PM com.ad.sudoku.model.SudokuField setValue
INFO: SudokuField changed value from 2 to 9
kwi 27, 2021 6:56:31 PM com.ad.sudoku.model.SudokuField setValue
INFO: SudokuField changed value from 9 to 0
kwi 27, 2021 6:56:31 PM com.ad.sudoku.model.SudokuField setValue
INFO: SudokuField changed value from 5 to 9
kwi 27, 2021 6:56:31 PM com.ad.sudoku.model.SudokuField setValue
INFO: SudokuField changed value from 9 to 0
kwi 27, 2021 6:56:31 PM com.ad.sudoku.model.SudokuField setValue
INFO: SudokuField changed value from 3 to 8
kwi 27, 2021 6:56:31 PM com.ad.sudoku.model.SudokuField setValue
INFO: SudokuField changed value from 8 to 9
kwi 27, 2021 6:56:31 PM com.ad.sudoku.model.SudokuField setValue
INFO: SudokuField changed value from 9 to 4
kwi 27, 2021 6:56:31 PM com.ad.sudoku.model.SudokuField setValue
INFO: SudokuField changed value from 4 to 6
kwi 27, 2021 6:56:31 PM com.ad.sudoku.model.SudokuField setValue
INFO: SudokuField changed value from 6 to 7
kwi 27, 2021 6:56:31 PM com.ad.sudoku.model.SudokuField setValue
INFO: SudokuField changed value from 7 to 0
kwi 27, 2021 6:56:31 PM com.ad.sudoku.model.SudokuField setValue
INFO: SudokuField changed value from 9 to 4
kwi 27, 2021 6:56:31 PM com.ad.sudoku.model.SudokuField setValue
INFO: SudokuField changed value from 4 to 1
kwi 27, 2021 6:56:31 PM com.ad.sudoku.model.SudokuField setValue
INFO: SudokuField changed value from 1 to 6
kwi 27, 2021 6:56:31 PM com.ad.sudoku.model.SudokuField setValue
INFO: SudokuField changed value from 6 to 0
kwi 27, 2021 6:56:31 PM com.ad.sudoku.model.SudokuField setValue
INFO: SudokuField changed value from 1 to 8
kwi 27, 2021 6:56:31 PM com.ad.sudoku.model.SudokuField setValue
INFO: SudokuField changed value from 8 to 9
kwi 27, 2021 6:56:31 PM com.ad.sudoku.model.SudokuField setValue
INFO: SudokuField changed value from 9 to 2
kwi 27, 2021 6:56:31 PM com.ad.sudoku.model.SudokuField setValue
INFO: SudokuField changed value from 2 to 3
kwi 27, 2021 6:56:31 PM com.ad.sudoku.model.SudokuField setValue
INFO: SudokuField changed value from 3 to 6
kwi 27, 2021 6:56:31 PM com.ad.sudoku.model.SudokuField setValue
INFO: SudokuField changed value from 6 to 7
kwi 27, 2021 6:56:31 PM com.ad.sudoku.model.SudokuField setValue
INFO: SudokuField changed value from 7 to 5
kwi 27, 2021 6:56:31 PM com.ad.sudoku.model.SudokuField setValue
INFO: SudokuField changed value from 5 to 0
kwi 27, 2021 6:56:31 PM com.ad.sudoku.model.SudokuField setValue
INFO: SudokuField changed value from 4 to 1
kwi 27, 2021 6:56:31 PM com.ad.sudoku.model.SudokuField setValue
INFO: SudokuField changed value from 0 to 4
kwi 27, 2021 6:56:31 PM com.ad.sudoku.model.SudokuField setValue
INFO: SudokuField changed value from 4 to 6
kwi 27, 2021 6:56:31 PM com.ad.sudoku.model.SudokuField setValue
INFO: SudokuField changed value from 6 to 7
kwi 27, 2021 6:56:31 PM com.ad.sudoku.model.SudokuField setValue
INFO: SudokuField changed value from 7 to 2
kwi 27, 2021 6:56:31 PM com.ad.sudoku.model.SudokuField setValue
INFO: SudokuField changed value from 2 to 3
kwi 27, 2021 6:56:31 PM com.ad.sudoku.model.SudokuField setValue
INFO: SudokuField changed value from 3 to 8
kwi 27, 2021 6:56:31 PM com.ad.sudoku.model.SudokuField setValue
INFO: SudokuField changed value from 8 to 5
kwi 27, 2021 6:56:31 PM com.ad.sudoku.model.SudokuField setValue
INFO: SudokuField changed value from 5 to 1
kwi 27, 2021 6:56:31 PM com.ad.sudoku.model.SudokuField setValue
INFO: SudokuField changed value from 1 to 9
kwi 27, 2021 6:56:31 PM com.ad.sudoku.model.SudokuField setValue
INFO: SudokuField changed value from 9 to 0
kwi 27, 2021 6:56:31 PM com.ad.sudoku.model.SudokuField setValue
INFO: SudokuField changed value from 1 to 7
kwi 27, 2021 6:56:31 PM com.ad.sudoku.model.SudokuField setValue
INFO: SudokuField changed value from 7 to 9
kwi 27, 2021 6:56:31 PM com.ad.sudoku.model.SudokuField setValue
INFO: SudokuField changed value from 9 to 2
kwi 27, 2021 6:56:31 PM com.ad.sudoku.model.SudokuField setValue
INFO: SudokuField changed value from 2 to 3
kwi 27, 2021 6:56:31 PM com.ad.sudoku.model.SudokuField setValue
INFO: SudokuField changed value from 3 to 6
kwi 27, 2021 6:56:31 PM com.ad.sudoku.model.SudokuField setValue
INFO: SudokuField changed value from 6 to 8
kwi 27, 2021 6:56:31 PM com.ad.sudoku.model.SudokuField setValue
INFO: SudokuField changed value from 8 to 5
kwi 27, 2021 6:56:31 PM com.ad.sudoku.model.SudokuField setValue
INFO: SudokuField changed value from 5 to 0
kwi 27, 2021 6:56:31 PM com.ad.sudoku.model.SudokuField setValue
INFO: SudokuField changed value from 9 to 0
kwi 27, 2021 6:56:31 PM com.ad.sudoku.model.SudokuField setValue
INFO: SudokuField changed value from 6 to 0
kwi 27, 2021 6:56:31 PM com.ad.sudoku.model.SudokuField setValue
INFO: SudokuField changed value from 8 to 9
kwi 27, 2021 6:56:31 PM com.ad.sudoku.model.SudokuField setValue
INFO: SudokuField changed value from 9 to 1
kwi 27, 2021 6:56:31 PM com.ad.sudoku.model.SudokuField setValue
INFO: SudokuField changed value from 1 to 3
kwi 27, 2021 6:56:31 PM com.ad.sudoku.model.SudokuField setValue
INFO: SudokuField changed value from 3 to 4
kwi 27, 2021 6:56:31 PM com.ad.sudoku.model.SudokuField setValue
INFO: SudokuField changed value from 4 to 6
kwi 27, 2021 6:56:31 PM com.ad.sudoku.model.SudokuField setValue
INFO: SudokuField changed value from 6 to 5
kwi 27, 2021 6:56:31 PM com.ad.sudoku.model.SudokuField setValue
INFO: SudokuField changed value from 5 to 0
kwi 27, 2021 6:56:31 PM com.ad.sudoku.model.SudokuField setValue
INFO: SudokuField changed value from 5 to 2
kwi 27, 2021 6:56:31 PM com.ad.sudoku.model.SudokuField setValue
INFO: SudokuField changed value from 2 to 9
kwi 27, 2021 6:56:31 PM com.ad.sudoku.model.SudokuField setValue
INFO: SudokuField changed value from 9 to 3
kwi 27, 2021 6:56:31 PM com.ad.sudoku.model.SudokuField setValue
INFO: SudokuField changed value from 3 to 7
kwi 27, 2021 6:56:31 PM com.ad.sudoku.model.SudokuField setValue
INFO: SudokuField changed value from 7 to 6
kwi 27, 2021 6:56:31 PM com.ad.sudoku.model.SudokuField setValue
INFO: SudokuField changed value from 6 to 1
kwi 27, 2021 6:56:31 PM com.ad.sudoku.model.SudokuField setValue
INFO: SudokuField changed value from 1 to 0
kwi 27, 2021 6:56:31 PM com.ad.sudoku.model.SudokuField setValue
INFO: SudokuField changed value from 7 to 8
kwi 27, 2021 6:56:31 PM com.ad.sudoku.model.SudokuField setValue
INFO: SudokuField changed value from 8 to 4
kwi 27, 2021 6:56:31 PM com.ad.sudoku.model.SudokuField setValue
INFO: SudokuField changed value from 4 to 9
kwi 27, 2021 6:56:31 PM com.ad.sudoku.model.SudokuField setValue
INFO: SudokuField changed value from 9 to 6
kwi 27, 2021 6:56:31 PM com.ad.sudoku.model.SudokuField setValue
INFO: SudokuField changed value from 6 to 1
kwi 27, 2021 6:56:31 PM com.ad.sudoku.model.SudokuField setValue
INFO: SudokuField changed value from 1 to 0
kwi 27, 2021 6:56:31 PM com.ad.sudoku.model.SudokuField setValue
INFO: SudokuField changed value from 1 to 2
kwi 27, 2021 6:56:31 PM com.ad.sudoku.model.SudokuField setValue
INFO: SudokuField changed value from 2 to 6
kwi 27, 2021 6:56:31 PM com.ad.sudoku.model.SudokuField setValue
INFO: SudokuField changed value from 6 to 9
kwi 27, 2021 6:56:31 PM com.ad.sudoku.model.SudokuField setValue
INFO: SudokuField changed value from 9 to 4
kwi 27, 2021 6:56:31 PM com.ad.sudoku.model.SudokuField setValue
INFO: SudokuField changed value from 4 to 5
kwi 27, 2021 6:56:31 PM com.ad.sudoku.model.SudokuField setValue
INFO: SudokuField changed value from 5 to 3
kwi 27, 2021 6:56:31 PM com.ad.sudoku.model.SudokuField setValue
INFO: SudokuField changed value from 3 to 7
kwi 27, 2021 6:56:31 PM com.ad.sudoku.model.SudokuField setValue
INFO: SudokuField changed value from 7 to 0
kwi 27, 2021 6:56:31 PM com.ad.sudoku.model.SudokuField setValue
INFO: SudokuField changed value from 6 to 4
kwi 27, 2021 6:56:31 PM com.ad.sudoku.model.SudokuField setValue
INFO: SudokuField changed value from 4 to 1
kwi 27, 2021 6:56:31 PM com.ad.sudoku.model.SudokuField setValue
INFO: SudokuField changed value from 1 to 3
kwi 27, 2021 6:56:31 PM com.ad.sudoku.model.SudokuField setValue
INFO: SudokuField changed value from 3 to 2
kwi 27, 2021 6:56:31 PM com.ad.sudoku.model.SudokuField setValue
INFO: SudokuField changed value from 2 to 7
kwi 27, 2021 6:56:31 PM com.ad.sudoku.model.SudokuField setValue
INFO: SudokuField changed value from 7 to 8
kwi 27, 2021 6:56:31 PM com.ad.sudoku.model.SudokuField setValue
INFO: SudokuField changed value from 8 to 5
kwi 27, 2021 6:56:31 PM com.ad.sudoku.model.SudokuField setValue
INFO: SudokuField changed value from 5 to 9
kwi 27, 2021 6:56:31 PM com.ad.sudoku.model.SudokuField setValue
INFO: SudokuField changed value from 9 to 0
kwi 27, 2021 6:56:31 PM com.ad.sudoku.model.SudokuField setValue
INFO: SudokuField changed value from 2 to 6
kwi 27, 2021 6:56:31 PM com.ad.sudoku.model.SudokuField setValue
INFO: SudokuField changed value from 6 to 8
kwi 27, 2021 6:56:31 PM com.ad.sudoku.model.SudokuField setValue
INFO: SudokuField changed value from 8 to 5
kwi 27, 2021 6:56:31 PM com.ad.sudoku.model.SudokuField setValue
INFO: SudokuField changed value from 5 to 4
kwi 27, 2021 6:56:31 PM com.ad.sudoku.model.SudokuField setValue
INFO: SudokuField changed value from 4 to 3
kwi 27, 2021 6:56:31 PM com.ad.sudoku.model.SudokuField setValue
INFO: SudokuField changed value from 3 to 0
kwi 27, 2021 6:56:31 PM com.ad.sudoku.model.SudokuField setValue
INFO: SudokuField changed value from 9 to 7
kwi 27, 2021 6:56:31 PM com.ad.sudoku.model.SudokuField setValue
INFO: SudokuField changed value from 7 to 6
kwi 27, 2021 6:56:31 PM com.ad.sudoku.model.SudokuField setValue
INFO: SudokuField changed value from 0 to 9
kwi 27, 2021 6:56:31 PM com.ad.sudoku.model.SudokuField setValue
INFO: SudokuField changed value from 0 to 6
kwi 27, 2021 6:56:31 PM com.ad.sudoku.model.SudokuField setValue
INFO: SudokuField changed value from 6 to 3
kwi 27, 2021 6:56:31 PM com.ad.sudoku.model.SudokuField setValue
INFO: SudokuField changed value from 3 to 2
kwi 27, 2021 6:56:31 PM com.ad.sudoku.model.SudokuField setValue
INFO: SudokuField changed value from 0 to 7
kwi 27, 2021 6:56:31 PM com.ad.sudoku.model.SudokuField setValue
INFO: SudokuField changed value from 7 to 5
kwi 27, 2021 6:56:31 PM com.ad.sudoku.model.SudokuField setValue
INFO: SudokuField changed value from 5 to 8
kwi 27, 2021 6:56:31 PM com.ad.sudoku.model.SudokuField setValue
INFO: SudokuField changed value from 8 to 4
kwi 27, 2021 6:56:31 PM com.ad.sudoku.model.SudokuField setValue
INFO: SudokuField changed value from 4 to 2
kwi 27, 2021 6:56:31 PM com.ad.sudoku.model.SudokuField setValue
INFO: SudokuField changed value from 2 to 9
kwi 27, 2021 6:56:31 PM com.ad.sudoku.model.SudokuField setValue
INFO: SudokuField changed value from 9 to 1
kwi 27, 2021 6:56:31 PM com.ad.sudoku.model.SudokuField setValue
INFO: SudokuField changed value from 0 to 5
kwi 27, 2021 6:56:31 PM com.ad.sudoku.model.SudokuField setValue
INFO: SudokuField changed value from 5 to 7
kwi 27, 2021 6:56:31 PM com.ad.sudoku.model.SudokuField setValue
INFO: SudokuField changed value from 0 to 7
kwi 27, 2021 6:56:31 PM com.ad.sudoku.model.SudokuField setValue
INFO: SudokuField changed value from 7 to 6
kwi 27, 2021 6:56:31 PM com.ad.sudoku.model.SudokuField setValue
INFO: SudokuField changed value from 6 to 1
kwi 27, 2021 6:56:31 PM com.ad.sudoku.model.SudokuField setValue
INFO: SudokuField changed value from 1 to 8
kwi 27, 2021 6:56:31 PM com.ad.sudoku.model.SudokuField setValue
INFO: SudokuField changed value from 0 to 3
kwi 27, 2021 6:56:31 PM com.ad.sudoku.model.SudokuField setValue
INFO: SudokuField changed value from 3 to 5
kwi 27, 2021 6:56:31 PM com.ad.sudoku.model.SudokuField setValue
INFO: SudokuField changed value from 5 to 6
kwi 27, 2021 6:56:31 PM com.ad.sudoku.model.SudokuField setValue
INFO: SudokuField changed value from 6 to 4
kwi 27, 2021 6:56:31 PM com.ad.sudoku.model.SudokuField setValue
INFO: SudokuField changed value from 4 to 9
kwi 27, 2021 6:56:31 PM com.ad.sudoku.model.SudokuField setValue
INFO: SudokuField changed value from 9 to 8
kwi 27, 2021 6:56:31 PM com.ad.sudoku.model.SudokuField setValue
INFO: SudokuField changed value from 8 to 7
kwi 27, 2021 6:56:31 PM com.ad.sudoku.model.SudokuField setValue
INFO: SudokuField changed value from 7 to 1
kwi 27, 2021 6:56:31 PM com.ad.sudoku.model.SudokuField setValue
INFO: SudokuField changed value from 1 to 2
kwi 27, 2021 6:56:31 PM com.ad.sudoku.model.SudokuField setValue
INFO: SudokuField changed value from 2 to 0
kwi 27, 2021 6:56:31 PM com.ad.sudoku.model.SudokuField setValue
INFO: SudokuField changed value from 8 to 9
kwi 27, 2021 6:56:31 PM com.ad.sudoku.model.SudokuField setValue
INFO: SudokuField changed value from 9 to 5
kwi 27, 2021 6:56:31 PM com.ad.sudoku.model.SudokuField setValue
INFO: SudokuField changed value from 0 to 4
kwi 27, 2021 6:56:31 PM com.ad.sudoku.model.SudokuField setValue
INFO: SudokuField changed value from 4 to 2
kwi 27, 2021 6:56:31 PM com.ad.sudoku.model.SudokuField setValue
INFO: SudokuField changed value from 2 to 9
kwi 27, 2021 6:56:31 PM com.ad.sudoku.model.SudokuField setValue
INFO: SudokuField changed value from 9 to 8
kwi 27, 2021 6:56:31 PM com.ad.sudoku.model.SudokuField setValue
INFO: SudokuField changed value from 0 to 2
kwi 27, 2021 6:56:31 PM com.ad.sudoku.model.SudokuField setValue
INFO: SudokuField changed value from 2 to 3
kwi 27, 2021 6:56:31 PM com.ad.sudoku.model.SudokuField setValue
INFO: SudokuField changed value from 3 to 4
kwi 27, 2021 6:56:31 PM com.ad.sudoku.model.SudokuField setValue
INFO: SudokuField changed value from 4 to 5
kwi 27, 2021 6:56:31 PM com.ad.sudoku.model.SudokuField setValue
INFO: SudokuField changed value from 5 to 8
kwi 27, 2021 6:56:31 PM com.ad.sudoku.model.SudokuField setValue
INFO: SudokuField changed value from 8 to 1
kwi 27, 2021 6:56:31 PM com.ad.sudoku.model.SudokuField setValue
INFO: SudokuField changed value from 1 to 6
kwi 27, 2021 6:56:31 PM com.ad.sudoku.model.SudokuField setValue
INFO: SudokuField changed value from 0 to 2
kwi 27, 2021 6:56:31 PM com.ad.sudoku.model.SudokuField setValue
INFO: SudokuField changed value from 2 to 7
kwi 27, 2021 6:56:31 PM com.ad.sudoku.model.SudokuField setValue
INFO: SudokuField changed value from 7 to 5
kwi 27, 2021 6:56:31 PM com.ad.sudoku.model.SudokuField setValue
INFO: SudokuField changed value from 5 to 3
kwi 27, 2021 6:56:31 PM com.ad.sudoku.model.SudokuField setValue
INFO: SudokuField changed value from 3 to 8
kwi 27, 2021 6:56:31 PM com.ad.sudoku.model.SudokuField setValue
INFO: SudokuField changed value from 8 to 6
kwi 27, 2021 6:56:31 PM com.ad.sudoku.model.SudokuField setValue
INFO: SudokuField changed value from 6 to 9
kwi 27, 2021 6:56:31 PM com.ad.sudoku.model.SudokuField setValue
INFO: SudokuField changed value from 0 to 9
kwi 27, 2021 6:56:31 PM com.ad.sudoku.model.SudokuField setValue
INFO: SudokuField changed value from 9 to 8
kwi 27, 2021 6:56:31 PM com.ad.sudoku.model.SudokuField setValue
INFO: SudokuField changed value from 8 to 3
kwi 27, 2021 6:56:31 PM com.ad.sudoku.model.SudokuField setValue
INFO: SudokuField changed value from 3 to 1
kwi 27, 2021 6:56:31 PM com.ad.sudoku.model.SudokuField setValue
INFO: SudokuField changed value from 0 to 7
kwi 27, 2021 6:56:31 PM com.ad.sudoku.model.SudokuField setValue
INFO: SudokuField changed value from 7 to 9
kwi 27, 2021 6:56:31 PM com.ad.sudoku.model.SudokuField setValue
INFO: SudokuField changed value from 9 to 5
kwi 27, 2021 6:56:31 PM com.ad.sudoku.model.SudokuField setValue
INFO: SudokuField changed value from 5 to 4
kwi 27, 2021 6:56:31 PM com.ad.sudoku.model.SudokuField setValue
INFO: SudokuField changed value from 4 to 6
kwi 27, 2021 6:56:31 PM com.ad.sudoku.model.SudokuField setValue
INFO: SudokuField changed value from 6 to 8
kwi 27, 2021 6:56:31 PM com.ad.sudoku.model.SudokuField setValue
INFO: SudokuField changed value from 8 to 2
kwi 27, 2021 6:56:31 PM com.ad.sudoku.model.SudokuField setValue
INFO: SudokuField changed value from 2 to 3
kwi 27, 2021 6:56:31 PM com.ad.sudoku.model.SudokuField setValue
INFO: SudokuField changed value from 3 to 1
kwi 27, 2021 6:56:31 PM com.ad.sudoku.model.SudokuField setValue
INFO: SudokuField changed value from 1 to 0
kwi 27, 2021 6:56:31 PM com.ad.sudoku.model.SudokuField setValue
INFO: SudokuField changed value from 1 to 2
kwi 27, 2021 6:56:31 PM com.ad.sudoku.model.SudokuField setValue
INFO: SudokuField changed value from 2 to 4
kwi 27, 2021 6:56:31 PM com.ad.sudoku.model.SudokuField setValue
INFO: SudokuField changed value from 0 to 7
kwi 27, 2021 6:56:31 PM com.ad.sudoku.model.SudokuField setValue
INFO: SudokuField changed value from 7 to 2
kwi 27, 2021 6:56:31 PM com.ad.sudoku.model.SudokuField setValue
INFO: SudokuField changed value from 2 to 4
kwi 27, 2021 6:56:31 PM com.ad.sudoku.model.SudokuField setValue
INFO: SudokuField changed value from 4 to 5
kwi 27, 2021 6:56:31 PM com.ad.sudoku.model.SudokuField setValue
INFO: SudokuField changed value from 5 to 3
kwi 27, 2021 6:56:31 PM com.ad.sudoku.model.SudokuField setValue
INFO: SudokuField changed value from 3 to 1
kwi 27, 2021 6:56:31 PM com.ad.sudoku.model.SudokuField setValue
INFO: SudokuField changed value from 0 to 2
kwi 27, 2021 6:56:31 PM com.ad.sudoku.model.SudokuField setValue
INFO: SudokuField changed value from 2 to 1
kwi 27, 2021 6:56:31 PM com.ad.sudoku.model.SudokuField setValue
INFO: SudokuField changed value from 1 to 7
kwi 27, 2021 6:56:31 PM com.ad.sudoku.model.SudokuField setValue
INFO: SudokuField changed value from 7 to 5
kwi 27, 2021 6:56:31 PM com.ad.sudoku.model.SudokuField setValue
INFO: SudokuField changed value from 5 to 9
kwi 27, 2021 6:56:31 PM com.ad.sudoku.model.SudokuField setValue
INFO: SudokuField changed value from 0 to 1
kwi 27, 2021 6:56:31 PM com.ad.sudoku.model.SudokuField setValue
INFO: SudokuField changed value from 1 to 6
kwi 27, 2021 6:56:31 PM com.ad.sudoku.model.SudokuField setValue
INFO: SudokuField changed value from 6 to 4
kwi 27, 2021 6:56:31 PM com.ad.sudoku.model.SudokuField setValue
INFO: SudokuField changed value from 4 to 7
kwi 27, 2021 6:56:31 PM com.ad.sudoku.model.SudokuField setValue
INFO: SudokuField changed value from 7 to 9
kwi 27, 2021 6:56:31 PM com.ad.sudoku.model.SudokuField setValue
INFO: SudokuField changed value from 9 to 3
kwi 27, 2021 6:56:31 PM com.ad.sudoku.model.SudokuField setValue
INFO: SudokuField changed value from 0 to 1
kwi 27, 2021 6:56:31 PM com.ad.sudoku.model.SudokuField setValue
INFO: SudokuField changed value from 0 to 7
kwi 27, 2021 6:56:31 PM com.ad.sudoku.model.SudokuField setValue
INFO: SudokuField changed value from 7 to 9
kwi 27, 2021 6:56:31 PM com.ad.sudoku.model.SudokuField setValue
INFO: SudokuField changed value from 9 to 1
kwi 27, 2021 6:56:31 PM com.ad.sudoku.model.SudokuField setValue
INFO: SudokuField changed value from 1 to 8
kwi 27, 2021 6:56:31 PM com.ad.sudoku.model.SudokuField setValue
INFO: SudokuField changed value from 8 to 2
kwi 27, 2021 6:56:31 PM com.ad.sudoku.model.SudokuField setValue
INFO: SudokuField changed value from 0 to 9
kwi 27, 2021 6:56:31 PM com.ad.sudoku.model.SudokuField setValue
INFO: SudokuField changed value from 9 to 1
kwi 27, 2021 6:56:31 PM com.ad.sudoku.model.SudokuField setValue
INFO: SudokuField changed value from 1 to 8
kwi 27, 2021 6:56:31 PM com.ad.sudoku.model.SudokuField setValue
INFO: SudokuField changed value from 8 to 7
kwi 27, 2021 6:56:31 PM com.ad.sudoku.model.SudokuField setValue
INFO: SudokuField changed value from 7 to 3
kwi 27, 2021 6:56:31 PM com.ad.sudoku.model.SudokuField setValue
INFO: SudokuField changed value from 3 to 5
kwi 27, 2021 6:56:31 PM com.ad.sudoku.model.SudokuField setValue
INFO: SudokuField changed value from 0 to 6
kwi 27, 2021 6:56:31 PM com.ad.sudoku.model.SudokuField setValue
INFO: SudokuField changed value from 6 to 9
kwi 27, 2021 6:56:31 PM com.ad.sudoku.model.SudokuField setValue
INFO: SudokuField changed value from 9 to 4
kwi 27, 2021 6:56:31 PM com.ad.sudoku.model.SudokuField setValue
INFO: SudokuField changed value from 4 to 5
kwi 27, 2021 6:56:31 PM com.ad.sudoku.model.SudokuField setValue
INFO: SudokuField changed value from 5 to 3
kwi 27, 2021 6:56:31 PM com.ad.sudoku.model.SudokuField setValue
INFO: SudokuField changed value from 3 to 1
kwi 27, 2021 6:56:31 PM com.ad.sudoku.model.SudokuField setValue
INFO: SudokuField changed value from 1 to 2
kwi 27, 2021 6:56:31 PM com.ad.sudoku.model.SudokuField setValue
INFO: SudokuField changed value from 2 to 7
kwi 27, 2021 6:56:31 PM com.ad.sudoku.model.SudokuField setValue
INFO: SudokuField changed value from 7 to 8
kwi 27, 2021 6:56:31 PM com.ad.sudoku.model.SudokuField setValue
INFO: SudokuField changed value from 8 to 0
kwi 27, 2021 6:56:31 PM com.ad.sudoku.model.SudokuField setValue
INFO: SudokuField changed value from 5 to 6
kwi 27, 2021 6:56:31 PM com.ad.sudoku.model.SudokuField setValue
INFO: SudokuField changed value from 6 to 2
kwi 27, 2021 6:56:31 PM com.ad.sudoku.model.SudokuField setValue
INFO: SudokuField changed value from 2 to 4
kwi 27, 2021 6:56:31 PM com.ad.sudoku.model.SudokuField setValue
INFO: SudokuField changed value from 4 to 0
kwi 27, 2021 6:56:31 PM com.ad.sudoku.model.SudokuField setValue
INFO: SudokuField changed value from 2 to 5
kwi 27, 2021 6:56:31 PM com.ad.sudoku.model.SudokuField setValue
INFO: SudokuField changed value from 5 to 6
kwi 27, 2021 6:56:31 PM com.ad.sudoku.model.SudokuField setValue
INFO: SudokuField changed value from 6 to 4
kwi 27, 2021 6:56:31 PM com.ad.sudoku.model.SudokuField setValue
INFO: SudokuField changed value from 4 to 3
kwi 27, 2021 6:56:31 PM com.ad.sudoku.model.SudokuField setValue
INFO: SudokuField changed value from 3 to 0
kwi 27, 2021 6:56:31 PM com.ad.sudoku.model.SudokuField setValue
INFO: SudokuField changed value from 1 to 7
kwi 27, 2021 6:56:31 PM com.ad.sudoku.model.SudokuField setValue
INFO: SudokuField changed value from 7 to 9
kwi 27, 2021 6:56:31 PM com.ad.sudoku.model.SudokuField setValue
INFO: SudokuField changed value from 9 to 5
kwi 27, 2021 6:56:31 PM com.ad.sudoku.model.SudokuField setValue
INFO: SudokuField changed value from 0 to 3
kwi 27, 2021 6:56:31 PM com.ad.sudoku.model.SudokuField setValue
INFO: SudokuField changed value from 3 to 8
kwi 27, 2021 6:56:31 PM com.ad.sudoku.model.SudokuField setValue
INFO: SudokuField changed value from 8 to 2
kwi 27, 2021 6:56:31 PM com.ad.sudoku.model.SudokuField setValue
INFO: SudokuField changed value from 0 to 3
kwi 27, 2021 6:56:31 PM com.ad.sudoku.model.SudokuField setValue
INFO: SudokuField changed value from 3 to 7
kwi 27, 2021 6:56:31 PM com.ad.sudoku.model.SudokuField setValue
INFO: SudokuField changed value from 7 to 2
kwi 27, 2021 6:56:31 PM com.ad.sudoku.model.SudokuField setValue
INFO: SudokuField changed value from 2 to 6
kwi 27, 2021 6:56:31 PM com.ad.sudoku.model.SudokuField setValue
INFO: SudokuField changed value from 6 to 5
kwi 27, 2021 6:56:31 PM com.ad.sudoku.model.SudokuField setValue
INFO: SudokuField changed value from 5 to 9
kwi 27, 2021 6:56:31 PM com.ad.sudoku.model.SudokuField setValue
INFO: SudokuField changed value from 9 to 1
kwi 27, 2021 6:56:31 PM com.ad.sudoku.model.SudokuField setValue
INFO: SudokuField changed value from 0 to 7
kwi 27, 2021 6:56:31 PM com.ad.sudoku.model.SudokuField setValue
INFO: SudokuField changed value from 7 to 8
kwi 27, 2021 6:56:31 PM com.ad.sudoku.model.SudokuField setValue
INFO: SudokuField changed value from 8 to 1
kwi 27, 2021 6:56:31 PM com.ad.sudoku.model.SudokuField setValue
INFO: SudokuField changed value from 1 to 2
kwi 27, 2021 6:56:31 PM com.ad.sudoku.model.SudokuField setValue
INFO: SudokuField changed value from 2 to 5
kwi 27, 2021 6:56:31 PM com.ad.sudoku.model.SudokuField setValue
INFO: SudokuField changed value from 5 to 6
kwi 27, 2021 6:56:31 PM com.ad.sudoku.model.SudokuField setValue
INFO: SudokuField changed value from 6 to 9
kwi 27, 2021 6:56:31 PM com.ad.sudoku.model.SudokuField setValue
INFO: SudokuField changed value from 9 to 4
kwi 27, 2021 6:56:31 PM com.ad.sudoku.model.SudokuField setValue
INFO: SudokuField changed value from 4 to 3
kwi 27, 2021 6:56:31 PM com.ad.sudoku.model.SudokuField setValue
INFO: SudokuField changed value from 3 to 0
kwi 27, 2021 6:56:31 PM com.ad.sudoku.model.SudokuField setValue
INFO: SudokuField changed value from 1 to 8
kwi 27, 2021 6:56:31 PM com.ad.sudoku.model.SudokuField setValue
INFO: SudokuField changed value from 8 to 4
kwi 27, 2021 6:56:31 PM com.ad.sudoku.model.SudokuField setValue
INFO: SudokuField changed value from 4 to 0
kwi 27, 2021 6:56:31 PM com.ad.sudoku.model.SudokuField setValue
INFO: SudokuField changed value from 2 to 9
kwi 27, 2021 6:56:31 PM com.ad.sudoku.model.SudokuField setValue
INFO: SudokuField changed value from 9 to 5
kwi 27, 2021 6:56:31 PM com.ad.sudoku.model.SudokuField setValue
INFO: SudokuField changed value from 5 to 7
kwi 27, 2021 6:56:31 PM com.ad.sudoku.model.SudokuField setValue
INFO: SudokuField changed value from 7 to 6
kwi 27, 2021 6:56:31 PM com.ad.sudoku.model.SudokuField setValue
INFO: SudokuField changed value from 6 to 1
kwi 27, 2021 6:56:31 PM com.ad.sudoku.model.SudokuField setValue
INFO: SudokuField changed value from 0 to 6
kwi 27, 2021 6:56:31 PM com.ad.sudoku.model.SudokuField setValue
INFO: SudokuField changed value from 6 to 7
kwi 27, 2021 6:56:31 PM com.ad.sudoku.model.SudokuField setValue
INFO: SudokuField changed value from 7 to 8
kwi 27, 2021 6:56:31 PM com.ad.sudoku.model.SudokuField setValue
INFO: SudokuField changed value from 8 to 3
kwi 27, 2021 6:56:31 PM com.ad.sudoku.model.SudokuField setValue
INFO: SudokuField changed value from 3 to 5
kwi 27, 2021 6:56:31 PM com.ad.sudoku.model.SudokuField setValue
INFO: SudokuField changed value from 5 to 4
kwi 27, 2021 6:56:31 PM com.ad.sudoku.model.SudokuField setValue
INFO: SudokuField changed value from 4 to 1
kwi 27, 2021 6:56:31 PM com.ad.sudoku.model.SudokuField setValue
INFO: SudokuField changed value from 1 to 2
kwi 27, 2021 6:56:31 PM com.ad.sudoku.model.SudokuField setValue
INFO: SudokuField changed value from 2 to 9
kwi 27, 2021 6:56:31 PM com.ad.sudoku.model.SudokuField setValue
INFO: SudokuField changed value from 9 to 0
kwi 27, 2021 6:56:31 PM com.ad.sudoku.model.SudokuField setValue
INFO: SudokuField changed value from 1 to 4
kwi 27, 2021 6:56:31 PM com.ad.sudoku.model.SudokuField setValue
INFO: SudokuField changed value from 4 to 0
kwi 27, 2021 6:56:31 PM com.ad.sudoku.model.SudokuField setValue
INFO: SudokuField changed value from 5 to 2
kwi 27, 2021 6:56:31 PM com.ad.sudoku.model.SudokuField setValue
INFO: SudokuField changed value from 2 to 8
kwi 27, 2021 6:56:31 PM com.ad.sudoku.model.SudokuField setValue
INFO: SudokuField changed value from 0 to 2
kwi 27, 2021 6:56:31 PM com.ad.sudoku.model.SudokuField setValue
INFO: SudokuField changed value from 0 to 2
kwi 27, 2021 6:56:31 PM com.ad.sudoku.model.SudokuField setValue
INFO: SudokuField changed value from 2 to 1
kwi 27, 2021 6:56:31 PM com.ad.sudoku.model.SudokuField setValue
INFO: SudokuField changed value from 0 to 2
kwi 27, 2021 6:56:31 PM com.ad.sudoku.model.SudokuField setValue
INFO: SudokuField changed value from 2 to 9
kwi 27, 2021 6:56:31 PM com.ad.sudoku.model.SudokuField setValue
INFO: SudokuField changed value from 9 to 1
kwi 27, 2021 6:56:31 PM com.ad.sudoku.model.SudokuField setValue
INFO: SudokuField changed value from 1 to 8
kwi 27, 2021 6:56:31 PM com.ad.sudoku.model.SudokuField setValue
INFO: SudokuField changed value from 8 to 3
kwi 27, 2021 6:56:31 PM com.ad.sudoku.model.SudokuField setValue
INFO: SudokuField changed value from 3 to 6
kwi 27, 2021 6:56:31 PM com.ad.sudoku.model.SudokuField setValue
INFO: SudokuField changed value from 6 to 5
kwi 27, 2021 6:56:31 PM com.ad.sudoku.model.SudokuField setValue
INFO: SudokuField changed value from 5 to 7
kwi 27, 2021 6:56:31 PM com.ad.sudoku.model.SudokuField setValue
INFO: SudokuField changed value from 7 to 4
kwi 27, 2021 6:56:31 PM com.ad.sudoku.model.SudokuField setValue
INFO: SudokuField changed value from 4 to 0
kwi 27, 2021 6:56:31 PM com.ad.sudoku.model.SudokuField setValue
INFO: SudokuField changed value from 1 to 9
kwi 27, 2021 6:56:31 PM com.ad.sudoku.model.SudokuField setValue
INFO: SudokuField changed value from 9 to 3
kwi 27, 2021 6:56:31 PM com.ad.sudoku.model.SudokuField setValue
INFO: SudokuField changed value from 3 to 7
kwi 27, 2021 6:56:31 PM com.ad.sudoku.model.SudokuField setValue
INFO: SudokuField changed value from 7 to 6
kwi 27, 2021 6:56:31 PM com.ad.sudoku.model.SudokuField setValue
INFO: SudokuField changed value from 6 to 5
kwi 27, 2021 6:56:31 PM com.ad.sudoku.model.SudokuField setValue
INFO: SudokuField changed value from 0 to 7
kwi 27, 2021 6:56:31 PM com.ad.sudoku.model.SudokuField setValue
INFO: SudokuField changed value from 7 to 8
kwi 27, 2021 6:56:31 PM com.ad.sudoku.model.SudokuField setValue
INFO: SudokuField changed value from 8 to 5
kwi 27, 2021 6:56:31 PM com.ad.sudoku.model.SudokuField setValue
INFO: SudokuField changed value from 5 to 4
kwi 27, 2021 6:56:31 PM com.ad.sudoku.model.SudokuField setValue
INFO: SudokuField changed value from 4 to 3
kwi 27, 2021 6:56:31 PM com.ad.sudoku.model.SudokuField setValue
INFO: SudokuField changed value from 3 to 2
kwi 27, 2021 6:56:31 PM com.ad.sudoku.model.SudokuField setValue
INFO: SudokuField changed value from 2 to 6
kwi 27, 2021 6:56:31 PM com.ad.sudoku.model.SudokuField setValue
INFO: SudokuField changed value from 6 to 1
kwi 27, 2021 6:56:31 PM com.ad.sudoku.model.SudokuField setValue
INFO: SudokuField changed value from 1 to 9
kwi 27, 2021 6:56:31 PM com.ad.sudoku.model.SudokuField setValue
INFO: SudokuField changed value from 9 to 0
kwi 27, 2021 6:56:31 PM com.ad.sudoku.model.SudokuField setValue
INFO: SudokuField changed value from 5 to 4
kwi 27, 2021 6:56:31 PM com.ad.sudoku.model.SudokuField setValue
INFO: SudokuField changed value from 4 to 8
kwi 27, 2021 6:56:31 PM com.ad.sudoku.model.SudokuField setValue
INFO: SudokuField changed value from 8 to 0
kwi 27, 2021 6:56:31 PM com.ad.sudoku.model.SudokuField setValue
INFO: SudokuField changed value from 2 to 4
kwi 27, 2021 6:56:31 PM com.ad.sudoku.model.SudokuField setValue
INFO: SudokuField changed value from 4 to 7
kwi 27, 2021 6:56:31 PM com.ad.sudoku.model.SudokuField setValue
INFO: SudokuField changed value from 7 to 1
kwi 27, 2021 6:56:31 PM com.ad.sudoku.model.SudokuField setValue
INFO: SudokuField changed value from 0 to 6
kwi 27, 2021 6:56:31 PM com.ad.sudoku.model.SudokuField setValue
INFO: SudokuField changed value from 6 to 5
kwi 27, 2021 6:56:31 PM com.ad.sudoku.model.SudokuField setValue
INFO: SudokuField changed value from 0 to 1
kwi 27, 2021 6:56:31 PM com.ad.sudoku.model.SudokuField setValue
INFO: SudokuField changed value from 1 to 4
kwi 27, 2021 6:56:31 PM com.ad.sudoku.model.SudokuField setValue
INFO: SudokuField changed value from 4 to 6
kwi 27, 2021 6:56:31 PM com.ad.sudoku.model.SudokuField setValue
INFO: SudokuField changed value from 6 to 5
kwi 27, 2021 6:56:31 PM com.ad.sudoku.model.SudokuField setValue
INFO: SudokuField changed value from 5 to 7
kwi 27, 2021 6:56:31 PM com.ad.sudoku.model.SudokuField setValue
INFO: SudokuField changed value from 7 to 8
kwi 27, 2021 6:56:31 PM com.ad.sudoku.model.SudokuField setValue
INFO: SudokuField changed value from 8 to 2
kwi 27, 2021 6:56:31 PM com.ad.sudoku.model.SudokuField setValue
INFO: SudokuField changed value from 0 to 9
kwi 27, 2021 6:56:31 PM com.ad.sudoku.model.SudokuField setValue
INFO: SudokuField changed value from 9 to 3
kwi 27, 2021 6:56:31 PM com.ad.sudoku.model.SudokuField setValue
INFO: SudokuField changed value from 3 to 5
kwi 27, 2021 6:56:31 PM com.ad.sudoku.model.SudokuField setValue
INFO: SudokuField changed value from 5 to 4
kwi 27, 2021 6:56:31 PM com.ad.sudoku.model.SudokuField setValue
INFO: SudokuField changed value from 4 to 8
kwi 27, 2021 6:56:31 PM com.ad.sudoku.model.SudokuField setValue
INFO: SudokuField changed value from 0 to 7
kwi 27, 2021 6:56:31 PM com.ad.sudoku.model.SudokuField setValue
INFO: SudokuField changed value from 7 to 1
kwi 27, 2021 6:56:31 PM com.ad.sudoku.model.SudokuField setValue
INFO: SudokuField changed value from 1 to 8
kwi 27, 2021 6:56:31 PM com.ad.sudoku.model.SudokuField setValue
INFO: SudokuField changed value from 8 to 4
kwi 27, 2021 6:56:31 PM com.ad.sudoku.model.SudokuField setValue
INFO: SudokuField changed value from 4 to 6
kwi 27, 2021 6:56:31 PM com.ad.sudoku.model.SudokuField setValue
INFO: SudokuField changed value from 6 to 5
kwi 27, 2021 6:56:31 PM com.ad.sudoku.model.SudokuField setValue
INFO: SudokuField changed value from 5 to 2
kwi 27, 2021 6:56:31 PM com.ad.sudoku.model.SudokuField setValue
INFO: SudokuField changed value from 0 to 6
kwi 27, 2021 6:56:31 PM com.ad.sudoku.model.SudokuField setValue
INFO: SudokuField changed value from 6 to 2
kwi 27, 2021 6:56:31 PM com.ad.sudoku.model.SudokuField setValue
INFO: SudokuField changed value from 2 to 1
kwi 27, 2021 6:56:31 PM com.ad.sudoku.model.SudokuField setValue
INFO: SudokuField changed value from 0 to 3
kwi 27, 2021 6:56:31 PM com.ad.sudoku.model.SudokuField setValue
INFO: SudokuField changed value from 3 to 8
kwi 27, 2021 6:56:31 PM com.ad.sudoku.model.SudokuField setValue
INFO: SudokuField changed value from 8 to 5
kwi 27, 2021 6:56:31 PM com.ad.sudoku.model.SudokuField setValue
INFO: SudokuField changed value from 0 to 3
kwi 27, 2021 6:56:31 PM com.ad.sudoku.model.SudokuField setValue
INFO: SudokuField changed value from 3 to 5
kwi 27, 2021 6:56:31 PM com.ad.sudoku.model.SudokuField setValue
INFO: SudokuField changed value from 5 to 2
kwi 27, 2021 6:56:31 PM com.ad.sudoku.model.SudokuField setValue
INFO: SudokuField changed value from 2 to 7
kwi 27, 2021 6:56:31 PM com.ad.sudoku.model.SudokuField setValue
INFO: SudokuField changed value from 7 to 6
kwi 27, 2021 6:56:31 PM com.ad.sudoku.model.SudokuField setValue
INFO: SudokuField changed value from 6 to 4
kwi 27, 2021 6:56:31 PM com.ad.sudoku.model.SudokuField setValue
INFO: SudokuField changed value from 4 to 8
kwi 27, 2021 6:56:31 PM com.ad.sudoku.model.SudokuField setValue
INFO: SudokuField changed value from 8 to 1
kwi 27, 2021 6:56:31 PM com.ad.sudoku.model.SudokuField setValue
INFO: SudokuField changed value from 1 to 9
kwi 27, 2021 6:56:31 PM com.ad.sudoku.model.SudokuField setValue
INFO: SudokuField changed value from 9 to 0
kwi 27, 2021 6:56:31 PM com.ad.sudoku.model.SudokuField setValue
INFO: SudokuField changed value from 5 to 7
kwi 27, 2021 6:56:31 PM com.ad.sudoku.model.SudokuField setValue
INFO: SudokuField changed value from 7 to 6
kwi 27, 2021 6:56:31 PM com.ad.sudoku.model.SudokuField setValue
INFO: SudokuField changed value from 6 to 1
kwi 27, 2021 6:56:31 PM com.ad.sudoku.model.SudokuField setValue
INFO: SudokuField changed value from 1 to 4
kwi 27, 2021 6:56:31 PM com.ad.sudoku.model.SudokuField setValue
INFO: SudokuField changed value from 4 to 9
kwi 27, 2021 6:56:31 PM com.ad.sudoku.model.SudokuField setValue
INFO: SudokuField changed value from 9 to 2
kwi 27, 2021 6:56:31 PM com.ad.sudoku.model.SudokuField setValue
INFO: SudokuField changed value from 2 to 0
kwi 27, 2021 6:56:31 PM com.ad.sudoku.model.SudokuField setValue
INFO: SudokuField changed value from 1 to 9
kwi 27, 2021 6:56:31 PM com.ad.sudoku.model.SudokuField setValue
INFO: SudokuField changed value from 9 to 4
kwi 27, 2021 6:56:31 PM com.ad.sudoku.model.SudokuField setValue
INFO: SudokuField changed value from 4 to 8
kwi 27, 2021 6:56:31 PM com.ad.sudoku.model.SudokuField setValue
INFO: SudokuField changed value from 8 to 3
kwi 27, 2021 6:56:31 PM com.ad.sudoku.model.SudokuField setValue
INFO: SudokuField changed value from 3 to 7
kwi 27, 2021 6:56:31 PM com.ad.sudoku.model.SudokuField setValue
INFO: SudokuField changed value from 7 to 5
kwi 27, 2021 6:56:31 PM com.ad.sudoku.model.SudokuField setValue
INFO: SudokuField changed value from 0 to 1
kwi 27, 2021 6:56:31 PM com.ad.sudoku.model.SudokuField setValue
INFO: SudokuField changed value from 0 to 6
kwi 27, 2021 6:56:31 PM com.ad.sudoku.model.SudokuField setValue
INFO: SudokuField changed value from 6 to 1
kwi 27, 2021 6:56:31 PM com.ad.sudoku.model.SudokuField setValue
INFO: SudokuField changed value from 1 to 4
kwi 27, 2021 6:56:31 PM com.ad.sudoku.model.SudokuField setValue
INFO: SudokuField changed value from 4 to 2
kwi 27, 2021 6:56:31 PM com.ad.sudoku.model.SudokuField setValue
INFO: SudokuField changed value from 2 to 7
kwi 27, 2021 6:56:31 PM com.ad.sudoku.model.SudokuField setValue
INFO: SudokuField changed value from 7 to 8
kwi 27, 2021 6:56:31 PM com.ad.sudoku.model.SudokuField setValue
INFO: SudokuField changed value from 8 to 5
kwi 27, 2021 6:56:31 PM com.ad.sudoku.model.SudokuField setValue
INFO: SudokuField changed value from 5 to 9
kwi 27, 2021 6:56:31 PM com.ad.sudoku.model.SudokuField setValue
INFO: SudokuField changed value from 9 to 3
kwi 27, 2021 6:56:31 PM com.ad.sudoku.model.SudokuField setValue
INFO: SudokuField changed value from 3 to 0
kwi 27, 2021 6:56:31 PM com.ad.sudoku.model.SudokuField setValue
INFO: SudokuField changed value from 1 to 8
kwi 27, 2021 6:56:31 PM com.ad.sudoku.model.SudokuField setValue
INFO: SudokuField changed value from 8 to 6
kwi 27, 2021 6:56:31 PM com.ad.sudoku.model.SudokuField setValue
INFO: SudokuField changed value from 6 to 4
kwi 27, 2021 6:56:31 PM com.ad.sudoku.model.SudokuField setValue
INFO: SudokuField changed value from 4 to 2
kwi 27, 2021 6:56:31 PM com.ad.sudoku.model.SudokuField setValue
INFO: SudokuField changed value from 2 to 5
kwi 27, 2021 6:56:31 PM com.ad.sudoku.model.SudokuField setValue
INFO: SudokuField changed value from 5 to 3
kwi 27, 2021 6:56:31 PM com.ad.sudoku.model.SudokuField setValue
INFO: SudokuField changed value from 3 to 7
kwi 27, 2021 6:56:31 PM com.ad.sudoku.model.SudokuField setValue
INFO: SudokuField changed value from 7 to 9
kwi 27, 2021 6:56:31 PM com.ad.sudoku.model.SudokuField setValue
INFO: SudokuField changed value from 9 to 0
kwi 27, 2021 6:56:31 PM com.ad.sudoku.model.SudokuField setValue
INFO: SudokuField changed value from 5 to 0
kwi 27, 2021 6:56:31 PM com.ad.sudoku.model.SudokuField setValue
INFO: SudokuField changed value from 2 to 9
kwi 27, 2021 6:56:31 PM com.ad.sudoku.model.SudokuField setValue
INFO: SudokuField changed value from 0 to 3
kwi 27, 2021 6:56:31 PM com.ad.sudoku.model.SudokuField setValue
INFO: SudokuField changed value from 3 to 2
kwi 27, 2021 6:56:31 PM com.ad.sudoku.model.SudokuField setValue
INFO: SudokuField changed value from 2 to 4
kwi 27, 2021 6:56:31 PM com.ad.sudoku.model.SudokuField setValue
INFO: SudokuField changed value from 4 to 6
kwi 27, 2021 6:56:31 PM com.ad.sudoku.model.SudokuField setValue
INFO: SudokuField changed value from 6 to 8
kwi 27, 2021 6:56:31 PM com.ad.sudoku.model.SudokuField setValue
INFO: SudokuField changed value from 8 to 9
kwi 27, 2021 6:56:31 PM com.ad.sudoku.model.SudokuField setValue
INFO: SudokuField changed value from 9 to 7
kwi 27, 2021 6:56:31 PM com.ad.sudoku.model.SudokuField setValue
INFO: SudokuField changed value from 7 to 1
kwi 27, 2021 6:56:31 PM com.ad.sudoku.model.SudokuField setValue
INFO: SudokuField changed value from 0 to 5
kwi 27, 2021 6:56:31 PM com.ad.sudoku.model.SudokuField setValue
INFO: SudokuField changed value from 0 to 3
kwi 27, 2021 6:56:31 PM com.ad.sudoku.model.SudokuField setValue
INFO: SudokuField changed value from 3 to 8
kwi 27, 2021 6:56:31 PM com.ad.sudoku.model.SudokuField setValue
INFO: SudokuField changed value from 8 to 9
kwi 27, 2021 6:56:31 PM com.ad.sudoku.model.SudokuField setValue
INFO: SudokuField changed value from 9 to 6
kwi 27, 2021 6:56:31 PM com.ad.sudoku.model.SudokuField setValue
INFO: SudokuField changed value from 6 to 4
kwi 27, 2021 6:56:31 PM com.ad.sudoku.model.SudokuField setValue
INFO: SudokuField changed value from 4 to 1
kwi 27, 2021 6:56:31 PM com.ad.sudoku.model.SudokuField setValue
INFO: SudokuField changed value from 1 to 7
kwi 27, 2021 6:56:31 PM com.ad.sudoku.model.SudokuField setValue
INFO: SudokuField changed value from 7 to 2
kwi 27, 2021 6:56:31 PM com.ad.sudoku.model.SudokuField setValue
INFO: SudokuField changed value from 2 to 5
kwi 27, 2021 6:56:31 PM com.ad.sudoku.model.SudokuField setValue
INFO: SudokuField changed value from 5 to 0
kwi 27, 2021 6:56:31 PM com.ad.sudoku.model.SudokuField setValue
INFO: SudokuField changed value from 5 to 2
kwi 27, 2021 6:56:31 PM com.ad.sudoku.model.SudokuField setValue
INFO: SudokuField changed value from 2 to 3
kwi 27, 2021 6:56:31 PM com.ad.sudoku.model.SudokuField setValue
INFO: SudokuField changed value from 3 to 8
kwi 27, 2021 6:56:31 PM com.ad.sudoku.model.SudokuField setValue
INFO: SudokuField changed value from 8 to 6
kwi 27, 2021 6:56:31 PM com.ad.sudoku.model.SudokuField setValue
INFO: SudokuField changed value from 6 to 9
kwi 27, 2021 6:56:31 PM com.ad.sudoku.model.SudokuField setValue
INFO: SudokuField changed value from 9 to 1
kwi 27, 2021 6:56:31 PM com.ad.sudoku.model.SudokuField setValue
INFO: SudokuField changed value from 1 to 4
kwi 27, 2021 6:56:31 PM com.ad.sudoku.model.SudokuField setValue
INFO: SudokuField changed value from 4 to 7
kwi 27, 2021 6:56:31 PM com.ad.sudoku.model.SudokuField setValue
INFO: SudokuField changed value from 7 to 0
kwi 27, 2021 6:56:31 PM com.ad.sudoku.model.SudokuField setValue
INFO: SudokuField changed value from 1 to 5
kwi 27, 2021 6:56:31 PM com.ad.sudoku.model.SudokuField setValue
INFO: SudokuField changed value from 0 to 3
kwi 27, 2021 6:56:31 PM com.ad.sudoku.model.SudokuField setValue
INFO: SudokuField changed value from 3 to 8
kwi 27, 2021 6:56:31 PM com.ad.sudoku.model.SudokuField setValue
INFO: SudokuField changed value from 8 to 9
kwi 27, 2021 6:56:31 PM com.ad.sudoku.model.SudokuField setValue
INFO: SudokuField changed value from 9 to 4
kwi 27, 2021 6:56:31 PM com.ad.sudoku.model.SudokuField setValue
INFO: SudokuField changed value from 4 to 1
kwi 27, 2021 6:56:31 PM com.ad.sudoku.model.SudokuField setValue
INFO: SudokuField changed value from 0 to 9
kwi 27, 2021 6:56:31 PM com.ad.sudoku.model.SudokuField setValue
INFO: SudokuField changed value from 9 to 3
kwi 27, 2021 6:56:31 PM com.ad.sudoku.model.SudokuField setValue
INFO: SudokuField changed value from 3 to 1
kwi 27, 2021 6:56:31 PM com.ad.sudoku.model.SudokuField setValue
INFO: SudokuField changed value from 1 to 6
kwi 27, 2021 6:56:31 PM com.ad.sudoku.model.SudokuField setValue
INFO: SudokuField changed value from 6 to 8
kwi 27, 2021 6:56:31 PM com.ad.sudoku.model.SudokuField setValue
INFO: SudokuField changed value from 8 to 4
kwi 27, 2021 6:56:31 PM com.ad.sudoku.model.SudokuField setValue
INFO: SudokuField changed value from 4 to 7
kwi 27, 2021 6:56:31 PM com.ad.sudoku.model.SudokuField setValue
INFO: SudokuField changed value from 7 to 5
kwi 27, 2021 6:56:31 PM com.ad.sudoku.model.SudokuField setValue
INFO: SudokuField changed value from 5 to 2
kwi 27, 2021 6:56:31 PM com.ad.sudoku.model.SudokuField setValue
INFO: SudokuField changed value from 2 to 0
kwi 27, 2021 6:56:31 PM com.ad.sudoku.model.SudokuField setValue
INFO: SudokuField changed value from 1 to 7
kwi 27, 2021 6:56:31 PM com.ad.sudoku.model.SudokuField setValue
INFO: SudokuField changed value from 7 to 5
kwi 27, 2021 6:56:31 PM com.ad.sudoku.model.SudokuField setValue
INFO: SudokuField changed value from 5 to 6
kwi 27, 2021 6:56:31 PM com.ad.sudoku.model.SudokuField setValue
INFO: SudokuField changed value from 6 to 2
kwi 27, 2021 6:56:31 PM com.ad.sudoku.model.SudokuField setValue
INFO: SudokuField changed value from 2 to 0
kwi 27, 2021 6:56:31 PM com.ad.sudoku.model.SudokuField setValue
INFO: SudokuField changed value from 5 to 0
kwi 27, 2021 6:56:31 PM com.ad.sudoku.model.SudokuField setValue
INFO: SudokuField changed value from 9 to 3
kwi 27, 2021 6:56:31 PM com.ad.sudoku.model.SudokuField setValue
INFO: SudokuField changed value from 3 to 0
kwi 27, 2021 6:56:31 PM com.ad.sudoku.model.SudokuField setValue
INFO: SudokuField changed value from 8 to 1
kwi 27, 2021 6:56:31 PM com.ad.sudoku.model.SudokuField setValue
INFO: SudokuField changed value from 0 to 5
kwi 27, 2021 6:56:31 PM com.ad.sudoku.model.SudokuField setValue
INFO: SudokuField changed value from 5 to 9
kwi 27, 2021 6:56:31 PM com.ad.sudoku.model.SudokuField setValue
INFO: SudokuField changed value from 0 to 2
kwi 27, 2021 6:56:31 PM com.ad.sudoku.model.SudokuField setValue
INFO: SudokuField changed value from 2 to 5
kwi 27, 2021 6:56:31 PM com.ad.sudoku.model.SudokuField setValue
INFO: SudokuField changed value from 0 to 9
kwi 27, 2021 6:56:31 PM com.ad.sudoku.model.SudokuField setValue
INFO: SudokuField changed value from 9 to 7
kwi 27, 2021 6:56:31 PM com.ad.sudoku.model.SudokuField setValue
INFO: SudokuField changed value from 7 to 8
kwi 27, 2021 6:56:31 PM com.ad.sudoku.model.SudokuField setValue
INFO: SudokuField changed value from 8 to 5
kwi 27, 2021 6:56:31 PM com.ad.sudoku.model.SudokuField setValue
INFO: SudokuField changed value from 5 to 3
kwi 27, 2021 6:56:31 PM com.ad.sudoku.model.SudokuField setValue
INFO: SudokuField changed value from 3 to 6
kwi 27, 2021 6:56:31 PM com.ad.sudoku.model.SudokuField setValue
INFO: SudokuField changed value from 6 to 1
kwi 27, 2021 6:56:31 PM com.ad.sudoku.model.SudokuField setValue
INFO: SudokuField changed value from 1 to 4
kwi 27, 2021 6:56:31 PM com.ad.sudoku.model.SudokuField setValue
INFO: SudokuField changed value from 4 to 2
kwi 27, 2021 6:56:31 PM com.ad.sudoku.model.SudokuField setValue
INFO: SudokuField changed value from 2 to 0
kwi 27, 2021 6:56:31 PM com.ad.sudoku.model.SudokuField setValue
INFO: SudokuField changed value from 5 to 7
kwi 27, 2021 6:56:31 PM com.ad.sudoku.model.SudokuField setValue
INFO: SudokuField changed value from 7 to 3
kwi 27, 2021 6:56:31 PM com.ad.sudoku.model.SudokuField setValue
INFO: SudokuField changed value from 3 to 8
kwi 27, 2021 6:56:31 PM com.ad.sudoku.model.SudokuField setValue
INFO: SudokuField changed value from 8 to 6
kwi 27, 2021 6:56:31 PM com.ad.sudoku.model.SudokuField setValue
INFO: SudokuField changed value from 6 to 1
kwi 27, 2021 6:56:31 PM com.ad.sudoku.model.SudokuField setValue
INFO: SudokuField changed value from 1 to 4
kwi 27, 2021 6:56:31 PM com.ad.sudoku.model.SudokuField setValue
INFO: SudokuField changed value from 4 to 9
kwi 27, 2021 6:56:31 PM com.ad.sudoku.model.SudokuField setValue
INFO: SudokuField changed value from 9 to 0
kwi 27, 2021 6:56:31 PM com.ad.sudoku.model.SudokuField setValue
INFO: SudokuField changed value from 9 to 3
kwi 27, 2021 6:56:31 PM com.ad.sudoku.model.SudokuField setValue
INFO: SudokuField changed value from 3 to 4
kwi 27, 2021 6:56:31 PM com.ad.sudoku.model.SudokuField setValue
INFO: SudokuField changed value from 4 to 6
kwi 27, 2021 6:56:31 PM com.ad.sudoku.model.SudokuField setValue
INFO: SudokuField changed value from 6 to 2
kwi 27, 2021 6:56:31 PM com.ad.sudoku.model.SudokuField setValue
INFO: SudokuField changed value from 0 to 2
kwi 27, 2021 6:56:31 PM com.ad.sudoku.model.SudokuField setValue
INFO: SudokuField changed value from 2 to 6
kwi 27, 2021 6:56:31 PM com.ad.sudoku.model.SudokuField setValue
INFO: SudokuField changed value from 6 to 3
kwi 27, 2021 6:56:31 PM com.ad.sudoku.model.SudokuField setValue
INFO: SudokuField changed value from 3 to 1
kwi 27, 2021 6:56:31 PM com.ad.sudoku.model.SudokuField setValue
INFO: SudokuField changed value from 1 to 4
kwi 27, 2021 6:56:31 PM com.ad.sudoku.model.SudokuField setValue
INFO: SudokuField changed value from 4 to 8
kwi 27, 2021 6:56:31 PM com.ad.sudoku.model.SudokuField setValue
INFO: SudokuField changed value from 8 to 9
kwi 27, 2021 6:56:31 PM com.ad.sudoku.model.SudokuField setValue
INFO: SudokuField changed value from 9 to 7
kwi 27, 2021 6:56:31 PM com.ad.sudoku.model.SudokuField setValue
INFO: SudokuField changed value from 7 to 5
kwi 27, 2021 6:56:31 PM com.ad.sudoku.model.SudokuField setValue
INFO: SudokuField changed value from 0 to 8
kwi 27, 2021 6:56:31 PM com.ad.sudoku.model.SudokuField setValue
INFO: SudokuField changed value from 8 to 9
kwi 27, 2021 6:56:31 PM com.ad.sudoku.model.SudokuField setValue
INFO: SudokuField changed value from 9 to 3
kwi 27, 2021 6:56:31 PM com.ad.sudoku.model.SudokuField setValue
INFO: SudokuField changed value from 3 to 1
kwi 27, 2021 6:56:31 PM com.ad.sudoku.model.SudokuField setValue
INFO: SudokuField changed value from 1 to 4
kwi 27, 2021 6:56:31 PM com.ad.sudoku.model.SudokuField setValue
INFO: SudokuField changed value from 4 to 2
kwi 27, 2021 6:56:31 PM com.ad.sudoku.model.SudokuField setValue
INFO: SudokuField changed value from 2 to 7
kwi 27, 2021 6:56:31 PM com.ad.sudoku.model.SudokuField setValue
INFO: SudokuField changed value from 7 to 5
kwi 27, 2021 6:56:31 PM com.ad.sudoku.model.SudokuField setValue
INFO: SudokuField changed value from 5 to 6
kwi 27, 2021 6:56:31 PM com.ad.sudoku.model.SudokuField setValue
INFO: SudokuField changed value from 6 to 0
kwi 27, 2021 6:56:31 PM com.ad.sudoku.model.SudokuField setValue
INFO: SudokuField changed value from 5 to 0
kwi 27, 2021 6:56:31 PM com.ad.sudoku.model.SudokuField setValue
INFO: SudokuField changed value from 2 to 8
kwi 27, 2021 6:56:31 PM com.ad.sudoku.model.SudokuField setValue
INFO: SudokuField changed value from 8 to 7
kwi 27, 2021 6:56:31 PM com.ad.sudoku.model.SudokuField setValue
INFO: SudokuField changed value from 7 to 1
kwi 27, 2021 6:56:31 PM com.ad.sudoku.model.SudokuField setValue
INFO: SudokuField changed value from 1 to 0
kwi 27, 2021 6:56:31 PM com.ad.sudoku.model.SudokuField setValue
INFO: SudokuField changed value from 1 to 7
kwi 27, 2021 6:56:31 PM com.ad.sudoku.model.SudokuField setValue
INFO: SudokuField changed value from 7 to 6
kwi 27, 2021 6:56:31 PM com.ad.sudoku.model.SudokuField setValue
INFO: SudokuField changed value from 6 to 2
kwi 27, 2021 6:56:31 PM com.ad.sudoku.model.SudokuField setValue
INFO: SudokuField changed value from 0 to 3
kwi 27, 2021 6:56:31 PM com.ad.sudoku.model.SudokuField setValue
INFO: SudokuField changed value from 3 to 5
kwi 27, 2021 6:56:31 PM com.ad.sudoku.model.SudokuField setValue
INFO: SudokuField changed value from 5 to 4
kwi 27, 2021 6:56:31 PM com.ad.sudoku.model.SudokuField setValue
INFO: SudokuField changed value from 4 to 7
kwi 27, 2021 6:56:31 PM com.ad.sudoku.model.SudokuField setValue
INFO: SudokuField changed value from 7 to 2
kwi 27, 2021 6:56:31 PM com.ad.sudoku.model.SudokuField setValue
INFO: SudokuField changed value from 2 to 6
kwi 27, 2021 6:56:31 PM com.ad.sudoku.model.SudokuField setValue
INFO: SudokuField changed value from 6 to 1
kwi 27, 2021 6:56:31 PM com.ad.sudoku.model.SudokuField setValue
INFO: SudokuField changed value from 1 to 8
kwi 27, 2021 6:56:31 PM com.ad.sudoku.model.SudokuField setValue
INFO: SudokuField changed value from 8 to 9
kwi 27, 2021 6:56:31 PM com.ad.sudoku.model.SudokuField setValue
INFO: SudokuField changed value from 0 to 8
kwi 27, 2021 6:56:31 PM com.ad.sudoku.model.SudokuField setValue
INFO: SudokuField changed value from 8 to 3
kwi 27, 2021 6:56:31 PM com.ad.sudoku.model.SudokuField setValue
INFO: SudokuField changed value from 3 to 4
kwi 27, 2021 6:56:31 PM com.ad.sudoku.model.SudokuField setValue
INFO: SudokuField changed value from 4 to 2
kwi 27, 2021 6:56:31 PM com.ad.sudoku.model.SudokuField setValue
INFO: SudokuField changed value from 2 to 7
kwi 27, 2021 6:56:31 PM com.ad.sudoku.model.SudokuField setValue
INFO: SudokuField changed value from 7 to 6
kwi 27, 2021 6:56:31 PM com.ad.sudoku.model.SudokuField setValue
INFO: SudokuField changed value from 6 to 1
kwi 27, 2021 6:56:31 PM com.ad.sudoku.model.SudokuField setValue
INFO: SudokuField changed value from 0 to 7
kwi 27, 2021 6:56:31 PM com.ad.sudoku.model.SudokuField setValue
INFO: SudokuField changed value from 7 to 4
kwi 27, 2021 6:56:31 PM com.ad.sudoku.model.SudokuField setValue
INFO: SudokuField changed value from 4 to 1
kwi 27, 2021 6:56:31 PM com.ad.sudoku.model.SudokuField setValue
INFO: SudokuField changed value from 1 to 2
kwi 27, 2021 6:56:31 PM com.ad.sudoku.model.SudokuField setValue
INFO: SudokuField changed value from 2 to 9
kwi 27, 2021 6:56:31 PM com.ad.sudoku.model.SudokuField setValue
INFO: SudokuField changed value from 9 to 6
kwi 27, 2021 6:56:31 PM com.ad.sudoku.model.SudokuField setValue
INFO: SudokuField changed value from 6 to 8
kwi 27, 2021 6:56:31 PM com.ad.sudoku.model.SudokuField setValue
INFO: SudokuField changed value from 8 to 3
kwi 27, 2021 6:56:31 PM com.ad.sudoku.model.SudokuField setValue
INFO: SudokuField changed value from 3 to 5
kwi 27, 2021 6:56:31 PM com.ad.sudoku.model.SudokuField setValue
INFO: SudokuField changed value from 0 to 7
kwi 27, 2021 6:56:31 PM com.ad.sudoku.model.SudokuField setValue
INFO: SudokuField changed value from 7 to 3
kwi 27, 2021 6:56:31 PM com.ad.sudoku.model.SudokuField setValue
INFO: SudokuField changed value from 3 to 4
kwi 27, 2021 6:56:31 PM com.ad.sudoku.model.SudokuField setValue
INFO: SudokuField changed value from 4 to 9
kwi 27, 2021 6:56:31 PM com.ad.sudoku.model.SudokuField setValue
INFO: SudokuField changed value from 9 to 2
kwi 27, 2021 6:56:31 PM com.ad.sudoku.model.SudokuField setValue
INFO: SudokuField changed value from 2 to 5
kwi 27, 2021 6:56:31 PM com.ad.sudoku.model.SudokuField setValue
INFO: SudokuField changed value from 5 to 6
kwi 27, 2021 6:56:31 PM com.ad.sudoku.model.SudokuField setValue
INFO: SudokuField changed value from 6 to 8
kwi 27, 2021 6:56:31 PM com.ad.sudoku.model.SudokuField setValue
INFO: SudokuField changed value from 8 to 1
kwi 27, 2021 6:56:31 PM com.ad.sudoku.model.SudokuField setValue
INFO: SudokuField changed value from 1 to 0
kwi 27, 2021 6:56:31 PM com.ad.sudoku.model.SudokuField setValue
INFO: SudokuField changed value from 5 to 0
kwi 27, 2021 6:56:31 PM com.ad.sudoku.model.SudokuField setValue
INFO: SudokuField changed value from 1 to 5
kwi 27, 2021 6:56:31 PM com.ad.sudoku.model.SudokuField setValue
INFO: SudokuField changed value from 0 to 3
kwi 27, 2021 6:56:31 PM com.ad.sudoku.model.SudokuField setValue
INFO: SudokuField changed value from 3 to 4
kwi 27, 2021 6:56:31 PM com.ad.sudoku.model.SudokuField setValue
INFO: SudokuField changed value from 4 to 5
kwi 27, 2021 6:56:31 PM com.ad.sudoku.model.SudokuField setValue
INFO: SudokuField changed value from 5 to 7
kwi 27, 2021 6:56:31 PM com.ad.sudoku.model.SudokuField setValue
INFO: SudokuField changed value from 7 to 8
kwi 27, 2021 6:56:31 PM com.ad.sudoku.model.SudokuField setValue
INFO: SudokuField changed value from 8 to 9
kwi 27, 2021 6:56:31 PM com.ad.sudoku.model.SudokuField setValue
INFO: SudokuField changed value from 9 to 6
kwi 27, 2021 6:56:31 PM com.ad.sudoku.model.SudokuField setValue
INFO: SudokuField changed value from 6 to 1
kwi 27, 2021 6:56:31 PM com.ad.sudoku.model.SudokuField setValue
INFO: SudokuField changed value from 0 to 4
kwi 27, 2021 6:56:31 PM com.ad.sudoku.model.SudokuField setValue
INFO: SudokuField changed value from 4 to 6
kwi 27, 2021 6:56:31 PM com.ad.sudoku.model.SudokuField setValue
INFO: SudokuField changed value from 6 to 2
kwi 27, 2021 6:56:31 PM com.ad.sudoku.model.SudokuField setValue
INFO: SudokuField changed value from 2 to 3
kwi 27, 2021 6:56:31 PM com.ad.sudoku.model.SudokuField setValue
INFO: SudokuField changed value from 3 to 5
kwi 27, 2021 6:56:31 PM com.ad.sudoku.model.SudokuField setValue
INFO: SudokuField changed value from 5 to 7
kwi 27, 2021 6:56:31 PM com.ad.sudoku.model.SudokuField setValue
INFO: SudokuField changed value from 7 to 9
kwi 27, 2021 6:56:31 PM com.ad.sudoku.model.SudokuField setValue
INFO: SudokuField changed value from 9 to 1
kwi 27, 2021 6:56:31 PM com.ad.sudoku.model.SudokuField setValue
INFO: SudokuField changed value from 1 to 8
kwi 27, 2021 6:56:31 PM com.ad.sudoku.model.SudokuField setValue
INFO: SudokuField changed value from 8 to 0
kwi 27, 2021 6:56:31 PM com.ad.sudoku.model.SudokuField setValue
INFO: SudokuField changed value from 1 to 2
kwi 27, 2021 6:56:31 PM com.ad.sudoku.model.SudokuField setValue
INFO: SudokuField changed value from 2 to 0
kwi 27, 2021 6:56:31 PM com.ad.sudoku.model.SudokuField setValue
INFO: SudokuField changed value from 5 to 9
kwi 27, 2021 6:56:31 PM com.ad.sudoku.model.SudokuField setValue
INFO: SudokuField changed value from 9 to 0
kwi 27, 2021 6:56:31 PM com.ad.sudoku.model.SudokuField setValue
INFO: SudokuField changed value from 9 to 0
kwi 27, 2021 6:56:31 PM com.ad.sudoku.model.SudokuField setValue
INFO: SudokuField changed value from 2 to 0
kwi 27, 2021 6:56:31 PM com.ad.sudoku.model.SudokuField setValue
INFO: SudokuField changed value from 2 to 3
kwi 27, 2021 6:56:31 PM com.ad.sudoku.model.SudokuField setValue
INFO: SudokuField changed value from 3 to 9
kwi 27, 2021 6:56:31 PM com.ad.sudoku.model.SudokuField setValue
INFO: SudokuField changed value from 9 to 0
kwi 27, 2021 6:56:31 PM com.ad.sudoku.model.SudokuField setValue
INFO: SudokuField changed value from 5 to 9
kwi 27, 2021 6:56:31 PM com.ad.sudoku.model.SudokuField setValue
INFO: SudokuField changed value from 9 to 1
kwi 27, 2021 6:56:31 PM com.ad.sudoku.model.SudokuField setValue
INFO: SudokuField changed value from 1 to 8
kwi 27, 2021 6:56:31 PM com.ad.sudoku.model.SudokuField setValue
INFO: SudokuField changed value from 8 to 3
kwi 27, 2021 6:56:31 PM com.ad.sudoku.model.SudokuField setValue
INFO: SudokuField changed value from 3 to 2
kwi 27, 2021 6:56:31 PM com.ad.sudoku.model.SudokuField setValue
INFO: SudokuField changed value from 2 to 7
kwi 27, 2021 6:56:31 PM com.ad.sudoku.model.SudokuField setValue
INFO: SudokuField changed value from 7 to 4
kwi 27, 2021 6:56:31 PM com.ad.sudoku.model.SudokuField setValue
INFO: SudokuField changed value from 4 to 0
kwi 27, 2021 6:56:31 PM com.ad.sudoku.model.SudokuField setValue
INFO: SudokuField changed value from 1 to 9
kwi 27, 2021 6:56:31 PM com.ad.sudoku.model.SudokuField setValue
INFO: SudokuField changed value from 9 to 8
kwi 27, 2021 6:56:31 PM com.ad.sudoku.model.SudokuField setValue
INFO: SudokuField changed value from 8 to 6
kwi 27, 2021 6:56:31 PM com.ad.sudoku.model.SudokuField setValue
INFO: SudokuField changed value from 6 to 3
kwi 27, 2021 6:56:31 PM com.ad.sudoku.model.SudokuField setValue
INFO: SudokuField changed value from 3 to 5
kwi 27, 2021 6:56:31 PM com.ad.sudoku.model.SudokuField setValue
INFO: SudokuField changed value from 5 to 0
kwi 27, 2021 6:56:31 PM com.ad.sudoku.model.SudokuField setValue
INFO: SudokuField changed value from 8 to 3
kwi 27, 2021 6:56:31 PM com.ad.sudoku.model.SudokuField setValue
INFO: SudokuField changed value from 3 to 4
kwi 27, 2021 6:56:31 PM com.ad.sudoku.model.SudokuField setValue
INFO: SudokuField changed value from 4 to 6
kwi 27, 2021 6:56:31 PM com.ad.sudoku.model.SudokuField setValue
INFO: SudokuField changed value from 6 to 0
kwi 27, 2021 6:56:31 PM com.ad.sudoku.model.SudokuField setValue
INFO: SudokuField changed value from 3 to 2
kwi 27, 2021 6:56:31 PM com.ad.sudoku.model.SudokuField setValue
INFO: SudokuField changed value from 0 to 8
kwi 27, 2021 6:56:31 PM com.ad.sudoku.model.SudokuField setValue
INFO: SudokuField changed value from 0 to 9
kwi 27, 2021 6:56:31 PM com.ad.sudoku.model.SudokuField setValue
INFO: SudokuField changed value from 9 to 7
kwi 27, 2021 6:56:31 PM com.ad.sudoku.model.SudokuField setValue
INFO: SudokuField changed value from 7 to 1
kwi 27, 2021 6:56:31 PM com.ad.sudoku.model.SudokuField setValue
INFO: SudokuField changed value from 0 to 4
kwi 27, 2021 6:56:31 PM com.ad.sudoku.model.SudokuField setValue
INFO: SudokuField changed value from 4 to 2
kwi 27, 2021 6:56:31 PM com.ad.sudoku.model.SudokuField setValue
INFO: SudokuField changed value from 2 to 9
kwi 27, 2021 6:56:31 PM com.ad.sudoku.model.SudokuField setValue
INFO: SudokuField changed value from 9 to 3
kwi 27, 2021 6:56:31 PM com.ad.sudoku.model.SudokuField setValue
INFO: SudokuField changed value from 3 to 7
kwi 27, 2021 6:56:31 PM com.ad.sudoku.model.SudokuField setValue
INFO: SudokuField changed value from 7 to 5
kwi 27, 2021 6:56:31 PM com.ad.sudoku.model.SudokuField setValue
INFO: SudokuField changed value from 0 to 7
kwi 27, 2021 6:56:31 PM com.ad.sudoku.model.SudokuField setValue
INFO: SudokuField changed value from 7 to 1
kwi 27, 2021 6:56:31 PM com.ad.sudoku.model.SudokuField setValue
INFO: SudokuField changed value from 1 to 2
kwi 27, 2021 6:56:31 PM com.ad.sudoku.model.SudokuField setValue
INFO: SudokuField changed value from 2 to 8
kwi 27, 2021 6:56:31 PM com.ad.sudoku.model.SudokuField setValue
INFO: SudokuField changed value from 8 to 6
kwi 27, 2021 6:56:31 PM com.ad.sudoku.model.SudokuField setValue
INFO: SudokuField changed value from 6 to 5
kwi 27, 2021 6:56:31 PM com.ad.sudoku.model.SudokuField setValue
INFO: SudokuField changed value from 5 to 4
kwi 27, 2021 6:56:31 PM com.ad.sudoku.model.SudokuField setValue
INFO: SudokuField changed value from 4 to 9
kwi 27, 2021 6:56:31 PM com.ad.sudoku.model.SudokuField setValue
INFO: SudokuField changed value from 9 to 3
kwi 27, 2021 6:56:31 PM com.ad.sudoku.model.SudokuField setValue
INFO: SudokuField changed value from 3 to 0
kwi 27, 2021 6:56:31 PM com.ad.sudoku.model.SudokuField setValue
INFO: SudokuField changed value from 5 to 8
kwi 27, 2021 6:56:31 PM com.ad.sudoku.model.SudokuField setValue
INFO: SudokuField changed value from 8 to 6
kwi 27, 2021 6:56:31 PM com.ad.sudoku.model.SudokuField setValue
INFO: SudokuField changed value from 6 to 1
kwi 27, 2021 6:56:31 PM com.ad.sudoku.model.SudokuField setValue
INFO: SudokuField changed value from 1 to 0
kwi 27, 2021 6:56:31 PM com.ad.sudoku.model.SudokuField setValue
INFO: SudokuField changed value from 1 to 2
kwi 27, 2021 6:56:31 PM com.ad.sudoku.model.SudokuField setValue
INFO: SudokuField changed value from 2 to 4
kwi 27, 2021 6:56:31 PM com.ad.sudoku.model.SudokuField setValue
INFO: SudokuField changed value from 4 to 6
kwi 27, 2021 6:56:31 PM com.ad.sudoku.model.SudokuField setValue
INFO: SudokuField changed value from 6 to 8
kwi 27, 2021 6:56:31 PM com.ad.sudoku.model.SudokuField setValue
INFO: SudokuField changed value from 8 to 3
kwi 27, 2021 6:56:31 PM com.ad.sudoku.model.SudokuField setValue
INFO: SudokuField changed value from 3 to 5
kwi 27, 2021 6:56:31 PM com.ad.sudoku.model.SudokuField setValue
INFO: SudokuField changed value from 5 to 0
kwi 27, 2021 6:56:31 PM com.ad.sudoku.model.SudokuField setValue
INFO: SudokuField changed value from 8 to 2
kwi 27, 2021 6:56:31 PM com.ad.sudoku.model.SudokuField setValue
INFO: SudokuField changed value from 2 to 6
kwi 27, 2021 6:56:31 PM com.ad.sudoku.model.SudokuField setValue
INFO: SudokuField changed value from 6 to 9
kwi 27, 2021 6:56:31 PM com.ad.sudoku.model.SudokuField setValue
INFO: SudokuField changed value from 9 to 3
kwi 27, 2021 6:56:31 PM com.ad.sudoku.model.SudokuField setValue
INFO: SudokuField changed value from 3 to 7
kwi 27, 2021 6:56:31 PM com.ad.sudoku.model.SudokuField setValue
INFO: SudokuField changed value from 7 to 1
kwi 27, 2021 6:56:31 PM com.ad.sudoku.model.SudokuField setValue
INFO: SudokuField changed value from 0 to 7
kwi 27, 2021 6:56:31 PM com.ad.sudoku.model.SudokuField setValue
INFO: SudokuField changed value from 7 to 6
kwi 27, 2021 6:56:31 PM com.ad.sudoku.model.SudokuField setValue
INFO: SudokuField changed value from 6 to 4
kwi 27, 2021 6:56:31 PM com.ad.sudoku.model.SudokuField setValue
INFO: SudokuField changed value from 4 to 8
kwi 27, 2021 6:56:31 PM com.ad.sudoku.model.SudokuField setValue
INFO: SudokuField changed value from 8 to 9
kwi 27, 2021 6:56:31 PM com.ad.sudoku.model.SudokuField setValue
INFO: SudokuField changed value from 9 to 2
kwi 27, 2021 6:56:31 PM com.ad.sudoku.model.SudokuField setValue
INFO: SudokuField changed value from 2 to 1
kwi 27, 2021 6:56:31 PM com.ad.sudoku.model.SudokuField setValue
INFO: SudokuField changed value from 1 to 3
kwi 27, 2021 6:56:31 PM com.ad.sudoku.model.SudokuField setValue
INFO: SudokuField changed value from 3 to 5
kwi 27, 2021 6:56:31 PM com.ad.sudoku.model.SudokuField setValue
INFO: SudokuField changed value from 5 to 0
kwi 27, 2021 6:56:31 PM com.ad.sudoku.model.SudokuField setValue
INFO: SudokuField changed value from 1 to 4
kwi 27, 2021 6:56:31 PM com.ad.sudoku.model.SudokuField setValue
INFO: SudokuField changed value from 4 to 5
kwi 27, 2021 6:56:31 PM com.ad.sudoku.model.SudokuField setValue
INFO: SudokuField changed value from 0 to 8
kwi 27, 2021 6:56:31 PM com.ad.sudoku.model.SudokuField setValue
INFO: SudokuField changed value from 8 to 4
kwi 27, 2021 6:56:31 PM com.ad.sudoku.model.SudokuField setValue
INFO: SudokuField changed value from 4 to 3
kwi 27, 2021 6:56:31 PM com.ad.sudoku.model.SudokuField setValue
INFO: SudokuField changed value from 3 to 9
kwi 27, 2021 6:56:31 PM com.ad.sudoku.model.SudokuField setValue
INFO: SudokuField changed value from 9 to 1
kwi 27, 2021 6:56:31 PM com.ad.sudoku.model.SudokuField setValue
INFO: SudokuField changed value from 0 to 5
kwi 27, 2021 6:56:31 PM com.ad.sudoku.model.SudokuField setValue
INFO: SudokuField changed value from 5 to 8
kwi 27, 2021 6:56:31 PM com.ad.sudoku.model.SudokuField setValue
INFO: SudokuField changed value from 8 to 6
kwi 27, 2021 6:56:31 PM com.ad.sudoku.model.SudokuField setValue
INFO: SudokuField changed value from 6 to 1
kwi 27, 2021 6:56:31 PM com.ad.sudoku.model.SudokuField setValue
INFO: SudokuField changed value from 1 to 3
kwi 27, 2021 6:56:31 PM com.ad.sudoku.model.SudokuField setValue
INFO: SudokuField changed value from 3 to 7
kwi 27, 2021 6:56:31 PM com.ad.sudoku.model.SudokuField setValue
INFO: SudokuField changed value from 7 to 9
kwi 27, 2021 6:56:31 PM com.ad.sudoku.model.SudokuField setValue
INFO: SudokuField changed value from 9 to 4
kwi 27, 2021 6:56:31 PM com.ad.sudoku.model.SudokuField setValue
INFO: SudokuField changed value from 4 to 2
kwi 27, 2021 6:56:31 PM com.ad.sudoku.model.SudokuField setValue
INFO: SudokuField changed value from 2 to 0
kwi 27, 2021 6:56:31 PM com.ad.sudoku.model.SudokuField setValue
INFO: SudokuField changed value from 1 to 5
kwi 27, 2021 6:56:31 PM com.ad.sudoku.model.SudokuField setValue
INFO: SudokuField changed value from 5 to 2
kwi 27, 2021 6:56:31 PM com.ad.sudoku.model.SudokuField setValue
INFO: SudokuField changed value from 2 to 7
kwi 27, 2021 6:56:31 PM com.ad.sudoku.model.SudokuField setValue
INFO: SudokuField changed value from 7 to 6
kwi 27, 2021 6:56:31 PM com.ad.sudoku.model.SudokuField setValue
INFO: SudokuField changed value from 6 to 0
kwi 27, 2021 6:56:31 PM com.ad.sudoku.model.SudokuField setValue
INFO: SudokuField changed value from 5 to 0
kwi 27, 2021 6:56:31 PM com.ad.sudoku.model.SudokuField setValue
INFO: SudokuField changed value from 2 to 5
kwi 27, 2021 6:56:31 PM com.ad.sudoku.model.SudokuField setValue
INFO: SudokuField changed value from 5 to 8
kwi 27, 2021 6:56:31 PM com.ad.sudoku.model.SudokuField setValue
INFO: SudokuField changed value from 8 to 0
kwi 27, 2021 6:56:31 PM com.ad.sudoku.model.SudokuField setValue
INFO: SudokuField changed value from 9 to 3
kwi 27, 2021 6:56:31 PM com.ad.sudoku.model.SudokuField setValue
INFO: SudokuField changed value from 3 to 8
kwi 27, 2021 6:56:31 PM com.ad.sudoku.model.SudokuField setValue
INFO: SudokuField changed value from 8 to 6
kwi 27, 2021 6:56:31 PM com.ad.sudoku.model.SudokuField setValue
INFO: SudokuField changed value from 6 to 4
kwi 27, 2021 6:56:31 PM com.ad.sudoku.model.SudokuField setValue
INFO: SudokuField changed value from 4 to 0
kwi 27, 2021 6:56:31 PM com.ad.sudoku.model.SudokuField setValue
INFO: SudokuField changed value from 1 to 6
kwi 27, 2021 6:56:31 PM com.ad.sudoku.model.SudokuField setValue
INFO: SudokuField changed value from 6 to 8
kwi 27, 2021 6:56:31 PM com.ad.sudoku.model.SudokuField setValue
INFO: SudokuField changed value from 8 to 9
kwi 27, 2021 6:56:31 PM com.ad.sudoku.model.SudokuField setValue
INFO: SudokuField changed value from 9 to 0
kwi 27, 2021 6:56:31 PM com.ad.sudoku.model.SudokuField setValue
INFO: SudokuField changed value from 4 to 5
kwi 27, 2021 6:56:31 PM com.ad.sudoku.model.SudokuField setValue
INFO: SudokuField changed value from 5 to 6
kwi 27, 2021 6:56:31 PM com.ad.sudoku.model.SudokuField setValue
INFO: SudokuField changed value from 6 to 7
kwi 27, 2021 6:56:31 PM com.ad.sudoku.model.SudokuField setValue
INFO: SudokuField changed value from 7 to 0
kwi 27, 2021 6:56:31 PM com.ad.sudoku.model.SudokuField setValue
INFO: SudokuField changed value from 9 to 1
kwi 27, 2021 6:56:31 PM com.ad.sudoku.model.SudokuField setValue
INFO: SudokuField changed value from 0 to 2
kwi 27, 2021 6:56:31 PM com.ad.sudoku.model.SudokuField setValue
INFO: SudokuField changed value from 2 to 9
kwi 27, 2021 6:56:31 PM com.ad.sudoku.model.SudokuField setValue
INFO: SudokuField changed value from 9 to 3
kwi 27, 2021 6:56:31 PM com.ad.sudoku.model.SudokuField setValue
INFO: SudokuField changed value from 3 to 5
kwi 27, 2021 6:56:31 PM com.ad.sudoku.model.SudokuField setValue
INFO: SudokuField changed value from 5 to 7
kwi 27, 2021 6:56:31 PM com.ad.sudoku.model.SudokuField setValue
INFO: SudokuField changed value from 7 to 8
kwi 27, 2021 6:56:31 PM com.ad.sudoku.model.SudokuField setValue
INFO: SudokuField changed value from 8 to 4
kwi 27, 2021 6:56:31 PM com.ad.sudoku.model.SudokuField setValue
INFO: SudokuField changed value from 0 to 5
kwi 27, 2021 6:56:31 PM com.ad.sudoku.model.SudokuField setValue
INFO: SudokuField changed value from 5 to 1
kwi 27, 2021 6:56:31 PM com.ad.sudoku.model.SudokuField setValue
INFO: SudokuField changed value from 1 to 8
kwi 27, 2021 6:56:31 PM com.ad.sudoku.model.SudokuField setValue
INFO: SudokuField changed value from 8 to 6
kwi 27, 2021 6:56:31 PM com.ad.sudoku.model.SudokuField setValue
INFO: SudokuField changed value from 6 to 2
kwi 27, 2021 6:56:31 PM com.ad.sudoku.model.SudokuField setValue
INFO: SudokuField changed value from 2 to 3
kwi 27, 2021 6:56:31 PM com.ad.sudoku.model.SudokuField setValue
INFO: SudokuField changed value from 3 to 4
kwi 27, 2021 6:56:31 PM com.ad.sudoku.model.SudokuField setValue
INFO: SudokuField changed value from 4 to 7
kwi 27, 2021 6:56:31 PM com.ad.sudoku.model.SudokuField setValue
INFO: SudokuField changed value from 7 to 9
kwi 27, 2021 6:56:31 PM com.ad.sudoku.model.SudokuField setValue
INFO: SudokuField changed value from 0 to 3
kwi 27, 2021 6:56:31 PM com.ad.sudoku.model.SudokuField setValue
INFO: SudokuField changed value from 3 to 5
kwi 27, 2021 6:56:31 PM com.ad.sudoku.model.SudokuField setValue
INFO: SudokuField changed value from 5 to 8
kwi 27, 2021 6:56:31 PM com.ad.sudoku.model.SudokuField setValue
INFO: SudokuField changed value from 8 to 1
kwi 27, 2021 6:56:31 PM com.ad.sudoku.model.SudokuField setValue
INFO: SudokuField changed value from 1 to 4
kwi 27, 2021 6:56:31 PM com.ad.sudoku.model.SudokuField setValue
INFO: SudokuField changed value from 4 to 6
kwi 27, 2021 6:56:31 PM com.ad.sudoku.model.SudokuField setValue
INFO: SudokuField changed value from 6 to 2
kwi 27, 2021 6:56:31 PM com.ad.sudoku.model.SudokuField setValue
INFO: SudokuField changed value from 2 to 9
kwi 27, 2021 6:56:31 PM com.ad.sudoku.model.SudokuField setValue
INFO: SudokuField changed value from 0 to 1
kwi 27, 2021 6:56:31 PM com.ad.sudoku.model.SudokuField setValue
INFO: SudokuField changed value from 1 to 4
kwi 27, 2021 6:56:31 PM com.ad.sudoku.model.SudokuField setValue
INFO: SudokuField changed value from 4 to 8
kwi 27, 2021 6:56:31 PM com.ad.sudoku.model.SudokuField setValue
INFO: SudokuField changed value from 8 to 7
kwi 27, 2021 6:56:31 PM com.ad.sudoku.model.SudokuField setValue
INFO: SudokuField changed value from 7 to 6
kwi 27, 2021 6:56:31 PM com.ad.sudoku.model.SudokuField setValue
INFO: SudokuField changed value from 6 to 5
kwi 27, 2021 6:56:31 PM com.ad.sudoku.model.SudokuField setValue
INFO: SudokuField changed value from 5 to 2
kwi 27, 2021 6:56:31 PM com.ad.sudoku.model.SudokuField setValue
INFO: SudokuField changed value from 0 to 7
kwi 27, 2021 6:56:31 PM com.ad.sudoku.model.SudokuField setValue
INFO: SudokuField changed value from 7 to 2
kwi 27, 2021 6:56:31 PM com.ad.sudoku.model.SudokuField setValue
INFO: SudokuField changed value from 2 to 6
kwi 27, 2021 6:56:31 PM com.ad.sudoku.model.SudokuField setValue
INFO: SudokuField changed value from 6 to 8
kwi 27, 2021 6:56:31 PM com.ad.sudoku.model.SudokuField setValue
INFO: SudokuField changed value from 0 to 6
kwi 27, 2021 6:56:31 PM com.ad.sudoku.model.SudokuField setValue
INFO: SudokuField changed value from 6 to 4
kwi 27, 2021 6:56:31 PM com.ad.sudoku.model.SudokuField setValue
INFO: SudokuField changed value from 4 to 5
kwi 27, 2021 6:56:31 PM com.ad.sudoku.model.SudokuField setValue
INFO: SudokuField changed value from 5 to 2
kwi 27, 2021 6:56:31 PM com.ad.sudoku.model.SudokuField setValue
INFO: SudokuField changed value from 2 to 8
kwi 27, 2021 6:56:31 PM com.ad.sudoku.model.SudokuField setValue
INFO: SudokuField changed value from 8 to 7
kwi 27, 2021 6:56:31 PM com.ad.sudoku.model.SudokuField setValue
INFO: SudokuField changed value from 7 to 1
kwi 27, 2021 6:56:31 PM com.ad.sudoku.model.SudokuField setValue
INFO: SudokuField changed value from 1 to 3
kwi 27, 2021 6:56:31 PM com.ad.sudoku.model.SudokuField setValue
INFO: SudokuField changed value from 3 to 9
kwi 27, 2021 6:56:31 PM com.ad.sudoku.model.SudokuField setValue
INFO: SudokuField changed value from 9 to 0
kwi 27, 2021 6:56:31 PM com.ad.sudoku.model.SudokuField setValue
INFO: SudokuField changed value from 8 to 4
kwi 27, 2021 6:56:31 PM com.ad.sudoku.model.SudokuField setValue
INFO: SudokuField changed value from 4 to 5
kwi 27, 2021 6:56:31 PM com.ad.sudoku.model.SudokuField setValue
INFO: SudokuField changed value from 0 to 2
kwi 27, 2021 6:56:31 PM com.ad.sudoku.model.SudokuField setValue
INFO: SudokuField changed value from 2 to 6
kwi 27, 2021 6:56:31 PM com.ad.sudoku.model.SudokuField setValue
INFO: SudokuField changed value from 6 to 9
kwi 27, 2021 6:56:31 PM com.ad.sudoku.model.SudokuField setValue
INFO: SudokuField changed value from 9 to 1
kwi 27, 2021 6:56:31 PM com.ad.sudoku.model.SudokuField setValue
INFO: SudokuField changed value from 1 to 7
kwi 27, 2021 6:56:31 PM com.ad.sudoku.model.SudokuField setValue
INFO: SudokuField changed value from 7 to 8
kwi 27, 2021 6:56:31 PM com.ad.sudoku.model.SudokuField setValue
INFO: SudokuField changed value from 8 to 4
kwi 27, 2021 6:56:31 PM com.ad.sudoku.model.SudokuField setValue
INFO: SudokuField changed value from 4 to 5
kwi 27, 2021 6:56:31 PM com.ad.sudoku.model.SudokuField setValue
INFO: SudokuField changed value from 5 to 3
kwi 27, 2021 6:56:31 PM com.ad.sudoku.model.SudokuField setValue
INFO: SudokuField changed value from 3 to 0
kwi 27, 2021 6:56:31 PM com.ad.sudoku.model.SudokuField setValue
INFO: SudokuField changed value from 5 to 9
kwi 27, 2021 6:56:31 PM com.ad.sudoku.model.SudokuField setValue
INFO: SudokuField changed value from 9 to 3
kwi 27, 2021 6:56:31 PM com.ad.sudoku.model.SudokuField setValue
INFO: SudokuField changed value from 3 to 1
kwi 27, 2021 6:56:31 PM com.ad.sudoku.model.SudokuField setValue
INFO: SudokuField changed value from 0 to 9
kwi 27, 2021 6:56:31 PM com.ad.sudoku.model.SudokuField setValue
INFO: SudokuField changed value from 9 to 8
kwi 27, 2021 6:56:31 PM com.ad.sudoku.model.SudokuField setValue
INFO: SudokuField changed value from 8 to 3
kwi 27, 2021 6:56:31 PM com.ad.sudoku.model.SudokuField setValue
INFO: SudokuField changed value from 3 to 5
kwi 27, 2021 6:56:31 PM com.ad.sudoku.model.SudokuField setValue
INFO: SudokuField changed value from 5 to 2
kwi 27, 2021 6:56:31 PM com.ad.sudoku.model.SudokuField setValue
INFO: SudokuField changed value from 2 to 7
kwi 27, 2021 6:56:31 PM com.ad.sudoku.model.SudokuField setValue
INFO: SudokuField changed value from 7 to 6
kwi 27, 2021 6:56:31 PM com.ad.sudoku.model.SudokuField setValue
INFO: SudokuField changed value from 6 to 4
kwi 27, 2021 6:56:31 PM com.ad.sudoku.model.SudokuField setValue
INFO: SudokuField changed value from 4 to 1
kwi 27, 2021 6:56:31 PM com.ad.sudoku.model.SudokuField setValue
INFO: SudokuField changed value from 1 to 0
kwi 27, 2021 6:56:31 PM com.ad.sudoku.model.SudokuField setValue
INFO: SudokuField changed value from 1 to 0
kwi 27, 2021 6:56:31 PM com.ad.sudoku.model.SudokuField setValue
INFO: SudokuField changed value from 2 to 9
kwi 27, 2021 6:56:31 PM com.ad.sudoku.model.SudokuField setValue
INFO: SudokuField changed value from 9 to 3
kwi 27, 2021 6:56:31 PM com.ad.sudoku.model.SudokuField setValue
INFO: SudokuField changed value from 0 to 4
kwi 27, 2021 6:56:31 PM com.ad.sudoku.model.SudokuField setValue
INFO: SudokuField changed value from 4 to 5
kwi 27, 2021 6:56:31 PM com.ad.sudoku.model.SudokuField setValue
INFO: SudokuField changed value from 0 to 6
kwi 27, 2021 6:56:31 PM com.ad.sudoku.model.SudokuField setValue
INFO: SudokuField changed value from 6 to 3
kwi 27, 2021 6:56:31 PM com.ad.sudoku.model.SudokuField setValue
INFO: SudokuField changed value from 3 to 1
kwi 27, 2021 6:56:31 PM com.ad.sudoku.model.SudokuField setValue
INFO: SudokuField changed value from 1 to 9
kwi 27, 2021 6:56:31 PM com.ad.sudoku.model.SudokuField setValue
INFO: SudokuField changed value from 9 to 7
kwi 27, 2021 6:56:31 PM com.ad.sudoku.model.SudokuField setValue
INFO: SudokuField changed value from 7 to 5
kwi 27, 2021 6:56:31 PM com.ad.sudoku.model.SudokuField setValue
INFO: SudokuField changed value from 5 to 2
kwi 27, 2021 6:56:31 PM com.ad.sudoku.model.SudokuField setValue
INFO: SudokuField changed value from 0 to 6
kwi 27, 2021 6:56:31 PM com.ad.sudoku.model.SudokuField setValue
INFO: SudokuField changed value from 6 to 1
kwi 27, 2021 6:56:31 PM com.ad.sudoku.model.SudokuField setValue
INFO: SudokuField changed value from 0 to 1
kwi 27, 2021 6:56:31 PM com.ad.sudoku.model.SudokuField setValue
INFO: SudokuField changed value from 1 to 4
kwi 27, 2021 6:56:31 PM com.ad.sudoku.model.SudokuField setValue
INFO: SudokuField changed value from 4 to 2
kwi 27, 2021 6:56:31 PM com.ad.sudoku.model.SudokuField setValue
INFO: SudokuField changed value from 2 to 9
kwi 27, 2021 6:56:31 PM com.ad.sudoku.model.SudokuField setValue
INFO: SudokuField changed value from 9 to 8
kwi 27, 2021 6:56:31 PM com.ad.sudoku.model.SudokuField setValue
INFO: SudokuField changed value from 8 to 3
kwi 27, 2021 6:56:31 PM com.ad.sudoku.model.SudokuField setValue
INFO: SudokuField changed value from 3 to 7
kwi 27, 2021 6:56:31 PM com.ad.sudoku.model.SudokuField setValue
INFO: SudokuField changed value from 7 to 6
kwi 27, 2021 6:56:31 PM com.ad.sudoku.model.SudokuField setValue
INFO: SudokuField changed value from 6 to 5
kwi 27, 2021 6:56:31 PM com.ad.sudoku.model.SudokuField setValue
INFO: SudokuField changed value from 5 to 0
kwi 27, 2021 6:56:31 PM com.ad.sudoku.model.SudokuField setValue
INFO: SudokuField changed value from 1 to 9
kwi 27, 2021 6:56:31 PM com.ad.sudoku.model.SudokuField setValue
INFO: SudokuField changed value from 9 to 7
kwi 27, 2021 6:56:31 PM com.ad.sudoku.model.SudokuField setValue
INFO: SudokuField changed value from 7 to 5
kwi 27, 2021 6:56:31 PM com.ad.sudoku.model.SudokuField setValue
INFO: SudokuField changed value from 5 to 2
kwi 27, 2021 6:56:31 PM com.ad.sudoku.model.SudokuField setValue
INFO: SudokuField changed value from 2 to 4
kwi 27, 2021 6:56:31 PM com.ad.sudoku.model.SudokuField setValue
INFO: SudokuField changed value from 4 to 8
kwi 27, 2021 6:56:31 PM com.ad.sudoku.model.SudokuField setValue
INFO: SudokuField changed value from 8 to 3
kwi 27, 2021 6:56:31 PM com.ad.sudoku.model.SudokuField setValue
INFO: SudokuField changed value from 3 to 0
kwi 27, 2021 6:56:31 PM com.ad.sudoku.model.SudokuField setValue
INFO: SudokuField changed value from 2 to 8
kwi 27, 2021 6:56:31 PM com.ad.sudoku.model.SudokuField setValue
INFO: SudokuField changed value from 8 to 4
kwi 27, 2021 6:56:31 PM com.ad.sudoku.model.SudokuField setValue
INFO: SudokuField changed value from 4 to 0
kwi 27, 2021 6:56:31 PM com.ad.sudoku.model.SudokuField setValue
INFO: SudokuField changed value from 5 to 7
kwi 27, 2021 6:56:31 PM com.ad.sudoku.model.SudokuField setValue
INFO: SudokuField changed value from 7 to 8
kwi 27, 2021 6:56:31 PM com.ad.sudoku.model.SudokuField setValue
INFO: SudokuField changed value from 0 to 8
kwi 27, 2021 6:56:31 PM com.ad.sudoku.model.SudokuField setValue
INFO: SudokuField changed value from 8 to 4
kwi 27, 2021 6:56:31 PM com.ad.sudoku.model.SudokuField setValue
INFO: SudokuField changed value from 4 to 7
kwi 27, 2021 6:56:31 PM com.ad.sudoku.model.SudokuField setValue
INFO: SudokuField changed value from 7 to 3
kwi 27, 2021 6:56:31 PM com.ad.sudoku.model.SudokuField setValue
INFO: SudokuField changed value from 3 to 2
kwi 27, 2021 6:56:31 PM com.ad.sudoku.model.SudokuField setValue
INFO: SudokuField changed value from 0 to 4
kwi 27, 2021 6:56:31 PM com.ad.sudoku.model.SudokuField setValue
INFO: SudokuField changed value from 4 to 6
kwi 27, 2021 6:56:31 PM com.ad.sudoku.model.SudokuField setValue
INFO: SudokuField changed value from 6 to 8
kwi 27, 2021 6:56:31 PM com.ad.sudoku.model.SudokuField setValue
INFO: SudokuField changed value from 8 to 1
kwi 27, 2021 6:56:31 PM com.ad.sudoku.model.SudokuField setValue
INFO: SudokuField changed value from 0 to 5
kwi 27, 2021 6:56:31 PM com.ad.sudoku.model.SudokuField setValue
INFO: SudokuField changed value from 5 to 7
kwi 27, 2021 6:56:31 PM com.ad.sudoku.model.SudokuField setValue
INFO: SudokuField changed value from 7 to 9
kwi 27, 2021 6:56:31 PM com.ad.sudoku.model.SudokuField setValue
INFO: SudokuField changed value from 9 to 6
kwi 27, 2021 6:56:31 PM com.ad.sudoku.model.SudokuField setValue
INFO: SudokuField changed value from 6 to 8
kwi 27, 2021 6:56:31 PM com.ad.sudoku.model.SudokuField setValue
INFO: SudokuField changed value from 8 to 2
kwi 27, 2021 6:56:31 PM com.ad.sudoku.model.SudokuField setValue
INFO: SudokuField changed value from 2 to 4
kwi 27, 2021 6:56:31 PM com.ad.sudoku.model.SudokuField setValue
INFO: SudokuField changed value from 4 to 1
kwi 27, 2021 6:56:31 PM com.ad.sudoku.model.SudokuField setValue
INFO: SudokuField changed value from 1 to 3
kwi 27, 2021 6:56:31 PM com.ad.sudoku.model.SudokuField setValue
INFO: SudokuField changed value from 3 to 0
kwi 27, 2021 6:56:31 PM com.ad.sudoku.model.SudokuField setValue
INFO: SudokuField changed value from 1 to 3
kwi 27, 2021 6:56:31 PM com.ad.sudoku.model.SudokuField setValue
INFO: SudokuField changed value from 3 to 9
kwi 27, 2021 6:56:31 PM com.ad.sudoku.model.SudokuField setValue
INFO: SudokuField changed value from 9 to 7
kwi 27, 2021 6:56:31 PM com.ad.sudoku.model.SudokuField setValue
INFO: SudokuField changed value from 7 to 2
kwi 27, 2021 6:56:31 PM com.ad.sudoku.model.SudokuField setValue
INFO: SudokuField changed value from 2 to 5
kwi 27, 2021 6:56:31 PM com.ad.sudoku.model.SudokuField setValue
INFO: SudokuField changed value from 0 to 1
kwi 27, 2021 6:56:31 PM com.ad.sudoku.model.SudokuField setValue
INFO: SudokuField changed value from 0 to 3
kwi 27, 2021 6:56:31 PM com.ad.sudoku.model.SudokuField setValue
INFO: SudokuField changed value from 3 to 4
kwi 27, 2021 6:56:31 PM com.ad.sudoku.model.SudokuField setValue
INFO: SudokuField changed value from 4 to 2
kwi 27, 2021 6:56:31 PM com.ad.sudoku.model.SudokuField setValue
INFO: SudokuField changed value from 0 to 2
kwi 27, 2021 6:56:31 PM com.ad.sudoku.model.SudokuField setValue
INFO: SudokuField changed value from 2 to 9
kwi 27, 2021 6:56:31 PM com.ad.sudoku.model.SudokuField setValue
INFO: SudokuField changed value from 0 to 6
kwi 27, 2021 6:56:31 PM com.ad.sudoku.model.SudokuField setValue
INFO: SudokuField changed value from 6 to 9
kwi 27, 2021 6:56:31 PM com.ad.sudoku.model.SudokuField setValue
INFO: SudokuField changed value from 9 to 4
kwi 27, 2021 6:56:31 PM com.ad.sudoku.model.SudokuField setValue
INFO: SudokuField changed value from 4 to 5
kwi 27, 2021 6:56:31 PM com.ad.sudoku.model.SudokuField setValue
INFO: SudokuField changed value from 0 to 9
kwi 27, 2021 6:56:31 PM com.ad.sudoku.model.SudokuField setValue
INFO: SudokuField changed value from 9 to 5
kwi 27, 2021 6:56:31 PM com.ad.sudoku.model.SudokuField setValue
INFO: SudokuField changed value from 5 to 1
kwi 27, 2021 6:56:31 PM com.ad.sudoku.model.SudokuField setValue
INFO: SudokuField changed value from 0 to 8
kwi 27, 2021 6:56:31 PM com.ad.sudoku.model.SudokuField setValue
INFO: SudokuField changed value from 8 to 1
kwi 27, 2021 6:56:31 PM com.ad.sudoku.model.SudokuField setValue
INFO: SudokuField changed value from 1 to 5
kwi 27, 2021 6:56:31 PM com.ad.sudoku.model.SudokuField setValue
INFO: SudokuField changed value from 5 to 6
kwi 27, 2021 6:56:31 PM com.ad.sudoku.model.SudokuField setValue
INFO: SudokuField changed value from 6 to 3
kwi 27, 2021 6:56:31 PM com.ad.sudoku.model.SudokuField setValue
INFO: SudokuField changed value from 3 to 9
kwi 27, 2021 6:56:31 PM com.ad.sudoku.model.SudokuField setValue
INFO: SudokuField changed value from 9 to 2
kwi 27, 2021 6:56:31 PM com.ad.sudoku.model.SudokuField setValue
INFO: SudokuField changed value from 2 to 4
kwi 27, 2021 6:56:31 PM com.ad.sudoku.model.SudokuField setValue
INFO: SudokuField changed value from 4 to 7
kwi 27, 2021 6:56:31 PM com.ad.sudoku.model.SudokuField setValue
INFO: SudokuField changed value from 7 to 0
kwi 27, 2021 6:56:31 PM com.ad.sudoku.model.SudokuField setValue
INFO: SudokuField changed value from 1 to 3
kwi 27, 2021 6:56:31 PM com.ad.sudoku.model.SudokuField setValue
INFO: SudokuField changed value from 3 to 6
kwi 27, 2021 6:56:31 PM com.ad.sudoku.model.SudokuField setValue
INFO: SudokuField changed value from 6 to 8
kwi 27, 2021 6:56:31 PM com.ad.sudoku.model.SudokuField setValue
INFO: SudokuField changed value from 8 to 4
kwi 27, 2021 6:56:31 PM com.ad.sudoku.model.SudokuField setValue
INFO: SudokuField changed value from 4 to 2
kwi 27, 2021 6:56:31 PM com.ad.sudoku.model.SudokuField setValue
INFO: SudokuField changed value from 2 to 7
kwi 27, 2021 6:56:31 PM com.ad.sudoku.model.SudokuField setValue
INFO: SudokuField changed value from 7 to 0
kwi 27, 2021 6:56:31 PM com.ad.sudoku.model.SudokuField setValue
INFO: SudokuField changed value from 5 to 2
kwi 27, 2021 6:56:31 PM com.ad.sudoku.model.SudokuField setValue
INFO: SudokuField changed value from 2 to 8
kwi 27, 2021 6:56:31 PM com.ad.sudoku.model.SudokuField setValue
INFO: SudokuField changed value from 8 to 7
kwi 27, 2021 6:56:31 PM com.ad.sudoku.model.SudokuField setValue
INFO: SudokuField changed value from 7 to 1
kwi 27, 2021 6:56:31 PM com.ad.sudoku.model.SudokuField setValue
INFO: SudokuField changed value from 0 to 4
kwi 27, 2021 6:56:31 PM com.ad.sudoku.model.SudokuField setValue
INFO: SudokuField changed value from 4 to 1
kwi 27, 2021 6:56:31 PM com.ad.sudoku.model.SudokuField setValue
INFO: SudokuField changed value from 1 to 8
kwi 27, 2021 6:56:31 PM com.ad.sudoku.model.SudokuField setValue
INFO: SudokuField changed value from 8 to 2
kwi 27, 2021 6:56:31 PM com.ad.sudoku.model.SudokuField setValue
INFO: SudokuField changed value from 2 to 7
kwi 27, 2021 6:56:31 PM com.ad.sudoku.model.SudokuField setValue
INFO: SudokuField changed value from 7 to 3
kwi 27, 2021 6:56:31 PM com.ad.sudoku.model.SudokuField setValue
INFO: SudokuField changed value from 3 to 9
kwi 27, 2021 6:56:31 PM com.ad.sudoku.model.SudokuField setValue
INFO: SudokuField changed value from 9 to 5
kwi 27, 2021 6:56:31 PM com.ad.sudoku.model.SudokuField setValue
INFO: SudokuField changed value from 0 to 2
kwi 27, 2021 6:56:31 PM com.ad.sudoku.model.SudokuField setValue
INFO: SudokuField changed value from 2 to 8
kwi 27, 2021 6:56:31 PM com.ad.sudoku.model.SudokuField setValue
INFO: SudokuField changed value from 8 to 9
kwi 27, 2021 6:56:31 PM com.ad.sudoku.model.SudokuField setValue
INFO: SudokuField changed value from 9 to 3
kwi 27, 2021 6:56:31 PM com.ad.sudoku.model.SudokuField setValue
INFO: SudokuField changed value from 3 to 1
kwi 27, 2021 6:56:31 PM com.ad.sudoku.model.SudokuField setValue
INFO: SudokuField changed value from 1 to 4
kwi 27, 2021 6:56:31 PM com.ad.sudoku.model.SudokuField setValue
INFO: SudokuField changed value from 4 to 7
kwi 27, 2021 6:56:31 PM com.ad.sudoku.model.SudokuField setValue
INFO: SudokuField changed value from 7 to 5
kwi 27, 2021 6:56:31 PM com.ad.sudoku.model.SudokuField setValue
INFO: SudokuField changed value from 5 to 6
kwi 27, 2021 6:56:31 PM com.ad.sudoku.model.SudokuField setValue
INFO: SudokuField changed value from 6 to 0
kwi 27, 2021 6:56:31 PM com.ad.sudoku.model.SudokuField setValue
INFO: SudokuField changed value from 5 to 6
kwi 27, 2021 6:56:31 PM com.ad.sudoku.model.SudokuField setValue
INFO: SudokuField changed value from 6 to 0
kwi 27, 2021 6:56:31 PM com.ad.sudoku.model.SudokuField setValue
INFO: SudokuField changed value from 1 to 3
kwi 27, 2021 6:56:31 PM com.ad.sudoku.model.SudokuField setValue
INFO: SudokuField changed value from 3 to 0
kwi 27, 2021 6:56:31 PM com.ad.sudoku.model.SudokuField setValue
INFO: SudokuField changed value from 9 to 1
kwi 27, 2021 6:56:31 PM com.ad.sudoku.model.SudokuField setValue
INFO: SudokuField changed value from 1 to 4
kwi 27, 2021 6:56:31 PM com.ad.sudoku.model.SudokuField setValue
INFO: SudokuField changed value from 4 to 8
kwi 27, 2021 6:56:31 PM com.ad.sudoku.model.SudokuField setValue
INFO: SudokuField changed value from 8 to 3
kwi 27, 2021 6:56:31 PM com.ad.sudoku.model.SudokuField setValue
INFO: SudokuField changed value from 3 to 7
kwi 27, 2021 6:56:31 PM com.ad.sudoku.model.SudokuField setValue
INFO: SudokuField changed value from 7 to 5
kwi 27, 2021 6:56:31 PM com.ad.sudoku.model.SudokuField setValue
INFO: SudokuField changed value from 5 to 6
kwi 27, 2021 6:56:31 PM com.ad.sudoku.model.SudokuField setValue
INFO: SudokuField changed value from 6 to 0
kwi 27, 2021 6:56:31 PM com.ad.sudoku.model.SudokuField setValue
INFO: SudokuField changed value from 2 to 9
kwi 27, 2021 6:56:31 PM com.ad.sudoku.model.SudokuField setValue
INFO: SudokuField changed value from 9 to 1
kwi 27, 2021 6:56:31 PM com.ad.sudoku.model.SudokuField setValue
INFO: SudokuField changed value from 0 to 6
kwi 27, 2021 6:56:31 PM com.ad.sudoku.model.SudokuField setValue
INFO: SudokuField changed value from 6 to 8
kwi 27, 2021 6:56:31 PM com.ad.sudoku.model.SudokuField setValue
INFO: SudokuField changed value from 8 to 7
kwi 27, 2021 6:56:31 PM com.ad.sudoku.model.SudokuField setValue
INFO: SudokuField changed value from 7 to 3
kwi 27, 2021 6:56:31 PM com.ad.sudoku.model.SudokuField setValue
INFO: SudokuField changed value from 3 to 1
kwi 27, 2021 6:56:31 PM com.ad.sudoku.model.SudokuField setValue
INFO: SudokuField changed value from 1 to 2
kwi 27, 2021 6:56:31 PM com.ad.sudoku.model.SudokuField setValue
INFO: SudokuField changed value from 0 to 8
kwi 27, 2021 6:56:31 PM com.ad.sudoku.model.SudokuField setValue
INFO: SudokuField changed value from 8 to 3
kwi 27, 2021 6:56:31 PM com.ad.sudoku.model.SudokuField setValue
INFO: SudokuField changed value from 3 to 5
kwi 27, 2021 6:56:31 PM com.ad.sudoku.model.SudokuField setValue
INFO: SudokuField changed value from 0 to 7
kwi 27, 2021 6:56:31 PM com.ad.sudoku.model.SudokuField setValue
INFO: SudokuField changed value from 7 to 8
kwi 27, 2021 6:56:31 PM com.ad.sudoku.model.SudokuField setValue
INFO: SudokuField changed value from 8 to 6
kwi 27, 2021 6:56:31 PM com.ad.sudoku.model.SudokuField setValue
INFO: SudokuField changed value from 6 to 9
kwi 27, 2021 6:56:31 PM com.ad.sudoku.model.SudokuField setValue
INFO: SudokuField changed value from 9 to 4
kwi 27, 2021 6:56:31 PM com.ad.sudoku.model.SudokuField setValue
INFO: SudokuField changed value from 4 to 5
kwi 27, 2021 6:56:31 PM com.ad.sudoku.model.SudokuField setValue
INFO: SudokuField changed value from 5 to 2
kwi 27, 2021 6:56:31 PM com.ad.sudoku.model.SudokuField setValue
INFO: SudokuField changed value from 2 to 1
kwi 27, 2021 6:56:31 PM com.ad.sudoku.model.SudokuField setValue
INFO: SudokuField changed value from 1 to 3
kwi 27, 2021 6:56:31 PM com.ad.sudoku.model.SudokuField setValue
INFO: SudokuField changed value from 3 to 0
kwi 27, 2021 6:56:31 PM com.ad.sudoku.model.SudokuField setValue
INFO: SudokuField changed value from 5 to 9
kwi 27, 2021 6:56:31 PM com.ad.sudoku.model.SudokuField setValue
INFO: SudokuField changed value from 9 to 7
kwi 27, 2021 6:56:31 PM com.ad.sudoku.model.SudokuField setValue
INFO: SudokuField changed value from 7 to 6
kwi 27, 2021 6:56:31 PM com.ad.sudoku.model.SudokuField setValue
INFO: SudokuField changed value from 6 to 2
kwi 27, 2021 6:56:31 PM com.ad.sudoku.model.SudokuField setValue
INFO: SudokuField changed value from 2 to 1
kwi 27, 2021 6:56:31 PM com.ad.sudoku.model.SudokuField setValue
INFO: SudokuField changed value from 1 to 4
kwi 27, 2021 6:56:31 PM com.ad.sudoku.model.SudokuField setValue
INFO: SudokuField changed value from 4 to 0
kwi 27, 2021 6:56:31 PM com.ad.sudoku.model.SudokuField setValue
INFO: SudokuField changed value from 2 to 5
kwi 27, 2021 6:56:31 PM com.ad.sudoku.model.SudokuField setValue
INFO: SudokuField changed value from 5 to 4
kwi 27, 2021 6:56:31 PM com.ad.sudoku.model.SudokuField setValue
INFO: SudokuField changed value from 4 to 9
kwi 27, 2021 6:56:31 PM com.ad.sudoku.model.SudokuField setValue
INFO: SudokuField changed value from 0 to 2
kwi 27, 2021 6:56:31 PM com.ad.sudoku.model.SudokuField setValue
INFO: SudokuField changed value from 2 to 1
kwi 27, 2021 6:56:31 PM com.ad.sudoku.model.SudokuField setValue
INFO: SudokuField changed value from 1 to 6
kwi 27, 2021 6:56:31 PM com.ad.sudoku.model.SudokuField setValue
INFO: SudokuField changed value from 6 to 5
kwi 27, 2021 6:56:31 PM com.ad.sudoku.model.SudokuField setValue
INFO: SudokuField changed value from 0 to 9
kwi 27, 2021 6:56:31 PM com.ad.sudoku.model.SudokuField setValue
INFO: SudokuField changed value from 9 to 6
kwi 27, 2021 6:56:31 PM com.ad.sudoku.model.SudokuField setValue
INFO: SudokuField changed value from 6 to 1
kwi 27, 2021 6:56:31 PM com.ad.sudoku.model.SudokuField setValue
INFO: SudokuField changed value from 1 to 8
kwi 27, 2021 6:56:31 PM com.ad.sudoku.model.SudokuField setValue
INFO: SudokuField changed value from 8 to 3
kwi 27, 2021 6:56:31 PM com.ad.sudoku.model.SudokuField setValue
INFO: SudokuField changed value from 3 to 4
kwi 27, 2021 6:56:31 PM com.ad.sudoku.model.SudokuField setValue
INFO: SudokuField changed value from 4 to 7
kwi 27, 2021 6:56:31 PM com.ad.sudoku.model.SudokuField setValue
INFO: SudokuField changed value from 7 to 5
kwi 27, 2021 6:56:31 PM com.ad.sudoku.model.SudokuField setValue
INFO: SudokuField changed value from 5 to 2
kwi 27, 2021 6:56:31 PM com.ad.sudoku.model.SudokuField setValue
INFO: SudokuField changed value from 2 to 0
kwi 27, 2021 6:56:31 PM com.ad.sudoku.model.SudokuField setValue
INFO: SudokuField changed value from 5 to 9
kwi 27, 2021 6:56:31 PM com.ad.sudoku.model.SudokuField setValue
INFO: SudokuField changed value from 9 to 3
kwi 27, 2021 6:56:31 PM com.ad.sudoku.model.SudokuField setValue
INFO: SudokuField changed value from 3 to 4
kwi 27, 2021 6:56:31 PM com.ad.sudoku.model.SudokuField setValue
INFO: SudokuField changed value from 4 to 8
kwi 27, 2021 6:56:31 PM com.ad.sudoku.model.SudokuField setValue
INFO: SudokuField changed value from 8 to 7
kwi 27, 2021 6:56:31 PM com.ad.sudoku.model.SudokuField setValue
INFO: SudokuField changed value from 7 to 0
kwi 27, 2021 6:56:31 PM com.ad.sudoku.model.SudokuField setValue
INFO: SudokuField changed value from 9 to 0
kwi 27, 2021 6:56:31 PM com.ad.sudoku.model.SudokuField setValue
INFO: SudokuField changed value from 1 to 7
kwi 27, 2021 6:56:31 PM com.ad.sudoku.model.SudokuField setValue
INFO: SudokuField changed value from 7 to 8
kwi 27, 2021 6:56:31 PM com.ad.sudoku.model.SudokuField setValue
INFO: SudokuField changed value from 0 to 6
kwi 27, 2021 6:56:31 PM com.ad.sudoku.model.SudokuField setValue
INFO: SudokuField changed value from 6 to 9
kwi 27, 2021 6:56:31 PM com.ad.sudoku.model.SudokuField setValue
INFO: SudokuField changed value from 0 to 8
kwi 27, 2021 6:56:31 PM com.ad.sudoku.model.SudokuField setValue
INFO: SudokuField changed value from 8 to 7
kwi 27, 2021 6:56:31 PM com.ad.sudoku.model.SudokuField setValue
INFO: SudokuField changed value from 7 to 5
kwi 27, 2021 6:56:31 PM com.ad.sudoku.model.SudokuField setValue
INFO: SudokuField changed value from 0 to 4
kwi 27, 2021 6:56:31 PM com.ad.sudoku.model.SudokuField setValue
INFO: SudokuField changed value from 4 to 6
kwi 27, 2021 6:56:31 PM com.ad.sudoku.model.SudokuField setValue
INFO: SudokuField changed value from 6 to 5
kwi 27, 2021 6:56:31 PM com.ad.sudoku.model.SudokuField setValue
INFO: SudokuField changed value from 5 to 3
kwi 27, 2021 6:56:31 PM com.ad.sudoku.model.SudokuField setValue
INFO: SudokuField changed value from 3 to 8
kwi 27, 2021 6:56:31 PM com.ad.sudoku.model.SudokuField setValue
INFO: SudokuField changed value from 8 to 2
kwi 27, 2021 6:56:31 PM com.ad.sudoku.model.SudokuField setValue
INFO: SudokuField changed value from 2 to 1
kwi 27, 2021 6:56:31 PM com.ad.sudoku.model.SudokuField setValue
INFO: SudokuField changed value from 0 to 6
kwi 27, 2021 6:56:31 PM com.ad.sudoku.model.SudokuField setValue
INFO: SudokuField changed value from 6 to 5
kwi 27, 2021 6:56:31 PM com.ad.sudoku.model.SudokuField setValue
INFO: SudokuField changed value from 5 to 8
kwi 27, 2021 6:56:31 PM com.ad.sudoku.model.SudokuField setValue
INFO: SudokuField changed value from 8 to 3
kwi 27, 2021 6:56:31 PM com.ad.sudoku.model.SudokuField setValue
INFO: SudokuField changed value from 3 to 7
kwi 27, 2021 6:56:31 PM com.ad.sudoku.model.SudokuField setValue
INFO: SudokuField changed value from 7 to 9
kwi 27, 2021 6:56:31 PM com.ad.sudoku.model.SudokuField setValue
INFO: SudokuField changed value from 9 to 4
kwi 27, 2021 6:56:31 PM com.ad.sudoku.model.SudokuField setValue
INFO: SudokuField changed value from 4 to 1
kwi 27, 2021 6:56:31 PM com.ad.sudoku.model.SudokuField setValue
INFO: SudokuField changed value from 1 to 2
kwi 27, 2021 6:56:31 PM com.ad.sudoku.model.SudokuField setValue
INFO: SudokuField changed value from 2 to 0
kwi 27, 2021 6:56:31 PM com.ad.sudoku.model.SudokuField setValue
INFO: SudokuField changed value from 1 to 9
kwi 27, 2021 6:56:31 PM com.ad.sudoku.model.SudokuField setValue
INFO: SudokuField changed value from 9 to 7
kwi 27, 2021 6:56:31 PM com.ad.sudoku.model.SudokuField setValue
INFO: SudokuField changed value from 7 to 0
kwi 27, 2021 6:56:31 PM com.ad.sudoku.model.SudokuField setValue
INFO: SudokuField changed value from 5 to 9
kwi 27, 2021 6:56:31 PM com.ad.sudoku.model.SudokuField setValue
INFO: SudokuField changed value from 9 to 1
kwi 27, 2021 6:56:31 PM com.ad.sudoku.model.SudokuField setValue
INFO: SudokuField changed value from 0 to 5
kwi 27, 2021 6:56:31 PM com.ad.sudoku.model.SudokuField setValue
INFO: SudokuField changed value from 0 to 5
kwi 27, 2021 6:56:31 PM com.ad.sudoku.model.SudokuField setValue
INFO: SudokuField changed value from 5 to 8
kwi 27, 2021 6:56:31 PM com.ad.sudoku.model.SudokuField setValue
INFO: SudokuField changed value from 8 to 9
kwi 27, 2021 6:56:31 PM com.ad.sudoku.model.SudokuField setValue
INFO: SudokuField changed value from 9 to 6
kwi 27, 2021 6:56:31 PM com.ad.sudoku.model.SudokuField setValue
INFO: SudokuField changed value from 6 to 3
kwi 27, 2021 6:56:31 PM com.ad.sudoku.model.SudokuField setValue
INFO: SudokuField changed value from 3 to 4
kwi 27, 2021 6:56:31 PM com.ad.sudoku.model.SudokuField setValue
INFO: SudokuField changed value from 4 to 7
kwi 27, 2021 6:56:31 PM com.ad.sudoku.model.SudokuField setValue
INFO: SudokuField changed value from 7 to 1
kwi 27, 2021 6:56:31 PM com.ad.sudoku.model.SudokuField setValue
INFO: SudokuField changed value from 1 to 2
kwi 27, 2021 6:56:31 PM com.ad.sudoku.model.SudokuField setValue
INFO: SudokuField changed value from 2 to 0
kwi 27, 2021 6:56:31 PM com.ad.sudoku.model.SudokuField setValue
INFO: SudokuField changed value from 5 to 1
kwi 27, 2021 6:56:31 PM com.ad.sudoku.model.SudokuField setValue
INFO: SudokuField changed value from 1 to 8
kwi 27, 2021 6:56:31 PM com.ad.sudoku.model.SudokuField setValue
INFO: SudokuField changed value from 8 to 9
kwi 27, 2021 6:56:31 PM com.ad.sudoku.model.SudokuField setValue
INFO: SudokuField changed value from 9 to 2
kwi 27, 2021 6:56:31 PM com.ad.sudoku.model.SudokuField setValue
INFO: SudokuField changed value from 2 to 4
kwi 27, 2021 6:56:31 PM com.ad.sudoku.model.SudokuField setValue
INFO: SudokuField changed value from 4 to 6
kwi 27, 2021 6:56:31 PM com.ad.sudoku.model.SudokuField setValue
INFO: SudokuField changed value from 6 to 7
kwi 27, 2021 6:56:31 PM com.ad.sudoku.model.SudokuField setValue
INFO: SudokuField changed value from 7 to 3
kwi 27, 2021 6:56:31 PM com.ad.sudoku.model.SudokuField setValue
INFO: SudokuField changed value from 3 to 0
kwi 27, 2021 6:56:31 PM com.ad.sudoku.model.SudokuField setValue
INFO: SudokuField changed value from 1 to 6
kwi 27, 2021 6:56:31 PM com.ad.sudoku.model.SudokuField setValue
INFO: SudokuField changed value from 6 to 2
kwi 27, 2021 6:56:31 PM com.ad.sudoku.model.SudokuField setValue
INFO: SudokuField changed value from 2 to 3
kwi 27, 2021 6:56:31 PM com.ad.sudoku.model.SudokuField setValue
INFO: SudokuField changed value from 3 to 4
kwi 27, 2021 6:56:31 PM com.ad.sudoku.model.SudokuField setValue
INFO: SudokuField changed value from 4 to 0
kwi 27, 2021 6:56:31 PM com.ad.sudoku.model.SudokuField setValue
INFO: SudokuField changed value from 9 to 7
kwi 27, 2021 6:56:31 PM com.ad.sudoku.model.SudokuField setValue
INFO: SudokuField changed value from 7 to 5
kwi 27, 2021 6:56:31 PM com.ad.sudoku.model.SudokuField setValue
INFO: SudokuField changed value from 5 to 8
kwi 27, 2021 6:56:31 PM com.ad.sudoku.model.SudokuField setValue
INFO: SudokuField changed value from 8 to 4
kwi 27, 2021 6:56:31 PM com.ad.sudoku.model.SudokuField setValue
INFO: SudokuField changed value from 4 to 3
kwi 27, 2021 6:56:31 PM com.ad.sudoku.model.SudokuField setValue
INFO: SudokuField changed value from 3 to 1
kwi 27, 2021 6:56:31 PM com.ad.sudoku.model.SudokuField setValue
INFO: SudokuField changed value from 1 to 2
kwi 27, 2021 6:56:31 PM com.ad.sudoku.model.SudokuField setValue
INFO: SudokuField changed value from 0 to 1
kwi 27, 2021 6:56:31 PM com.ad.sudoku.model.SudokuField setValue
INFO: SudokuField changed value from 0 to 4
kwi 27, 2021 6:56:31 PM com.ad.sudoku.model.SudokuField setValue
INFO: SudokuField changed value from 4 to 1
kwi 27, 2021 6:56:31 PM com.ad.sudoku.model.SudokuField setValue
INFO: SudokuField changed value from 1 to 6
kwi 27, 2021 6:56:31 PM com.ad.sudoku.model.SudokuField setValue
INFO: SudokuField changed value from 6 to 3
kwi 27, 2021 6:56:31 PM com.ad.sudoku.model.SudokuField setValue
INFO: SudokuField changed value from 3 to 5
kwi 27, 2021 6:56:31 PM com.ad.sudoku.model.SudokuField setValue
INFO: SudokuField changed value from 0 to 7
kwi 27, 2021 6:56:31 PM com.ad.sudoku.model.SudokuField setValue
INFO: SudokuField changed value from 7 to 1
kwi 27, 2021 6:56:31 PM com.ad.sudoku.model.SudokuField setValue
INFO: SudokuField changed value from 1 to 3
kwi 27, 2021 6:56:31 PM com.ad.sudoku.model.SudokuField setValue
INFO: SudokuField changed value from 3 to 8
kwi 27, 2021 6:56:31 PM com.ad.sudoku.model.SudokuField setValue
INFO: SudokuField changed value from 8 to 2
kwi 27, 2021 6:56:31 PM com.ad.sudoku.model.SudokuField setValue
INFO: SudokuField changed value from 2 to 9
kwi 27, 2021 6:56:31 PM com.ad.sudoku.model.SudokuField setValue
INFO: SudokuField changed value from 0 to 1
kwi 27, 2021 6:56:31 PM com.ad.sudoku.model.SudokuField setValue
INFO: SudokuField changed value from 0 to 9
kwi 27, 2021 6:56:31 PM com.ad.sudoku.model.SudokuField setValue
INFO: SudokuField changed value from 9 to 5
kwi 27, 2021 6:56:31 PM com.ad.sudoku.model.SudokuField setValue
INFO: SudokuField changed value from 5 to 6
kwi 27, 2021 6:56:31 PM com.ad.sudoku.model.SudokuField setValue
INFO: SudokuField changed value from 6 to 8
kwi 27, 2021 6:56:31 PM com.ad.sudoku.model.SudokuField setValue
INFO: SudokuField changed value from 8 to 2
kwi 27, 2021 6:56:31 PM com.ad.sudoku.model.SudokuField setValue
INFO: SudokuField changed value from 0 to 2
kwi 27, 2021 6:56:31 PM com.ad.sudoku.model.SudokuField setValue
INFO: SudokuField changed value from 2 to 6
kwi 27, 2021 6:56:31 PM com.ad.sudoku.model.SudokuField setValue
INFO: SudokuField changed value from 6 to 4
kwi 27, 2021 6:56:31 PM com.ad.sudoku.model.SudokuField setValue
INFO: SudokuField changed value from 4 to 8
kwi 27, 2021 6:56:31 PM com.ad.sudoku.model.SudokuField setValue
INFO: SudokuField changed value from 8 to 9
kwi 27, 2021 6:56:31 PM com.ad.sudoku.model.SudokuField setValue
INFO: SudokuField changed value from 0 to 1
kwi 27, 2021 6:56:31 PM com.ad.sudoku.model.SudokuField setValue
INFO: SudokuField changed value from 1 to 2
kwi 27, 2021 6:56:31 PM com.ad.sudoku.model.SudokuField setValue
INFO: SudokuField changed value from 2 to 4
kwi 27, 2021 6:56:31 PM com.ad.sudoku.model.SudokuField setValue
INFO: SudokuField changed value from 0 to 8
kwi 27, 2021 6:56:31 PM com.ad.sudoku.model.SudokuField setValue
INFO: SudokuField changed value from 8 to 7
kwi 27, 2021 6:56:31 PM com.ad.sudoku.model.SudokuField setValue
INFO: SudokuField changed value from 0 to 8
kwi 27, 2021 6:56:31 PM com.ad.sudoku.model.SudokuField setValue
INFO: SudokuField changed value from 8 to 9
kwi 27, 2021 6:56:31 PM com.ad.sudoku.model.SudokuField setValue
INFO: SudokuField changed value from 9 to 6
kwi 27, 2021 6:56:31 PM com.ad.sudoku.model.SudokuField setValue
INFO: SudokuField changed value from 0 to 8
kwi 27, 2021 6:56:31 PM com.ad.sudoku.model.SudokuField setValue
INFO: SudokuField changed value from 8 to 4
kwi 27, 2021 6:56:31 PM com.ad.sudoku.model.SudokuField setValue
INFO: SudokuField changed value from 4 to 6
kwi 27, 2021 6:56:31 PM com.ad.sudoku.model.SudokuField setValue
INFO: SudokuField changed value from 6 to 7
kwi 27, 2021 6:56:31 PM com.ad.sudoku.model.SudokuField setValue
INFO: SudokuField changed value from 7 to 1
kwi 27, 2021 6:56:31 PM com.ad.sudoku.model.SudokuField setValue
INFO: SudokuField changed value from 1 to 5
kwi 27, 2021 6:56:31 PM com.ad.sudoku.model.SudokuField setValue
INFO: SudokuField changed value from 5 to 9
kwi 27, 2021 6:56:31 PM com.ad.sudoku.model.SudokuField setValue
INFO: SudokuField changed value from 9 to 2
kwi 27, 2021 6:56:31 PM com.ad.sudoku.model.SudokuField setValue
INFO: SudokuField changed value from 0 to 6
kwi 27, 2021 6:56:31 PM com.ad.sudoku.model.SudokuField setValue
INFO: SudokuField changed value from 0 to 3
kwi 27, 2021 6:56:31 PM com.ad.sudoku.model.SudokuField setValue
INFO: SudokuField changed value from 3 to 8
kwi 27, 2021 6:56:31 PM com.ad.sudoku.model.SudokuField setValue
INFO: SudokuField changed value from 8 to 5
kwi 27, 2021 6:56:31 PM com.ad.sudoku.model.SudokuField setValue
INFO: SudokuField changed value from 0 to 3
kwi 27, 2021 6:56:31 PM com.ad.sudoku.model.SudokuField setValue
INFO: SudokuField changed value from 3 to 2
kwi 27, 2021 6:56:31 PM com.ad.sudoku.model.SudokuField setValue
INFO: SudokuField changed value from 2 to 7
kwi 27, 2021 6:56:31 PM com.ad.sudoku.model.SudokuField setValue
INFO: SudokuField changed value from 7 to 4
kwi 27, 2021 6:56:31 PM com.ad.sudoku.model.SudokuField setValue
INFO: SudokuField changed value from 4 to 5
kwi 27, 2021 6:56:31 PM com.ad.sudoku.model.SudokuField setValue
INFO: SudokuField changed value from 5 to 8
kwi 27, 2021 6:56:31 PM com.ad.sudoku.model.SudokuField setValue
INFO: SudokuField changed value from 0 to 6
kwi 27, 2021 6:56:31 PM com.ad.sudoku.model.SudokuField setValue
INFO: SudokuField changed value from 6 to 2
kwi 27, 2021 6:56:31 PM com.ad.sudoku.model.SudokuField setValue
INFO: SudokuField changed value from 2 to 7
kwi 27, 2021 6:56:31 PM com.ad.sudoku.model.SudokuField setValue
INFO: SudokuField changed value from 7 to 3
kwi 27, 2021 6:56:31 PM com.ad.sudoku.model.SudokuField setValue
INFO: SudokuField changed value from 0 to 8
kwi 27, 2021 6:56:31 PM com.ad.sudoku.model.SudokuField setValue
INFO: SudokuField changed value from 8 to 2
kwi 27, 2021 6:56:31 PM com.ad.sudoku.model.SudokuField setValue
INFO: SudokuField changed value from 2 to 9
kwi 27, 2021 6:56:31 PM com.ad.sudoku.model.SudokuField setValue
INFO: SudokuField changed value from 9 to 3
kwi 27, 2021 6:56:31 PM com.ad.sudoku.model.SudokuField setValue
INFO: SudokuField changed value from 3 to 6
kwi 27, 2021 6:56:31 PM com.ad.sudoku.model.SudokuField setValue
INFO: SudokuField changed value from 6 to 5
kwi 27, 2021 6:56:31 PM com.ad.sudoku.model.SudokuField setValue
INFO: SudokuField changed value from 5 to 4
kwi 27, 2021 6:56:31 PM com.ad.sudoku.model.SudokuField setValue
INFO: SudokuField changed value from 4 to 1
kwi 27, 2021 6:56:31 PM com.ad.sudoku.model.SudokuField setValue
INFO: SudokuField changed value from 0 to 6
kwi 27, 2021 6:56:31 PM com.ad.sudoku.model.SudokuField setValue
INFO: SudokuField changed value from 6 to 9
kwi 27, 2021 6:56:31 PM com.ad.sudoku.model.SudokuField setValue
INFO: SudokuField changed value from 9 to 3
kwi 27, 2021 6:56:31 PM com.ad.sudoku.model.SudokuField setValue
INFO: SudokuField changed value from 3 to 1
kwi 27, 2021 6:56:31 PM com.ad.sudoku.model.SudokuField setValue
INFO: SudokuField changed value from 1 to 4
kwi 27, 2021 6:56:31 PM com.ad.sudoku.model.SudokuField setValue
INFO: SudokuField changed value from 4 to 2
kwi 27, 2021 6:56:31 PM com.ad.sudoku.model.SudokuField setValue
INFO: SudokuField changed value from 0 to 3
kwi 27, 2021 6:56:31 PM com.ad.sudoku.model.SudokuField setValue
INFO: SudokuField changed value from 3 to 8
kwi 27, 2021 6:56:31 PM com.ad.sudoku.model.SudokuField setValue
INFO: SudokuField changed value from 8 to 6
kwi 27, 2021 6:56:31 PM com.ad.sudoku.model.SudokuField setValue
INFO: SudokuField changed value from 6 to 9
kwi 27, 2021 6:56:31 PM com.ad.sudoku.model.SudokuField setValue
INFO: SudokuField changed value from 0 to 4
kwi 27, 2021 6:56:31 PM com.ad.sudoku.model.SudokuField setValue
INFO: SudokuField changed value from 4 to 7
kwi 27, 2021 6:56:31 PM com.ad.sudoku.model.SudokuField setValue
INFO: SudokuField changed value from 7 to 1
kwi 27, 2021 6:56:31 PM com.ad.sudoku.model.SudokuField setValue
INFO: SudokuField changed value from 1 to 6
kwi 27, 2021 6:56:31 PM com.ad.sudoku.model.SudokuField setValue
INFO: SudokuField changed value from 0 to 4
kwi 27, 2021 6:56:31 PM com.ad.sudoku.model.SudokuField setValue
INFO: SudokuField changed value from 4 to 2
kwi 27, 2021 6:56:31 PM com.ad.sudoku.model.SudokuField setValue
INFO: SudokuField changed value from 2 to 1
]]></system-err>
  </testcase>
  <testcase name="areBoardsCorrectlyFilled" classname="BacktrackingSudokuSolverTest" time="0.074">
    <system-err><![CDATA[kwi 27, 2021 6:56:31 PM com.ad.sudoku.model.SudokuBoard solveGame
INFO: Solving the game...
kwi 27, 2021 6:56:31 PM com.ad.sudoku.model.SudokuField setValue
INFO: SudokuField changed value from 0 to 3
kwi 27, 2021 6:56:31 PM com.ad.sudoku.model.SudokuField setValue
INFO: SudokuField changed value from 0 to 4
kwi 27, 2021 6:56:31 PM com.ad.sudoku.model.SudokuField setValue
INFO: SudokuField changed value from 0 to 8
kwi 27, 2021 6:56:31 PM com.ad.sudoku.model.SudokuField setValue
INFO: SudokuField changed value from 0 to 7
kwi 27, 2021 6:56:31 PM com.ad.sudoku.model.SudokuField setValue
INFO: SudokuField changed value from 0 to 6
kwi 27, 2021 6:56:31 PM com.ad.sudoku.model.SudokuField setValue
INFO: SudokuField changed value from 0 to 5
kwi 27, 2021 6:56:31 PM com.ad.sudoku.model.SudokuField setValue
INFO: SudokuField changed value from 0 to 7
kwi 27, 2021 6:56:31 PM com.ad.sudoku.model.SudokuField setValue
INFO: SudokuField changed value from 7 to 5
kwi 27, 2021 6:56:31 PM com.ad.sudoku.model.SudokuField setValue
INFO: SudokuField changed value from 5 to 2
kwi 27, 2021 6:56:31 PM com.ad.sudoku.model.SudokuField setValue
INFO: SudokuField changed value from 0 to 2
kwi 27, 2021 6:56:31 PM com.ad.sudoku.model.SudokuField setValue
INFO: SudokuField changed value from 2 to 9
kwi 27, 2021 6:56:31 PM com.ad.sudoku.model.SudokuField setValue
INFO: SudokuField changed value from 0 to 8
kwi 27, 2021 6:56:31 PM com.ad.sudoku.model.SudokuField setValue
INFO: SudokuField changed value from 8 to 7
kwi 27, 2021 6:56:31 PM com.ad.sudoku.model.SudokuField setValue
INFO: SudokuField changed value from 7 to 2
kwi 27, 2021 6:56:31 PM com.ad.sudoku.model.SudokuField setValue
INFO: SudokuField changed value from 2 to 6
kwi 27, 2021 6:56:31 PM com.ad.sudoku.model.SudokuField setValue
INFO: SudokuField changed value from 6 to 5
kwi 27, 2021 6:56:31 PM com.ad.sudoku.model.SudokuField setValue
INFO: SudokuField changed value from 5 to 3
kwi 27, 2021 6:56:31 PM com.ad.sudoku.model.SudokuField setValue
INFO: SudokuField changed value from 3 to 9
kwi 27, 2021 6:56:31 PM com.ad.sudoku.model.SudokuField setValue
INFO: SudokuField changed value from 9 to 1
kwi 27, 2021 6:56:31 PM com.ad.sudoku.model.SudokuField setValue
INFO: SudokuField changed value from 0 to 2
kwi 27, 2021 6:56:31 PM com.ad.sudoku.model.SudokuField setValue
INFO: SudokuField changed value from 0 to 1
kwi 27, 2021 6:56:31 PM com.ad.sudoku.model.SudokuField setValue
INFO: SudokuField changed value from 0 to 7
kwi 27, 2021 6:56:31 PM com.ad.sudoku.model.SudokuField setValue
INFO: SudokuField changed value from 0 to 4
kwi 27, 2021 6:56:31 PM com.ad.sudoku.model.SudokuField setValue
INFO: SudokuField changed value from 0 to 3
kwi 27, 2021 6:56:31 PM com.ad.sudoku.model.SudokuField setValue
INFO: SudokuField changed value from 0 to 8
kwi 27, 2021 6:56:31 PM com.ad.sudoku.model.SudokuField setValue
INFO: SudokuField changed value from 0 to 2
kwi 27, 2021 6:56:31 PM com.ad.sudoku.model.SudokuField setValue
INFO: SudokuField changed value from 2 to 4
kwi 27, 2021 6:56:31 PM com.ad.sudoku.model.SudokuField setValue
INFO: SudokuField changed value from 4 to 3
kwi 27, 2021 6:56:31 PM com.ad.sudoku.model.SudokuField setValue
INFO: SudokuField changed value from 3 to 6
kwi 27, 2021 6:56:31 PM com.ad.sudoku.model.SudokuField setValue
INFO: SudokuField changed value from 0 to 5
kwi 27, 2021 6:56:31 PM com.ad.sudoku.model.SudokuField setValue
INFO: SudokuField changed value from 0 to 3
kwi 27, 2021 6:56:31 PM com.ad.sudoku.model.SudokuField setValue
INFO: SudokuField changed value from 3 to 2
kwi 27, 2021 6:56:31 PM com.ad.sudoku.model.SudokuField setValue
INFO: SudokuField changed value from 2 to 5
kwi 27, 2021 6:56:31 PM com.ad.sudoku.model.SudokuField setValue
INFO: SudokuField changed value from 5 to 4
kwi 27, 2021 6:56:31 PM com.ad.sudoku.model.SudokuField setValue
INFO: SudokuField changed value from 4 to 1
kwi 27, 2021 6:56:31 PM com.ad.sudoku.model.SudokuField setValue
INFO: SudokuField changed value from 1 to 9
kwi 27, 2021 6:56:31 PM com.ad.sudoku.model.SudokuField setValue
INFO: SudokuField changed value from 9 to 8
kwi 27, 2021 6:56:31 PM com.ad.sudoku.model.SudokuField setValue
INFO: SudokuField changed value from 8 to 6
kwi 27, 2021 6:56:31 PM com.ad.sudoku.model.SudokuField setValue
INFO: SudokuField changed value from 6 to 7
kwi 27, 2021 6:56:31 PM com.ad.sudoku.model.SudokuField setValue
INFO: SudokuField changed value from 7 to 0
kwi 27, 2021 6:56:31 PM com.ad.sudoku.model.SudokuField setValue
INFO: SudokuField changed value from 5 to 9
kwi 27, 2021 6:56:31 PM com.ad.sudoku.model.SudokuField setValue
INFO: SudokuField changed value from 9 to 6
kwi 27, 2021 6:56:31 PM com.ad.sudoku.model.SudokuField setValue
INFO: SudokuField changed value from 6 to 8
kwi 27, 2021 6:56:31 PM com.ad.sudoku.model.SudokuField setValue
INFO: SudokuField changed value from 8 to 4
kwi 27, 2021 6:56:31 PM com.ad.sudoku.model.SudokuField setValue
INFO: SudokuField changed value from 4 to 1
kwi 27, 2021 6:56:31 PM com.ad.sudoku.model.SudokuField setValue
INFO: SudokuField changed value from 1 to 3
kwi 27, 2021 6:56:31 PM com.ad.sudoku.model.SudokuField setValue
INFO: SudokuField changed value from 3 to 2
kwi 27, 2021 6:56:31 PM com.ad.sudoku.model.SudokuField setValue
INFO: SudokuField changed value from 2 to 7
kwi 27, 2021 6:56:31 PM com.ad.sudoku.model.SudokuField setValue
INFO: SudokuField changed value from 7 to 0
kwi 27, 2021 6:56:31 PM com.ad.sudoku.model.SudokuField setValue
INFO: SudokuField changed value from 6 to 5
kwi 27, 2021 6:56:31 PM com.ad.sudoku.model.SudokuField setValue
INFO: SudokuField changed value from 0 to 7
kwi 27, 2021 6:56:31 PM com.ad.sudoku.model.SudokuField setValue
INFO: SudokuField changed value from 7 to 6
kwi 27, 2021 6:56:31 PM com.ad.sudoku.model.SudokuField setValue
INFO: SudokuField changed value from 0 to 1
kwi 27, 2021 6:56:31 PM com.ad.sudoku.model.SudokuField setValue
INFO: SudokuField changed value from 1 to 7
kwi 27, 2021 6:56:31 PM com.ad.sudoku.model.SudokuField setValue
INFO: SudokuField changed value from 7 to 4
kwi 27, 2021 6:56:31 PM com.ad.sudoku.model.SudokuField setValue
INFO: SudokuField changed value from 4 to 2
kwi 27, 2021 6:56:31 PM com.ad.sudoku.model.SudokuField setValue
INFO: SudokuField changed value from 2 to 6
kwi 27, 2021 6:56:31 PM com.ad.sudoku.model.SudokuField setValue
INFO: SudokuField changed value from 6 to 5
kwi 27, 2021 6:56:31 PM com.ad.sudoku.model.SudokuField setValue
INFO: SudokuField changed value from 5 to 8
kwi 27, 2021 6:56:31 PM com.ad.sudoku.model.SudokuField setValue
INFO: SudokuField changed value from 8 to 3
kwi 27, 2021 6:56:31 PM com.ad.sudoku.model.SudokuField setValue
INFO: SudokuField changed value from 3 to 9
kwi 27, 2021 6:56:31 PM com.ad.sudoku.model.SudokuField setValue
INFO: SudokuField changed value from 9 to 0
kwi 27, 2021 6:56:31 PM com.ad.sudoku.model.SudokuField setValue
INFO: SudokuField changed value from 6 to 3
kwi 27, 2021 6:56:31 PM com.ad.sudoku.model.SudokuField setValue
INFO: SudokuField changed value from 3 to 5
kwi 27, 2021 6:56:31 PM com.ad.sudoku.model.SudokuField setValue
INFO: SudokuField changed value from 5 to 9
kwi 27, 2021 6:56:31 PM com.ad.sudoku.model.SudokuField setValue
INFO: SudokuField changed value from 9 to 4
kwi 27, 2021 6:56:31 PM com.ad.sudoku.model.SudokuField setValue
INFO: SudokuField changed value from 4 to 1
kwi 27, 2021 6:56:31 PM com.ad.sudoku.model.SudokuField setValue
INFO: SudokuField changed value from 1 to 2
kwi 27, 2021 6:56:31 PM com.ad.sudoku.model.SudokuField setValue
INFO: SudokuField changed value from 2 to 8
kwi 27, 2021 6:56:31 PM com.ad.sudoku.model.SudokuField setValue
INFO: SudokuField changed value from 8 to 0
kwi 27, 2021 6:56:31 PM com.ad.sudoku.model.SudokuField setValue
INFO: SudokuField changed value from 5 to 8
kwi 27, 2021 6:56:31 PM com.ad.sudoku.model.SudokuField setValue
INFO: SudokuField changed value from 8 to 7
kwi 27, 2021 6:56:31 PM com.ad.sudoku.model.SudokuField setValue
INFO: SudokuField changed value from 7 to 1
kwi 27, 2021 6:56:31 PM com.ad.sudoku.model.SudokuField setValue
INFO: SudokuField changed value from 1 to 9
kwi 27, 2021 6:56:31 PM com.ad.sudoku.model.SudokuField setValue
INFO: SudokuField changed value from 9 to 0
kwi 27, 2021 6:56:31 PM com.ad.sudoku.model.SudokuField setValue
INFO: SudokuField changed value from 8 to 7
kwi 27, 2021 6:56:31 PM com.ad.sudoku.model.SudokuField setValue
INFO: SudokuField changed value from 7 to 1
kwi 27, 2021 6:56:31 PM com.ad.sudoku.model.SudokuField setValue
INFO: SudokuField changed value from 1 to 2
kwi 27, 2021 6:56:31 PM com.ad.sudoku.model.SudokuField setValue
INFO: SudokuField changed value from 2 to 4
kwi 27, 2021 6:56:31 PM com.ad.sudoku.model.SudokuField setValue
INFO: SudokuField changed value from 4 to 9
kwi 27, 2021 6:56:31 PM com.ad.sudoku.model.SudokuField setValue
INFO: SudokuField changed value from 0 to 7
kwi 27, 2021 6:56:31 PM com.ad.sudoku.model.SudokuField setValue
INFO: SudokuField changed value from 7 to 6
kwi 27, 2021 6:56:31 PM com.ad.sudoku.model.SudokuField setValue
INFO: SudokuField changed value from 0 to 9
kwi 27, 2021 6:56:31 PM com.ad.sudoku.model.SudokuField setValue
INFO: SudokuField changed value from 9 to 1
kwi 27, 2021 6:56:31 PM com.ad.sudoku.model.SudokuField setValue
INFO: SudokuField changed value from 1 to 6
kwi 27, 2021 6:56:31 PM com.ad.sudoku.model.SudokuField setValue
INFO: SudokuField changed value from 6 to 8
kwi 27, 2021 6:56:31 PM com.ad.sudoku.model.SudokuField setValue
INFO: SudokuField changed value from 0 to 1
kwi 27, 2021 6:56:31 PM com.ad.sudoku.model.SudokuField setValue
INFO: SudokuField changed value from 1 to 7
kwi 27, 2021 6:56:31 PM com.ad.sudoku.model.SudokuField setValue
INFO: SudokuField changed value from 7 to 6
kwi 27, 2021 6:56:31 PM com.ad.sudoku.model.SudokuField setValue
INFO: SudokuField changed value from 6 to 5
kwi 27, 2021 6:56:31 PM com.ad.sudoku.model.SudokuField setValue
INFO: SudokuField changed value from 0 to 6
kwi 27, 2021 6:56:31 PM com.ad.sudoku.model.SudokuField setValue
INFO: SudokuField changed value from 0 to 7
kwi 27, 2021 6:56:31 PM com.ad.sudoku.model.SudokuField setValue
INFO: SudokuField changed value from 7 to 6
kwi 27, 2021 6:56:31 PM com.ad.sudoku.model.SudokuField setValue
INFO: SudokuField changed value from 6 to 8
kwi 27, 2021 6:56:31 PM com.ad.sudoku.model.SudokuField setValue
INFO: SudokuField changed value from 8 to 1
kwi 27, 2021 6:56:31 PM com.ad.sudoku.model.SudokuField setValue
INFO: SudokuField changed value from 1 to 4
kwi 27, 2021 6:56:31 PM com.ad.sudoku.model.SudokuField setValue
INFO: SudokuField changed value from 4 to 2
kwi 27, 2021 6:56:31 PM com.ad.sudoku.model.SudokuField setValue
INFO: SudokuField changed value from 2 to 3
kwi 27, 2021 6:56:31 PM com.ad.sudoku.model.SudokuField setValue
INFO: SudokuField changed value from 3 to 5
kwi 27, 2021 6:56:31 PM com.ad.sudoku.model.SudokuField setValue
INFO: SudokuField changed value from 0 to 9
kwi 27, 2021 6:56:31 PM com.ad.sudoku.model.SudokuField setValue
INFO: SudokuField changed value from 0 to 7
kwi 27, 2021 6:56:31 PM com.ad.sudoku.model.SudokuField setValue
INFO: SudokuField changed value from 7 to 1
kwi 27, 2021 6:56:31 PM com.ad.sudoku.model.SudokuField setValue
INFO: SudokuField changed value from 0 to 7
kwi 27, 2021 6:56:31 PM com.ad.sudoku.model.SudokuField setValue
INFO: SudokuField changed value from 7 to 6
kwi 27, 2021 6:56:31 PM com.ad.sudoku.model.SudokuField setValue
INFO: SudokuField changed value from 6 to 9
kwi 27, 2021 6:56:31 PM com.ad.sudoku.model.SudokuField setValue
INFO: SudokuField changed value from 9 to 5
kwi 27, 2021 6:56:31 PM com.ad.sudoku.model.SudokuField setValue
INFO: SudokuField changed value from 5 to 2
kwi 27, 2021 6:56:31 PM com.ad.sudoku.model.SudokuField setValue
INFO: SudokuField changed value from 0 to 7
kwi 27, 2021 6:56:31 PM com.ad.sudoku.model.SudokuField setValue
INFO: SudokuField changed value from 7 to 1
kwi 27, 2021 6:56:31 PM com.ad.sudoku.model.SudokuField setValue
INFO: SudokuField changed value from 1 to 3
kwi 27, 2021 6:56:31 PM com.ad.sudoku.model.SudokuField setValue
INFO: SudokuField changed value from 3 to 2
kwi 27, 2021 6:56:31 PM com.ad.sudoku.model.SudokuField setValue
INFO: SudokuField changed value from 2 to 6
kwi 27, 2021 6:56:31 PM com.ad.sudoku.model.SudokuField setValue
INFO: SudokuField changed value from 6 to 8
kwi 27, 2021 6:56:31 PM com.ad.sudoku.model.SudokuField setValue
INFO: SudokuField changed value from 0 to 4
kwi 27, 2021 6:56:31 PM com.ad.sudoku.model.SudokuField setValue
INFO: SudokuField changed value from 0 to 7
kwi 27, 2021 6:56:31 PM com.ad.sudoku.model.SudokuField setValue
INFO: SudokuField changed value from 0 to 8
kwi 27, 2021 6:56:31 PM com.ad.sudoku.model.SudokuField setValue
INFO: SudokuField changed value from 8 to 1
kwi 27, 2021 6:56:31 PM com.ad.sudoku.model.SudokuField setValue
INFO: SudokuField changed value from 1 to 4
kwi 27, 2021 6:56:31 PM com.ad.sudoku.model.SudokuField setValue
INFO: SudokuField changed value from 4 to 5
kwi 27, 2021 6:56:31 PM com.ad.sudoku.model.SudokuField setValue
INFO: SudokuField changed value from 5 to 7
kwi 27, 2021 6:56:31 PM com.ad.sudoku.model.SudokuField setValue
INFO: SudokuField changed value from 7 to 3
kwi 27, 2021 6:56:31 PM com.ad.sudoku.model.SudokuField setValue
INFO: SudokuField changed value from 0 to 4
kwi 27, 2021 6:56:31 PM com.ad.sudoku.model.SudokuField setValue
INFO: SudokuField changed value from 0 to 1
kwi 27, 2021 6:56:31 PM com.ad.sudoku.model.SudokuField setValue
INFO: SudokuField changed value from 1 to 9
kwi 27, 2021 6:56:31 PM com.ad.sudoku.model.SudokuField setValue
INFO: SudokuField changed value from 0 to 6
kwi 27, 2021 6:56:31 PM com.ad.sudoku.model.SudokuField setValue
INFO: SudokuField changed value from 0 to 4
kwi 27, 2021 6:56:31 PM com.ad.sudoku.model.SudokuField setValue
INFO: SudokuField changed value from 4 to 6
kwi 27, 2021 6:56:31 PM com.ad.sudoku.model.SudokuField setValue
INFO: SudokuField changed value from 6 to 1
kwi 27, 2021 6:56:31 PM com.ad.sudoku.model.SudokuField setValue
INFO: SudokuField changed value from 1 to 9
kwi 27, 2021 6:56:31 PM com.ad.sudoku.model.SudokuField setValue
INFO: SudokuField changed value from 9 to 5
kwi 27, 2021 6:56:31 PM com.ad.sudoku.model.SudokuField setValue
INFO: SudokuField changed value from 0 to 3
kwi 27, 2021 6:56:31 PM com.ad.sudoku.model.SudokuField setValue
INFO: SudokuField changed value from 3 to 6
kwi 27, 2021 6:56:31 PM com.ad.sudoku.model.SudokuField setValue
INFO: SudokuField changed value from 6 to 5
kwi 27, 2021 6:56:31 PM com.ad.sudoku.model.SudokuField setValue
INFO: SudokuField changed value from 5 to 7
kwi 27, 2021 6:56:31 PM com.ad.sudoku.model.SudokuField setValue
INFO: SudokuField changed value from 0 to 4
kwi 27, 2021 6:56:31 PM com.ad.sudoku.model.SudokuField setValue
INFO: SudokuField changed value from 4 to 8
kwi 27, 2021 6:56:31 PM com.ad.sudoku.model.SudokuField setValue
INFO: SudokuField changed value from 8 to 5
kwi 27, 2021 6:56:31 PM com.ad.sudoku.model.SudokuField setValue
INFO: SudokuField changed value from 5 to 1
kwi 27, 2021 6:56:31 PM com.ad.sudoku.model.SudokuField setValue
INFO: SudokuField changed value from 0 to 5
kwi 27, 2021 6:56:31 PM com.ad.sudoku.model.SudokuField setValue
INFO: SudokuField changed value from 5 to 1
kwi 27, 2021 6:56:31 PM com.ad.sudoku.model.SudokuField setValue
INFO: SudokuField changed value from 1 to 3
kwi 27, 2021 6:56:31 PM com.ad.sudoku.model.SudokuField setValue
INFO: SudokuField changed value from 0 to 8
kwi 27, 2021 6:56:31 PM com.ad.sudoku.model.SudokuField setValue
INFO: SudokuField changed value from 8 to 1
kwi 27, 2021 6:56:31 PM com.ad.sudoku.model.SudokuField setValue
INFO: SudokuField changed value from 1 to 5
kwi 27, 2021 6:56:31 PM com.ad.sudoku.model.SudokuField setValue
INFO: SudokuField changed value from 5 to 2
kwi 27, 2021 6:56:31 PM com.ad.sudoku.model.SudokuField setValue
INFO: SudokuField changed value from 0 to 9
kwi 27, 2021 6:56:31 PM com.ad.sudoku.model.SudokuField setValue
INFO: SudokuField changed value from 9 to 8
kwi 27, 2021 6:56:31 PM com.ad.sudoku.model.SudokuField setValue
INFO: SudokuField changed value from 0 to 3
kwi 27, 2021 6:56:31 PM com.ad.sudoku.model.SudokuField setValue
INFO: SudokuField changed value from 3 to 5
kwi 27, 2021 6:56:31 PM com.ad.sudoku.model.SudokuField setValue
INFO: SudokuField changed value from 0 to 6
kwi 27, 2021 6:56:31 PM com.ad.sudoku.model.SudokuField setValue
INFO: SudokuField changed value from 6 to 3
kwi 27, 2021 6:56:31 PM com.ad.sudoku.model.SudokuField setValue
INFO: SudokuField changed value from 0 to 1
kwi 27, 2021 6:56:31 PM com.ad.sudoku.model.SudokuField setValue
INFO: SudokuField changed value from 0 to 6
kwi 27, 2021 6:56:31 PM com.ad.sudoku.model.SudokuField setValue
INFO: SudokuField changed value from 0 to 6
kwi 27, 2021 6:56:31 PM com.ad.sudoku.model.SudokuField setValue
INFO: SudokuField changed value from 6 to 8
kwi 27, 2021 6:56:31 PM com.ad.sudoku.model.SudokuField setValue
INFO: SudokuField changed value from 0 to 3
kwi 27, 2021 6:56:31 PM com.ad.sudoku.model.SudokuField setValue
INFO: SudokuField changed value from 3 to 1
kwi 27, 2021 6:56:31 PM com.ad.sudoku.model.SudokuField setValue
INFO: SudokuField changed value from 1 to 2
kwi 27, 2021 6:56:31 PM com.ad.sudoku.model.SudokuField setValue
INFO: SudokuField changed value from 0 to 5
kwi 27, 2021 6:56:31 PM com.ad.sudoku.model.SudokuField setValue
INFO: SudokuField changed value from 5 to 8
kwi 27, 2021 6:56:31 PM com.ad.sudoku.model.SudokuField setValue
INFO: SudokuField changed value from 8 to 7
kwi 27, 2021 6:56:31 PM com.ad.sudoku.model.SudokuField setValue
INFO: SudokuField changed value from 0 to 1
kwi 27, 2021 6:56:31 PM com.ad.sudoku.model.SudokuField setValue
INFO: SudokuField changed value from 1 to 6
kwi 27, 2021 6:56:31 PM com.ad.sudoku.model.SudokuField setValue
INFO: SudokuField changed value from 6 to 7
kwi 27, 2021 6:56:31 PM com.ad.sudoku.model.SudokuField setValue
INFO: SudokuField changed value from 7 to 2
kwi 27, 2021 6:56:31 PM com.ad.sudoku.model.SudokuField setValue
INFO: SudokuField changed value from 2 to 8
kwi 27, 2021 6:56:31 PM com.ad.sudoku.model.SudokuField setValue
INFO: SudokuField changed value from 8 to 9
kwi 27, 2021 6:56:31 PM com.ad.sudoku.model.SudokuField setValue
INFO: SudokuField changed value from 9 to 3
kwi 27, 2021 6:56:31 PM com.ad.sudoku.model.SudokuField setValue
INFO: SudokuField changed value from 3 to 4
kwi 27, 2021 6:56:31 PM com.ad.sudoku.model.SudokuField setValue
INFO: SudokuField changed value from 0 to 3
kwi 27, 2021 6:56:31 PM com.ad.sudoku.model.SudokuField setValue
INFO: SudokuField changed value from 3 to 4
kwi 27, 2021 6:56:31 PM com.ad.sudoku.model.SudokuField setValue
INFO: SudokuField changed value from 4 to 7
kwi 27, 2021 6:56:31 PM com.ad.sudoku.model.SudokuField setValue
INFO: SudokuField changed value from 7 to 5
kwi 27, 2021 6:56:31 PM com.ad.sudoku.model.SudokuField setValue
INFO: SudokuField changed value from 5 to 1
kwi 27, 2021 6:56:31 PM com.ad.sudoku.model.SudokuField setValue
INFO: SudokuField changed value from 1 to 2
kwi 27, 2021 6:56:31 PM com.ad.sudoku.model.SudokuField setValue
INFO: SudokuField changed value from 2 to 6
kwi 27, 2021 6:56:31 PM com.ad.sudoku.model.SudokuField setValue
INFO: SudokuField changed value from 6 to 8
kwi 27, 2021 6:56:31 PM com.ad.sudoku.model.SudokuField setValue
INFO: SudokuField changed value from 8 to 9
kwi 27, 2021 6:56:31 PM com.ad.sudoku.model.SudokuField setValue
INFO: SudokuField changed value from 0 to 3
kwi 27, 2021 6:56:31 PM com.ad.sudoku.model.SudokuField setValue
INFO: SudokuField changed value from 3 to 1
kwi 27, 2021 6:56:31 PM com.ad.sudoku.model.SudokuField setValue
INFO: SudokuField changed value from 1 to 5
kwi 27, 2021 6:56:31 PM com.ad.sudoku.model.SudokuField setValue
INFO: SudokuField changed value from 5 to 4
kwi 27, 2021 6:56:31 PM com.ad.sudoku.model.SudokuField setValue
INFO: SudokuField changed value from 4 to 8
kwi 27, 2021 6:56:31 PM com.ad.sudoku.model.SudokuField setValue
INFO: SudokuField changed value from 0 to 2
kwi 27, 2021 6:56:31 PM com.ad.sudoku.model.SudokuField setValue
INFO: SudokuField changed value from 0 to 5
kwi 27, 2021 6:56:31 PM com.ad.sudoku.model.SudokuField setValue
INFO: SudokuField changed value from 5 to 2
kwi 27, 2021 6:56:31 PM com.ad.sudoku.model.SudokuField setValue
INFO: SudokuField changed value from 2 to 6
kwi 27, 2021 6:56:31 PM com.ad.sudoku.model.SudokuField setValue
INFO: SudokuField changed value from 6 to 9
kwi 27, 2021 6:56:31 PM com.ad.sudoku.model.SudokuField setValue
INFO: SudokuField changed value from 9 to 7
kwi 27, 2021 6:56:31 PM com.ad.sudoku.model.SudokuField setValue
INFO: SudokuField changed value from 7 to 3
kwi 27, 2021 6:56:31 PM com.ad.sudoku.model.SudokuField setValue
INFO: SudokuField changed value from 3 to 4
kwi 27, 2021 6:56:31 PM com.ad.sudoku.model.SudokuField setValue
INFO: SudokuField changed value from 4 to 1
kwi 27, 2021 6:56:31 PM com.ad.sudoku.model.SudokuField setValue
INFO: SudokuField changed value from 1 to 8
kwi 27, 2021 6:56:31 PM com.ad.sudoku.model.SudokuField setValue
INFO: SudokuField changed value from 8 to 0
kwi 27, 2021 6:56:31 PM com.ad.sudoku.model.SudokuField setValue
INFO: SudokuField changed value from 2 to 8
kwi 27, 2021 6:56:31 PM com.ad.sudoku.model.SudokuField setValue
INFO: SudokuField changed value from 8 to 4
kwi 27, 2021 6:56:31 PM com.ad.sudoku.model.SudokuField setValue
INFO: SudokuField changed value from 4 to 9
kwi 27, 2021 6:56:31 PM com.ad.sudoku.model.SudokuField setValue
INFO: SudokuField changed value from 9 to 5
kwi 27, 2021 6:56:31 PM com.ad.sudoku.model.SudokuField setValue
INFO: SudokuField changed value from 5 to 1
kwi 27, 2021 6:56:31 PM com.ad.sudoku.model.SudokuField setValue
INFO: SudokuField changed value from 1 to 6
kwi 27, 2021 6:56:31 PM com.ad.sudoku.model.SudokuField setValue
INFO: SudokuField changed value from 6 to 3
kwi 27, 2021 6:56:31 PM com.ad.sudoku.model.SudokuField setValue
INFO: SudokuField changed value from 3 to 7
kwi 27, 2021 6:56:31 PM com.ad.sudoku.model.SudokuField setValue
INFO: SudokuField changed value from 0 to 1
kwi 27, 2021 6:56:31 PM com.ad.sudoku.model.SudokuField setValue
INFO: SudokuField changed value from 1 to 7
kwi 27, 2021 6:56:31 PM com.ad.sudoku.model.SudokuField setValue
INFO: SudokuField changed value from 7 to 4
kwi 27, 2021 6:56:31 PM com.ad.sudoku.model.SudokuField setValue
INFO: SudokuField changed value from 4 to 3
kwi 27, 2021 6:56:31 PM com.ad.sudoku.model.SudokuField setValue
INFO: SudokuField changed value from 3 to 8
kwi 27, 2021 6:56:31 PM com.ad.sudoku.model.SudokuField setValue
INFO: SudokuField changed value from 8 to 9
kwi 27, 2021 6:56:31 PM com.ad.sudoku.model.SudokuField setValue
INFO: SudokuField changed value from 9 to 2
kwi 27, 2021 6:56:31 PM com.ad.sudoku.model.SudokuField setValue
INFO: SudokuField changed value from 0 to 7
kwi 27, 2021 6:56:31 PM com.ad.sudoku.model.SudokuField setValue
INFO: SudokuField changed value from 7 to 6
kwi 27, 2021 6:56:31 PM com.ad.sudoku.model.SudokuField setValue
INFO: SudokuField changed value from 6 to 2
kwi 27, 2021 6:56:31 PM com.ad.sudoku.model.SudokuField setValue
INFO: SudokuField changed value from 2 to 4
kwi 27, 2021 6:56:31 PM com.ad.sudoku.model.SudokuField setValue
INFO: SudokuField changed value from 4 to 5
kwi 27, 2021 6:56:31 PM com.ad.sudoku.model.SudokuField setValue
INFO: SudokuField changed value from 5 to 9
kwi 27, 2021 6:56:31 PM com.ad.sudoku.model.SudokuField setValue
INFO: SudokuField changed value from 0 to 9
kwi 27, 2021 6:56:31 PM com.ad.sudoku.model.SudokuField setValue
INFO: SudokuField changed value from 9 to 4
kwi 27, 2021 6:56:31 PM com.ad.sudoku.model.SudokuField setValue
INFO: SudokuField changed value from 0 to 1
kwi 27, 2021 6:56:31 PM com.ad.sudoku.model.SudokuField setValue
INFO: SudokuField changed value from 1 to 9
kwi 27, 2021 6:56:31 PM com.ad.sudoku.model.SudokuField setValue
INFO: SudokuField changed value from 9 to 6
kwi 27, 2021 6:56:31 PM com.ad.sudoku.model.SudokuField setValue
INFO: SudokuField changed value from 6 to 5
kwi 27, 2021 6:56:31 PM com.ad.sudoku.model.SudokuField setValue
INFO: SudokuField changed value from 5 to 8
kwi 27, 2021 6:56:31 PM com.ad.sudoku.model.SudokuField setValue
INFO: SudokuField changed value from 8 to 7
kwi 27, 2021 6:56:31 PM com.ad.sudoku.model.SudokuField setValue
INFO: SudokuField changed value from 7 to 2
kwi 27, 2021 6:56:31 PM com.ad.sudoku.model.SudokuField setValue
INFO: SudokuField changed value from 2 to 3
kwi 27, 2021 6:56:31 PM com.ad.sudoku.model.SudokuField setValue
INFO: SudokuField changed value from 0 to 3
kwi 27, 2021 6:56:31 PM com.ad.sudoku.model.SudokuField setValue
INFO: SudokuField changed value from 3 to 7
kwi 27, 2021 6:56:31 PM com.ad.sudoku.model.SudokuField setValue
INFO: SudokuField changed value from 7 to 1
kwi 27, 2021 6:56:31 PM com.ad.sudoku.model.SudokuField setValue
INFO: SudokuField changed value from 0 to 3
kwi 27, 2021 6:56:31 PM com.ad.sudoku.model.SudokuField setValue
INFO: SudokuField changed value from 3 to 8
kwi 27, 2021 6:56:31 PM com.ad.sudoku.model.SudokuField setValue
INFO: SudokuField changed value from 8 to 4
kwi 27, 2021 6:56:31 PM com.ad.sudoku.model.SudokuField setValue
INFO: SudokuField changed value from 4 to 7
kwi 27, 2021 6:56:31 PM com.ad.sudoku.model.SudokuField setValue
INFO: SudokuField changed value from 7 to 6
kwi 27, 2021 6:56:31 PM com.ad.sudoku.model.SudokuField setValue
INFO: SudokuField changed value from 0 to 1
kwi 27, 2021 6:56:31 PM com.ad.sudoku.model.SudokuField setValue
INFO: SudokuField changed value from 1 to 9
kwi 27, 2021 6:56:31 PM com.ad.sudoku.model.SudokuField setValue
INFO: SudokuField changed value from 9 to 7
kwi 27, 2021 6:56:31 PM com.ad.sudoku.model.SudokuField setValue
INFO: SudokuField changed value from 7 to 5
kwi 27, 2021 6:56:31 PM com.ad.sudoku.model.SudokuField setValue
INFO: SudokuField changed value from 5 to 4
kwi 27, 2021 6:56:31 PM com.ad.sudoku.model.SudokuField setValue
INFO: SudokuField changed value from 4 to 6
kwi 27, 2021 6:56:31 PM com.ad.sudoku.model.SudokuField setValue
INFO: SudokuField changed value from 6 to 8
kwi 27, 2021 6:56:31 PM com.ad.sudoku.model.SudokuField setValue
INFO: SudokuField changed value from 8 to 3
kwi 27, 2021 6:56:31 PM com.ad.sudoku.model.SudokuField setValue
INFO: SudokuField changed value from 3 to 2
kwi 27, 2021 6:56:31 PM com.ad.sudoku.model.SudokuField setValue
INFO: SudokuField changed value from 2 to 0
kwi 27, 2021 6:56:31 PM com.ad.sudoku.model.SudokuField setValue
INFO: SudokuField changed value from 6 to 9
kwi 27, 2021 6:56:31 PM com.ad.sudoku.model.SudokuField setValue
INFO: SudokuField changed value from 9 to 5
kwi 27, 2021 6:56:31 PM com.ad.sudoku.model.SudokuField setValue
INFO: SudokuField changed value from 0 to 1
kwi 27, 2021 6:56:31 PM com.ad.sudoku.model.SudokuField setValue
INFO: SudokuField changed value from 1 to 6
kwi 27, 2021 6:56:31 PM com.ad.sudoku.model.SudokuField setValue
INFO: SudokuField changed value from 0 to 2
kwi 27, 2021 6:56:31 PM com.ad.sudoku.model.SudokuField setValue
INFO: SudokuField changed value from 2 to 1
kwi 27, 2021 6:56:31 PM com.ad.sudoku.model.SudokuField setValue
INFO: SudokuField changed value from 0 to 4
kwi 27, 2021 6:56:31 PM com.ad.sudoku.model.SudokuField setValue
INFO: SudokuField changed value from 4 to 5
kwi 27, 2021 6:56:31 PM com.ad.sudoku.model.SudokuField setValue
INFO: SudokuField changed value from 5 to 7
kwi 27, 2021 6:56:31 PM com.ad.sudoku.model.SudokuField setValue
INFO: SudokuField changed value from 7 to 1
kwi 27, 2021 6:56:31 PM com.ad.sudoku.model.SudokuField setValue
INFO: SudokuField changed value from 1 to 6
kwi 27, 2021 6:56:31 PM com.ad.sudoku.model.SudokuField setValue
INFO: SudokuField changed value from 0 to 3
kwi 27, 2021 6:56:31 PM com.ad.sudoku.model.SudokuField setValue
INFO: SudokuField changed value from 0 to 9
kwi 27, 2021 6:56:31 PM com.ad.sudoku.model.SudokuField setValue
INFO: SudokuField changed value from 9 to 1
kwi 27, 2021 6:56:31 PM com.ad.sudoku.model.SudokuField setValue
INFO: SudokuField changed value from 1 to 5
kwi 27, 2021 6:56:31 PM com.ad.sudoku.model.SudokuField setValue
INFO: SudokuField changed value from 5 to 3
kwi 27, 2021 6:56:31 PM com.ad.sudoku.model.SudokuField setValue
INFO: SudokuField changed value from 3 to 8
kwi 27, 2021 6:56:31 PM com.ad.sudoku.model.SudokuField setValue
INFO: SudokuField changed value from 0 to 6
kwi 27, 2021 6:56:31 PM com.ad.sudoku.model.SudokuField setValue
INFO: SudokuField changed value from 6 to 3
kwi 27, 2021 6:56:31 PM com.ad.sudoku.model.SudokuField setValue
INFO: SudokuField changed value from 3 to 9
kwi 27, 2021 6:56:31 PM com.ad.sudoku.model.SudokuField setValue
INFO: SudokuField changed value from 0 to 4
kwi 27, 2021 6:56:31 PM com.ad.sudoku.model.SudokuField setValue
INFO: SudokuField changed value from 0 to 1
kwi 27, 2021 6:56:31 PM com.ad.sudoku.model.SudokuField setValue
INFO: SudokuField changed value from 1 to 3
kwi 27, 2021 6:56:31 PM com.ad.sudoku.model.SudokuField setValue
INFO: SudokuField changed value from 3 to 8
kwi 27, 2021 6:56:31 PM com.ad.sudoku.model.SudokuField setValue
INFO: SudokuField changed value from 8 to 6
kwi 27, 2021 6:56:31 PM com.ad.sudoku.model.SudokuField setValue
INFO: SudokuField changed value from 6 to 2
kwi 27, 2021 6:56:31 PM com.ad.sudoku.model.SudokuField setValue
INFO: SudokuField changed value from 2 to 5
kwi 27, 2021 6:56:31 PM com.ad.sudoku.model.SudokuField setValue
INFO: SudokuField changed value from 0 to 4
kwi 27, 2021 6:56:31 PM com.ad.sudoku.model.SudokuField setValue
INFO: SudokuField changed value from 4 to 3
kwi 27, 2021 6:56:31 PM com.ad.sudoku.model.SudokuField setValue
INFO: SudokuField changed value from 3 to 9
kwi 27, 2021 6:56:31 PM com.ad.sudoku.model.SudokuField setValue
INFO: SudokuField changed value from 9 to 2
kwi 27, 2021 6:56:31 PM com.ad.sudoku.model.SudokuField setValue
INFO: SudokuField changed value from 2 to 5
kwi 27, 2021 6:56:31 PM com.ad.sudoku.model.SudokuField setValue
INFO: SudokuField changed value from 5 to 7
kwi 27, 2021 6:56:31 PM com.ad.sudoku.model.SudokuField setValue
INFO: SudokuField changed value from 7 to 6
kwi 27, 2021 6:56:31 PM com.ad.sudoku.model.SudokuField setValue
INFO: SudokuField changed value from 6 to 1
kwi 27, 2021 6:56:31 PM com.ad.sudoku.model.SudokuField setValue
INFO: SudokuField changed value from 1 to 8
kwi 27, 2021 6:56:31 PM com.ad.sudoku.model.SudokuField setValue
INFO: SudokuField changed value from 8 to 0
kwi 27, 2021 6:56:31 PM com.ad.sudoku.model.SudokuField setValue
INFO: SudokuField changed value from 5 to 9
kwi 27, 2021 6:56:31 PM com.ad.sudoku.model.SudokuField setValue
INFO: SudokuField changed value from 9 to 4
kwi 27, 2021 6:56:31 PM com.ad.sudoku.model.SudokuField setValue
INFO: SudokuField changed value from 4 to 7
kwi 27, 2021 6:56:31 PM com.ad.sudoku.model.SudokuField setValue
INFO: SudokuField changed value from 7 to 0
kwi 27, 2021 6:56:31 PM com.ad.sudoku.model.SudokuField setValue
INFO: SudokuField changed value from 4 to 8
kwi 27, 2021 6:56:31 PM com.ad.sudoku.model.SudokuField setValue
INFO: SudokuField changed value from 8 to 7
kwi 27, 2021 6:56:31 PM com.ad.sudoku.model.SudokuField setValue
INFO: SudokuField changed value from 0 to 5
kwi 27, 2021 6:56:31 PM com.ad.sudoku.model.SudokuField setValue
INFO: SudokuField changed value from 0 to 4
kwi 27, 2021 6:56:31 PM com.ad.sudoku.model.SudokuField setValue
INFO: SudokuField changed value from 4 to 7
kwi 27, 2021 6:56:31 PM com.ad.sudoku.model.SudokuField setValue
INFO: SudokuField changed value from 7 to 8
kwi 27, 2021 6:56:31 PM com.ad.sudoku.model.SudokuField setValue
INFO: SudokuField changed value from 8 to 6
kwi 27, 2021 6:56:31 PM com.ad.sudoku.model.SudokuField setValue
INFO: SudokuField changed value from 6 to 9
kwi 27, 2021 6:56:31 PM com.ad.sudoku.model.SudokuField setValue
INFO: SudokuField changed value from 9 to 1
kwi 27, 2021 6:56:31 PM com.ad.sudoku.model.SudokuField setValue
INFO: SudokuField changed value from 1 to 3
kwi 27, 2021 6:56:31 PM com.ad.sudoku.model.SudokuField setValue
INFO: SudokuField changed value from 3 to 2
kwi 27, 2021 6:56:31 PM com.ad.sudoku.model.SudokuField setValue
INFO: SudokuField changed value from 2 to 5
kwi 27, 2021 6:56:31 PM com.ad.sudoku.model.SudokuField setValue
INFO: SudokuField changed value from 5 to 0
kwi 27, 2021 6:56:31 PM com.ad.sudoku.model.SudokuField setValue
INFO: SudokuField changed value from 5 to 1
kwi 27, 2021 6:56:31 PM com.ad.sudoku.model.SudokuField setValue
INFO: SudokuField changed value from 1 to 9
kwi 27, 2021 6:56:31 PM com.ad.sudoku.model.SudokuField setValue
INFO: SudokuField changed value from 9 to 6
kwi 27, 2021 6:56:31 PM com.ad.sudoku.model.SudokuField setValue
INFO: SudokuField changed value from 6 to 4
kwi 27, 2021 6:56:31 PM com.ad.sudoku.model.SudokuField setValue
INFO: SudokuField changed value from 4 to 2
kwi 27, 2021 6:56:31 PM com.ad.sudoku.model.SudokuField setValue
INFO: SudokuField changed value from 2 to 8
kwi 27, 2021 6:56:31 PM com.ad.sudoku.model.SudokuField setValue
INFO: SudokuField changed value from 8 to 3
kwi 27, 2021 6:56:31 PM com.ad.sudoku.model.SudokuField setValue
INFO: SudokuField changed value from 3 to 7
kwi 27, 2021 6:56:31 PM com.ad.sudoku.model.SudokuField setValue
INFO: SudokuField changed value from 7 to 0
kwi 27, 2021 6:56:31 PM com.ad.sudoku.model.SudokuField setValue
INFO: SudokuField changed value from 7 to 5
kwi 27, 2021 6:56:31 PM com.ad.sudoku.model.SudokuField setValue
INFO: SudokuField changed value from 5 to 1
kwi 27, 2021 6:56:31 PM com.ad.sudoku.model.SudokuField setValue
INFO: SudokuField changed value from 1 to 9
kwi 27, 2021 6:56:31 PM com.ad.sudoku.model.SudokuField setValue
INFO: SudokuField changed value from 9 to 2
kwi 27, 2021 6:56:31 PM com.ad.sudoku.model.SudokuField setValue
INFO: SudokuField changed value from 2 to 6
kwi 27, 2021 6:56:31 PM com.ad.sudoku.model.SudokuField setValue
INFO: SudokuField changed value from 6 to 3
kwi 27, 2021 6:56:31 PM com.ad.sudoku.model.SudokuField setValue
INFO: SudokuField changed value from 3 to 0
kwi 27, 2021 6:56:31 PM com.ad.sudoku.model.SudokuField setValue
INFO: SudokuField changed value from 9 to 7
kwi 27, 2021 6:56:31 PM com.ad.sudoku.model.SudokuField setValue
INFO: SudokuField changed value from 7 to 4
kwi 27, 2021 6:56:31 PM com.ad.sudoku.model.SudokuField setValue
INFO: SudokuField changed value from 4 to 8
kwi 27, 2021 6:56:31 PM com.ad.sudoku.model.SudokuField setValue
INFO: SudokuField changed value from 8 to 5
kwi 27, 2021 6:56:31 PM com.ad.sudoku.model.SudokuField setValue
INFO: SudokuField changed value from 0 to 8
kwi 27, 2021 6:56:31 PM com.ad.sudoku.model.SudokuField setValue
INFO: SudokuField changed value from 8 to 2
kwi 27, 2021 6:56:31 PM com.ad.sudoku.model.SudokuField setValue
INFO: SudokuField changed value from 2 to 3
kwi 27, 2021 6:56:31 PM com.ad.sudoku.model.SudokuField setValue
INFO: SudokuField changed value from 3 to 5
kwi 27, 2021 6:56:31 PM com.ad.sudoku.model.SudokuField setValue
INFO: SudokuField changed value from 5 to 4
kwi 27, 2021 6:56:31 PM com.ad.sudoku.model.SudokuField setValue
INFO: SudokuField changed value from 0 to 4
kwi 27, 2021 6:56:31 PM com.ad.sudoku.model.SudokuField setValue
INFO: SudokuField changed value from 4 to 9
kwi 27, 2021 6:56:31 PM com.ad.sudoku.model.SudokuField setValue
INFO: SudokuField changed value from 0 to 8
kwi 27, 2021 6:56:31 PM com.ad.sudoku.model.SudokuField setValue
INFO: SudokuField changed value from 8 to 1
kwi 27, 2021 6:56:31 PM com.ad.sudoku.model.SudokuField setValue
INFO: SudokuField changed value from 1 to 6
kwi 27, 2021 6:56:31 PM com.ad.sudoku.model.SudokuField setValue
INFO: SudokuField changed value from 6 to 7
kwi 27, 2021 6:56:31 PM com.ad.sudoku.model.SudokuField setValue
INFO: SudokuField changed value from 7 to 9
kwi 27, 2021 6:56:31 PM com.ad.sudoku.model.SudokuField setValue
INFO: SudokuField changed value from 9 to 5
kwi 27, 2021 6:56:31 PM com.ad.sudoku.model.SudokuField setValue
INFO: SudokuField changed value from 5 to 2
kwi 27, 2021 6:56:31 PM com.ad.sudoku.model.SudokuField setValue
INFO: SudokuField changed value from 2 to 3
kwi 27, 2021 6:56:31 PM com.ad.sudoku.model.SudokuField setValue
INFO: SudokuField changed value from 3 to 4
kwi 27, 2021 6:56:31 PM com.ad.sudoku.model.SudokuField setValue
INFO: SudokuField changed value from 4 to 0
kwi 27, 2021 6:56:31 PM com.ad.sudoku.model.SudokuField setValue
INFO: SudokuField changed value from 9 to 6
kwi 27, 2021 6:56:31 PM com.ad.sudoku.model.SudokuField setValue
INFO: SudokuField changed value from 6 to 5
kwi 27, 2021 6:56:31 PM com.ad.sudoku.model.SudokuField setValue
INFO: SudokuField changed value from 5 to 1
kwi 27, 2021 6:56:31 PM com.ad.sudoku.model.SudokuField setValue
INFO: SudokuField changed value from 1 to 2
kwi 27, 2021 6:56:31 PM com.ad.sudoku.model.SudokuField setValue
INFO: SudokuField changed value from 2 to 8
kwi 27, 2021 6:56:31 PM com.ad.sudoku.model.SudokuField setValue
INFO: SudokuField changed value from 8 to 3
kwi 27, 2021 6:56:31 PM com.ad.sudoku.model.SudokuField setValue
INFO: SudokuField changed value from 3 to 7
kwi 27, 2021 6:56:31 PM com.ad.sudoku.model.SudokuField setValue
INFO: SudokuField changed value from 7 to 0
kwi 27, 2021 6:56:31 PM com.ad.sudoku.model.SudokuField setValue
INFO: SudokuField changed value from 4 to 9
kwi 27, 2021 6:56:31 PM com.ad.sudoku.model.SudokuField setValue
INFO: SudokuField changed value from 9 to 6
kwi 27, 2021 6:56:31 PM com.ad.sudoku.model.SudokuField setValue
INFO: SudokuField changed value from 6 to 7
kwi 27, 2021 6:56:31 PM com.ad.sudoku.model.SudokuField setValue
INFO: SudokuField changed value from 0 to 2
kwi 27, 2021 6:56:31 PM com.ad.sudoku.model.SudokuField setValue
INFO: SudokuField changed value from 2 to 1
kwi 27, 2021 6:56:31 PM com.ad.sudoku.model.SudokuField setValue
INFO: SudokuField changed value from 1 to 8
kwi 27, 2021 6:56:31 PM com.ad.sudoku.model.SudokuField setValue
INFO: SudokuField changed value from 8 to 6
kwi 27, 2021 6:56:31 PM com.ad.sudoku.model.SudokuField setValue
INFO: SudokuField changed value from 6 to 3
kwi 27, 2021 6:56:31 PM com.ad.sudoku.model.SudokuField setValue
INFO: SudokuField changed value from 3 to 5
kwi 27, 2021 6:56:31 PM com.ad.sudoku.model.SudokuField setValue
INFO: SudokuField changed value from 5 to 9
kwi 27, 2021 6:56:31 PM com.ad.sudoku.model.SudokuField setValue
INFO: SudokuField changed value from 0 to 6
kwi 27, 2021 6:56:31 PM com.ad.sudoku.model.SudokuField setValue
INFO: SudokuField changed value from 6 to 9
kwi 27, 2021 6:56:31 PM com.ad.sudoku.model.SudokuField setValue
INFO: SudokuField changed value from 9 to 8
kwi 27, 2021 6:56:31 PM com.ad.sudoku.model.SudokuField setValue
INFO: SudokuField changed value from 8 to 3
kwi 27, 2021 6:56:31 PM com.ad.sudoku.model.SudokuField setValue
INFO: SudokuField changed value from 3 to 1
kwi 27, 2021 6:56:31 PM com.ad.sudoku.model.SudokuField setValue
INFO: SudokuField changed value from 1 to 5
kwi 27, 2021 6:56:31 PM com.ad.sudoku.model.SudokuField setValue
INFO: SudokuField changed value from 5 to 2
kwi 27, 2021 6:56:31 PM com.ad.sudoku.model.SudokuField setValue
INFO: SudokuField changed value from 2 to 4
kwi 27, 2021 6:56:31 PM com.ad.sudoku.model.SudokuField setValue
INFO: SudokuField changed value from 4 to 7
kwi 27, 2021 6:56:31 PM com.ad.sudoku.model.SudokuField setValue
INFO: SudokuField changed value from 7 to 0
kwi 27, 2021 6:56:31 PM com.ad.sudoku.model.SudokuField setValue
INFO: SudokuField changed value from 9 to 4
kwi 27, 2021 6:56:31 PM com.ad.sudoku.model.SudokuField setValue
INFO: SudokuField changed value from 4 to 7
kwi 27, 2021 6:56:31 PM com.ad.sudoku.model.SudokuField setValue
INFO: SudokuField changed value from 7 to 0
kwi 27, 2021 6:56:31 PM com.ad.sudoku.model.SudokuField setValue
INFO: SudokuField changed value from 7 to 1
kwi 27, 2021 6:56:31 PM com.ad.sudoku.model.SudokuField setValue
INFO: SudokuField changed value from 1 to 0
kwi 27, 2021 6:56:31 PM com.ad.sudoku.model.SudokuField setValue
INFO: SudokuField changed value from 5 to 1
kwi 27, 2021 6:56:31 PM com.ad.sudoku.model.SudokuField setValue
INFO: SudokuField changed value from 1 to 2
kwi 27, 2021 6:56:31 PM com.ad.sudoku.model.SudokuField setValue
INFO: SudokuField changed value from 2 to 0
kwi 27, 2021 6:56:31 PM com.ad.sudoku.model.SudokuField setValue
INFO: SudokuField changed value from 8 to 7
kwi 27, 2021 6:56:31 PM com.ad.sudoku.model.SudokuField setValue
INFO: SudokuField changed value from 7 to 6
kwi 27, 2021 6:56:31 PM com.ad.sudoku.model.SudokuField setValue
INFO: SudokuField changed value from 6 to 2
kwi 27, 2021 6:56:31 PM com.ad.sudoku.model.SudokuField setValue
INFO: SudokuField changed value from 0 to 6
kwi 27, 2021 6:56:31 PM com.ad.sudoku.model.SudokuField setValue
INFO: SudokuField changed value from 6 to 2
kwi 27, 2021 6:56:31 PM com.ad.sudoku.model.SudokuField setValue
INFO: SudokuField changed value from 2 to 3
kwi 27, 2021 6:56:31 PM com.ad.sudoku.model.SudokuField setValue
INFO: SudokuField changed value from 3 to 4
kwi 27, 2021 6:56:31 PM com.ad.sudoku.model.SudokuField setValue
INFO: SudokuField changed value from 4 to 1
kwi 27, 2021 6:56:31 PM com.ad.sudoku.model.SudokuField setValue
INFO: SudokuField changed value from 1 to 9
kwi 27, 2021 6:56:31 PM com.ad.sudoku.model.SudokuField setValue
INFO: SudokuField changed value from 0 to 7
kwi 27, 2021 6:56:31 PM com.ad.sudoku.model.SudokuField setValue
INFO: SudokuField changed value from 0 to 3
kwi 27, 2021 6:56:31 PM com.ad.sudoku.model.SudokuField setValue
INFO: SudokuField changed value from 3 to 2
kwi 27, 2021 6:56:31 PM com.ad.sudoku.model.SudokuField setValue
INFO: SudokuField changed value from 2 to 5
kwi 27, 2021 6:56:31 PM com.ad.sudoku.model.SudokuField setValue
INFO: SudokuField changed value from 0 to 2
kwi 27, 2021 6:56:31 PM com.ad.sudoku.model.SudokuField setValue
INFO: SudokuField changed value from 2 to 9
kwi 27, 2021 6:56:31 PM com.ad.sudoku.model.SudokuField setValue
INFO: SudokuField changed value from 9 to 4
kwi 27, 2021 6:56:31 PM com.ad.sudoku.model.SudokuField setValue
INFO: SudokuField changed value from 4 to 5
kwi 27, 2021 6:56:31 PM com.ad.sudoku.model.SudokuField setValue
INFO: SudokuField changed value from 5 to 7
kwi 27, 2021 6:56:31 PM com.ad.sudoku.model.SudokuField setValue
INFO: SudokuField changed value from 7 to 1
kwi 27, 2021 6:56:31 PM com.ad.sudoku.model.SudokuField setValue
INFO: SudokuField changed value from 1 to 3
kwi 27, 2021 6:56:31 PM com.ad.sudoku.model.SudokuField setValue
INFO: SudokuField changed value from 3 to 6
kwi 27, 2021 6:56:31 PM com.ad.sudoku.model.SudokuField setValue
INFO: SudokuField changed value from 6 to 8
kwi 27, 2021 6:56:31 PM com.ad.sudoku.model.SudokuField setValue
INFO: SudokuField changed value from 8 to 0
kwi 27, 2021 6:56:31 PM com.ad.sudoku.model.SudokuField setValue
INFO: SudokuField changed value from 5 to 7
kwi 27, 2021 6:56:31 PM com.ad.sudoku.model.SudokuField setValue
INFO: SudokuField changed value from 7 to 6
kwi 27, 2021 6:56:31 PM com.ad.sudoku.model.SudokuField setValue
INFO: SudokuField changed value from 6 to 1
kwi 27, 2021 6:56:31 PM com.ad.sudoku.model.SudokuField setValue
INFO: SudokuField changed value from 1 to 8
kwi 27, 2021 6:56:31 PM com.ad.sudoku.model.SudokuField setValue
INFO: SudokuField changed value from 0 to 2
kwi 27, 2021 6:56:31 PM com.ad.sudoku.model.SudokuField setValue
INFO: SudokuField changed value from 2 to 3
kwi 27, 2021 6:56:31 PM com.ad.sudoku.model.SudokuField setValue
INFO: SudokuField changed value from 3 to 6
kwi 27, 2021 6:56:31 PM com.ad.sudoku.model.SudokuField setValue
INFO: SudokuField changed value from 6 to 4
kwi 27, 2021 6:56:31 PM com.ad.sudoku.model.SudokuField setValue
INFO: SudokuField changed value from 4 to 7
kwi 27, 2021 6:56:31 PM com.ad.sudoku.model.SudokuField setValue
INFO: SudokuField changed value from 7 to 9
kwi 27, 2021 6:56:31 PM com.ad.sudoku.model.SudokuField setValue
INFO: SudokuField changed value from 9 to 8
kwi 27, 2021 6:56:31 PM com.ad.sudoku.model.SudokuField setValue
INFO: SudokuField changed value from 8 to 5
kwi 27, 2021 6:56:31 PM com.ad.sudoku.model.SudokuField setValue
INFO: SudokuField changed value from 5 to 1
kwi 27, 2021 6:56:31 PM com.ad.sudoku.model.SudokuField setValue
INFO: SudokuField changed value from 1 to 0
kwi 27, 2021 6:56:31 PM com.ad.sudoku.model.SudokuField setValue
INFO: SudokuField changed value from 8 to 9
kwi 27, 2021 6:56:31 PM com.ad.sudoku.model.SudokuField setValue
INFO: SudokuField changed value from 9 to 4
kwi 27, 2021 6:56:31 PM com.ad.sudoku.model.SudokuField setValue
INFO: SudokuField changed value from 4 to 0
kwi 27, 2021 6:56:31 PM com.ad.sudoku.model.SudokuField setValue
INFO: SudokuField changed value from 7 to 3
kwi 27, 2021 6:56:31 PM com.ad.sudoku.model.SudokuField setValue
INFO: SudokuField changed value from 3 to 1
kwi 27, 2021 6:56:31 PM com.ad.sudoku.model.SudokuField setValue
INFO: SudokuField changed value from 1 to 6
kwi 27, 2021 6:56:31 PM com.ad.sudoku.model.SudokuField setValue
INFO: SudokuField changed value from 6 to 5
kwi 27, 2021 6:56:31 PM com.ad.sudoku.model.SudokuField setValue
INFO: SudokuField changed value from 5 to 4
kwi 27, 2021 6:56:31 PM com.ad.sudoku.model.SudokuField setValue
INFO: SudokuField changed value from 0 to 6
kwi 27, 2021 6:56:31 PM com.ad.sudoku.model.SudokuField setValue
INFO: SudokuField changed value from 6 to 2
kwi 27, 2021 6:56:31 PM com.ad.sudoku.model.SudokuField setValue
INFO: SudokuField changed value from 2 to 8
kwi 27, 2021 6:56:31 PM com.ad.sudoku.model.SudokuField setValue
INFO: SudokuField changed value from 0 to 3
kwi 27, 2021 6:56:31 PM com.ad.sudoku.model.SudokuField setValue
INFO: SudokuField changed value from 3 to 9
kwi 27, 2021 6:56:31 PM com.ad.sudoku.model.SudokuField setValue
INFO: SudokuField changed value from 9 to 7
kwi 27, 2021 6:56:31 PM com.ad.sudoku.model.SudokuField setValue
INFO: SudokuField changed value from 7 to 6
kwi 27, 2021 6:56:31 PM com.ad.sudoku.model.SudokuField setValue
INFO: SudokuField changed value from 6 to 4
kwi 27, 2021 6:56:31 PM com.ad.sudoku.model.SudokuField setValue
INFO: SudokuField changed value from 4 to 1
kwi 27, 2021 6:56:31 PM com.ad.sudoku.model.SudokuField setValue
INFO: SudokuField changed value from 1 to 5
kwi 27, 2021 6:56:31 PM com.ad.sudoku.model.SudokuField setValue
INFO: SudokuField changed value from 5 to 2
kwi 27, 2021 6:56:31 PM com.ad.sudoku.model.SudokuField setValue
INFO: SudokuField changed value from 2 to 8
kwi 27, 2021 6:56:31 PM com.ad.sudoku.model.SudokuField setValue
INFO: SudokuField changed value from 8 to 0
kwi 27, 2021 6:56:31 PM com.ad.sudoku.model.SudokuField setValue
INFO: SudokuField changed value from 8 to 3
kwi 27, 2021 6:56:31 PM com.ad.sudoku.model.SudokuField setValue
INFO: SudokuField changed value from 3 to 1
kwi 27, 2021 6:56:31 PM com.ad.sudoku.model.SudokuField setValue
INFO: SudokuField changed value from 1 to 7
kwi 27, 2021 6:56:31 PM com.ad.sudoku.model.SudokuField setValue
INFO: SudokuField changed value from 7 to 9
kwi 27, 2021 6:56:31 PM com.ad.sudoku.model.SudokuField setValue
INFO: SudokuField changed value from 9 to 4
kwi 27, 2021 6:56:31 PM com.ad.sudoku.model.SudokuField setValue
INFO: SudokuField changed value from 4 to 5
kwi 27, 2021 6:56:31 PM com.ad.sudoku.model.SudokuField setValue
INFO: SudokuField changed value from 0 to 3
kwi 27, 2021 6:56:31 PM com.ad.sudoku.model.SudokuField setValue
INFO: SudokuField changed value from 3 to 6
kwi 27, 2021 6:56:31 PM com.ad.sudoku.model.SudokuField setValue
INFO: SudokuField changed value from 6 to 9
kwi 27, 2021 6:56:31 PM com.ad.sudoku.model.SudokuField setValue
INFO: SudokuField changed value from 9 to 2
kwi 27, 2021 6:56:31 PM com.ad.sudoku.model.SudokuField setValue
INFO: SudokuField changed value from 2 to 8
kwi 27, 2021 6:56:31 PM com.ad.sudoku.model.SudokuField setValue
INFO: SudokuField changed value from 8 to 4
kwi 27, 2021 6:56:31 PM com.ad.sudoku.model.SudokuField setValue
INFO: SudokuField changed value from 4 to 1
kwi 27, 2021 6:56:31 PM com.ad.sudoku.model.SudokuField setValue
INFO: SudokuField changed value from 1 to 7
kwi 27, 2021 6:56:31 PM com.ad.sudoku.model.SudokuField setValue
INFO: SudokuField changed value from 7 to 5
kwi 27, 2021 6:56:31 PM com.ad.sudoku.model.SudokuField setValue
INFO: SudokuField changed value from 5 to 0
kwi 27, 2021 6:56:31 PM com.ad.sudoku.model.SudokuField setValue
INFO: SudokuField changed value from 5 to 0
kwi 27, 2021 6:56:31 PM com.ad.sudoku.model.SudokuField setValue
INFO: SudokuField changed value from 4 to 8
kwi 27, 2021 6:56:31 PM com.ad.sudoku.model.SudokuField setValue
INFO: SudokuField changed value from 8 to 2
kwi 27, 2021 6:56:31 PM com.ad.sudoku.model.SudokuField setValue
INFO: SudokuField changed value from 2 to 9
kwi 27, 2021 6:56:31 PM com.ad.sudoku.model.SudokuField setValue
INFO: SudokuField changed value from 9 to 0
kwi 27, 2021 6:56:31 PM com.ad.sudoku.model.SudokuField setValue
INFO: SudokuField changed value from 9 to 8
kwi 27, 2021 6:56:31 PM com.ad.sudoku.model.SudokuField setValue
INFO: SudokuField changed value from 8 to 7
kwi 27, 2021 6:56:31 PM com.ad.sudoku.model.SudokuField setValue
INFO: SudokuField changed value from 7 to 5
kwi 27, 2021 6:56:31 PM com.ad.sudoku.model.SudokuField setValue
INFO: SudokuField changed value from 0 to 6
kwi 27, 2021 6:56:31 PM com.ad.sudoku.model.SudokuField setValue
INFO: SudokuField changed value from 6 to 5
kwi 27, 2021 6:56:31 PM com.ad.sudoku.model.SudokuField setValue
INFO: SudokuField changed value from 5 to 7
kwi 27, 2021 6:56:31 PM com.ad.sudoku.model.SudokuField setValue
INFO: SudokuField changed value from 0 to 1
kwi 27, 2021 6:56:31 PM com.ad.sudoku.model.SudokuField setValue
INFO: SudokuField changed value from 1 to 8
kwi 27, 2021 6:56:31 PM com.ad.sudoku.model.SudokuField setValue
INFO: SudokuField changed value from 0 to 8
kwi 27, 2021 6:56:31 PM com.ad.sudoku.model.SudokuField setValue
INFO: SudokuField changed value from 8 to 6
kwi 27, 2021 6:56:31 PM com.ad.sudoku.model.SudokuField setValue
INFO: SudokuField changed value from 6 to 9
kwi 27, 2021 6:56:31 PM com.ad.sudoku.model.SudokuField setValue
INFO: SudokuField changed value from 9 to 1
kwi 27, 2021 6:56:31 PM com.ad.sudoku.model.SudokuField setValue
INFO: SudokuField changed value from 1 to 4
kwi 27, 2021 6:56:31 PM com.ad.sudoku.model.SudokuField setValue
INFO: SudokuField changed value from 4 to 5
kwi 27, 2021 6:56:31 PM com.ad.sudoku.model.SudokuField setValue
INFO: SudokuField changed value from 5 to 2
kwi 27, 2021 6:56:31 PM com.ad.sudoku.model.SudokuField setValue
INFO: SudokuField changed value from 2 to 3
kwi 27, 2021 6:56:31 PM com.ad.sudoku.model.SudokuField setValue
INFO: SudokuField changed value from 3 to 7
kwi 27, 2021 6:56:31 PM com.ad.sudoku.model.SudokuField setValue
INFO: SudokuField changed value from 7 to 0
kwi 27, 2021 6:56:31 PM com.ad.sudoku.model.SudokuField setValue
INFO: SudokuField changed value from 8 to 4
kwi 27, 2021 6:56:31 PM com.ad.sudoku.model.SudokuField setValue
INFO: SudokuField changed value from 4 to 2
kwi 27, 2021 6:56:31 PM com.ad.sudoku.model.SudokuField setValue
INFO: SudokuField changed value from 2 to 3
kwi 27, 2021 6:56:31 PM com.ad.sudoku.model.SudokuField setValue
INFO: SudokuField changed value from 3 to 5
kwi 27, 2021 6:56:31 PM com.ad.sudoku.model.SudokuField setValue
INFO: SudokuField changed value from 5 to 6
kwi 27, 2021 6:56:31 PM com.ad.sudoku.model.SudokuField setValue
INFO: SudokuField changed value from 6 to 9
kwi 27, 2021 6:56:31 PM com.ad.sudoku.model.SudokuField setValue
INFO: SudokuField changed value from 0 to 5
kwi 27, 2021 6:56:31 PM com.ad.sudoku.model.SudokuField setValue
INFO: SudokuField changed value from 5 to 6
kwi 27, 2021 6:56:31 PM com.ad.sudoku.model.SudokuField setValue
INFO: SudokuField changed value from 6 to 9
kwi 27, 2021 6:56:31 PM com.ad.sudoku.model.SudokuField setValue
INFO: SudokuField changed value from 9 to 1
kwi 27, 2021 6:56:31 PM com.ad.sudoku.model.SudokuField setValue
INFO: SudokuField changed value from 1 to 7
kwi 27, 2021 6:56:31 PM com.ad.sudoku.model.SudokuField setValue
INFO: SudokuField changed value from 7 to 3
kwi 27, 2021 6:56:31 PM com.ad.sudoku.model.SudokuField setValue
INFO: SudokuField changed value from 3 to 2
kwi 27, 2021 6:56:31 PM com.ad.sudoku.model.SudokuField setValue
INFO: SudokuField changed value from 2 to 8
kwi 27, 2021 6:56:31 PM com.ad.sudoku.model.SudokuField setValue
INFO: SudokuField changed value from 8 to 4
kwi 27, 2021 6:56:31 PM com.ad.sudoku.model.SudokuField setValue
INFO: SudokuField changed value from 4 to 0
kwi 27, 2021 6:56:31 PM com.ad.sudoku.model.SudokuField setValue
INFO: SudokuField changed value from 9 to 7
kwi 27, 2021 6:56:31 PM com.ad.sudoku.model.SudokuField setValue
INFO: SudokuField changed value from 7 to 0
kwi 27, 2021 6:56:31 PM com.ad.sudoku.model.SudokuField setValue
INFO: SudokuField changed value from 7 to 9
kwi 27, 2021 6:56:31 PM com.ad.sudoku.model.SudokuField setValue
INFO: SudokuField changed value from 9 to 3
kwi 27, 2021 6:56:31 PM com.ad.sudoku.model.SudokuField setValue
INFO: SudokuField changed value from 3 to 2
kwi 27, 2021 6:56:31 PM com.ad.sudoku.model.SudokuField setValue
INFO: SudokuField changed value from 2 to 4
kwi 27, 2021 6:56:31 PM com.ad.sudoku.model.SudokuField setValue
INFO: SudokuField changed value from 0 to 2
kwi 27, 2021 6:56:31 PM com.ad.sudoku.model.SudokuField setValue
INFO: SudokuField changed value from 2 to 3
kwi 27, 2021 6:56:31 PM com.ad.sudoku.model.SudokuField setValue
INFO: SudokuField changed value from 3 to 1
kwi 27, 2021 6:56:31 PM com.ad.sudoku.model.SudokuField setValue
INFO: SudokuField changed value from 1 to 7
kwi 27, 2021 6:56:31 PM com.ad.sudoku.model.SudokuField setValue
INFO: SudokuField changed value from 7 to 9
kwi 27, 2021 6:56:31 PM com.ad.sudoku.model.SudokuField setValue
INFO: SudokuField changed value from 0 to 3
kwi 27, 2021 6:56:31 PM com.ad.sudoku.model.SudokuField setValue
INFO: SudokuField changed value from 3 to 8
kwi 27, 2021 6:56:31 PM com.ad.sudoku.model.SudokuField setValue
INFO: SudokuField changed value from 8 to 5
kwi 27, 2021 6:56:31 PM com.ad.sudoku.model.SudokuField setValue
INFO: SudokuField changed value from 5 to 9
kwi 27, 2021 6:56:31 PM com.ad.sudoku.model.SudokuField setValue
INFO: SudokuField changed value from 9 to 1
kwi 27, 2021 6:56:31 PM com.ad.sudoku.model.SudokuField setValue
INFO: SudokuField changed value from 1 to 7
kwi 27, 2021 6:56:31 PM com.ad.sudoku.model.SudokuField setValue
INFO: SudokuField changed value from 7 to 2
kwi 27, 2021 6:56:31 PM com.ad.sudoku.model.SudokuField setValue
INFO: SudokuField changed value from 2 to 4
kwi 27, 2021 6:56:31 PM com.ad.sudoku.model.SudokuField setValue
INFO: SudokuField changed value from 4 to 6
kwi 27, 2021 6:56:31 PM com.ad.sudoku.model.SudokuField setValue
INFO: SudokuField changed value from 6 to 0
kwi 27, 2021 6:56:31 PM com.ad.sudoku.model.SudokuField setValue
INFO: SudokuField changed value from 9 to 8
kwi 27, 2021 6:56:31 PM com.ad.sudoku.model.SudokuField setValue
INFO: SudokuField changed value from 0 to 4
kwi 27, 2021 6:56:31 PM com.ad.sudoku.model.SudokuField setValue
INFO: SudokuField changed value from 4 to 8
kwi 27, 2021 6:56:31 PM com.ad.sudoku.model.SudokuField setValue
INFO: SudokuField changed value from 8 to 3
kwi 27, 2021 6:56:31 PM com.ad.sudoku.model.SudokuField setValue
INFO: SudokuField changed value from 3 to 2
kwi 27, 2021 6:56:31 PM com.ad.sudoku.model.SudokuField setValue
INFO: SudokuField changed value from 2 to 1
kwi 27, 2021 6:56:31 PM com.ad.sudoku.model.SudokuField setValue
INFO: SudokuField changed value from 1 to 6
kwi 27, 2021 6:56:31 PM com.ad.sudoku.model.SudokuField setValue
INFO: SudokuField changed value from 6 to 7
kwi 27, 2021 6:56:31 PM com.ad.sudoku.model.SudokuField setValue
INFO: SudokuField changed value from 7 to 5
kwi 27, 2021 6:56:31 PM com.ad.sudoku.model.SudokuField setValue
INFO: SudokuField changed value from 5 to 9
kwi 27, 2021 6:56:31 PM com.ad.sudoku.model.SudokuField setValue
INFO: SudokuField changed value from 9 to 0
kwi 27, 2021 6:56:31 PM com.ad.sudoku.model.SudokuField setValue
INFO: SudokuField changed value from 8 to 4
kwi 27, 2021 6:56:31 PM com.ad.sudoku.model.SudokuField setValue
INFO: SudokuField changed value from 4 to 5
kwi 27, 2021 6:56:31 PM com.ad.sudoku.model.SudokuField setValue
INFO: SudokuField changed value from 5 to 6
kwi 27, 2021 6:56:31 PM com.ad.sudoku.model.SudokuField setValue
INFO: SudokuField changed value from 6 to 0
kwi 27, 2021 6:56:31 PM com.ad.sudoku.model.SudokuField setValue
INFO: SudokuField changed value from 4 to 1
kwi 27, 2021 6:56:31 PM com.ad.sudoku.model.SudokuField setValue
INFO: SudokuField changed value from 1 to 8
kwi 27, 2021 6:56:31 PM com.ad.sudoku.model.SudokuField setValue
INFO: SudokuField changed value from 8 to 0
kwi 27, 2021 6:56:31 PM com.ad.sudoku.model.SudokuField setValue
INFO: SudokuField changed value from 5 to 0
kwi 27, 2021 6:56:31 PM com.ad.sudoku.model.SudokuField setValue
INFO: SudokuField changed value from 2 to 4
kwi 27, 2021 6:56:31 PM com.ad.sudoku.model.SudokuField setValue
INFO: SudokuField changed value from 4 to 0
kwi 27, 2021 6:56:31 PM com.ad.sudoku.model.SudokuField setValue
INFO: SudokuField changed value from 3 to 7
kwi 27, 2021 6:56:31 PM com.ad.sudoku.model.SudokuField setValue
INFO: SudokuField changed value from 7 to 1
kwi 27, 2021 6:56:31 PM com.ad.sudoku.model.SudokuField setValue
INFO: SudokuField changed value from 1 to 2
kwi 27, 2021 6:56:31 PM com.ad.sudoku.model.SudokuField setValue
INFO: SudokuField changed value from 2 to 6
kwi 27, 2021 6:56:31 PM com.ad.sudoku.model.SudokuField setValue
INFO: SudokuField changed value from 6 to 5
kwi 27, 2021 6:56:31 PM com.ad.sudoku.model.SudokuField setValue
INFO: SudokuField changed value from 0 to 2
kwi 27, 2021 6:56:31 PM com.ad.sudoku.model.SudokuField setValue
INFO: SudokuField changed value from 0 to 5
kwi 27, 2021 6:56:31 PM com.ad.sudoku.model.SudokuField setValue
INFO: SudokuField changed value from 5 to 8
kwi 27, 2021 6:56:31 PM com.ad.sudoku.model.SudokuField setValue
INFO: SudokuField changed value from 8 to 6
kwi 27, 2021 6:56:31 PM com.ad.sudoku.model.SudokuField setValue
INFO: SudokuField changed value from 6 to 3
kwi 27, 2021 6:56:31 PM com.ad.sudoku.model.SudokuField setValue
INFO: SudokuField changed value from 3 to 9
kwi 27, 2021 6:56:31 PM com.ad.sudoku.model.SudokuField setValue
INFO: SudokuField changed value from 0 to 5
kwi 27, 2021 6:56:31 PM com.ad.sudoku.model.SudokuField setValue
INFO: SudokuField changed value from 5 to 1
kwi 27, 2021 6:56:31 PM com.ad.sudoku.model.SudokuField setValue
INFO: SudokuField changed value from 1 to 8
kwi 27, 2021 6:56:31 PM com.ad.sudoku.model.SudokuField setValue
INFO: SudokuField changed value from 8 to 2
kwi 27, 2021 6:56:31 PM com.ad.sudoku.model.SudokuField setValue
INFO: SudokuField changed value from 2 to 3
kwi 27, 2021 6:56:31 PM com.ad.sudoku.model.SudokuField setValue
INFO: SudokuField changed value from 3 to 7
kwi 27, 2021 6:56:31 PM com.ad.sudoku.model.SudokuField setValue
INFO: SudokuField changed value from 0 to 1
kwi 27, 2021 6:56:31 PM com.ad.sudoku.model.SudokuField setValue
INFO: SudokuField changed value from 1 to 2
kwi 27, 2021 6:56:31 PM com.ad.sudoku.model.SudokuField setValue
INFO: SudokuField changed value from 2 to 7
kwi 27, 2021 6:56:31 PM com.ad.sudoku.model.SudokuField setValue
INFO: SudokuField changed value from 7 to 4
kwi 27, 2021 6:56:31 PM com.ad.sudoku.model.SudokuField setValue
INFO: SudokuField changed value from 4 to 3
kwi 27, 2021 6:56:31 PM com.ad.sudoku.model.SudokuField setValue
INFO: SudokuField changed value from 3 to 9
kwi 27, 2021 6:56:31 PM com.ad.sudoku.model.SudokuField setValue
INFO: SudokuField changed value from 9 to 5
kwi 27, 2021 6:56:31 PM com.ad.sudoku.model.SudokuField setValue
INFO: SudokuField changed value from 5 to 8
kwi 27, 2021 6:56:31 PM com.ad.sudoku.model.SudokuField setValue
INFO: SudokuField changed value from 0 to 7
kwi 27, 2021 6:56:31 PM com.ad.sudoku.model.SudokuField setValue
INFO: SudokuField changed value from 7 to 1
kwi 27, 2021 6:56:31 PM com.ad.sudoku.model.SudokuField setValue
INFO: SudokuField changed value from 1 to 3
kwi 27, 2021 6:56:31 PM com.ad.sudoku.model.SudokuField setValue
INFO: SudokuField changed value from 0 to 9
kwi 27, 2021 6:56:31 PM com.ad.sudoku.model.SudokuField setValue
INFO: SudokuField changed value from 9 to 5
kwi 27, 2021 6:56:31 PM com.ad.sudoku.model.SudokuField setValue
INFO: SudokuField changed value from 5 to 3
kwi 27, 2021 6:56:31 PM com.ad.sudoku.model.SudokuField setValue
INFO: SudokuField changed value from 3 to 4
kwi 27, 2021 6:56:31 PM com.ad.sudoku.model.SudokuField setValue
INFO: SudokuField changed value from 0 to 5
kwi 27, 2021 6:56:31 PM com.ad.sudoku.model.SudokuField setValue
INFO: SudokuField changed value from 5 to 8
kwi 27, 2021 6:56:31 PM com.ad.sudoku.model.SudokuField setValue
INFO: SudokuField changed value from 8 to 4
kwi 27, 2021 6:56:31 PM com.ad.sudoku.model.SudokuField setValue
INFO: SudokuField changed value from 4 to 9
kwi 27, 2021 6:56:31 PM com.ad.sudoku.model.SudokuField setValue
INFO: SudokuField changed value from 0 to 5
kwi 27, 2021 6:56:31 PM com.ad.sudoku.model.SudokuField setValue
INFO: SudokuField changed value from 5 to 2
kwi 27, 2021 6:56:31 PM com.ad.sudoku.model.SudokuField setValue
INFO: SudokuField changed value from 0 to 1
kwi 27, 2021 6:56:31 PM com.ad.sudoku.model.SudokuField setValue
INFO: SudokuField changed value from 1 to 6
kwi 27, 2021 6:56:31 PM com.ad.sudoku.model.SudokuField setValue
INFO: SudokuField changed value from 6 to 5
kwi 27, 2021 6:56:31 PM com.ad.sudoku.model.SudokuField setValue
INFO: SudokuField changed value from 5 to 3
kwi 27, 2021 6:56:31 PM com.ad.sudoku.model.SudokuField setValue
INFO: SudokuField changed value from 0 to 1
kwi 27, 2021 6:56:31 PM com.ad.sudoku.model.SudokuField setValue
INFO: SudokuField changed value from 1 to 8
kwi 27, 2021 6:56:31 PM com.ad.sudoku.model.SudokuField setValue
INFO: SudokuField changed value from 0 to 1
kwi 27, 2021 6:56:31 PM com.ad.sudoku.model.SudokuField setValue
INFO: SudokuField changed value from 0 to 1
kwi 27, 2021 6:56:31 PM com.ad.sudoku.model.SudokuField setValue
INFO: SudokuField changed value from 1 to 8
kwi 27, 2021 6:56:31 PM com.ad.sudoku.model.SudokuField setValue
INFO: SudokuField changed value from 8 to 5
kwi 27, 2021 6:56:31 PM com.ad.sudoku.model.SudokuField setValue
INFO: SudokuField changed value from 5 to 6
kwi 27, 2021 6:56:31 PM com.ad.sudoku.model.SudokuField setValue
INFO: SudokuField changed value from 0 to 5
kwi 27, 2021 6:56:31 PM com.ad.sudoku.model.SudokuField setValue
INFO: SudokuField changed value from 0 to 3
kwi 27, 2021 6:56:31 PM com.ad.sudoku.model.SudokuField setValue
INFO: SudokuField changed value from 3 to 7
kwi 27, 2021 6:56:31 PM com.ad.sudoku.model.SudokuField setValue
INFO: SudokuField changed value from 7 to 2
kwi 27, 2021 6:56:31 PM com.ad.sudoku.model.SudokuField setValue
INFO: SudokuField changed value from 2 to 6
kwi 27, 2021 6:56:31 PM com.ad.sudoku.model.SudokuField setValue
INFO: SudokuField changed value from 6 to 1
kwi 27, 2021 6:56:31 PM com.ad.sudoku.model.SudokuField setValue
INFO: SudokuField changed value from 1 to 9
kwi 27, 2021 6:56:31 PM com.ad.sudoku.model.SudokuField setValue
INFO: SudokuField changed value from 9 to 5
kwi 27, 2021 6:56:31 PM com.ad.sudoku.model.SudokuField setValue
INFO: SudokuField changed value from 5 to 8
kwi 27, 2021 6:56:31 PM com.ad.sudoku.model.SudokuField setValue
INFO: SudokuField changed value from 8 to 4
kwi 27, 2021 6:56:31 PM com.ad.sudoku.model.SudokuField setValue
INFO: SudokuField changed value from 4 to 0
kwi 27, 2021 6:56:31 PM com.ad.sudoku.model.SudokuField setValue
INFO: SudokuField changed value from 5 to 2
kwi 27, 2021 6:56:31 PM com.ad.sudoku.model.SudokuField setValue
INFO: SudokuField changed value from 2 to 7
kwi 27, 2021 6:56:31 PM com.ad.sudoku.model.SudokuField setValue
INFO: SudokuField changed value from 7 to 9
kwi 27, 2021 6:56:31 PM com.ad.sudoku.model.SudokuField setValue
INFO: SudokuField changed value from 9 to 3
kwi 27, 2021 6:56:31 PM com.ad.sudoku.model.SudokuField setValue
INFO: SudokuField changed value from 3 to 8
kwi 27, 2021 6:56:31 PM com.ad.sudoku.model.SudokuField setValue
INFO: SudokuField changed value from 8 to 6
kwi 27, 2021 6:56:31 PM com.ad.sudoku.model.SudokuField setValue
INFO: SudokuField changed value from 6 to 1
kwi 27, 2021 6:56:31 PM com.ad.sudoku.model.SudokuField setValue
INFO: SudokuField changed value from 1 to 4
kwi 27, 2021 6:56:31 PM com.ad.sudoku.model.SudokuField setValue
INFO: SudokuField changed value from 4 to 0
kwi 27, 2021 6:56:31 PM com.ad.sudoku.model.SudokuField setValue
INFO: SudokuField changed value from 6 to 9
kwi 27, 2021 6:56:31 PM com.ad.sudoku.model.SudokuField setValue
INFO: SudokuField changed value from 9 to 4
kwi 27, 2021 6:56:31 PM com.ad.sudoku.model.SudokuField setValue
INFO: SudokuField changed value from 0 to 6
kwi 27, 2021 6:56:31 PM com.ad.sudoku.model.SudokuField setValue
INFO: SudokuField changed value from 6 to 7
kwi 27, 2021 6:56:31 PM com.ad.sudoku.model.SudokuField setValue
INFO: SudokuField changed value from 7 to 5
kwi 27, 2021 6:56:31 PM com.ad.sudoku.model.SudokuField setValue
INFO: SudokuField changed value from 0 to 6
kwi 27, 2021 6:56:31 PM com.ad.sudoku.model.SudokuField setValue
INFO: SudokuField changed value from 0 to 9
kwi 27, 2021 6:56:31 PM com.ad.sudoku.model.SudokuField setValue
INFO: SudokuField changed value from 9 to 8
kwi 27, 2021 6:56:31 PM com.ad.sudoku.model.SudokuField setValue
INFO: SudokuField changed value from 8 to 6
kwi 27, 2021 6:56:31 PM com.ad.sudoku.model.SudokuField setValue
INFO: SudokuField changed value from 6 to 2
kwi 27, 2021 6:56:31 PM com.ad.sudoku.model.SudokuField setValue
INFO: SudokuField changed value from 2 to 5
kwi 27, 2021 6:56:31 PM com.ad.sudoku.model.SudokuField setValue
INFO: SudokuField changed value from 5 to 1
kwi 27, 2021 6:56:31 PM com.ad.sudoku.model.SudokuField setValue
INFO: SudokuField changed value from 1 to 4
kwi 27, 2021 6:56:31 PM com.ad.sudoku.model.SudokuField setValue
INFO: SudokuField changed value from 4 to 3
kwi 27, 2021 6:56:31 PM com.ad.sudoku.model.SudokuField setValue
INFO: SudokuField changed value from 3 to 7
kwi 27, 2021 6:56:31 PM com.ad.sudoku.model.SudokuField setValue
INFO: SudokuField changed value from 0 to 1
kwi 27, 2021 6:56:31 PM com.ad.sudoku.model.SudokuField setValue
INFO: SudokuField changed value from 1 to 4
kwi 27, 2021 6:56:31 PM com.ad.sudoku.model.SudokuField setValue
INFO: SudokuField changed value from 4 to 9
kwi 27, 2021 6:56:31 PM com.ad.sudoku.model.SudokuField setValue
INFO: SudokuField changed value from 9 to 5
kwi 27, 2021 6:56:31 PM com.ad.sudoku.model.SudokuField setValue
INFO: SudokuField changed value from 5 to 6
kwi 27, 2021 6:56:31 PM com.ad.sudoku.model.SudokuField setValue
INFO: SudokuField changed value from 6 to 2
kwi 27, 2021 6:56:31 PM com.ad.sudoku.model.SudokuField setValue
INFO: SudokuField changed value from 2 to 3
kwi 27, 2021 6:56:31 PM com.ad.sudoku.model.SudokuField setValue
INFO: SudokuField changed value from 3 to 7
kwi 27, 2021 6:56:31 PM com.ad.sudoku.model.SudokuField setValue
INFO: SudokuField changed value from 0 to 3
kwi 27, 2021 6:56:31 PM com.ad.sudoku.model.SudokuField setValue
INFO: SudokuField changed value from 3 to 1
kwi 27, 2021 6:56:31 PM com.ad.sudoku.model.SudokuField setValue
INFO: SudokuField changed value from 1 to 4
kwi 27, 2021 6:56:31 PM com.ad.sudoku.model.SudokuField setValue
INFO: SudokuField changed value from 4 to 8
kwi 27, 2021 6:56:31 PM com.ad.sudoku.model.SudokuField setValue
INFO: SudokuField changed value from 0 to 7
kwi 27, 2021 6:56:31 PM com.ad.sudoku.model.SudokuField setValue
INFO: SudokuField changed value from 7 to 9
kwi 27, 2021 6:56:31 PM com.ad.sudoku.model.SudokuField setValue
INFO: SudokuField changed value from 9 to 4
kwi 27, 2021 6:56:31 PM com.ad.sudoku.model.SudokuField setValue
INFO: SudokuField changed value from 0 to 5
kwi 27, 2021 6:56:31 PM com.ad.sudoku.model.SudokuField setValue
INFO: SudokuField changed value from 5 to 1
kwi 27, 2021 6:56:31 PM com.ad.sudoku.model.SudokuField setValue
INFO: SudokuField changed value from 1 to 7
kwi 27, 2021 6:56:31 PM com.ad.sudoku.model.SudokuField setValue
INFO: SudokuField changed value from 7 to 8
kwi 27, 2021 6:56:31 PM com.ad.sudoku.model.SudokuField setValue
INFO: SudokuField changed value from 8 to 9
kwi 27, 2021 6:56:31 PM com.ad.sudoku.model.SudokuField setValue
INFO: SudokuField changed value from 9 to 2
kwi 27, 2021 6:56:31 PM com.ad.sudoku.model.SudokuField setValue
INFO: SudokuField changed value from 2 to 6
kwi 27, 2021 6:56:31 PM com.ad.sudoku.model.SudokuField setValue
INFO: SudokuField changed value from 6 to 4
kwi 27, 2021 6:56:31 PM com.ad.sudoku.model.SudokuField setValue
INFO: SudokuField changed value from 4 to 3
kwi 27, 2021 6:56:31 PM com.ad.sudoku.model.SudokuField setValue
INFO: SudokuField changed value from 0 to 2
kwi 27, 2021 6:56:31 PM com.ad.sudoku.model.SudokuField setValue
INFO: SudokuField changed value from 2 to 5
kwi 27, 2021 6:56:31 PM com.ad.sudoku.model.SudokuField setValue
INFO: SudokuField changed value from 0 to 8
kwi 27, 2021 6:56:31 PM com.ad.sudoku.model.SudokuField setValue
INFO: SudokuField changed value from 8 to 6
kwi 27, 2021 6:56:31 PM com.ad.sudoku.model.SudokuField setValue
INFO: SudokuField changed value from 0 to 5
kwi 27, 2021 6:56:31 PM com.ad.sudoku.model.SudokuField setValue
INFO: SudokuField changed value from 5 to 7
kwi 27, 2021 6:56:31 PM com.ad.sudoku.model.SudokuField setValue
INFO: SudokuField changed value from 7 to 3
kwi 27, 2021 6:56:31 PM com.ad.sudoku.model.SudokuField setValue
INFO: SudokuField changed value from 3 to 1
kwi 27, 2021 6:56:31 PM com.ad.sudoku.model.SudokuField setValue
INFO: SudokuField changed value from 1 to 2
kwi 27, 2021 6:56:31 PM com.ad.sudoku.model.SudokuField setValue
INFO: SudokuField changed value from 2 to 8
kwi 27, 2021 6:56:31 PM com.ad.sudoku.model.SudokuField setValue
INFO: SudokuField changed value from 8 to 9
kwi 27, 2021 6:56:31 PM com.ad.sudoku.model.SudokuField setValue
INFO: SudokuField changed value from 0 to 1
kwi 27, 2021 6:56:31 PM com.ad.sudoku.model.SudokuField setValue
INFO: SudokuField changed value from 0 to 6
kwi 27, 2021 6:56:31 PM com.ad.sudoku.model.SudokuField setValue
INFO: SudokuField changed value from 6 to 5
kwi 27, 2021 6:56:31 PM com.ad.sudoku.model.SudokuField setValue
INFO: SudokuField changed value from 5 to 8
kwi 27, 2021 6:56:31 PM com.ad.sudoku.model.SudokuField setValue
INFO: SudokuField changed value from 8 to 2
]]></system-err>
  </testcase>
</testsuite>